

================================================================
== Vitis HLS Report for 'linebuffer_box3_base_unsigned_short_Pipeline_1'
================================================================
* Date:           Fri Apr 24 19:30:08 2026

* Version:        2025.2 (Build 6295257 on Nov 14 2025)
* Project:        blur_opt_bitwidth_proj
* Solution:       solution1 (Vivado IP Flow Target)
* Product family: zynq
* Target device:  xc7z020-clg400-1


================================================================
== Performance Estimates
================================================================
+ Timing: 
    * Summary: 
    +--------+----------+----------+------------+
    |  Clock |  Target  | Estimated| Uncertainty|
    +--------+----------+----------+------------+
    |ap_clk  |  10.00 ns|  6.407 ns|     2.70 ns|
    +--------+----------+----------+------------+

+ Latency: 
    * Summary: 
    +---------+---------+-----------+-----------+-----+-----+-------------------+
    |  Latency (cycles) |   Latency (absolute)  |  Interval |      Pipeline     |
    |   min   |   max   |    min    |    max    | min | max |        Type       |
    +---------+---------+-----------+-----------+-----+-----+-------------------+
    |     2050|     2050|  20.500 us|  20.500 us|    0|    0|  loop pipeline stp|
    +---------+---------+-----------+-----------+-----+-----+-------------------+

    + Detail: 
        * Instance: 
        N/A

        * Loop: 
        +----------+---------+---------+----------+-----------+-----------+------+----------+
        |          |  Latency (cycles) | Iteration|  Initiation Interval  | Trip |          |
        | Loop Name|   min   |   max   |  Latency |  achieved |   target  | Count| Pipelined|
        +----------+---------+---------+----------+-----------+-----------+------+----------+
        |- Loop 1  |     2048|     2048|         1|          1|          1|  2048|       yes|
        +----------+---------+---------+----------+-----------+-----------+------+----------+



================================================================
== Utilization Estimates
================================================================
* Summary: 
+-----------------+---------+-----+--------+-------+-----+
|       Name      | BRAM_18K| DSP |   FF   |  LUT  | URAM|
+-----------------+---------+-----+--------+-------+-----+
|DSP              |        -|    -|       -|      -|    -|
|Expression       |        -|    -|       0|     36|    -|
|FIFO             |        -|    -|       -|      -|    -|
|Instance         |        -|    -|       -|      -|    -|
|Memory           |        -|    -|       -|      -|    -|
|Multiplexer      |        -|    -|       0|     27|    -|
|Register         |        -|    -|      14|      -|    -|
+-----------------+---------+-----+--------+-------+-----+
|Total            |        0|    0|      14|     63|    0|
+-----------------+---------+-----+--------+-------+-----+
|Available        |      280|  220|  106400|  53200|    0|
+-----------------+---------+-----+--------+-------+-----+
|Utilization (%)  |        0|    0|      ~0|     ~0|    0|
+-----------------+---------+-----+--------+-------+-----+

+ Detail: 
    * Instance: 
    N/A

    * DSP: 
    N/A

    * Memory: 
    N/A

    * FIFO: 
    N/A

    * Expression: 
    +----------------------+----------+----+---+----+------------+------------+
    |     Variable Name    | Operation| DSP| FF| LUT| Bitwidth P0| Bitwidth P1|
    +----------------------+----------+----+---+----+------------+------------+
    |empty_23_fu_82_p2     |         +|   0|  0|  12|          12|           1|
    |exitcond495_fu_76_p2  |      icmp|   0|  0|  14|          12|          13|
    |icmp_fu_108_p2        |      icmp|   0|  0|  10|           2|           1|
    +----------------------+----------+----+---+----+------------+------------+
    |Total                 |          |   0|  0|  36|          26|          15|
    +----------------------+----------+----+---+----+------------+------------+

    * Multiplexer: 
    +-------------------------+----+-----------+-----+-----------+
    |           Name          | LUT| Input Size| Bits| Total Bits|
    +-------------------------+----+-----------+-----+-----------+
    |ap_done_int              |   9|          2|    1|          2|
    |ap_sig_allocacmp_p_load  |   9|          2|   12|         24|
    |empty_fu_36              |   9|          2|   12|         24|
    +-------------------------+----+-----------+-----+-----------+
    |Total                    |  27|          6|   25|         50|
    +-------------------------+----+-----------+-----+-----------+

    * Register: 
    +-------------+----+----+-----+-----------+
    |     Name    | FF | LUT| Bits| Const Bits|
    +-------------+----+----+-----+-----------+
    |ap_CS_fsm    |   1|   0|    1|          0|
    |ap_done_reg  |   1|   0|    1|          0|
    |empty_fu_36  |  12|   0|   12|          0|
    +-------------+----+----+-----+-----------+
    |Total        |  14|   0|   14|          0|
    +-------------+----+----+-----+-----------+



================================================================
== Interface
================================================================
* Summary: 
+--------------------+-----+-----+------------+-------------------------------------------------+--------------+
|      RTL Ports     | Dir | Bits|  Protocol  |                  Source Object                  |    C Type    |
+--------------------+-----+-----+------------+-------------------------------------------------+--------------+
|ap_clk              |   in|    1|  ap_ctrl_hs|  linebuffer_box3_base<unsigned short>_Pipeline_1|  return value|
|ap_rst              |   in|    1|  ap_ctrl_hs|  linebuffer_box3_base<unsigned short>_Pipeline_1|  return value|
|ap_start            |   in|    1|  ap_ctrl_hs|  linebuffer_box3_base<unsigned short>_Pipeline_1|  return value|
|ap_done             |  out|    1|  ap_ctrl_hs|  linebuffer_box3_base<unsigned short>_Pipeline_1|  return value|
|ap_idle             |  out|    1|  ap_ctrl_hs|  linebuffer_box3_base<unsigned short>_Pipeline_1|  return value|
|ap_ready            |  out|    1|  ap_ctrl_hs|  linebuffer_box3_base<unsigned short>_Pipeline_1|  return value|
|linebuf_1_address0  |  out|   10|   ap_memory|                                        linebuf_1|         array|
|linebuf_1_ce0       |  out|    1|   ap_memory|                                        linebuf_1|         array|
|linebuf_1_we0       |  out|    1|   ap_memory|                                        linebuf_1|         array|
|linebuf_1_d0        |  out|    8|   ap_memory|                                        linebuf_1|         array|
|linebuf_address0    |  out|   10|   ap_memory|                                          linebuf|         array|
|linebuf_ce0         |  out|    1|   ap_memory|                                          linebuf|         array|
|linebuf_we0         |  out|    1|   ap_memory|                                          linebuf|         array|
|linebuf_d0          |  out|    8|   ap_memory|                                          linebuf|         array|
+--------------------+-----+-----+------------+-------------------------------------------------+--------------+

============================================================
+ Verbose Summary: Synthesis Manager
============================================================
InlineROM: 1
ExposeGlobal: 0
============================================================
+ Verbose Summary: CDFG Model
============================================================
IsTopModel: 0
ResetActiveHigh: 1
IsCombinational: 2
IsDatapathOnly: 2
HasWiredReturn: 1
HasMFsm: 2
HasVarLatency: 1
IsPipeline: 0
IsRtlPipelined: 0
IsInstanceOverlapped: 0
IsDontTouch: 0
HasImplIP: 0
IsGatedGlobalClock: 0

+ Individual pipeline summary: 
  * Pipeline-0: initiation interval (II) = 1, depth = 1


============================================================
+ Verbose Summary: Schedule
============================================================
* Number of FSM states : 1
* Pipeline : 1
  Pipeline-0 : II = 1, D = 1, States = { 1 }
* Dataflow Pipeline: 0

* FSM state transitions: 
1 --> 

* FSM state operations: 

State 1 <SV = 0> <Delay = 6.40>
ST_1 : Operation 4 [1/1] (0.00ns)   --->   "%empty = alloca i32 1"   --->   Operation 4 'alloca' 'empty' <Predicate = true> <Delay = 0.00>
ST_1 : Operation 5 [1/1] (1.58ns)   --->   "%store_ln0 = store i12 0, i12 %empty"   --->   Operation 5 'store' 'store_ln0' <Predicate = true> <Delay = 1.58>
ST_1 : Operation 6 [1/1] (0.00ns)   --->   "%br_ln0 = br void %memset.loop17"   --->   Operation 6 'br' 'br_ln0' <Predicate = true> <Delay = 0.00>
ST_1 : Operation 7 [1/1] (0.00ns)   --->   "%p_load = load i12 %empty"   --->   Operation 7 'load' 'p_load' <Predicate = true> <Delay = 0.00>
ST_1 : Operation 8 [1/1] (1.54ns)   --->   "%exitcond495 = icmp_eq  i12 %p_load, i12 2048"   --->   Operation 8 'icmp' 'exitcond495' <Predicate = true> <Delay = 1.54> <CoreInst = "Cmp">   --->   Core 9 'Cmp' <Latency = 0> <II = 1> <Delay = 1.67> <FuncUnit> <Opcode : 'seteq' 'setne' 'setle' 'setge' 'setlt' 'setgt'> <InPorts = 2> <OutPorts = 1>
ST_1 : Operation 9 [1/1] (1.54ns)   --->   "%empty_23 = add i12 %p_load, i12 1"   --->   Operation 9 'add' 'empty_23' <Predicate = true> <Delay = 1.54> <CoreInst = "Adder">   --->   Core 1 'Adder' <Latency = 0> <II = 1> <Delay = 1.54> <FuncUnit> <Opcode : 'add' 'sub'> <InPorts = 2> <OutPorts = 1>
ST_1 : Operation 10 [1/1] (0.00ns)   --->   "%br_ln0 = br i1 %exitcond495, void %memset.loop17.split, void %memset.loop.preheader.exitStub"   --->   Operation 10 'br' 'br_ln0' <Predicate = true> <Delay = 0.00>
ST_1 : Operation 11 [1/1] (0.00ns)   --->   "%empty_24 = trunc i12 %p_load"   --->   Operation 11 'trunc' 'empty_24' <Predicate = (!exitcond495)> <Delay = 0.00>
ST_1 : Operation 12 [1/1] (0.00ns)   --->   "%specpipeline_ln0 = specpipeline void @_ssdm_op_SpecPipeline, i32 4294967295, i32 0, i32 0, i32 0, i32 4294967295, void @empty_0"   --->   Operation 12 'specpipeline' 'specpipeline_ln0' <Predicate = (!exitcond495)> <Delay = 0.00>
ST_1 : Operation 13 [1/1] (0.00ns)   --->   "%speclooptripcount_ln0 = speclooptripcount void @_ssdm_op_SpecLoopTripCount, i64 2048, i64 2048, i64 2048"   --->   Operation 13 'speclooptripcount' 'speclooptripcount_ln0' <Predicate = (!exitcond495)> <Delay = 0.00>
ST_1 : Operation 14 [1/1] (0.00ns)   --->   "%p_cast12 = zext i10 %empty_24"   --->   Operation 14 'zext' 'p_cast12' <Predicate = (!exitcond495)> <Delay = 0.00>
ST_1 : Operation 15 [1/1] (0.00ns)   --->   "%linebuf_addr = getelementptr i8 %linebuf, i64 0, i64 %p_cast12"   --->   Operation 15 'getelementptr' 'linebuf_addr' <Predicate = (!exitcond495)> <Delay = 0.00>
ST_1 : Operation 16 [1/1] (0.00ns)   --->   "%linebuf_1_addr = getelementptr i8 %linebuf_1, i64 0, i64 %p_cast12"   --->   Operation 16 'getelementptr' 'linebuf_1_addr' <Predicate = (!exitcond495)> <Delay = 0.00>
ST_1 : Operation 17 [1/1] (0.00ns)   --->   "%tmp = partselect i2 @_ssdm_op_PartSelect.i2.i12.i32.i32, i12 %p_load, i32 10, i32 11"   --->   Operation 17 'partselect' 'tmp' <Predicate = (!exitcond495)> <Delay = 0.00>
ST_1 : Operation 18 [1/1] (1.56ns)   --->   "%icmp = icmp_eq  i2 %tmp, i2 0"   --->   Operation 18 'icmp' 'icmp' <Predicate = (!exitcond495)> <Delay = 1.56> <CoreInst = "Cmp">   --->   Core 9 'Cmp' <Latency = 0> <II = 1> <Delay = 1.56> <FuncUnit> <Opcode : 'seteq' 'setne' 'setle' 'setge' 'setlt' 'setgt'> <InPorts = 2> <OutPorts = 1>
ST_1 : Operation 19 [1/1] (0.00ns)   --->   "%br_ln0 = br i1 %icmp, void %.case.1, void %.case.0"   --->   Operation 19 'br' 'br_ln0' <Predicate = (!exitcond495)> <Delay = 0.00>
ST_1 : Operation 20 [1/1] ( I:3.25ns O:3.25ns )   --->   "%store_ln0 = store i8 0, i10 %linebuf_1_addr"   --->   Operation 20 'store' 'store_ln0' <Predicate = (!exitcond495 & !icmp)> <Delay = 3.25> <CoreInst = "RAM">   --->   Core 81 'RAM' <Latency = 1> <II = 1> <Delay = 3.25> <Storage> <Opcode : 'load' 'store'> <Ports = 2> <Width = 8> <Depth = 1024> <RAM>
ST_1 : Operation 21 [1/1] (0.00ns)   --->   "%br_ln0 = br void %.exit"   --->   Operation 21 'br' 'br_ln0' <Predicate = (!exitcond495 & !icmp)> <Delay = 0.00>
ST_1 : Operation 22 [1/1] ( I:3.25ns O:3.25ns )   --->   "%store_ln0 = store i8 0, i10 %linebuf_addr"   --->   Operation 22 'store' 'store_ln0' <Predicate = (!exitcond495 & icmp)> <Delay = 3.25> <CoreInst = "RAM">   --->   Core 81 'RAM' <Latency = 1> <II = 1> <Delay = 3.25> <Storage> <Opcode : 'load' 'store'> <Ports = 2> <Width = 8> <Depth = 1024> <RAM>
ST_1 : Operation 23 [1/1] (0.00ns)   --->   "%br_ln0 = br void %.exit"   --->   Operation 23 'br' 'br_ln0' <Predicate = (!exitcond495 & icmp)> <Delay = 0.00>
ST_1 : Operation 24 [1/1] (1.58ns)   --->   "%store_ln0 = store i12 %empty_23, i12 %empty"   --->   Operation 24 'store' 'store_ln0' <Predicate = (!exitcond495)> <Delay = 1.58>
ST_1 : Operation 25 [1/1] (0.00ns)   --->   "%br_ln0 = br void %memset.loop17"   --->   Operation 25 'br' 'br_ln0' <Predicate = (!exitcond495)> <Delay = 0.00>
ST_1 : Operation 26 [1/1] (1.58ns)   --->   "%ret_ln0 = ret"   --->   Operation 26 'ret' 'ret_ln0' <Predicate = (exitcond495)> <Delay = 1.58>


============================================================
+ Verbose Summary: Binding
============================================================
STG Binding: 
---------------- STG Properties BEGIN ----------------
- Is combinational: 0
- Is one-state seq: 0
- Is datapath-only: 0
- Is pipelined: 0
- Is top level: 0
Port [ Return ] is wired: 1; IO mode=ap_ctrl_hs:ce=0
Port [ linebuf_1]:  wired=1; compound=1; hidden=0; nouse=0; global=0; static=0; extern=0; dir=1; type=1; pingpong=0; private_global=0; MemPort=[03]; IO mode=ap_memory:ce=0
Port [ linebuf]:  wired=1; compound=1; hidden=0; nouse=0; global=0; static=0; extern=0; dir=1; type=1; pingpong=0; private_global=0; MemPort=[03]; IO mode=ap_memory:ce=0
---------------- STG Properties END ------------------

---------------- Datapath Model BEGIN ----------------

<LifeTime>
<method=bitvector/>
empty                 (alloca           ) [ 01]
store_ln0             (store            ) [ 00]
br_ln0                (br               ) [ 00]
p_load                (load             ) [ 00]
exitcond495           (icmp             ) [ 01]
empty_23              (add              ) [ 00]
br_ln0                (br               ) [ 00]
empty_24              (trunc            ) [ 00]
specpipeline_ln0      (specpipeline     ) [ 00]
speclooptripcount_ln0 (speclooptripcount) [ 00]
p_cast12              (zext             ) [ 00]
linebuf_addr          (getelementptr    ) [ 00]
linebuf_1_addr        (getelementptr    ) [ 00]
tmp                   (partselect       ) [ 00]
icmp                  (icmp             ) [ 01]
br_ln0                (br               ) [ 00]
store_ln0             (store            ) [ 00]
br_ln0                (br               ) [ 00]
store_ln0             (store            ) [ 00]
br_ln0                (br               ) [ 00]
store_ln0             (store            ) [ 00]
br_ln0                (br               ) [ 00]
ret_ln0               (ret              ) [ 00]
</LifeTime>

<model>

<comp_list>
<comp id="0" class="1000" name="linebuf_1">
<pin_list>
<pin id="1" dir="1" index="0" bw="1" slack="0"/>
</pin_list>
<bind>
<StgValue><ssdm name="linebuf_1"/><MemPortTyVec>0 3 </MemPortTyVec>
</StgValue>
</bind>
</comp>

<comp id="2" class="1000" name="linebuf">
<pin_list>
<pin id="3" dir="1" index="0" bw="1" slack="0"/>
</pin_list>
<bind>
<StgValue><ssdm name="linebuf"/><MemPortTyVec>0 3 </MemPortTyVec>
</StgValue>
</bind>
</comp>

<comp id="4" class="1001" name="const_4">
<pin_list>
<pin id="5" dir="1" index="0" bw="1" slack="0"/>
</pin_list>
<bind>
<StgValue><ssdm name=""/></StgValue>
</bind>
</comp>

<comp id="6" class="1001" name="const_6">
<pin_list>
<pin id="7" dir="1" index="0" bw="1" slack="0"/>
</pin_list>
<bind>
<StgValue><ssdm name=""/></StgValue>
</bind>
</comp>

<comp id="8" class="1001" name="const_8">
<pin_list>
<pin id="9" dir="1" index="0" bw="1" slack="0"/>
</pin_list>
<bind>
<StgValue><ssdm name=""/></StgValue>
</bind>
</comp>

<comp id="10" class="1001" name="const_10">
<pin_list>
<pin id="11" dir="1" index="0" bw="1" slack="0"/>
</pin_list>
<bind>
<StgValue><ssdm name=""/></StgValue>
</bind>
</comp>

<comp id="12" class="1001" name="const_12">
<pin_list>
<pin id="13" dir="1" index="0" bw="1" slack="2147483647"/>
</pin_list>
<bind>
<StgValue><ssdm name="_ssdm_op_SpecPipeline"/></StgValue>
</bind>
</comp>

<comp id="14" class="1001" name="const_14">
<pin_list>
<pin id="15" dir="1" index="0" bw="1" slack="2147483647"/>
</pin_list>
<bind>
<StgValue><ssdm name=""/></StgValue>
</bind>
</comp>

<comp id="16" class="1001" name="const_16">
<pin_list>
<pin id="17" dir="1" index="0" bw="1" slack="2147483647"/>
</pin_list>
<bind>
<StgValue><ssdm name=""/></StgValue>
</bind>
</comp>

<comp id="18" class="1001" name="const_18">
<pin_list>
<pin id="19" dir="1" index="0" bw="1" slack="2147483647"/>
</pin_list>
<bind>
<StgValue><ssdm name="empty_0"/></StgValue>
</bind>
</comp>

<comp id="20" class="1001" name="const_20">
<pin_list>
<pin id="21" dir="1" index="0" bw="1" slack="2147483647"/>
</pin_list>
<bind>
<StgValue><ssdm name="_ssdm_op_SpecLoopTripCount"/></StgValue>
</bind>
</comp>

<comp id="22" class="1001" name="const_22">
<pin_list>
<pin id="23" dir="1" index="0" bw="1" slack="2147483647"/>
</pin_list>
<bind>
<StgValue><ssdm name=""/></StgValue>
</bind>
</comp>

<comp id="24" class="1001" name="const_24">
<pin_list>
<pin id="25" dir="1" index="0" bw="1" slack="0"/>
</pin_list>
<bind>
<StgValue><ssdm name=""/></StgValue>
</bind>
</comp>

<comp id="26" class="1001" name="const_26">
<pin_list>
<pin id="27" dir="1" index="0" bw="1" slack="0"/>
</pin_list>
<bind>
<StgValue><ssdm name="_ssdm_op_PartSelect.i2.i12.i32.i32"/></StgValue>
</bind>
</comp>

<comp id="28" class="1001" name="const_28">
<pin_list>
<pin id="29" dir="1" index="0" bw="1" slack="0"/>
</pin_list>
<bind>
<StgValue><ssdm name=""/></StgValue>
</bind>
</comp>

<comp id="30" class="1001" name="const_30">
<pin_list>
<pin id="31" dir="1" index="0" bw="1" slack="0"/>
</pin_list>
<bind>
<StgValue><ssdm name=""/></StgValue>
</bind>
</comp>

<comp id="32" class="1001" name="const_32">
<pin_list>
<pin id="33" dir="1" index="0" bw="1" slack="0"/>
</pin_list>
<bind>
<StgValue><ssdm name=""/></StgValue>
</bind>
</comp>

<comp id="34" class="1001" name="const_34">
<pin_list>
<pin id="35" dir="1" index="0" bw="1" slack="0"/>
</pin_list>
<bind>
<StgValue><ssdm name=""/></StgValue>
</bind>
</comp>

<comp id="36" class="1004" name="empty_fu_36">
<pin_list>
<pin id="37" dir="0" index="0" bw="1" slack="0"/>
<pin id="38" dir="1" index="1" bw="12" slack="0"/>
</pin_list>
<bind>
<opcode="alloca(26) " fcode="alloca"/>
<opset="empty/1 "/>
</bind>
</comp>

<comp id="40" class="1004" name="linebuf_addr_gep_fu_40">
<pin_list>
<pin id="41" dir="0" index="0" bw="8" slack="0"/>
<pin id="42" dir="0" index="1" bw="1" slack="0"/>
<pin id="43" dir="0" index="2" bw="10" slack="0"/>
<pin id="44" dir="1" index="3" bw="10" slack="0"/>
</pin_list>
<bind>
<opcode="getelementptr(29) " fcode="getelementptr"/>
<opset="linebuf_addr/1 "/>
</bind>
</comp>

<comp id="47" class="1004" name="linebuf_1_addr_gep_fu_47">
<pin_list>
<pin id="48" dir="0" index="0" bw="8" slack="0"/>
<pin id="49" dir="0" index="1" bw="1" slack="0"/>
<pin id="50" dir="0" index="2" bw="10" slack="0"/>
<pin id="51" dir="1" index="3" bw="10" slack="0"/>
</pin_list>
<bind>
<opcode="getelementptr(29) " fcode="getelementptr"/>
<opset="linebuf_1_addr/1 "/>
</bind>
</comp>

<comp id="54" class="1004" name="store_ln0_access_fu_54">
<pin_list>
<pin id="55" dir="0" index="0" bw="10" slack="0"/>
<pin id="56" dir="0" index="1" bw="8" slack="0"/>
<pin id="57" dir="0" index="2" bw="0" slack="2147483647"/>
<pin id="58" dir="1" index="3" bw="8" slack="2147483647"/>
</pin_list>
<bind>
<opcode="store(28) " fcode="store"/>
<opset="store_ln0/1 "/>
</bind>
</comp>

<comp id="61" class="1004" name="store_ln0_access_fu_61">
<pin_list>
<pin id="62" dir="0" index="0" bw="10" slack="0"/>
<pin id="63" dir="0" index="1" bw="8" slack="0"/>
<pin id="64" dir="0" index="2" bw="0" slack="2147483647"/>
<pin id="65" dir="1" index="3" bw="8" slack="2147483647"/>
</pin_list>
<bind>
<opcode="store(28) " fcode="store"/>
<opset="store_ln0/1 "/>
</bind>
</comp>

<comp id="68" class="1004" name="store_ln0_store_fu_68">
<pin_list>
<pin id="69" dir="0" index="0" bw="1" slack="0"/>
<pin id="70" dir="0" index="1" bw="12" slack="0"/>
<pin id="71" dir="1" index="2" bw="0" slack="2147483647"/>
</pin_list>
<bind>
<opcode="store(28) " fcode="store"/>
<opset="store_ln0/1 "/>
</bind>
</comp>

<comp id="73" class="1004" name="p_load_load_fu_73">
<pin_list>
<pin id="74" dir="0" index="0" bw="12" slack="0"/>
<pin id="75" dir="1" index="1" bw="12" slack="0"/>
</pin_list>
<bind>
<opcode="load(27) " fcode="load"/>
<opset="p_load/1 "/>
</bind>
</comp>

<comp id="76" class="1004" name="exitcond495_fu_76">
<pin_list>
<pin id="77" dir="0" index="0" bw="12" slack="0"/>
<pin id="78" dir="0" index="1" bw="12" slack="0"/>
<pin id="79" dir="1" index="2" bw="1" slack="2147483647"/>
</pin_list>
<bind>
<opcode="icmp(45) " fcode="icmp"/>
<opset="exitcond495/1 "/>
</bind>
</comp>

<comp id="82" class="1004" name="empty_23_fu_82">
<pin_list>
<pin id="83" dir="0" index="0" bw="12" slack="0"/>
<pin id="84" dir="0" index="1" bw="1" slack="0"/>
<pin id="85" dir="1" index="2" bw="12" slack="0"/>
</pin_list>
<bind>
<opcode="add(8) " fcode="add"/>
<opset="empty_23/1 "/>
</bind>
</comp>

<comp id="88" class="1004" name="empty_24_fu_88">
<pin_list>
<pin id="89" dir="0" index="0" bw="12" slack="0"/>
<pin id="90" dir="1" index="1" bw="10" slack="0"/>
</pin_list>
<bind>
<opcode="trunc(33) " fcode="trunc"/>
<opset="empty_24/1 "/>
</bind>
</comp>

<comp id="92" class="1004" name="p_cast12_fu_92">
<pin_list>
<pin id="93" dir="0" index="0" bw="10" slack="0"/>
<pin id="94" dir="1" index="1" bw="64" slack="0"/>
</pin_list>
<bind>
<opcode="zext(34) " fcode="zext"/>
<opset="p_cast12/1 "/>
</bind>
</comp>

<comp id="98" class="1004" name="tmp_fu_98">
<pin_list>
<pin id="99" dir="0" index="0" bw="2" slack="0"/>
<pin id="100" dir="0" index="1" bw="12" slack="0"/>
<pin id="101" dir="0" index="2" bw="5" slack="0"/>
<pin id="102" dir="0" index="3" bw="5" slack="0"/>
<pin id="103" dir="1" index="4" bw="2" slack="0"/>
</pin_list>
<bind>
<opcode="partselect(1002) " fcode="partselect"/>
<opset="tmp/1 "/>
</bind>
</comp>

<comp id="108" class="1004" name="icmp_fu_108">
<pin_list>
<pin id="109" dir="0" index="0" bw="2" slack="0"/>
<pin id="110" dir="0" index="1" bw="2" slack="0"/>
<pin id="111" dir="1" index="2" bw="1" slack="2147483647"/>
</pin_list>
<bind>
<opcode="icmp(45) " fcode="icmp"/>
<opset="icmp/1 "/>
</bind>
</comp>

<comp id="114" class="1004" name="store_ln0_store_fu_114">
<pin_list>
<pin id="115" dir="0" index="0" bw="12" slack="0"/>
<pin id="116" dir="0" index="1" bw="12" slack="0"/>
<pin id="117" dir="1" index="2" bw="0" slack="2147483647"/>
</pin_list>
<bind>
<opcode="store(28) " fcode="store"/>
<opset="store_ln0/1 "/>
</bind>
</comp>

<comp id="119" class="1005" name="empty_reg_119">
<pin_list>
<pin id="120" dir="0" index="0" bw="12" slack="0"/>
<pin id="121" dir="1" index="1" bw="12" slack="0"/>
</pin_list>
<bind>
<opset="empty "/>
</bind>
</comp>

</comp_list>

<net_list>
<net id="39"><net_src comp="4" pin="0"/><net_sink comp="36" pin=0"/></net>

<net id="45"><net_src comp="2" pin="0"/><net_sink comp="40" pin=0"/></net>

<net id="46"><net_src comp="24" pin="0"/><net_sink comp="40" pin=1"/></net>

<net id="52"><net_src comp="0" pin="0"/><net_sink comp="47" pin=0"/></net>

<net id="53"><net_src comp="24" pin="0"/><net_sink comp="47" pin=1"/></net>

<net id="59"><net_src comp="34" pin="0"/><net_sink comp="54" pin=1"/></net>

<net id="60"><net_src comp="47" pin="3"/><net_sink comp="54" pin=0"/></net>

<net id="66"><net_src comp="34" pin="0"/><net_sink comp="61" pin=1"/></net>

<net id="67"><net_src comp="40" pin="3"/><net_sink comp="61" pin=0"/></net>

<net id="72"><net_src comp="6" pin="0"/><net_sink comp="68" pin=0"/></net>

<net id="80"><net_src comp="73" pin="1"/><net_sink comp="76" pin=0"/></net>

<net id="81"><net_src comp="8" pin="0"/><net_sink comp="76" pin=1"/></net>

<net id="86"><net_src comp="73" pin="1"/><net_sink comp="82" pin=0"/></net>

<net id="87"><net_src comp="10" pin="0"/><net_sink comp="82" pin=1"/></net>

<net id="91"><net_src comp="73" pin="1"/><net_sink comp="88" pin=0"/></net>

<net id="95"><net_src comp="88" pin="1"/><net_sink comp="92" pin=0"/></net>

<net id="96"><net_src comp="92" pin="1"/><net_sink comp="40" pin=2"/></net>

<net id="97"><net_src comp="92" pin="1"/><net_sink comp="47" pin=2"/></net>

<net id="104"><net_src comp="26" pin="0"/><net_sink comp="98" pin=0"/></net>

<net id="105"><net_src comp="73" pin="1"/><net_sink comp="98" pin=1"/></net>

<net id="106"><net_src comp="28" pin="0"/><net_sink comp="98" pin=2"/></net>

<net id="107"><net_src comp="30" pin="0"/><net_sink comp="98" pin=3"/></net>

<net id="112"><net_src comp="98" pin="4"/><net_sink comp="108" pin=0"/></net>

<net id="113"><net_src comp="32" pin="0"/><net_sink comp="108" pin=1"/></net>

<net id="118"><net_src comp="82" pin="2"/><net_sink comp="114" pin=0"/></net>

<net id="122"><net_src comp="36" pin="1"/><net_sink comp="119" pin=0"/></net>

<net id="123"><net_src comp="119" pin="1"/><net_sink comp="68" pin=1"/></net>

<net id="124"><net_src comp="119" pin="1"/><net_sink comp="73" pin=0"/></net>

<net id="125"><net_src comp="119" pin="1"/><net_sink comp="114" pin=1"/></net>

</net_list>

</model> 
---------------- Datapath Model END ------------------

* FSMD analyzer results:
  - Output states:
	Port: linebuf_1 | {1 }
	Port: linebuf | {1 }
 - Input state : 
  - Chain level:
	State 1
		store_ln0 : 1
		p_load : 1
		exitcond495 : 2
		empty_23 : 2
		br_ln0 : 3
		empty_24 : 2
		p_cast12 : 3
		linebuf_addr : 4
		linebuf_1_addr : 4
		tmp : 2
		icmp : 3
		br_ln0 : 4
		store_ln0 : 5
		store_ln0 : 5
		store_ln0 : 3


============================================================
+ Verbose Summary: Datapath Resource usage 
============================================================

* Functional unit list:
|----------|-------------------|---------|---------|
| Operation|  Functional Unit  |    FF   |   LUT   |
|----------|-------------------|---------|---------|
|   icmp   | exitcond495_fu_76 |    0    |    12   |
|          |    icmp_fu_108    |    0    |    10   |
|----------|-------------------|---------|---------|
|    add   |   empty_23_fu_82  |    0    |    12   |
|----------|-------------------|---------|---------|
|   trunc  |   empty_24_fu_88  |    0    |    0    |
|----------|-------------------|---------|---------|
|   zext   |   p_cast12_fu_92  |    0    |    0    |
|----------|-------------------|---------|---------|
|partselect|     tmp_fu_98     |    0    |    0    |
|----------|-------------------|---------|---------|
|   Total  |                   |    0    |    34   |
|----------|-------------------|---------|---------|

Memories:
N/A

* Register list:
+-------------+--------+
|             |   FF   |
+-------------+--------+
|empty_reg_119|   12   |
+-------------+--------+
|    Total    |   12   |
+-------------+--------+

* Multiplexer (MUX) list: 
|--------|------|------|------|--------|
|  Comp  |  Pin | Size |  BW  | S x BW |
|--------|------|------|------|--------|
|  Total |      |      |      |    0   |
|--------|------|------|------|--------|



* Summary:
+-----------+--------+--------+
|           |   FF   |   LUT  |
+-----------+--------+--------+
|  Function |    0   |   34   |
|   Memory  |    -   |    -   |
|Multiplexer|    -   |    -   |
|  Register |   12   |    -   |
+-----------+--------+--------+
|   Total   |   12   |   34   |
+-----------+--------+--------+
