

================================================================
== Vitis HLS Report for 'linebuffer_box3_base_unsigned_short_s'
================================================================
* Date:           Fri Apr 24 19:30:08 2026

* Version:        2025.2 (Build 6295257 on Nov 14 2025)
* Project:        blur_opt_bitwidth_proj
* Solution:       solution1 (Vivado IP Flow Target)
* Product family: zynq
* Target device:  xc7z020-clg400-1


================================================================
== Performance Estimates
================================================================
+ Timing: 
    * Summary: 
    +--------+----------+----------+------------+
    |  Clock |  Target  | Estimated| Uncertainty|
    +--------+----------+----------+------------+
    |ap_clk  |  10.00 ns|  7.070 ns|     2.70 ns|
    +--------+----------+----------+------------+

+ Latency: 
    * Summary: 
    +---------+---------+----------+----------+-----+-----+---------+
    |  Latency (cycles) |  Latency (absolute) |  Interval | Pipeline|
    |   min   |   max   |    min   |    max   | min | max |   Type  |
    +---------+---------+----------+----------+-----+-----+---------+
    |        ?|        ?|         ?|         ?|    ?|    ?|       no|
    +---------+---------+----------+----------+-----+-----+---------+

    + Detail: 
        * Instance: 
        N/A

        * Loop: 
        N/A

============================================================
+ Verbose Summary: Synthesis Manager
============================================================
InlineROM: 1
ExposeGlobal: 0
============================================================
+ Verbose Summary: CDFG Model
============================================================
IsTopModel: 0
ResetActiveHigh: 1
IsCombinational: 0
IsDatapathOnly: 0
HasWiredReturn: 1
HasMFsm: 0
HasVarLatency: 1
IsPipeline: 0
IsRtlPipelined: 0
IsInstanceOverlapped: 0
IsDontTouch: 0
HasImplIP: 0
IsGatedGlobalClock: 0


============================================================
+ Verbose Summary: Schedule
============================================================
* Number of FSM states : 8
* Pipeline : 0
* Dataflow Pipeline: 0

* FSM state transitions: 
1 --> 2 
2 --> 3 
3 --> 4 
4 --> 5 
5 --> 6 8 
6 --> 7 
7 --> 8 
8 --> 

* FSM state operations: 

State 1 <SV = 0> <Delay = 3.28>
ST_1 : Operation 9 [1/1] (0.00ns)   --->   "%height_read = read i32 @_ssdm_op_Read.ap_auto.i32, i32 %height"   --->   Operation 9 'read' 'height_read' <Predicate = true> <Delay = 0.00>
ST_1 : Operation 10 [1/1] (0.00ns)   --->   "%width_read = read i32 @_ssdm_op_Read.ap_auto.i32, i32 %width"   --->   Operation 10 'read' 'width_read' <Predicate = true> <Delay = 0.00>
ST_1 : Operation 11 [1/1] (0.00ns)   --->   "%empty = trunc i32 %width_read"   --->   Operation 11 'trunc' 'empty' <Predicate = true> <Delay = 0.00>
ST_1 : Operation 12 [1/1] (0.00ns)   --->   "%empty_25 = trunc i32 %height_read"   --->   Operation 12 'trunc' 'empty_25' <Predicate = true> <Delay = 0.00>
ST_1 : Operation 13 [1/1] (0.00ns)   --->   "%window_loc = alloca i64 1"   --->   Operation 13 'alloca' 'window_loc' <Predicate = true> <Delay = 0.00>
ST_1 : Operation 14 [1/1] (0.00ns)   --->   "%window_1_loc = alloca i64 1"   --->   Operation 14 'alloca' 'window_1_loc' <Predicate = true> <Delay = 0.00>
ST_1 : Operation 15 [1/1] (0.00ns)   --->   "%window_2_loc = alloca i64 1"   --->   Operation 15 'alloca' 'window_2_loc' <Predicate = true> <Delay = 0.00>
ST_1 : Operation 16 [1/1] (0.00ns)   --->   "%window_3_loc = alloca i64 1"   --->   Operation 16 'alloca' 'window_3_loc' <Predicate = true> <Delay = 0.00>
ST_1 : Operation 17 [1/1] (0.00ns)   --->   "%window_4_loc = alloca i64 1"   --->   Operation 17 'alloca' 'window_4_loc' <Predicate = true> <Delay = 0.00>
ST_1 : Operation 18 [1/1] (0.00ns)   --->   "%window_5_loc = alloca i64 1"   --->   Operation 18 'alloca' 'window_5_loc' <Predicate = true> <Delay = 0.00>
ST_1 : Operation 19 [1/1] (0.00ns)   --->   "%linebuf = alloca i64 1" [blur_opt.cpp:29]   --->   Operation 19 'alloca' 'linebuf' <Predicate = true> <Delay = 0.00>
ST_1 : Operation 20 [1/1] (0.00ns)   --->   "%linebuf_1 = alloca i64 1" [blur_opt.cpp:29]   --->   Operation 20 'alloca' 'linebuf_1' <Predicate = true> <Delay = 0.00>
ST_1 : Operation 21 [1/1] (2.55ns)   --->   "%empty_26 = icmp_sgt  i32 %height_read, i32 0"   --->   Operation 21 'icmp' 'empty_26' <Predicate = true> <Delay = 2.55> <CoreInst = "Cmp">   --->   Core 9 'Cmp' <Latency = 0> <II = 1> <Delay = 2.55> <FuncUnit> <Opcode : 'seteq' 'setne' 'setle' 'setge' 'setlt' 'setgt'> <InPorts = 2> <OutPorts = 1>
ST_1 : Operation 22 [1/1] (0.73ns)   --->   "%smax = select i1 %empty_26, i31 %empty_25, i31 0"   --->   Operation 22 'select' 'smax' <Predicate = true> <Delay = 0.73> <CoreInst = "Sel">   --->   Core 73 'Sel' <Latency = 0> <II = 1> <Delay = 0.73> <FuncUnit> <Opcode : 'select'> <InPorts = 3> <OutPorts = 1>
ST_1 : Operation 23 [1/1] (2.55ns)   --->   "%empty_27 = icmp_sgt  i32 %width_read, i32 0"   --->   Operation 23 'icmp' 'empty_27' <Predicate = true> <Delay = 2.55> <CoreInst = "Cmp">   --->   Core 9 'Cmp' <Latency = 0> <II = 1> <Delay = 2.55> <FuncUnit> <Opcode : 'seteq' 'setne' 'setle' 'setge' 'setlt' 'setgt'> <InPorts = 2> <OutPorts = 1>
ST_1 : Operation 24 [1/1] (0.73ns)   --->   "%smax1 = select i1 %empty_27, i31 %empty, i31 0"   --->   Operation 24 'select' 'smax1' <Predicate = true> <Delay = 0.73> <CoreInst = "Sel">   --->   Core 73 'Sel' <Latency = 0> <II = 1> <Delay = 0.73> <FuncUnit> <Opcode : 'select'> <InPorts = 3> <OutPorts = 1>
ST_1 : Operation 25 [1/1] (2.55ns)   --->   "%icmp_ln33_1 = icmp_slt  i32 %height_read, i32 3" [blur_opt.cpp:33]   --->   Operation 25 'icmp' 'icmp_ln33_1' <Predicate = true> <Delay = 2.55> <CoreInst = "Cmp">   --->   Core 9 'Cmp' <Latency = 0> <II = 1> <Delay = 2.55> <FuncUnit> <Opcode : 'seteq' 'setne' 'setle' 'setge' 'setlt' 'setgt'> <InPorts = 2> <OutPorts = 1>

State 2 <SV = 1> <Delay = 6.91>
ST_2 : Operation 26 [1/1] (0.00ns)   --->   "%zext_ln10 = zext i31 %smax" [blur_opt.cpp:10->blur_opt.cpp:32]   --->   Operation 26 'zext' 'zext_ln10' <Predicate = true> <Delay = 0.00>
ST_2 : Operation 27 [1/1] (0.00ns)   --->   "%zext_ln10_1 = zext i31 %smax1" [blur_opt.cpp:10->blur_opt.cpp:32]   --->   Operation 27 'zext' 'zext_ln10_1' <Predicate = true> <Delay = 0.00>
ST_2 : Operation 28 [2/2] (6.91ns)   --->   "%mul_ln10 = mul i62 %zext_ln10, i62 %zext_ln10_1" [blur_opt.cpp:10->blur_opt.cpp:32]   --->   Operation 28 'mul' 'mul_ln10' <Predicate = true> <Delay = 6.91> <CoreInst = "Multiplier">   --->   Core 3 'Multiplier' <Latency = 1> <II = 1> <Delay = 6.91> <FuncUnit> <Opcode : 'mul'> <InPorts = 2> <OutPorts = 1>

State 3 <SV = 2> <Delay = 6.91>
ST_3 : Operation 29 [2/2] (0.00ns)   --->   "%call_ln0 = call void @linebuffer_box3_base<unsigned short>_Pipeline_1, i8 %linebuf_1, i8 %linebuf"   --->   Operation 29 'call' 'call_ln0' <Predicate = true> <Delay = 0.00> <CoreType = "Generic">   --->   Generic Core
ST_3 : Operation 30 [2/2] (0.00ns)   --->   "%call_ln0 = call void @linebuffer_box3_base<unsigned short>_Pipeline_2, i8 %window_5_loc, i8 %window_4_loc, i8 %window_3_loc, i8 %window_2_loc, i8 %window_1_loc, i8 %window_loc"   --->   Operation 30 'call' 'call_ln0' <Predicate = true> <Delay = 0.00> <CoreType = "Generic">   --->   Generic Core
ST_3 : Operation 31 [1/2] (6.91ns)   --->   "%mul_ln10 = mul i62 %zext_ln10, i62 %zext_ln10_1" [blur_opt.cpp:10->blur_opt.cpp:32]   --->   Operation 31 'mul' 'mul_ln10' <Predicate = true> <Delay = 6.91> <CoreInst = "Multiplier">   --->   Core 3 'Multiplier' <Latency = 1> <II = 1> <Delay = 6.91> <FuncUnit> <Opcode : 'mul'> <InPorts = 2> <OutPorts = 1>
ST_3 : Operation 32 [2/2] (0.00ns)   --->   "%call_ln10 = call void @linebuffer_box3_base<unsigned short>_Pipeline_VITIS_LOOP_15_1_VITIS_LOOP_16_2, i32 %width_read, i62 %mul_ln10, i8 %input_r, i8 %output_r" [blur_opt.cpp:10->blur_opt.cpp:32]   --->   Operation 32 'call' 'call_ln10' <Predicate = true> <Delay = 0.00> <CoreType = "Generic">   --->   Generic Core
ST_3 : Operation 33 [1/1] (2.55ns)   --->   "%icmp_ln33 = icmp_slt  i32 %width_read, i32 3" [blur_opt.cpp:33]   --->   Operation 33 'icmp' 'icmp_ln33' <Predicate = true> <Delay = 2.55> <CoreInst = "Cmp">   --->   Core 9 'Cmp' <Latency = 0> <II = 1> <Delay = 2.55> <FuncUnit> <Opcode : 'seteq' 'setne' 'setle' 'setge' 'setlt' 'setgt'> <InPorts = 2> <OutPorts = 1>
ST_3 : Operation 34 [1/1] (0.97ns)   --->   "%or_ln33 = or i1 %icmp_ln33, i1 %icmp_ln33_1" [blur_opt.cpp:33]   --->   Operation 34 'or' 'or_ln33' <Predicate = true> <Delay = 0.97> <CoreInst = "LogicGate">   --->   Core 74 'LogicGate' <Latency = 0> <II = 1> <Delay = 0.97> <FuncUnit> <Opcode : 'and' 'or' 'xor'> <InPorts = 2> <OutPorts = 1>

State 4 <SV = 3> <Delay = 4.91>
ST_4 : Operation 35 [1/2] (4.72ns)   --->   "%call_ln0 = call void @linebuffer_box3_base<unsigned short>_Pipeline_1, i8 %linebuf_1, i8 %linebuf"   --->   Operation 35 'call' 'call_ln0' <Predicate = true> <Delay = 4.72> <CoreType = "Generic">   --->   Generic Core
ST_4 : Operation 36 [1/2] (4.91ns)   --->   "%call_ln0 = call void @linebuffer_box3_base<unsigned short>_Pipeline_2, i8 %window_5_loc, i8 %window_4_loc, i8 %window_3_loc, i8 %window_2_loc, i8 %window_1_loc, i8 %window_loc"   --->   Operation 36 'call' 'call_ln0' <Predicate = true> <Delay = 4.91> <CoreType = "Generic">   --->   Generic Core
ST_4 : Operation 37 [1/2] (0.00ns)   --->   "%call_ln10 = call void @linebuffer_box3_base<unsigned short>_Pipeline_VITIS_LOOP_15_1_VITIS_LOOP_16_2, i32 %width_read, i62 %mul_ln10, i8 %input_r, i8 %output_r" [blur_opt.cpp:10->blur_opt.cpp:32]   --->   Operation 37 'call' 'call_ln10' <Predicate = true> <Delay = 0.00> <CoreType = "Generic">   --->   Generic Core

State 5 <SV = 4> <Delay = 6.91>
ST_5 : Operation 38 [1/1] (0.00ns)   --->   "%specinterface_ln0 = specinterface void @_ssdm_op_SpecInterface, i8 %output_r, void @empty, i32 0, i32 0, void @empty_0, i32 4294967295, i32 0, void @empty_0, void @empty_0, void @empty_0, i32 0, i32 0, i32 0, i32 0, void @empty_0, void @empty_0, i32 4294967295, i32 0, i32 0, i32 0"   --->   Operation 38 'specinterface' 'specinterface_ln0' <Predicate = true> <Delay = 0.00>
ST_5 : Operation 39 [1/1] (0.00ns)   --->   "%specinterface_ln0 = specinterface void @_ssdm_op_SpecInterface, i8 %input_r, void @empty, i32 0, i32 0, void @empty_0, i32 4294967295, i32 0, void @empty_0, void @empty_0, void @empty_0, i32 0, i32 0, i32 0, i32 0, void @empty_0, void @empty_0, i32 4294967295, i32 0, i32 0, i32 0"   --->   Operation 39 'specinterface' 'specinterface_ln0' <Predicate = true> <Delay = 0.00>
ST_5 : Operation 40 [1/1] (0.00ns)   --->   "%window_5_loc_load = load i8 %window_5_loc"   --->   Operation 40 'load' 'window_5_loc_load' <Predicate = true> <Delay = 0.00>
ST_5 : Operation 41 [1/1] (0.00ns)   --->   "%window_4_loc_load = load i8 %window_4_loc"   --->   Operation 41 'load' 'window_4_loc_load' <Predicate = true> <Delay = 0.00>
ST_5 : Operation 42 [1/1] (0.00ns)   --->   "%window_3_loc_load = load i8 %window_3_loc"   --->   Operation 42 'load' 'window_3_loc_load' <Predicate = true> <Delay = 0.00>
ST_5 : Operation 43 [1/1] (0.00ns)   --->   "%window_2_loc_load = load i8 %window_2_loc"   --->   Operation 43 'load' 'window_2_loc_load' <Predicate = true> <Delay = 0.00>
ST_5 : Operation 44 [1/1] (0.00ns)   --->   "%window_1_loc_load = load i8 %window_1_loc"   --->   Operation 44 'load' 'window_1_loc_load' <Predicate = true> <Delay = 0.00>
ST_5 : Operation 45 [1/1] (0.00ns)   --->   "%window_loc_load = load i8 %window_loc"   --->   Operation 45 'load' 'window_loc_load' <Predicate = true> <Delay = 0.00>
ST_5 : Operation 46 [1/1] (0.00ns)   --->   "%br_ln33 = br i1 %or_ln33, void %VITIS_LOOP_37_1, void %cleanup" [blur_opt.cpp:33]   --->   Operation 46 'br' 'br_ln33' <Predicate = true> <Delay = 0.00>
ST_5 : Operation 47 [1/1] (0.00ns)   --->   "%zext_ln37 = zext i31 %empty_25" [blur_opt.cpp:37]   --->   Operation 47 'zext' 'zext_ln37' <Predicate = (!or_ln33)> <Delay = 0.00>
ST_5 : Operation 48 [1/1] (0.00ns)   --->   "%zext_ln37_1 = zext i31 %empty" [blur_opt.cpp:37]   --->   Operation 48 'zext' 'zext_ln37_1' <Predicate = (!or_ln33)> <Delay = 0.00>
ST_5 : Operation 49 [2/2] (6.91ns)   --->   "%mul_ln37 = mul i62 %zext_ln37, i62 %zext_ln37_1" [blur_opt.cpp:37]   --->   Operation 49 'mul' 'mul_ln37' <Predicate = (!or_ln33)> <Delay = 6.91> <CoreInst = "Multiplier">   --->   Core 3 'Multiplier' <Latency = 1> <II = 1> <Delay = 6.91> <FuncUnit> <Opcode : 'mul'> <InPorts = 2> <OutPorts = 1>

State 6 <SV = 5> <Delay = 6.91>
ST_6 : Operation 50 [1/2] (6.91ns)   --->   "%mul_ln37 = mul i62 %zext_ln37, i62 %zext_ln37_1" [blur_opt.cpp:37]   --->   Operation 50 'mul' 'mul_ln37' <Predicate = true> <Delay = 6.91> <CoreInst = "Multiplier">   --->   Core 3 'Multiplier' <Latency = 1> <II = 1> <Delay = 6.91> <FuncUnit> <Opcode : 'mul'> <InPorts = 2> <OutPorts = 1>

State 7 <SV = 6> <Delay = 1.58>
ST_7 : Operation 51 [2/2] (1.58ns)   --->   "%call_ln37 = call void @linebuffer_box3_base<unsigned short>_Pipeline_VITIS_LOOP_37_1_VITIS_LOOP_38_2, i8 %window_5_loc_load, i8 %window_4_loc_load, i8 %window_3_loc_load, i8 %window_2_loc_load, i8 %window_1_loc_load, i8 %window_loc_load, i31 %empty, i62 %mul_ln37, i8 %input_r, i8 %linebuf_1, i8 %linebuf, i8 %output_r" [blur_opt.cpp:37]   --->   Operation 51 'call' 'call_ln37' <Predicate = true> <Delay = 1.58> <CoreType = "Generic">   --->   Generic Core

State 8 <SV = 7> <Delay = 0.00>
ST_8 : Operation 52 [1/2] (0.00ns)   --->   "%call_ln37 = call void @linebuffer_box3_base<unsigned short>_Pipeline_VITIS_LOOP_37_1_VITIS_LOOP_38_2, i8 %window_5_loc_load, i8 %window_4_loc_load, i8 %window_3_loc_load, i8 %window_2_loc_load, i8 %window_1_loc_load, i8 %window_loc_load, i31 %empty, i62 %mul_ln37, i8 %input_r, i8 %linebuf_1, i8 %linebuf, i8 %output_r" [blur_opt.cpp:37]   --->   Operation 52 'call' 'call_ln37' <Predicate = (!or_ln33)> <Delay = 0.00> <CoreType = "Generic">   --->   Generic Core
ST_8 : Operation 53 [1/1] (0.00ns)   --->   "%br_ln0 = br void %cleanup"   --->   Operation 53 'br' 'br_ln0' <Predicate = (!or_ln33)> <Delay = 0.00>
ST_8 : Operation 54 [1/1] (0.00ns)   --->   "%ret_ln64 = ret" [blur_opt.cpp:64]   --->   Operation 54 'ret' 'ret_ln64' <Predicate = true> <Delay = 0.00>


============================================================
+ Verbose Summary: Timing violations
============================================================
Target clock period: 10.000ns, clock uncertainty: 2.700ns.

 <State 1>: 3.285ns
The critical path consists of the following:
	wire read operation ('height_read') on port 'height' [5]  (0.000 ns)
	'icmp' operation 1 bit ('empty_26') [27]  (2.552 ns)
	'select' operation 31 bit ('smax') [28]  (0.733 ns)

 <State 2>: 6.912ns
The critical path consists of the following:
	'mul' operation 62 bit ('mul_ln10', blur_opt.cpp:10->blur_opt.cpp:32) [33]  (6.912 ns)

 <State 3>: 6.912ns
The critical path consists of the following:
	'mul' operation 62 bit ('mul_ln10', blur_opt.cpp:10->blur_opt.cpp:32) [33]  (6.912 ns)

 <State 4>: 4.911ns
The critical path consists of the following:
	'call' operation ('call_ln0') to 'linebuffer_box3_base<unsigned short>_Pipeline_2' [20]  (4.911 ns)

 <State 5>: 6.912ns
The critical path consists of the following:
	'mul' operation 62 bit ('mul_ln37', blur_opt.cpp:37) [42]  (6.912 ns)

 <State 6>: 6.912ns
The critical path consists of the following:
	'mul' operation 62 bit ('mul_ln37', blur_opt.cpp:37) [42]  (6.912 ns)

 <State 7>: 1.588ns
The critical path consists of the following:
	'call' operation ('call_ln37', blur_opt.cpp:37) to 'linebuffer_box3_base<unsigned short>_Pipeline_VITIS_LOOP_37_1_VITIS_LOOP_38_2' [43]  (1.588 ns)

 <State 8>: 0.000ns
The critical path consists of the following:


============================================================
+ Verbose Summary: Binding
============================================================
N/A
* FSMD analyzer results:
  - Output states:
 - Input state : 
  - Chain level:
	State 1
	State 2
	State 3
	State 4
	State 5
	State 6
	State 7
	State 8


============================================================
+ Verbose Summary: Datapath Resource usage 
============================================================
N/A
