

================================================================
== Vitis HLS Report for 'linebuffer_box3_base_unsigned_short_Pipeline_VITIS_LOOP_15_1_VITIS_LOOP_16_2'
================================================================
* Date:           Fri Apr 24 19:30:08 2026

* Version:        2025.2 (Build 6295257 on Nov 14 2025)
* Project:        blur_opt_bitwidth_proj
* Solution:       solution1 (Vivado IP Flow Target)
* Product family: zynq
* Target device:  xc7z020-clg400-1


================================================================
== Performance Estimates
================================================================
+ Timing: 
    * Summary: 
    +--------+----------+----------+------------+
    |  Clock |  Target  | Estimated| Uncertainty|
    +--------+----------+----------+------------+
    |ap_clk  |  10.00 ns|  7.070 ns|     2.70 ns|
    +--------+----------+----------+------------+

+ Latency: 
    * Summary: 
    +---------+---------+----------+----------+-----+-----+-------------------+
    |  Latency (cycles) |  Latency (absolute) |  Interval |      Pipeline     |
    |   min   |   max   |    min   |    max   | min | max |        Type       |
    +---------+---------+----------+----------+-----+-----+-------------------+
    |        ?|        ?|         ?|         ?|    0|    0|  loop pipeline stp|
    +---------+---------+----------+----------+-----+-----+-------------------+

    + Detail: 
        * Instance: 
        N/A

        * Loop: 
        +-----------------------------------+---------+---------+----------+-----------+-----------+------+----------+
        |                                   |  Latency (cycles) | Iteration|  Initiation Interval  | Trip |          |
        |             Loop Name             |   min   |   max   |  Latency |  achieved |   target  | Count| Pipelined|
        +-----------------------------------+---------+---------+----------+-----------+-----------+------+----------+
        |- VITIS_LOOP_15_1_VITIS_LOOP_16_2  |        ?|        ?|         3|          1|          1|     ?|       yes|
        +-----------------------------------+---------+---------+----------+-----------+-----------+------+----------+

============================================================
+ Verbose Summary: Synthesis Manager
============================================================
InlineROM: 1
ExposeGlobal: 0
============================================================
+ Verbose Summary: CDFG Model
============================================================
IsTopModel: 0
ResetActiveHigh: 1
IsCombinational: 0
IsDatapathOnly: 0
HasWiredReturn: 1
HasMFsm: 2
HasVarLatency: 1
IsPipeline: 0
IsRtlPipelined: 0
IsInstanceOverlapped: 0
IsDontTouch: 0
HasImplIP: 0
IsGatedGlobalClock: 0

+ Individual pipeline summary: 
  * Pipeline-0: initiation interval (II) = 1, depth = 4


============================================================
+ Verbose Summary: Schedule
============================================================
* Number of FSM states : 4
* Pipeline : 1
  Pipeline-0 : II = 1, D = 4, States = { 1 2 3 4 }
* Dataflow Pipeline: 0

* FSM state transitions: 
1 --> 2 
2 --> 3 
3 --> 4 
4 --> 

* FSM state operations: 

State 1 <SV = 0> <Delay = 1.58>
ST_1 : Operation 6 [1/1] (0.00ns)   --->   "%x = alloca i32 1" [blur_opt.cpp:16->blur_opt.cpp:32]   --->   Operation 6 'alloca' 'x' <Predicate = true> <Delay = 0.00>
ST_1 : Operation 7 [1/1] (0.00ns)   --->   "%y = alloca i32 1" [blur_opt.cpp:15->blur_opt.cpp:32]   --->   Operation 7 'alloca' 'y' <Predicate = true> <Delay = 0.00>
ST_1 : Operation 8 [1/1] (0.00ns)   --->   "%indvar_flatten = alloca i32 1"   --->   Operation 8 'alloca' 'indvar_flatten' <Predicate = true> <Delay = 0.00>
ST_1 : Operation 9 [1/1] (0.00ns)   --->   "%specinterface_ln0 = specinterface void @_ssdm_op_SpecInterface, i8 %input_r, void @empty, i32 0, i32 0, void @empty_0, i32 4294967295, i32 0, void @empty_0, void @empty_0, void @empty_0, i32 0, i32 0, i32 0, i32 0, void @empty_0, void @empty_0, i32 4294967295, i32 0, i32 0, i32 0"   --->   Operation 9 'specinterface' 'specinterface_ln0' <Predicate = true> <Delay = 0.00>
ST_1 : Operation 10 [1/1] (0.00ns)   --->   "%specinterface_ln0 = specinterface void @_ssdm_op_SpecInterface, i8 %output_r, void @empty, i32 0, i32 0, void @empty_0, i32 4294967295, i32 0, void @empty_0, void @empty_0, void @empty_0, i32 0, i32 0, i32 0, i32 0, void @empty_0, void @empty_0, i32 4294967295, i32 0, i32 0, i32 0"   --->   Operation 10 'specinterface' 'specinterface_ln0' <Predicate = true> <Delay = 0.00>
ST_1 : Operation 11 [1/1] (0.00ns)   --->   "%mul_ln10_read = read i62 @_ssdm_op_Read.ap_auto.i62, i62 %mul_ln10"   --->   Operation 11 'read' 'mul_ln10_read' <Predicate = true> <Delay = 0.00>
ST_1 : Operation 12 [1/1] (0.00ns)   --->   "%width_read = read i32 @_ssdm_op_Read.ap_auto.i32, i32 %width"   --->   Operation 12 'read' 'width_read' <Predicate = true> <Delay = 0.00>
ST_1 : Operation 13 [1/1] (1.58ns)   --->   "%store_ln0 = store i62 0, i62 %indvar_flatten"   --->   Operation 13 'store' 'store_ln0' <Predicate = true> <Delay = 1.58>
ST_1 : Operation 14 [1/1] (1.58ns)   --->   "%store_ln15 = store i31 0, i31 %y" [blur_opt.cpp:15->blur_opt.cpp:32]   --->   Operation 14 'store' 'store_ln15' <Predicate = true> <Delay = 1.58>
ST_1 : Operation 15 [1/1] (1.58ns)   --->   "%store_ln16 = store i21 0, i21 %x" [blur_opt.cpp:16->blur_opt.cpp:32]   --->   Operation 15 'store' 'store_ln16' <Predicate = true> <Delay = 1.58>
ST_1 : Operation 16 [1/1] (0.00ns)   --->   "%br_ln0 = br void %for.inc.i"   --->   Operation 16 'br' 'br_ln0' <Predicate = true> <Delay = 0.00>

State 2 <SV = 1> <Delay = 5.05>
ST_2 : Operation 17 [1/1] (0.00ns)   --->   "%indvar_flatten_load = load i62 %indvar_flatten" [blur_opt.cpp:15->blur_opt.cpp:32]   --->   Operation 17 'load' 'indvar_flatten_load' <Predicate = true> <Delay = 0.00>
ST_2 : Operation 18 [1/1] (3.46ns)   --->   "%icmp_ln15 = icmp_eq  i62 %indvar_flatten_load, i62 %mul_ln10_read" [blur_opt.cpp:15->blur_opt.cpp:32]   --->   Operation 18 'icmp' 'icmp_ln15' <Predicate = true> <Delay = 3.46> <CoreInst = "Cmp">   --->   Core 9 'Cmp' <Latency = 0> <II = 1> <Delay = 3.46> <FuncUnit> <Opcode : 'seteq' 'setne' 'setle' 'setge' 'setlt' 'setgt'> <InPorts = 2> <OutPorts = 1>
ST_2 : Operation 19 [1/1] (3.46ns)   --->   "%add_ln15_1 = add i62 %indvar_flatten_load, i62 1" [blur_opt.cpp:15->blur_opt.cpp:32]   --->   Operation 19 'add' 'add_ln15_1' <Predicate = true> <Delay = 3.46> <CoreInst = "Adder">   --->   Core 1 'Adder' <Latency = 0> <II = 1> <Delay = 3.46> <FuncUnit> <Opcode : 'add' 'sub'> <InPorts = 2> <OutPorts = 1>
ST_2 : Operation 20 [1/1] (0.00ns)   --->   "%br_ln15 = br i1 %icmp_ln15, void %for.inc11.i, void %_ZL16copy_image_plainPA1024_hS0_ii.exit.exitStub" [blur_opt.cpp:15->blur_opt.cpp:32]   --->   Operation 20 'br' 'br_ln15' <Predicate = true> <Delay = 0.00>
ST_2 : Operation 21 [1/1] (1.58ns)   --->   "%store_ln15 = store i62 %add_ln15_1, i62 %indvar_flatten" [blur_opt.cpp:15->blur_opt.cpp:32]   --->   Operation 21 'store' 'store_ln15' <Predicate = (!icmp_ln15)> <Delay = 1.58>

State 3 <SV = 2> <Delay = 7.06>
ST_3 : Operation 22 [1/1] (0.00ns)   --->   "%x_2 = load i21 %x" [blur_opt.cpp:16->blur_opt.cpp:32]   --->   Operation 22 'load' 'x_2' <Predicate = true> <Delay = 0.00>
ST_3 : Operation 23 [1/1] (0.00ns)   --->   "%zext_ln16 = zext i21 %x_2" [blur_opt.cpp:16->blur_opt.cpp:32]   --->   Operation 23 'zext' 'zext_ln16' <Predicate = true> <Delay = 0.00>
ST_3 : Operation 24 [1/1] (2.55ns)   --->   "%icmp_ln16 = icmp_slt  i32 %zext_ln16, i32 %width_read" [blur_opt.cpp:16->blur_opt.cpp:32]   --->   Operation 24 'icmp' 'icmp_ln16' <Predicate = true> <Delay = 2.55> <CoreInst = "Cmp">   --->   Core 9 'Cmp' <Latency = 0> <II = 1> <Delay = 2.55> <FuncUnit> <Opcode : 'seteq' 'setne' 'setle' 'setge' 'setlt' 'setgt'> <InPorts = 2> <OutPorts = 1>
ST_3 : Operation 25 [1/1] (0.00ns)   --->   "%y_load = load i31 %y" [blur_opt.cpp:15->blur_opt.cpp:32]   --->   Operation 25 'load' 'y_load' <Predicate = (!icmp_ln15)> <Delay = 0.00>
ST_3 : Operation 26 [1/1] (2.52ns)   --->   "%add_ln15 = add i31 %y_load, i31 1" [blur_opt.cpp:15->blur_opt.cpp:32]   --->   Operation 26 'add' 'add_ln15' <Predicate = (!icmp_ln15)> <Delay = 2.52> <CoreInst = "Adder">   --->   Core 1 'Adder' <Latency = 0> <II = 1> <Delay = 2.52> <FuncUnit> <Opcode : 'add' 'sub'> <InPorts = 2> <OutPorts = 1>
ST_3 : Operation 27 [1/1] (0.70ns)   --->   "%select_ln15 = select i1 %icmp_ln16, i21 %x_2, i21 0" [blur_opt.cpp:15->blur_opt.cpp:32]   --->   Operation 27 'select' 'select_ln15' <Predicate = (!icmp_ln15)> <Delay = 0.70> <CoreInst = "Sel">   --->   Core 73 'Sel' <Latency = 0> <II = 1> <Delay = 0.70> <FuncUnit> <Opcode : 'select'> <InPorts = 3> <OutPorts = 1>
ST_3 : Operation 28 [1/1] (0.73ns)   --->   "%select_ln15_1 = select i1 %icmp_ln16, i31 %y_load, i31 %add_ln15" [blur_opt.cpp:15->blur_opt.cpp:32]   --->   Operation 28 'select' 'select_ln15_1' <Predicate = (!icmp_ln15)> <Delay = 0.73> <CoreInst = "Sel">   --->   Core 73 'Sel' <Latency = 0> <II = 1> <Delay = 0.73> <FuncUnit> <Opcode : 'select'> <InPorts = 3> <OutPorts = 1>
ST_3 : Operation 29 [1/1] (0.00ns)   --->   "%trunc_ln17 = trunc i31 %select_ln15_1" [blur_opt.cpp:17->blur_opt.cpp:32]   --->   Operation 29 'trunc' 'trunc_ln17' <Predicate = (!icmp_ln15)> <Delay = 0.00>
ST_3 : Operation 30 [1/1] (0.00ns)   --->   "%tmp = bitconcatenate i20 @_ssdm_op_BitConcatenate.i20.i10.i10, i10 %trunc_ln17, i10 0" [blur_opt.cpp:17->blur_opt.cpp:32]   --->   Operation 30 'bitconcatenate' 'tmp' <Predicate = (!icmp_ln15)> <Delay = 0.00>
ST_3 : Operation 31 [1/1] (0.00ns)   --->   "%trunc_ln17_1 = trunc i21 %select_ln15" [blur_opt.cpp:17->blur_opt.cpp:32]   --->   Operation 31 'trunc' 'trunc_ln17_1' <Predicate = (!icmp_ln15)> <Delay = 0.00>
ST_3 : Operation 32 [1/1] (2.19ns)   --->   "%add_ln17 = add i20 %tmp, i20 %trunc_ln17_1" [blur_opt.cpp:17->blur_opt.cpp:32]   --->   Operation 32 'add' 'add_ln17' <Predicate = (!icmp_ln15)> <Delay = 2.19> <CoreInst = "Adder">   --->   Core 1 'Adder' <Latency = 0> <II = 1> <Delay = 2.19> <FuncUnit> <Opcode : 'add' 'sub'> <InPorts = 2> <OutPorts = 1>
ST_3 : Operation 33 [1/1] (0.00ns)   --->   "%zext_ln17 = zext i20 %add_ln17" [blur_opt.cpp:17->blur_opt.cpp:32]   --->   Operation 33 'zext' 'zext_ln17' <Predicate = (!icmp_ln15)> <Delay = 0.00>
ST_3 : Operation 34 [1/1] (0.00ns)   --->   "%input_r_addr = getelementptr i8 %input_r, i64 0, i64 %zext_ln17" [blur_opt.cpp:17->blur_opt.cpp:32]   --->   Operation 34 'getelementptr' 'input_r_addr' <Predicate = (!icmp_ln15)> <Delay = 0.00>
ST_3 : Operation 35 [2/2] (0.00ns)   --->   "%input_r_load = load i20 %input_r_addr" [blur_opt.cpp:17->blur_opt.cpp:32]   --->   Operation 35 'load' 'input_r_load' <Predicate = (!icmp_ln15)> <Delay = 0.00> <CoreInst = "RAM">   --->   Core 81 'RAM' <Latency = 1> <II = 1> <Delay = 3.25> <Storage> <Opcode : 'load' 'store'> <Ports = 2> <Width = 8> <Depth = 1048576> <RAM>
ST_3 : Operation 36 [1/1] (2.22ns)   --->   "%add_ln16 = add i21 %select_ln15, i21 1" [blur_opt.cpp:16->blur_opt.cpp:32]   --->   Operation 36 'add' 'add_ln16' <Predicate = (!icmp_ln15)> <Delay = 2.22> <CoreInst = "Adder">   --->   Core 1 'Adder' <Latency = 0> <II = 1> <Delay = 2.22> <FuncUnit> <Opcode : 'add' 'sub'> <InPorts = 2> <OutPorts = 1>
ST_3 : Operation 37 [1/1] (1.58ns)   --->   "%store_ln15 = store i31 %select_ln15_1, i31 %y" [blur_opt.cpp:15->blur_opt.cpp:32]   --->   Operation 37 'store' 'store_ln15' <Predicate = (!icmp_ln15)> <Delay = 1.58>
ST_3 : Operation 38 [1/1] (1.58ns)   --->   "%store_ln16 = store i21 %add_ln16, i21 %x" [blur_opt.cpp:16->blur_opt.cpp:32]   --->   Operation 38 'store' 'store_ln16' <Predicate = (!icmp_ln15)> <Delay = 1.58>
ST_3 : Operation 45 [1/1] (1.58ns)   --->   "%ret_ln0 = ret"   --->   Operation 45 'ret' 'ret_ln0' <Predicate = (icmp_ln15)> <Delay = 1.58>

State 4 <SV = 3> <Delay = 0.00>
ST_4 : Operation 39 [1/1] (0.00ns)   --->   "%specloopname_ln0 = specloopname void @_ssdm_op_SpecLoopName, void @VITIS_LOOP_15_1_VITIS_LOOP_16_2_str"   --->   Operation 39 'specloopname' 'specloopname_ln0' <Predicate = true> <Delay = 0.00>
ST_4 : Operation 40 [1/1] (0.00ns)   --->   "%output_r_addr = getelementptr i8 %output_r, i64 0, i64 %zext_ln17" [blur_opt.cpp:17->blur_opt.cpp:32]   --->   Operation 40 'getelementptr' 'output_r_addr' <Predicate = true> <Delay = 0.00>
ST_4 : Operation 41 [1/1] (0.00ns)   --->   "%specpipeline_ln16 = specpipeline void @_ssdm_op_SpecPipeline, i32 4294967295, i32 0, i32 0, i32 0, i32 4294967295, void @empty_0" [blur_opt.cpp:16->blur_opt.cpp:32]   --->   Operation 41 'specpipeline' 'specpipeline_ln16' <Predicate = true> <Delay = 0.00>
ST_4 : Operation 42 [1/2] ( I:0.00ns O:0.00ns )   --->   "%input_r_load = load i20 %input_r_addr" [blur_opt.cpp:17->blur_opt.cpp:32]   --->   Operation 42 'load' 'input_r_load' <Predicate = true> <Delay = 0.00> <CoreInst = "RAM">   --->   Core 81 'RAM' <Latency = 1> <II = 1> <Delay = 3.25> <Storage> <Opcode : 'load' 'store'> <Ports = 2> <Width = 8> <Depth = 1048576> <RAM>
ST_4 : Operation 43 [1/1] ( I:0.00ns O:0.00ns )   --->   "%store_ln17 = store i8 %input_r_load, i20 %output_r_addr" [blur_opt.cpp:17->blur_opt.cpp:32]   --->   Operation 43 'store' 'store_ln17' <Predicate = true> <Delay = 0.00> <CoreInst = "RAM">   --->   Core 81 'RAM' <Latency = 1> <II = 1> <Delay = 3.25> <Storage> <Opcode : 'load' 'store'> <Ports = 2> <Width = 8> <Depth = 1048576> <RAM>
ST_4 : Operation 44 [1/1] (0.00ns)   --->   "%br_ln16 = br void %for.inc.i" [blur_opt.cpp:16->blur_opt.cpp:32]   --->   Operation 44 'br' 'br_ln16' <Predicate = true> <Delay = 0.00>


============================================================
+ Verbose Summary: Binding
============================================================
STG Binding: 
---------------- STG Properties BEGIN ----------------
- Is combinational: 0
- Is one-state seq: 0
- Is datapath-only: 0
- Is pipelined: 0
- Is top level: 0
Port [ Return ] is wired: 1; IO mode=ap_ctrl_hs:ce=0
Port [ width]:  wired=1; compound=0; hidden=0; nouse=0; global=0; static=0; extern=0; dir=0; type=0; pingpong=0; private_global=0; IO mode=ap_none:ce=0
Port [ mul_ln10]:  wired=1; compound=0; hidden=0; nouse=0; global=0; static=0; extern=0; dir=0; type=0; pingpong=0; private_global=0; IO mode=ap_none:ce=0
Port [ input_r]:  wired=1; compound=1; hidden=0; nouse=0; global=0; static=0; extern=0; dir=0; type=1; pingpong=0; private_global=0; MemPort=[13]; IO mode=ap_memory:ce=0
Port [ output_r]:  wired=1; compound=1; hidden=0; nouse=0; global=0; static=0; extern=0; dir=1; type=1; pingpong=0; private_global=0; MemPort=[03]; IO mode=ap_memory:ce=0
---------------- STG Properties END ------------------

---------------- Datapath Model BEGIN ----------------

<LifeTime>
<method=bitvector/>
x                   (alloca        ) [ 01110]
y                   (alloca        ) [ 01110]
indvar_flatten      (alloca        ) [ 01100]
specinterface_ln0   (specinterface ) [ 00000]
specinterface_ln0   (specinterface ) [ 00000]
mul_ln10_read       (read          ) [ 01100]
width_read          (read          ) [ 01110]
store_ln0           (store         ) [ 00000]
store_ln15          (store         ) [ 00000]
store_ln16          (store         ) [ 00000]
br_ln0              (br            ) [ 00000]
indvar_flatten_load (load          ) [ 00000]
icmp_ln15           (icmp          ) [ 01110]
add_ln15_1          (add           ) [ 00000]
br_ln15             (br            ) [ 00000]
store_ln15          (store         ) [ 00000]
x_2                 (load          ) [ 00000]
zext_ln16           (zext          ) [ 00000]
icmp_ln16           (icmp          ) [ 00000]
y_load              (load          ) [ 00000]
add_ln15            (add           ) [ 00000]
select_ln15         (select        ) [ 00000]
select_ln15_1       (select        ) [ 00000]
trunc_ln17          (trunc         ) [ 00000]
tmp                 (bitconcatenate) [ 00000]
trunc_ln17_1        (trunc         ) [ 00000]
add_ln17            (add           ) [ 00000]
zext_ln17           (zext          ) [ 01001]
input_r_addr        (getelementptr ) [ 01001]
add_ln16            (add           ) [ 00000]
store_ln15          (store         ) [ 00000]
store_ln16          (store         ) [ 00000]
specloopname_ln0    (specloopname  ) [ 00000]
output_r_addr       (getelementptr ) [ 00000]
specpipeline_ln16   (specpipeline  ) [ 00000]
input_r_load        (load          ) [ 00000]
store_ln17          (store         ) [ 00000]
br_ln16             (br            ) [ 00000]
ret_ln0             (ret           ) [ 00000]
</LifeTime>

<model>

<comp_list>
<comp id="0" class="1000" name="width">
<pin_list>
<pin id="1" dir="1" index="0" bw="1" slack="0"/>
</pin_list>
<bind>
<StgValue><ssdm name="width"/></StgValue>
</bind>
</comp>

<comp id="2" class="1000" name="mul_ln10">
<pin_list>
<pin id="3" dir="1" index="0" bw="1" slack="0"/>
</pin_list>
<bind>
<StgValue><ssdm name="mul_ln10"/></StgValue>
</bind>
</comp>

<comp id="4" class="1000" name="input_r">
<pin_list>
<pin id="5" dir="1" index="0" bw="1" slack="0"/>
</pin_list>
<bind>
<StgValue><ssdm name="input_r"/><MemPortTyVec>1 3 </MemPortTyVec>
</StgValue>
</bind>
</comp>

<comp id="6" class="1000" name="output_r">
<pin_list>
<pin id="7" dir="1" index="0" bw="1" slack="0"/>
</pin_list>
<bind>
<StgValue><ssdm name="output_r"/><MemPortTyVec>0 3 </MemPortTyVec>
</StgValue>
</bind>
</comp>

<comp id="8" class="1001" name="const_8">
<pin_list>
<pin id="9" dir="1" index="0" bw="1" slack="0"/>
</pin_list>
<bind>
<StgValue><ssdm name=""/></StgValue>
</bind>
</comp>

<comp id="10" class="1001" name="const_10">
<pin_list>
<pin id="11" dir="1" index="0" bw="1" slack="2147483647"/>
</pin_list>
<bind>
<StgValue><ssdm name="_ssdm_op_SpecInterface"/></StgValue>
</bind>
</comp>

<comp id="12" class="1001" name="const_12">
<pin_list>
<pin id="13" dir="1" index="0" bw="1" slack="2147483647"/>
</pin_list>
<bind>
<StgValue><ssdm name="empty"/></StgValue>
</bind>
</comp>

<comp id="14" class="1001" name="const_14">
<pin_list>
<pin id="15" dir="1" index="0" bw="1" slack="2147483647"/>
</pin_list>
<bind>
<StgValue><ssdm name=""/></StgValue>
</bind>
</comp>

<comp id="16" class="1001" name="const_16">
<pin_list>
<pin id="17" dir="1" index="0" bw="1" slack="2147483647"/>
</pin_list>
<bind>
<StgValue><ssdm name="empty_0"/></StgValue>
</bind>
</comp>

<comp id="18" class="1001" name="const_18">
<pin_list>
<pin id="19" dir="1" index="0" bw="1" slack="2147483647"/>
</pin_list>
<bind>
<StgValue><ssdm name=""/></StgValue>
</bind>
</comp>

<comp id="20" class="1001" name="const_20">
<pin_list>
<pin id="21" dir="1" index="0" bw="1" slack="0"/>
</pin_list>
<bind>
<StgValue><ssdm name="_ssdm_op_Read.ap_auto.i62"/></StgValue>
</bind>
</comp>

<comp id="22" class="1001" name="const_22">
<pin_list>
<pin id="23" dir="1" index="0" bw="1" slack="0"/>
</pin_list>
<bind>
<StgValue><ssdm name="_ssdm_op_Read.ap_auto.i32"/></StgValue>
</bind>
</comp>

<comp id="24" class="1001" name="const_24">
<pin_list>
<pin id="25" dir="1" index="0" bw="1" slack="0"/>
</pin_list>
<bind>
<StgValue><ssdm name=""/></StgValue>
</bind>
</comp>

<comp id="26" class="1001" name="const_26">
<pin_list>
<pin id="27" dir="1" index="0" bw="1" slack="0"/>
</pin_list>
<bind>
<StgValue><ssdm name=""/></StgValue>
</bind>
</comp>

<comp id="28" class="1001" name="const_28">
<pin_list>
<pin id="29" dir="1" index="0" bw="1" slack="0"/>
</pin_list>
<bind>
<StgValue><ssdm name=""/></StgValue>
</bind>
</comp>

<comp id="30" class="1001" name="const_30">
<pin_list>
<pin id="31" dir="1" index="0" bw="1" slack="0"/>
</pin_list>
<bind>
<StgValue><ssdm name=""/></StgValue>
</bind>
</comp>

<comp id="32" class="1001" name="const_32">
<pin_list>
<pin id="33" dir="1" index="0" bw="1" slack="0"/>
</pin_list>
<bind>
<StgValue><ssdm name=""/></StgValue>
</bind>
</comp>

<comp id="34" class="1001" name="const_34">
<pin_list>
<pin id="35" dir="1" index="0" bw="1" slack="0"/>
</pin_list>
<bind>
<StgValue><ssdm name="_ssdm_op_BitConcatenate.i20.i10.i10"/></StgValue>
</bind>
</comp>

<comp id="36" class="1001" name="const_36">
<pin_list>
<pin id="37" dir="1" index="0" bw="1" slack="0"/>
</pin_list>
<bind>
<StgValue><ssdm name=""/></StgValue>
</bind>
</comp>

<comp id="38" class="1001" name="const_38">
<pin_list>
<pin id="39" dir="1" index="0" bw="1" slack="0"/>
</pin_list>
<bind>
<StgValue><ssdm name=""/></StgValue>
</bind>
</comp>

<comp id="40" class="1001" name="const_40">
<pin_list>
<pin id="41" dir="1" index="0" bw="1" slack="0"/>
</pin_list>
<bind>
<StgValue><ssdm name=""/></StgValue>
</bind>
</comp>

<comp id="42" class="1001" name="const_42">
<pin_list>
<pin id="43" dir="1" index="0" bw="1" slack="2147483647"/>
</pin_list>
<bind>
<StgValue><ssdm name="_ssdm_op_SpecLoopName"/></StgValue>
</bind>
</comp>

<comp id="44" class="1001" name="const_44">
<pin_list>
<pin id="45" dir="1" index="0" bw="1" slack="2147483647"/>
</pin_list>
<bind>
<StgValue><ssdm name="VITIS_LOOP_15_1_VITIS_LOOP_16_2_str"/></StgValue>
</bind>
</comp>

<comp id="46" class="1001" name="const_46">
<pin_list>
<pin id="47" dir="1" index="0" bw="1" slack="2147483647"/>
</pin_list>
<bind>
<StgValue><ssdm name="_ssdm_op_SpecPipeline"/></StgValue>
</bind>
</comp>

<comp id="48" class="1004" name="x_fu_48">
<pin_list>
<pin id="49" dir="0" index="0" bw="1" slack="0"/>
<pin id="50" dir="1" index="1" bw="21" slack="0"/>
</pin_list>
<bind>
<opcode="alloca(26) " fcode="alloca"/>
<opset="x/1 "/>
</bind>
</comp>

<comp id="52" class="1004" name="y_fu_52">
<pin_list>
<pin id="53" dir="0" index="0" bw="1" slack="0"/>
<pin id="54" dir="1" index="1" bw="31" slack="0"/>
</pin_list>
<bind>
<opcode="alloca(26) " fcode="alloca"/>
<opset="y/1 "/>
</bind>
</comp>

<comp id="56" class="1004" name="indvar_flatten_fu_56">
<pin_list>
<pin id="57" dir="0" index="0" bw="1" slack="0"/>
<pin id="58" dir="1" index="1" bw="62" slack="0"/>
</pin_list>
<bind>
<opcode="alloca(26) " fcode="alloca"/>
<opset="indvar_flatten/1 "/>
</bind>
</comp>

<comp id="60" class="1004" name="mul_ln10_read_read_fu_60">
<pin_list>
<pin id="61" dir="0" index="0" bw="62" slack="0"/>
<pin id="62" dir="0" index="1" bw="62" slack="0"/>
<pin id="63" dir="1" index="2" bw="62" slack="1"/>
</pin_list>
<bind>
<opcode="read(1150) " fcode="read"/>
<opset="mul_ln10_read/1 "/>
</bind>
</comp>

<comp id="66" class="1004" name="width_read_read_fu_66">
<pin_list>
<pin id="67" dir="0" index="0" bw="32" slack="0"/>
<pin id="68" dir="0" index="1" bw="32" slack="0"/>
<pin id="69" dir="1" index="2" bw="32" slack="2"/>
</pin_list>
<bind>
<opcode="read(1150) " fcode="read"/>
<opset="width_read/1 "/>
</bind>
</comp>

<comp id="72" class="1004" name="input_r_addr_gep_fu_72">
<pin_list>
<pin id="73" dir="0" index="0" bw="8" slack="0"/>
<pin id="74" dir="0" index="1" bw="1" slack="0"/>
<pin id="75" dir="0" index="2" bw="20" slack="0"/>
<pin id="76" dir="1" index="3" bw="20" slack="0"/>
</pin_list>
<bind>
<opcode="getelementptr(29) " fcode="getelementptr"/>
<opset="input_r_addr/3 "/>
</bind>
</comp>

<comp id="79" class="1004" name="grp_access_fu_79">
<pin_list>
<pin id="80" dir="0" index="0" bw="20" slack="0"/>
<pin id="81" dir="0" index="1" bw="8" slack="2147483647"/>
<pin id="82" dir="0" index="2" bw="0" slack="2147483647"/>
<pin id="83" dir="1" index="3" bw="8" slack="0"/>
</pin_list>
<bind>
<opcode="load(27) " fcode="load"/>
<opset="input_r_load/3 "/>
</bind>
</comp>

<comp id="85" class="1004" name="output_r_addr_gep_fu_85">
<pin_list>
<pin id="86" dir="0" index="0" bw="8" slack="0"/>
<pin id="87" dir="0" index="1" bw="1" slack="0"/>
<pin id="88" dir="0" index="2" bw="20" slack="1"/>
<pin id="89" dir="1" index="3" bw="20" slack="0"/>
</pin_list>
<bind>
<opcode="getelementptr(29) " fcode="getelementptr"/>
<opset="output_r_addr/4 "/>
</bind>
</comp>

<comp id="92" class="1004" name="store_ln17_access_fu_92">
<pin_list>
<pin id="93" dir="0" index="0" bw="20" slack="0"/>
<pin id="94" dir="0" index="1" bw="8" slack="0"/>
<pin id="95" dir="0" index="2" bw="0" slack="2147483647"/>
<pin id="96" dir="1" index="3" bw="8" slack="2147483647"/>
</pin_list>
<bind>
<opcode="store(28) " fcode="store"/>
<opset="store_ln17/4 "/>
</bind>
</comp>

<comp id="99" class="1004" name="store_ln0_store_fu_99">
<pin_list>
<pin id="100" dir="0" index="0" bw="1" slack="0"/>
<pin id="101" dir="0" index="1" bw="62" slack="0"/>
<pin id="102" dir="1" index="2" bw="0" slack="2147483647"/>
</pin_list>
<bind>
<opcode="store(28) " fcode="store"/>
<opset="store_ln0/1 "/>
</bind>
</comp>

<comp id="104" class="1004" name="store_ln15_store_fu_104">
<pin_list>
<pin id="105" dir="0" index="0" bw="1" slack="0"/>
<pin id="106" dir="0" index="1" bw="31" slack="0"/>
<pin id="107" dir="1" index="2" bw="0" slack="2147483647"/>
</pin_list>
<bind>
<opcode="store(28) " fcode="store"/>
<opset="store_ln15/1 "/>
</bind>
</comp>

<comp id="109" class="1004" name="store_ln16_store_fu_109">
<pin_list>
<pin id="110" dir="0" index="0" bw="1" slack="0"/>
<pin id="111" dir="0" index="1" bw="21" slack="0"/>
<pin id="112" dir="1" index="2" bw="0" slack="2147483647"/>
</pin_list>
<bind>
<opcode="store(28) " fcode="store"/>
<opset="store_ln16/1 "/>
</bind>
</comp>

<comp id="114" class="1004" name="indvar_flatten_load_load_fu_114">
<pin_list>
<pin id="115" dir="0" index="0" bw="62" slack="1"/>
<pin id="116" dir="1" index="1" bw="62" slack="0"/>
</pin_list>
<bind>
<opcode="load(27) " fcode="load"/>
<opset="indvar_flatten_load/2 "/>
</bind>
</comp>

<comp id="117" class="1004" name="icmp_ln15_fu_117">
<pin_list>
<pin id="118" dir="0" index="0" bw="62" slack="0"/>
<pin id="119" dir="0" index="1" bw="62" slack="1"/>
<pin id="120" dir="1" index="2" bw="1" slack="1"/>
</pin_list>
<bind>
<opcode="icmp(45) " fcode="icmp"/>
<opset="icmp_ln15/2 "/>
</bind>
</comp>

<comp id="122" class="1004" name="add_ln15_1_fu_122">
<pin_list>
<pin id="123" dir="0" index="0" bw="62" slack="0"/>
<pin id="124" dir="0" index="1" bw="1" slack="0"/>
<pin id="125" dir="1" index="2" bw="62" slack="0"/>
</pin_list>
<bind>
<opcode="add(8) " fcode="add"/>
<opset="add_ln15_1/2 "/>
</bind>
</comp>

<comp id="128" class="1004" name="store_ln15_store_fu_128">
<pin_list>
<pin id="129" dir="0" index="0" bw="62" slack="0"/>
<pin id="130" dir="0" index="1" bw="62" slack="1"/>
<pin id="131" dir="1" index="2" bw="0" slack="2147483647"/>
</pin_list>
<bind>
<opcode="store(28) " fcode="store"/>
<opset="store_ln15/2 "/>
</bind>
</comp>

<comp id="133" class="1004" name="x_2_load_fu_133">
<pin_list>
<pin id="134" dir="0" index="0" bw="21" slack="2"/>
<pin id="135" dir="1" index="1" bw="21" slack="0"/>
</pin_list>
<bind>
<opcode="load(27) " fcode="load"/>
<opset="x_2/3 "/>
</bind>
</comp>

<comp id="136" class="1004" name="zext_ln16_fu_136">
<pin_list>
<pin id="137" dir="0" index="0" bw="21" slack="0"/>
<pin id="138" dir="1" index="1" bw="32" slack="0"/>
</pin_list>
<bind>
<opcode="zext(34) " fcode="zext"/>
<opset="zext_ln16/3 "/>
</bind>
</comp>

<comp id="140" class="1004" name="icmp_ln16_fu_140">
<pin_list>
<pin id="141" dir="0" index="0" bw="21" slack="0"/>
<pin id="142" dir="0" index="1" bw="32" slack="2"/>
<pin id="143" dir="1" index="2" bw="1" slack="0"/>
</pin_list>
<bind>
<opcode="icmp(45) " fcode="icmp"/>
<opset="icmp_ln16/3 "/>
</bind>
</comp>

<comp id="145" class="1004" name="y_load_load_fu_145">
<pin_list>
<pin id="146" dir="0" index="0" bw="31" slack="2"/>
<pin id="147" dir="1" index="1" bw="31" slack="0"/>
</pin_list>
<bind>
<opcode="load(27) " fcode="load"/>
<opset="y_load/3 "/>
</bind>
</comp>

<comp id="148" class="1004" name="add_ln15_fu_148">
<pin_list>
<pin id="149" dir="0" index="0" bw="31" slack="0"/>
<pin id="150" dir="0" index="1" bw="1" slack="0"/>
<pin id="151" dir="1" index="2" bw="31" slack="0"/>
</pin_list>
<bind>
<opcode="add(8) " fcode="add"/>
<opset="add_ln15/3 "/>
</bind>
</comp>

<comp id="154" class="1004" name="select_ln15_fu_154">
<pin_list>
<pin id="155" dir="0" index="0" bw="1" slack="0"/>
<pin id="156" dir="0" index="1" bw="21" slack="0"/>
<pin id="157" dir="0" index="2" bw="1" slack="0"/>
<pin id="158" dir="1" index="3" bw="21" slack="0"/>
</pin_list>
<bind>
<opcode="select(49) " fcode="select"/>
<opset="select_ln15/3 "/>
</bind>
</comp>

<comp id="162" class="1004" name="select_ln15_1_fu_162">
<pin_list>
<pin id="163" dir="0" index="0" bw="1" slack="0"/>
<pin id="164" dir="0" index="1" bw="31" slack="0"/>
<pin id="165" dir="0" index="2" bw="31" slack="0"/>
<pin id="166" dir="1" index="3" bw="31" slack="0"/>
</pin_list>
<bind>
<opcode="select(49) " fcode="select"/>
<opset="select_ln15_1/3 "/>
</bind>
</comp>

<comp id="170" class="1004" name="trunc_ln17_fu_170">
<pin_list>
<pin id="171" dir="0" index="0" bw="31" slack="0"/>
<pin id="172" dir="1" index="1" bw="10" slack="0"/>
</pin_list>
<bind>
<opcode="trunc(33) " fcode="trunc"/>
<opset="trunc_ln17/3 "/>
</bind>
</comp>

<comp id="174" class="1004" name="tmp_fu_174">
<pin_list>
<pin id="175" dir="0" index="0" bw="20" slack="0"/>
<pin id="176" dir="0" index="1" bw="10" slack="0"/>
<pin id="177" dir="0" index="2" bw="1" slack="0"/>
<pin id="178" dir="1" index="3" bw="20" slack="0"/>
</pin_list>
<bind>
<opcode="bitconcatenate(1004) " fcode="bitconcatenate"/>
<opset="tmp/3 "/>
</bind>
</comp>

<comp id="182" class="1004" name="trunc_ln17_1_fu_182">
<pin_list>
<pin id="183" dir="0" index="0" bw="21" slack="0"/>
<pin id="184" dir="1" index="1" bw="20" slack="0"/>
</pin_list>
<bind>
<opcode="trunc(33) " fcode="trunc"/>
<opset="trunc_ln17_1/3 "/>
</bind>
</comp>

<comp id="186" class="1004" name="add_ln17_fu_186">
<pin_list>
<pin id="187" dir="0" index="0" bw="20" slack="0"/>
<pin id="188" dir="0" index="1" bw="20" slack="0"/>
<pin id="189" dir="1" index="2" bw="20" slack="0"/>
</pin_list>
<bind>
<opcode="add(8) " fcode="add"/>
<opset="add_ln17/3 "/>
</bind>
</comp>

<comp id="192" class="1004" name="zext_ln17_fu_192">
<pin_list>
<pin id="193" dir="0" index="0" bw="20" slack="0"/>
<pin id="194" dir="1" index="1" bw="64" slack="0"/>
</pin_list>
<bind>
<opcode="zext(34) " fcode="zext"/>
<opset="zext_ln17/3 "/>
</bind>
</comp>

<comp id="197" class="1004" name="add_ln16_fu_197">
<pin_list>
<pin id="198" dir="0" index="0" bw="21" slack="0"/>
<pin id="199" dir="0" index="1" bw="1" slack="0"/>
<pin id="200" dir="1" index="2" bw="21" slack="0"/>
</pin_list>
<bind>
<opcode="add(8) " fcode="add"/>
<opset="add_ln16/3 "/>
</bind>
</comp>

<comp id="203" class="1004" name="store_ln15_store_fu_203">
<pin_list>
<pin id="204" dir="0" index="0" bw="31" slack="0"/>
<pin id="205" dir="0" index="1" bw="31" slack="2"/>
<pin id="206" dir="1" index="2" bw="0" slack="2147483647"/>
</pin_list>
<bind>
<opcode="store(28) " fcode="store"/>
<opset="store_ln15/3 "/>
</bind>
</comp>

<comp id="208" class="1004" name="store_ln16_store_fu_208">
<pin_list>
<pin id="209" dir="0" index="0" bw="21" slack="0"/>
<pin id="210" dir="0" index="1" bw="21" slack="2"/>
<pin id="211" dir="1" index="2" bw="0" slack="2147483647"/>
</pin_list>
<bind>
<opcode="store(28) " fcode="store"/>
<opset="store_ln16/3 "/>
</bind>
</comp>

<comp id="213" class="1005" name="x_reg_213">
<pin_list>
<pin id="214" dir="0" index="0" bw="21" slack="0"/>
<pin id="215" dir="1" index="1" bw="21" slack="0"/>
</pin_list>
<bind>
<opset="x "/>
</bind>
</comp>

<comp id="220" class="1005" name="y_reg_220">
<pin_list>
<pin id="221" dir="0" index="0" bw="31" slack="0"/>
<pin id="222" dir="1" index="1" bw="31" slack="0"/>
</pin_list>
<bind>
<opset="y "/>
</bind>
</comp>

<comp id="227" class="1005" name="indvar_flatten_reg_227">
<pin_list>
<pin id="228" dir="0" index="0" bw="62" slack="0"/>
<pin id="229" dir="1" index="1" bw="62" slack="0"/>
</pin_list>
<bind>
<opset="indvar_flatten "/>
</bind>
</comp>

<comp id="234" class="1005" name="mul_ln10_read_reg_234">
<pin_list>
<pin id="235" dir="0" index="0" bw="62" slack="1"/>
<pin id="236" dir="1" index="1" bw="62" slack="1"/>
</pin_list>
<bind>
<opset="mul_ln10_read "/>
</bind>
</comp>

<comp id="239" class="1005" name="width_read_reg_239">
<pin_list>
<pin id="240" dir="0" index="0" bw="32" slack="2"/>
<pin id="241" dir="1" index="1" bw="32" slack="2"/>
</pin_list>
<bind>
<opset="width_read "/>
</bind>
</comp>

<comp id="244" class="1005" name="icmp_ln15_reg_244">
<pin_list>
<pin id="245" dir="0" index="0" bw="1" slack="1"/>
<pin id="246" dir="1" index="1" bw="1" slack="2147483647"/>
</pin_list>
<bind>
<opset="icmp_ln15 "/>
</bind>
</comp>

<comp id="248" class="1005" name="zext_ln17_reg_248">
<pin_list>
<pin id="249" dir="0" index="0" bw="64" slack="1"/>
<pin id="250" dir="1" index="1" bw="64" slack="1"/>
</pin_list>
<bind>
<opset="zext_ln17 "/>
</bind>
</comp>

<comp id="253" class="1005" name="input_r_addr_reg_253">
<pin_list>
<pin id="254" dir="0" index="0" bw="20" slack="1"/>
<pin id="255" dir="1" index="1" bw="20" slack="1"/>
</pin_list>
<bind>
<opset="input_r_addr "/>
</bind>
</comp>

</comp_list>

<net_list>
<net id="51"><net_src comp="8" pin="0"/><net_sink comp="48" pin=0"/></net>

<net id="55"><net_src comp="8" pin="0"/><net_sink comp="52" pin=0"/></net>

<net id="59"><net_src comp="8" pin="0"/><net_sink comp="56" pin=0"/></net>

<net id="64"><net_src comp="20" pin="0"/><net_sink comp="60" pin=0"/></net>

<net id="65"><net_src comp="2" pin="0"/><net_sink comp="60" pin=1"/></net>

<net id="70"><net_src comp="22" pin="0"/><net_sink comp="66" pin=0"/></net>

<net id="71"><net_src comp="0" pin="0"/><net_sink comp="66" pin=1"/></net>

<net id="77"><net_src comp="4" pin="0"/><net_sink comp="72" pin=0"/></net>

<net id="78"><net_src comp="38" pin="0"/><net_sink comp="72" pin=1"/></net>

<net id="84"><net_src comp="72" pin="3"/><net_sink comp="79" pin=0"/></net>

<net id="90"><net_src comp="6" pin="0"/><net_sink comp="85" pin=0"/></net>

<net id="91"><net_src comp="38" pin="0"/><net_sink comp="85" pin=1"/></net>

<net id="97"><net_src comp="79" pin="3"/><net_sink comp="92" pin=1"/></net>

<net id="98"><net_src comp="85" pin="3"/><net_sink comp="92" pin=0"/></net>

<net id="103"><net_src comp="24" pin="0"/><net_sink comp="99" pin=0"/></net>

<net id="108"><net_src comp="26" pin="0"/><net_sink comp="104" pin=0"/></net>

<net id="113"><net_src comp="28" pin="0"/><net_sink comp="109" pin=0"/></net>

<net id="121"><net_src comp="114" pin="1"/><net_sink comp="117" pin=0"/></net>

<net id="126"><net_src comp="114" pin="1"/><net_sink comp="122" pin=0"/></net>

<net id="127"><net_src comp="30" pin="0"/><net_sink comp="122" pin=1"/></net>

<net id="132"><net_src comp="122" pin="2"/><net_sink comp="128" pin=0"/></net>

<net id="139"><net_src comp="133" pin="1"/><net_sink comp="136" pin=0"/></net>

<net id="144"><net_src comp="136" pin="1"/><net_sink comp="140" pin=0"/></net>

<net id="152"><net_src comp="145" pin="1"/><net_sink comp="148" pin=0"/></net>

<net id="153"><net_src comp="32" pin="0"/><net_sink comp="148" pin=1"/></net>

<net id="159"><net_src comp="140" pin="2"/><net_sink comp="154" pin=0"/></net>

<net id="160"><net_src comp="133" pin="1"/><net_sink comp="154" pin=1"/></net>

<net id="161"><net_src comp="28" pin="0"/><net_sink comp="154" pin=2"/></net>

<net id="167"><net_src comp="140" pin="2"/><net_sink comp="162" pin=0"/></net>

<net id="168"><net_src comp="145" pin="1"/><net_sink comp="162" pin=1"/></net>

<net id="169"><net_src comp="148" pin="2"/><net_sink comp="162" pin=2"/></net>

<net id="173"><net_src comp="162" pin="3"/><net_sink comp="170" pin=0"/></net>

<net id="179"><net_src comp="34" pin="0"/><net_sink comp="174" pin=0"/></net>

<net id="180"><net_src comp="170" pin="1"/><net_sink comp="174" pin=1"/></net>

<net id="181"><net_src comp="36" pin="0"/><net_sink comp="174" pin=2"/></net>

<net id="185"><net_src comp="154" pin="3"/><net_sink comp="182" pin=0"/></net>

<net id="190"><net_src comp="174" pin="3"/><net_sink comp="186" pin=0"/></net>

<net id="191"><net_src comp="182" pin="1"/><net_sink comp="186" pin=1"/></net>

<net id="195"><net_src comp="186" pin="2"/><net_sink comp="192" pin=0"/></net>

<net id="196"><net_src comp="192" pin="1"/><net_sink comp="72" pin=2"/></net>

<net id="201"><net_src comp="154" pin="3"/><net_sink comp="197" pin=0"/></net>

<net id="202"><net_src comp="40" pin="0"/><net_sink comp="197" pin=1"/></net>

<net id="207"><net_src comp="162" pin="3"/><net_sink comp="203" pin=0"/></net>

<net id="212"><net_src comp="197" pin="2"/><net_sink comp="208" pin=0"/></net>

<net id="216"><net_src comp="48" pin="1"/><net_sink comp="213" pin=0"/></net>

<net id="217"><net_src comp="213" pin="1"/><net_sink comp="109" pin=1"/></net>

<net id="218"><net_src comp="213" pin="1"/><net_sink comp="133" pin=0"/></net>

<net id="219"><net_src comp="213" pin="1"/><net_sink comp="208" pin=1"/></net>

<net id="223"><net_src comp="52" pin="1"/><net_sink comp="220" pin=0"/></net>

<net id="224"><net_src comp="220" pin="1"/><net_sink comp="104" pin=1"/></net>

<net id="225"><net_src comp="220" pin="1"/><net_sink comp="145" pin=0"/></net>

<net id="226"><net_src comp="220" pin="1"/><net_sink comp="203" pin=1"/></net>

<net id="230"><net_src comp="56" pin="1"/><net_sink comp="227" pin=0"/></net>

<net id="231"><net_src comp="227" pin="1"/><net_sink comp="99" pin=1"/></net>

<net id="232"><net_src comp="227" pin="1"/><net_sink comp="114" pin=0"/></net>

<net id="233"><net_src comp="227" pin="1"/><net_sink comp="128" pin=1"/></net>

<net id="237"><net_src comp="60" pin="2"/><net_sink comp="234" pin=0"/></net>

<net id="238"><net_src comp="234" pin="1"/><net_sink comp="117" pin=1"/></net>

<net id="242"><net_src comp="66" pin="2"/><net_sink comp="239" pin=0"/></net>

<net id="243"><net_src comp="239" pin="1"/><net_sink comp="140" pin=1"/></net>

<net id="247"><net_src comp="117" pin="2"/><net_sink comp="244" pin=0"/></net>

<net id="251"><net_src comp="192" pin="1"/><net_sink comp="248" pin=0"/></net>

<net id="252"><net_src comp="248" pin="1"/><net_sink comp="85" pin=2"/></net>

<net id="256"><net_src comp="72" pin="3"/><net_sink comp="253" pin=0"/></net>

<net id="257"><net_src comp="253" pin="1"/><net_sink comp="79" pin=0"/></net>

</net_list>

</model> 
---------------- Datapath Model END ------------------

* FSMD analyzer results:
  - Output states:
	Port: output_r | {4 }
 - Input state : 
	Port: linebuffer_box3_base<unsigned short>_Pipeline_VITIS_LOOP_15_1_VITIS_LOOP_16_2 : width | {1 }
	Port: linebuffer_box3_base<unsigned short>_Pipeline_VITIS_LOOP_15_1_VITIS_LOOP_16_2 : mul_ln10 | {1 }
	Port: linebuffer_box3_base<unsigned short>_Pipeline_VITIS_LOOP_15_1_VITIS_LOOP_16_2 : input_r | {3 4 }
  - Chain level:
	State 1
		store_ln0 : 1
		store_ln15 : 1
		store_ln16 : 1
	State 2
		icmp_ln15 : 1
		add_ln15_1 : 1
		br_ln15 : 2
		store_ln15 : 2
	State 3
		zext_ln16 : 1
		icmp_ln16 : 2
		add_ln15 : 1
		select_ln15 : 3
		select_ln15_1 : 3
		trunc_ln17 : 4
		tmp : 5
		trunc_ln17_1 : 4
		add_ln17 : 6
		zext_ln17 : 7
		input_r_addr : 8
		input_r_load : 9
		add_ln16 : 4
		store_ln15 : 4
		store_ln16 : 5
	State 4
		store_ln17 : 1


============================================================
+ Verbose Summary: Datapath Resource usage 
============================================================

* Functional unit list:
|----------|--------------------------|---------|---------|
| Operation|      Functional Unit     |    FF   |   LUT   |
|----------|--------------------------|---------|---------|
|          |     add_ln15_1_fu_122    |    0    |    69   |
|    add   |      add_ln15_fu_148     |    0    |    38   |
|          |      add_ln17_fu_186     |    0    |    27   |
|          |      add_ln16_fu_197     |    0    |    28   |
|----------|--------------------------|---------|---------|
|   icmp   |     icmp_ln15_fu_117     |    0    |    69   |
|          |     icmp_ln16_fu_140     |    0    |    39   |
|----------|--------------------------|---------|---------|
|  select  |    select_ln15_fu_154    |    0    |    21   |
|          |   select_ln15_1_fu_162   |    0    |    31   |
|----------|--------------------------|---------|---------|
|   read   | mul_ln10_read_read_fu_60 |    0    |    0    |
|          |   width_read_read_fu_66  |    0    |    0    |
|----------|--------------------------|---------|---------|
|   zext   |     zext_ln16_fu_136     |    0    |    0    |
|          |     zext_ln17_fu_192     |    0    |    0    |
|----------|--------------------------|---------|---------|
|   trunc  |     trunc_ln17_fu_170    |    0    |    0    |
|          |    trunc_ln17_1_fu_182   |    0    |    0    |
|----------|--------------------------|---------|---------|
|bitconcatenate|        tmp_fu_174        |    0    |    0    |
|----------|--------------------------|---------|---------|
|   Total  |                          |    0    |   322   |
|----------|--------------------------|---------|---------|

Memories:
N/A

* Register list:
+----------------------+--------+
|                      |   FF   |
+----------------------+--------+
|   icmp_ln15_reg_244  |    1   |
|indvar_flatten_reg_227|   62   |
| input_r_addr_reg_253 |   20   |
| mul_ln10_read_reg_234|   62   |
|  width_read_reg_239  |   32   |
|       x_reg_213      |   21   |
|       y_reg_220      |   31   |
|   zext_ln17_reg_248  |   64   |
+----------------------+--------+
|         Total        |   293  |
+----------------------+--------+

* Multiplexer (MUX) list: 
|------------------|------|------|------|--------||---------||---------||---------|
|       Comp       |  Pin | Size |  BW  | S x BW ||  Delay  ||    FF   ||   LUT   |
|------------------|------|------|------|--------||---------||---------||---------|
| grp_access_fu_79 |  p0  |   2  |  20  |   40   ||    0    ||    9    |
|------------------|------|------|------|--------||---------||---------||---------|
|       Total      |      |      |      |   40   ||  1.588  ||    0    ||    9    |
|------------------|------|------|------|--------||---------||---------||---------|



* Summary:
+-----------+--------+--------+--------+
|           |  Delay |   FF   |   LUT  |
+-----------+--------+--------+--------+
|  Function |    -   |    0   |   322  |
|   Memory  |    -   |    -   |    -   |
|Multiplexer|    1   |    0   |    9   |
|  Register |    -   |   293  |    -   |
+-----------+--------+--------+--------+
|   Total   |    1   |   293  |   331  |
+-----------+--------+--------+--------+
