

================================================================
== Vitis HLS Report for 'linebuffer_box3_base_unsigned_short_s'
================================================================
* Date:           Fri Apr 24 19:30:10 2026

* Version:        2025.2 (Build 6295257 on Nov 14 2025)
* Project:        blur_opt_bitwidth_proj
* Solution:       solution1 (Vivado IP Flow Target)
* Product family: zynq
* Target device:  xc7z020-clg400-1


================================================================
== Performance Estimates
================================================================
+ Timing: 
    * Summary: 
    +--------+----------+----------+------------+
    |  Clock |  Target  | Estimated| Uncertainty|
    +--------+----------+----------+------------+
    |ap_clk  |  10.00 ns|  7.070 ns|     2.70 ns|
    +--------+----------+----------+------------+

+ Latency: 
    * Summary: 
    +---------+---------+----------+----------+-----+-----+---------+
    |  Latency (cycles) |  Latency (absolute) |  Interval | Pipeline|
    |   min   |   max   |    min   |    max   | min | max |   Type  |
    +---------+---------+----------+----------+-----+-----+---------+
    |        ?|        ?|         ?|         ?|    ?|    ?|       no|
    +---------+---------+----------+----------+-----+-----+---------+

    + Detail: 
        * Instance: 
        +-----------------------------------------------------------------------------------------+------------------------------------------------------------------------------+---------+---------+-----------+-----------+-----+-----+-------------------+
        |                                                                                         |                                                                              |  Latency (cycles) |   Latency (absolute)  |  Interval |      Pipeline     |
        |                                         Instance                                        |                                    Module                                    |   min   |   max   |    min    |    max    | min | max |        Type       |
        +-----------------------------------------------------------------------------------------+------------------------------------------------------------------------------+---------+---------+-----------+-----------+-----+-----+-------------------+
        |grp_linebuffer_box3_base_unsigned_short_Pipeline_1_fu_78                                 |linebuffer_box3_base_unsigned_short_Pipeline_1                                |     2050|     2050|  20.500 us|  20.500 us|    0|    0|  loop pipeline stp|
        |grp_linebuffer_box3_base_unsigned_short_Pipeline_2_fu_84                                 |linebuffer_box3_base_unsigned_short_Pipeline_2                                |       11|       11|   0.110 us|   0.110 us|    0|    0|  loop pipeline stp|
        |grp_linebuffer_box3_base_unsigned_short_Pipeline_VITIS_LOOP_15_1_VITIS_LOOP_16_2_fu_94   |linebuffer_box3_base_unsigned_short_Pipeline_VITIS_LOOP_15_1_VITIS_LOOP_16_2  |        ?|        ?|          ?|          ?|    0|    0|  loop pipeline stp|
        |grp_linebuffer_box3_base_unsigned_short_Pipeline_VITIS_LOOP_37_1_VITIS_LOOP_38_2_fu_104  |linebuffer_box3_base_unsigned_short_Pipeline_VITIS_LOOP_37_1_VITIS_LOOP_38_2  |       17|        ?|   0.170 us|          ?|    0|    0|  loop pipeline stp|
        +-----------------------------------------------------------------------------------------+------------------------------------------------------------------------------+---------+---------+-----------+-----------+-----+-----+-------------------+

        * Loop: 
        N/A



================================================================
== Utilization Estimates
================================================================
* Summary: 
+-----------------+---------+-----+--------+-------+-----+
|       Name      | BRAM_18K| DSP |   FF   |  LUT  | URAM|
+-----------------+---------+-----+--------+-------+-----+
|DSP              |        -|    -|       -|      -|    -|
|Expression       |        -|    -|       0|    224|    -|
|FIFO             |        -|    -|       -|      -|    -|
|Instance         |        -|    5|    1072|   1580|    -|
|Memory           |        2|    -|       0|      0|    0|
|Multiplexer      |        -|    -|       0|    290|    -|
|Register         |        -|    -|     200|      -|    -|
+-----------------+---------+-----+--------+-------+-----+
|Total            |        2|    5|    1272|   2094|    0|
+-----------------+---------+-----+--------+-------+-----+
|Available        |      280|  220|  106400|  53200|    0|
+-----------------+---------+-----+--------+-------+-----+
|Utilization (%)  |       ~0|    2|       1|      3|    0|
+-----------------+---------+-----+--------+-------+-----+

+ Detail: 
    * Instance: 
    +-----------------------------------------------------------------------------------------+------------------------------------------------------------------------------+---------+----+-----+-----+-----+
    |                                         Instance                                        |                                    Module                                    | BRAM_18K| DSP|  FF | LUT | URAM|
    +-----------------------------------------------------------------------------------------+------------------------------------------------------------------------------+---------+----+-----+-----+-----+
    |grp_linebuffer_box3_base_unsigned_short_Pipeline_1_fu_78                                 |linebuffer_box3_base_unsigned_short_Pipeline_1                                |        0|   0|   14|   63|    0|
    |grp_linebuffer_box3_base_unsigned_short_Pipeline_2_fu_84                                 |linebuffer_box3_base_unsigned_short_Pipeline_2                                |        0|   0|   18|  134|    0|
    |grp_linebuffer_box3_base_unsigned_short_Pipeline_VITIS_LOOP_15_1_VITIS_LOOP_16_2_fu_94   |linebuffer_box3_base_unsigned_short_Pipeline_VITIS_LOOP_15_1_VITIS_LOOP_16_2  |        0|   0|  141|  378|    0|
    |grp_linebuffer_box3_base_unsigned_short_Pipeline_VITIS_LOOP_37_1_VITIS_LOOP_38_2_fu_104  |linebuffer_box3_base_unsigned_short_Pipeline_VITIS_LOOP_37_1_VITIS_LOOP_38_2  |        0|   1|  758|  957|    0|
    |mul_31ns_31ns_62_2_1_U27                                                                 |mul_31ns_31ns_62_2_1                                                          |        0|   4|  141|   48|    0|
    +-----------------------------------------------------------------------------------------+------------------------------------------------------------------------------+---------+----+-----+-----+-----+
    |Total                                                                                    |                                                                              |        0|   5| 1072| 1580|    0|
    +-----------------------------------------------------------------------------------------+------------------------------------------------------------------------------+---------+----+-----+-----+-----+

    * DSP: 
    N/A

    * Memory: 
    +-------------+-------------------------------------------------------------+---------+---+----+-----+------+-----+------+-------------+
    |    Memory   |                            Module                           | BRAM_18K| FF| LUT| URAM| Words| Bits| Banks| W*Bits*Banks|
    +-------------+-------------------------------------------------------------+---------+---+----+-----+------+-----+------+-------------+
    |linebuf_U    |linebuffer_box3_base_unsigned_short_s_linebuf_RAM_AUTO_1R1W  |        1|  0|   0|    0|  1024|    8|     1|         8192|
    |linebuf_1_U  |linebuffer_box3_base_unsigned_short_s_linebuf_RAM_AUTO_1R1W  |        1|  0|   0|    0|  1024|    8|     1|         8192|
    +-------------+-------------------------------------------------------------+---------+---+----+-----+------+-----+------+-------------+
    |Total        |                                                             |        2|  0|   0|    0|  2048|   16|     2|        16384|
    +-------------+-------------------------------------------------------------+---------+---+----+-----+------+-----+------+-------------+

    * FIFO: 
    N/A

    * Expression: 
    +---------------------------------+----------+----+---+----+------------+------------+
    |          Variable Name          | Operation| DSP| FF| LUT| Bitwidth P0| Bitwidth P1|
    +---------------------------------+----------+----+---+----+------------+------------+
    |ap_block_state8_on_subcall_done  |       and|   0|  0|   2|           1|           1|
    |empty_26_fu_141_p2               |      icmp|   0|  0|  39|          32|           1|
    |empty_27_fu_155_p2               |      icmp|   0|  0|  39|          32|           1|
    |icmp_ln33_1_fu_169_p2            |      icmp|   0|  0|  39|          32|           2|
    |icmp_ln33_fu_183_p2              |      icmp|   0|  0|  39|          32|           2|
    |ap_block_state4_on_subcall_done  |        or|   0|  0|   2|           1|           1|
    |or_ln33_fu_188_p2                |        or|   0|  0|   2|           1|           1|
    |smax1_fu_161_p3                  |    select|   0|  0|  31|           1|          31|
    |smax_fu_147_p3                   |    select|   0|  0|  31|           1|          31|
    +---------------------------------+----------+----+---+----+------------+------------+
    |Total                            |          |   0|  0| 224|         133|          71|
    +---------------------------------+----------+----+---+----+------------+------------+

    * Multiplexer: 
    +--------------------+----+-----------+-----+-----------+
    |        Name        | LUT| Input Size| Bits| Total Bits|
    +--------------------+----+-----------+-----+-----------+
    |ap_NS_fsm           |  48|          9|    1|          9|
    |grp_fu_122_p0       |  14|          3|   31|         93|
    |grp_fu_122_p1       |  14|          3|   31|         93|
    |input_r_address0    |  14|          3|   20|         60|
    |input_r_ce0         |  14|          3|    1|          3|
    |linebuf_1_address0  |  14|          3|   10|         30|
    |linebuf_1_ce0       |  14|          3|    1|          3|
    |linebuf_1_ce1       |   9|          2|    1|          2|
    |linebuf_1_d0        |  14|          3|    8|         24|
    |linebuf_1_we0       |  14|          3|    1|          3|
    |linebuf_address0    |  14|          3|   10|         30|
    |linebuf_ce0         |  14|          3|    1|          3|
    |linebuf_ce1         |   9|          2|    1|          2|
    |linebuf_d0          |  14|          3|    8|         24|
    |linebuf_we0         |  14|          3|    1|          3|
    |output_r_address0   |  14|          3|   20|         60|
    |output_r_ce0        |  14|          3|    1|          3|
    |output_r_d0         |  14|          3|    8|         24|
    |output_r_we0        |  14|          3|    1|          3|
    +--------------------+----+-----------+-----+-----------+
    |Total               | 290|         61|  156|        472|
    +--------------------+----+-----------+-----+-----------+

    * Register: 
    +------------------------------------------------------------------------------------------------------+----+----+-----+-----------+
    |                                                 Name                                                 | FF | LUT| Bits| Const Bits|
    +------------------------------------------------------------------------------------------------------+----+----+-----+-----------+
    |ap_CS_fsm                                                                                             |   8|   0|    8|          0|
    |empty_25_reg_231                                                                                      |  31|   0|   31|          0|
    |empty_reg_225                                                                                         |  31|   0|   31|          0|
    |grp_linebuffer_box3_base_unsigned_short_Pipeline_1_fu_78_ap_start_reg                                 |   1|   0|    1|          0|
    |grp_linebuffer_box3_base_unsigned_short_Pipeline_2_fu_84_ap_start_reg                                 |   1|   0|    1|          0|
    |grp_linebuffer_box3_base_unsigned_short_Pipeline_VITIS_LOOP_15_1_VITIS_LOOP_16_2_fu_94_ap_start_reg   |   1|   0|    1|          0|
    |grp_linebuffer_box3_base_unsigned_short_Pipeline_VITIS_LOOP_37_1_VITIS_LOOP_38_2_fu_104_ap_start_reg  |   1|   0|    1|          0|
    |icmp_ln33_1_reg_282                                                                                   |   1|   0|    1|          0|
    |or_ln33_reg_297                                                                                       |   1|   0|    1|          0|
    |reg_127                                                                                               |  62|   0|   62|          0|
    |smax1_reg_277                                                                                         |  31|   0|   31|          0|
    |smax_reg_272                                                                                          |  31|   0|   31|          0|
    +------------------------------------------------------------------------------------------------------+----+----+-----+-----------+
    |Total                                                                                                 | 200|   0|  200|          0|
    +------------------------------------------------------------------------------------------------------+----+----+-----+-----------+



================================================================
== Interface
================================================================
* Summary: 
+-------------------+-----+-----+------------+--------------------------------------+--------------+
|     RTL Ports     | Dir | Bits|  Protocol  |             Source Object            |    C Type    |
+-------------------+-----+-----+------------+--------------------------------------+--------------+
|ap_clk             |   in|    1|  ap_ctrl_hs|  linebuffer_box3_base<unsigned short>|  return value|
|ap_rst             |   in|    1|  ap_ctrl_hs|  linebuffer_box3_base<unsigned short>|  return value|
|ap_start           |   in|    1|  ap_ctrl_hs|  linebuffer_box3_base<unsigned short>|  return value|
|ap_done            |  out|    1|  ap_ctrl_hs|  linebuffer_box3_base<unsigned short>|  return value|
|ap_idle            |  out|    1|  ap_ctrl_hs|  linebuffer_box3_base<unsigned short>|  return value|
|ap_ready           |  out|    1|  ap_ctrl_hs|  linebuffer_box3_base<unsigned short>|  return value|
|input_r_address0   |  out|   20|   ap_memory|                               input_r|         array|
|input_r_ce0        |  out|    1|   ap_memory|                               input_r|         array|
|input_r_q0         |   in|    8|   ap_memory|                               input_r|         array|
|output_r_address0  |  out|   20|   ap_memory|                              output_r|         array|
|output_r_ce0       |  out|    1|   ap_memory|                              output_r|         array|
|output_r_we0       |  out|    1|   ap_memory|                              output_r|         array|
|output_r_d0        |  out|    8|   ap_memory|                              output_r|         array|
|width              |   in|   32|     ap_none|                                 width|        scalar|
|height             |   in|   32|     ap_none|                                height|        scalar|
+-------------------+-----+-----+------------+--------------------------------------+--------------+

