

================================================================
== Vitis HLS Report for 'linebuffer_box3_base_unsigned_short_Pipeline_VITIS_LOOP_37_1_VITIS_LOOP_38_2'
================================================================
* Date:           Fri Apr 24 19:30:10 2026

* Version:        2025.2 (Build 6295257 on Nov 14 2025)
* Project:        blur_opt_bitwidth_proj
* Solution:       solution1 (Vivado IP Flow Target)
* Product family: zynq
* Target device:  xc7z020-clg400-1


================================================================
== Performance Estimates
================================================================
+ Timing: 
    * Summary: 
    +--------+----------+----------+------------+
    |  Clock |  Target  | Estimated| Uncertainty|
    +--------+----------+----------+------------+
    |ap_clk  |  10.00 ns|  7.038 ns|     2.70 ns|
    +--------+----------+----------+------------+

+ Latency: 
    * Summary: 
    +---------+---------+----------+----------+-----+-----+-------------------+
    |  Latency (cycles) |  Latency (absolute) |  Interval |      Pipeline     |
    |   min   |   max   |    min   |    max   | min | max |        Type       |
    +---------+---------+----------+----------+-----+-----+-------------------+
    |       17|        ?|  0.170 us|         ?|    0|    0|  loop pipeline stp|
    +---------+---------+----------+----------+-----+-----+-------------------+

    + Detail: 
        * Instance: 
        N/A

        * Loop: 
        +-----------------------------------+---------+---------+----------+-----------+-----------+-------+----------+
        |                                   |  Latency (cycles) | Iteration|  Initiation Interval  |  Trip |          |
        |             Loop Name             |   min   |   max   |  Latency |  achieved |   target  | Count | Pipelined|
        +-----------------------------------+---------+---------+----------+-----------+-----------+-------+----------+
        |- VITIS_LOOP_37_1_VITIS_LOOP_38_2  |       15|        ?|         8|          1|          1|  9 ~ ?|       yes|
        +-----------------------------------+---------+---------+----------+-----------+-----------+-------+----------+



================================================================
== Utilization Estimates
================================================================
* Summary: 
+-----------------+---------+-----+--------+-------+-----+
|       Name      | BRAM_18K| DSP |   FF   |  LUT  | URAM|
+-----------------+---------+-----+--------+-------+-----+
|DSP              |        -|    1|       -|      -|    -|
|Expression       |        -|    -|       0|    653|    -|
|FIFO             |        -|    -|       -|      -|    -|
|Instance         |        -|    -|       -|      -|    -|
|Memory           |        -|    -|       -|      -|    -|
|Multiplexer      |        -|    -|       0|    144|    -|
|Register         |        -|    -|     758|    160|    -|
+-----------------+---------+-----+--------+-------+-----+
|Total            |        0|    1|     758|    957|    0|
+-----------------+---------+-----+--------+-------+-----+
|Available        |      280|  220|  106400|  53200|    0|
+-----------------+---------+-----+--------+-------+-----+
|Utilization (%)  |        0|   ~0|      ~0|      1|    0|
+-----------------+---------+-----+--------+-------+-----+

+ Detail: 
    * Instance: 
    N/A

    * DSP: 
    +-------------------------------------+---------------------------------+----------------+
    |               Instance              |              Module             |   Expression   |
    +-------------------------------------+---------------------------------+----------------+
    |am_addmul_11ns_10ns_13ns_25_4_1_U13  |am_addmul_11ns_10ns_13ns_25_4_1  |  (i0 + i1) * i2|
    +-------------------------------------+---------------------------------+----------------+

    * Memory: 
    N/A

    * FIFO: 
    N/A

    * Expression: 
    +-----------------------+----------+----+---+----+------------+------------+
    |     Variable Name     | Operation| DSP| FF| LUT| Bitwidth P0| Bitwidth P1|
    +-----------------------+----------+----+---+----+------------+------------+
    |add_ln37_1_fu_329_p2   |         +|   0|  0|  69|          62|           1|
    |add_ln37_fu_355_p2     |         +|   0|  0|  38|          31|           1|
    |add_ln38_fu_476_p2     |         +|   0|  0|  12|          11|           1|
    |add_ln47_fu_415_p2     |         +|   0|  0|  27|          20|          20|
    |add_ln56_1_fu_603_p2   |         +|   0|  0|  14|           9|           9|
    |add_ln56_2_fu_613_p2   |         +|   0|  0|  13|          10|          10|
    |add_ln56_3_fu_623_p2   |         +|   0|  0|  14|           9|           9|
    |add_ln56_4_fu_529_p2   |         +|   0|  0|  14|           9|           9|
    |add_ln56_5_fu_636_p2   |         +|   0|  0|  13|          10|          10|
    |add_ln56_6_fu_646_p2   |         +|   0|  0|  12|          11|          11|
    |add_ln56_fu_593_p2     |         +|   0|  0|  14|           9|           9|
    |add_ln60_1_fu_656_p2   |         +|   0|  0|  12|          11|           2|
    |add_ln60_2_fu_665_p2   |         +|   0|  0|  27|          20|          20|
    |add_ln60_fu_544_p2     |         +|   0|  0|  13|          10|           2|
    |and_ln52_fu_470_p2     |       and|   0|  0|   2|           1|           1|
    |addr_cmp23_fu_429_p2   |      icmp|   0|  0|  71|          64|          64|
    |addr_cmp_fu_438_p2     |      icmp|   0|  0|  71|          64|          64|
    |icmp_ln37_fu_324_p2    |      icmp|   0|  0|  69|          62|          62|
    |icmp_ln38_fu_347_p2    |      icmp|   0|  0|  38|          31|          31|
    |icmp_ln52_1_fu_464_p2  |      icmp|   0|  0|  13|          10|           1|
    |icmp_ln52_fu_399_p2    |      icmp|   0|  0|  37|          30|           1|
    |select_ln30_fu_361_p3  |    select|   0|  0|  11|           1|           1|
    |select_ln37_fu_369_p3  |    select|   0|  0|  31|           1|          31|
    |window_10_fu_505_p3    |    select|   0|  0|   8|           1|           8|
    |window_9_fu_495_p3     |    select|   0|  0|   8|           1|           8|
    |ap_enable_pp0          |       xor|   0|  0|   2|           1|           2|
    +-----------------------+----------+----+---+----+------------+------------+
    |Total                  |          |   0|  0| 653|         499|         388|
    +-----------------------+----------+----+---+----+------------+------------+

    * Multiplexer: 
    +-------------------------+----+-----------+-----+-----------+
    |           Name          | LUT| Input Size| Bits| Total Bits|
    +-------------------------+----+-----------+-----+-----------+
    |ap_done_int              |   9|          2|    1|          2|
    |ap_enable_reg_pp0_iter1  |   9|          2|    1|          2|
    |ap_enable_reg_pp0_iter6  |   9|          2|    1|          2|
    |indvar_flatten7_fu_132   |   9|          2|   62|        124|
    |reuse_addr_reg20_fu_96   |   9|          2|   64|        128|
    |reuse_addr_reg_fu_104    |   9|          2|   64|        128|
    |reuse_reg19_fu_100       |   9|          2|    8|         16|
    |reuse_reg_fu_108         |   9|          2|    8|         16|
    |sum_fu_116               |   9|          2|    8|         16|
    |window_1_fu_124          |   9|          2|    8|         16|
    |window_2_fu_136          |   9|          2|    8|         16|
    |window_3_fu_140          |   9|          2|    8|         16|
    |window_4_fu_144          |   9|          2|    8|         16|
    |window_fu_120            |   9|          2|    8|         16|
    |x_fu_112                 |   9|          2|   11|         22|
    |y_fu_128                 |   9|          2|   31|         62|
    +-------------------------+----+-----------+-----+-----------+
    |Total                    | 144|         32|  299|        598|
    +-------------------------+----+-----------+-----+-----------+

    * Register: 
    +--------------------------------------+----+----+-----+-----------+
    |                 Name                 | FF | LUT| Bits| Const Bits|
    +--------------------------------------+----+----+-----+-----------+
    |add_ln56_4_reg_889                    |   9|   0|    9|          0|
    |add_ln60_2_reg_894                    |  20|   0|   20|          0|
    |addr_cmp23_reg_853                    |   1|   0|    1|          0|
    |addr_cmp23_reg_853_pp0_iter3_reg      |   1|   0|    1|          0|
    |addr_cmp_reg_858                      |   1|   0|    1|          0|
    |addr_cmp_reg_858_pp0_iter3_reg        |   1|   0|    1|          0|
    |and_ln52_reg_863                      |   1|   0|    1|          0|
    |ap_CS_fsm                             |   1|   0|    1|          0|
    |ap_done_reg                           |   1|   0|    1|          0|
    |ap_enable_reg_pp0_iter1               |   1|   0|    1|          0|
    |ap_enable_reg_pp0_iter2               |   1|   0|    1|          0|
    |ap_enable_reg_pp0_iter3               |   1|   0|    1|          0|
    |ap_enable_reg_pp0_iter4               |   1|   0|    1|          0|
    |ap_enable_reg_pp0_iter5               |   1|   0|    1|          0|
    |ap_enable_reg_pp0_iter6               |   1|   0|    1|          0|
    |ap_enable_reg_pp0_iter7               |   1|   0|    1|          0|
    |ap_enable_reg_pp0_iter8               |   1|   0|    1|          0|
    |ap_loop_exit_ready_pp0_iter2_reg      |   1|   0|    1|          0|
    |ap_loop_exit_ready_pp0_iter3_reg      |   1|   0|    1|          0|
    |ap_loop_exit_ready_pp0_iter4_reg      |   1|   0|    1|          0|
    |ap_loop_exit_ready_pp0_iter5_reg      |   1|   0|    1|          0|
    |ap_loop_exit_ready_pp0_iter6_reg      |   1|   0|    1|          0|
    |ap_loop_exit_ready_pp0_iter7_reg      |   1|   0|    1|          0|
    |icmp_ln37_reg_822                     |   1|   0|    1|          0|
    |indvar_flatten7_fu_132                |  62|   0|   62|          0|
    |linebuf_1_addr_reg_841                |  10|   0|   10|          0|
    |linebuf_1_addr_reg_841_pp0_iter3_reg  |  10|   0|   10|          0|
    |linebuf_addr_reg_847                  |  10|   0|   10|          0|
    |linebuf_load_reg_874                  |   8|   0|    8|          0|
    |reuse_addr_reg20_fu_96                |  64|   0|   64|          0|
    |reuse_addr_reg_fu_104                 |  64|   0|   64|          0|
    |reuse_reg19_fu_100                    |   8|   0|    8|          0|
    |reuse_reg_fu_108                      |   8|   0|    8|          0|
    |select_ln30_reg_826                   |  11|   0|   11|          0|
    |sum_fu_116                            |   8|   0|    8|          0|
    |trunc_ln47_reg_831                    |  10|   0|   10|          0|
    |window_10_reg_884                     |   8|   0|    8|          0|
    |window_1_fu_124                       |   8|   0|    8|          0|
    |window_2_fu_136                       |   8|   0|    8|          0|
    |window_3_fu_140                       |   8|   0|    8|          0|
    |window_4_fu_144                       |   8|   0|    8|          0|
    |window_8_reg_867                      |   8|   0|    8|          0|
    |window_8_reg_867_pp0_iter4_reg        |   8|   0|    8|          0|
    |window_9_reg_879                      |   8|   0|    8|          0|
    |window_fu_120                         |   8|   0|    8|          0|
    |x_fu_112                              |  11|   0|   11|          0|
    |y_fu_128                              |  31|   0|   31|          0|
    |add_ln60_2_reg_894                    |  64|  32|   20|          0|
    |and_ln52_reg_863                      |  64|  32|    1|          0|
    |icmp_ln37_reg_822                     |  64|  32|    1|          0|
    |select_ln30_reg_826                   |  64|  32|   11|          0|
    |trunc_ln47_reg_831                    |  64|  32|   10|          0|
    +--------------------------------------+----+----+-----+-----------+
    |Total                                 | 758| 160|  481|          0|
    +--------------------------------------+----+----+-----+-----------+



================================================================
== Interface
================================================================
* Summary: 
+--------------------+-----+-----+------------+-------------------------------------------------------------------------------+--------------+
|      RTL Ports     | Dir | Bits|  Protocol  |                                 Source Object                                 |    C Type    |
+--------------------+-----+-----+------------+-------------------------------------------------------------------------------+--------------+
|ap_clk              |   in|    1|  ap_ctrl_hs|  linebuffer_box3_base<unsigned short>_Pipeline_VITIS_LOOP_37_1_VITIS_LOOP_38_2|  return value|
|ap_rst              |   in|    1|  ap_ctrl_hs|  linebuffer_box3_base<unsigned short>_Pipeline_VITIS_LOOP_37_1_VITIS_LOOP_38_2|  return value|
|ap_start            |   in|    1|  ap_ctrl_hs|  linebuffer_box3_base<unsigned short>_Pipeline_VITIS_LOOP_37_1_VITIS_LOOP_38_2|  return value|
|ap_done             |  out|    1|  ap_ctrl_hs|  linebuffer_box3_base<unsigned short>_Pipeline_VITIS_LOOP_37_1_VITIS_LOOP_38_2|  return value|
|ap_idle             |  out|    1|  ap_ctrl_hs|  linebuffer_box3_base<unsigned short>_Pipeline_VITIS_LOOP_37_1_VITIS_LOOP_38_2|  return value|
|ap_ready            |  out|    1|  ap_ctrl_hs|  linebuffer_box3_base<unsigned short>_Pipeline_VITIS_LOOP_37_1_VITIS_LOOP_38_2|  return value|
|window_5_reload     |   in|    8|     ap_none|                                                                window_5_reload|        scalar|
|window_4_reload     |   in|    8|     ap_none|                                                                window_4_reload|        scalar|
|window_3_reload     |   in|    8|     ap_none|                                                                window_3_reload|        scalar|
|window_2_reload     |   in|    8|     ap_none|                                                                window_2_reload|        scalar|
|window_1_reload     |   in|    8|     ap_none|                                                                window_1_reload|        scalar|
|window_reload       |   in|    8|     ap_none|                                                                  window_reload|        scalar|
|empty               |   in|   31|     ap_none|                                                                          empty|        scalar|
|mul_ln37            |   in|   62|     ap_none|                                                                       mul_ln37|        scalar|
|input_r_address0    |  out|   20|   ap_memory|                                                                        input_r|         array|
|input_r_ce0         |  out|    1|   ap_memory|                                                                        input_r|         array|
|input_r_q0          |   in|    8|   ap_memory|                                                                        input_r|         array|
|linebuf_1_address0  |  out|   10|   ap_memory|                                                                      linebuf_1|         array|
|linebuf_1_ce0       |  out|    1|   ap_memory|                                                                      linebuf_1|         array|
|linebuf_1_we0       |  out|    1|   ap_memory|                                                                      linebuf_1|         array|
|linebuf_1_d0        |  out|    8|   ap_memory|                                                                      linebuf_1|         array|
|linebuf_1_address1  |  out|   10|   ap_memory|                                                                      linebuf_1|         array|
|linebuf_1_ce1       |  out|    1|   ap_memory|                                                                      linebuf_1|         array|
|linebuf_1_q1        |   in|    8|   ap_memory|                                                                      linebuf_1|         array|
|linebuf_address0    |  out|   10|   ap_memory|                                                                        linebuf|         array|
|linebuf_ce0         |  out|    1|   ap_memory|                                                                        linebuf|         array|
|linebuf_we0         |  out|    1|   ap_memory|                                                                        linebuf|         array|
|linebuf_d0          |  out|    8|   ap_memory|                                                                        linebuf|         array|
|linebuf_address1    |  out|   10|   ap_memory|                                                                        linebuf|         array|
|linebuf_ce1         |  out|    1|   ap_memory|                                                                        linebuf|         array|
|linebuf_q1          |   in|    8|   ap_memory|                                                                        linebuf|         array|
|output_r_address0   |  out|   20|   ap_memory|                                                                       output_r|         array|
|output_r_ce0        |  out|    1|   ap_memory|                                                                       output_r|         array|
|output_r_we0        |  out|    1|   ap_memory|                                                                       output_r|         array|
|output_r_d0         |  out|    8|   ap_memory|                                                                       output_r|         array|
+--------------------+-----+-----+------------+-------------------------------------------------------------------------------+--------------+

