

================================================================
== Vitis HLS Report for 'linebuffer_box3_pipeline_unroll'
================================================================
* Date:           Fri Apr 24 19:30:54 2026

* Version:        2025.2 (Build 6295257 on Nov 14 2025)
* Project:        blur_opt_pipeline_unroll_proj
* Solution:       solution1 (Vivado IP Flow Target)
* Product family: zynq
* Target device:  xc7z020-clg400-1


================================================================
== Performance Estimates
================================================================
+ Timing: 
    * Summary: 
    +--------+----------+----------+------------+
    |  Clock |  Target  | Estimated| Uncertainty|
    +--------+----------+----------+------------+
    |ap_clk  |  10.00 ns|  7.182 ns|     2.70 ns|
    +--------+----------+----------+------------+

+ Latency: 
    * Summary: 
    +---------+---------+----------+----------+-----+-----+---------+
    |  Latency (cycles) |  Latency (absolute) |  Interval | Pipeline|
    |   min   |   max   |    min   |    max   | min | max |   Type  |
    +---------+---------+----------+----------+-----+-----+---------+
    |        ?|        ?|         ?|         ?|    ?|    ?|       no|
    +---------+---------+----------+----------+-----+-----+---------+

    + Detail: 
        * Instance: 
        +---------------------------------------------------------------------------------------+----------------------------------------------------------------------------+---------+---------+-----------+-----------+-----+-----+-------------------+
        |                                                                                       |                                                                            |  Latency (cycles) |   Latency (absolute)  |  Interval |      Pipeline     |
        |                                        Instance                                       |                                   Module                                   |   min   |   max   |    min    |    max    | min | max |        Type       |
        +---------------------------------------------------------------------------------------+----------------------------------------------------------------------------+---------+---------+-----------+-----------+-----+-----+-------------------+
        |grp_linebuffer_box3_pipeline_unroll_Pipeline_1_fu_184                                  |linebuffer_box3_pipeline_unroll_Pipeline_1                                  |     2050|     2050|  20.500 us|  20.500 us|    0|    0|  loop pipeline stp|
        |grp_linebuffer_box3_pipeline_unroll_Pipeline_2_fu_190                                  |linebuffer_box3_pipeline_unroll_Pipeline_2                                  |       11|       11|   0.110 us|   0.110 us|    0|    0|  loop pipeline stp|
        |grp_linebuffer_box3_pipeline_unroll_Pipeline_VITIS_LOOP_15_1_VITIS_LOOP_16_2_fu_195    |linebuffer_box3_pipeline_unroll_Pipeline_VITIS_LOOP_15_1_VITIS_LOOP_16_2    |        ?|        ?|          ?|          ?|    0|    0|  loop pipeline stp|
        |grp_linebuffer_box3_pipeline_unroll_Pipeline_VITIS_LOOP_124_1_VITIS_LOOP_125_2_fu_205  |linebuffer_box3_pipeline_unroll_Pipeline_VITIS_LOOP_124_1_VITIS_LOOP_125_2  |       17|        ?|   0.170 us|          ?|    0|    0|  loop pipeline stp|
        +---------------------------------------------------------------------------------------+----------------------------------------------------------------------------+---------+---------+-----------+-----------+-----+-----+-------------------+

        * Loop: 
        N/A



================================================================
== Utilization Estimates
================================================================
* Summary: 
+-----------------+---------+-----+--------+-------+-----+
|       Name      | BRAM_18K| DSP |   FF   |  LUT  | URAM|
+-----------------+---------+-----+--------+-------+-----+
|DSP              |        -|    -|       -|      -|    -|
|Expression       |        -|    -|       0|    224|    -|
|FIFO             |        -|    -|       -|      -|    -|
|Instance         |        -|    5|    1343|   1627|    -|
|Memory           |        2|    -|      16|      2|    0|
|Multiplexer      |        -|    -|       0|    473|    -|
|Register         |        -|    -|     254|      -|    -|
+-----------------+---------+-----+--------+-------+-----+
|Total            |        2|    5|    1613|   2326|    0|
+-----------------+---------+-----+--------+-------+-----+
|Available        |      280|  220|  106400|  53200|    0|
+-----------------+---------+-----+--------+-------+-----+
|Utilization (%)  |       ~0|    2|       1|      4|    0|
+-----------------+---------+-----+--------+-------+-----+

+ Detail: 
    * Instance: 
    +---------------------------------------------------------------------------------------+----------------------------------------------------------------------------+---------+----+------+------+-----+
    |                                        Instance                                       |                                   Module                                   | BRAM_18K| DSP|  FF  |  LUT | URAM|
    +---------------------------------------------------------------------------------------+----------------------------------------------------------------------------+---------+----+------+------+-----+
    |grp_linebuffer_box3_pipeline_unroll_Pipeline_1_fu_184                                  |linebuffer_box3_pipeline_unroll_Pipeline_1                                  |        0|   0|    14|    63|    0|
    |grp_linebuffer_box3_pipeline_unroll_Pipeline_2_fu_190                                  |linebuffer_box3_pipeline_unroll_Pipeline_2                                  |        0|   0|     6|    53|    0|
    |grp_linebuffer_box3_pipeline_unroll_Pipeline_VITIS_LOOP_124_1_VITIS_LOOP_125_2_fu_205  |linebuffer_box3_pipeline_unroll_Pipeline_VITIS_LOOP_124_1_VITIS_LOOP_125_2  |        0|   1|  1041|  1085|    0|
    |grp_linebuffer_box3_pipeline_unroll_Pipeline_VITIS_LOOP_15_1_VITIS_LOOP_16_2_fu_195    |linebuffer_box3_pipeline_unroll_Pipeline_VITIS_LOOP_15_1_VITIS_LOOP_16_2    |        0|   0|   141|   378|    0|
    |mul_31ns_31ns_62_2_1_U31                                                               |mul_31ns_31ns_62_2_1                                                        |        0|   4|   141|    48|    0|
    +---------------------------------------------------------------------------------------+----------------------------------------------------------------------------+---------+----+------+------+-----+
    |Total                                                                                  |                                                                            |        0|   5|  1343|  1627|    0|
    +---------------------------------------------------------------------------------------+----------------------------------------------------------------------------+---------+----+------+------+-----+

    * DSP: 
    N/A

    * Memory: 
    +-------------+-------------------------------------------------------+---------+----+----+-----+------+-----+------+-------------+
    |    Memory   |                         Module                        | BRAM_18K| FF | LUT| URAM| Words| Bits| Banks| W*Bits*Banks|
    +-------------+-------------------------------------------------------+---------+----+----+-----+------+-----+------+-------------+
    |linebuf_U    |linebuffer_box3_pipeline_unroll_linebuf_RAM_AUTO_1R1W  |        1|   0|   0|    0|  1024|    8|     1|         8192|
    |linebuf_1_U  |linebuffer_box3_pipeline_unroll_linebuf_RAM_AUTO_1R1W  |        1|   0|   0|    0|  1024|    8|     1|         8192|
    |window_U     |linebuffer_box3_pipeline_unroll_window_RAM_AUTO_1R1W   |        0|  16|   2|    0|     9|    8|     1|           72|
    +-------------+-------------------------------------------------------+---------+----+----+-----+------+-----+------+-------------+
    |Total        |                                                       |        2|  16|   2|    0|  2057|   24|     3|        16456|
    +-------------+-------------------------------------------------------+---------+----+----+-----+------+-----+------+-------------+

    * FIFO: 
    N/A

    * Expression: 
    +---------------------------------+----------+----+---+----+------------+------------+
    |          Variable Name          | Operation| DSP| FF| LUT| Bitwidth P0| Bitwidth P1|
    +---------------------------------+----------+----+---+----+------------+------------+
    |empty_23_fu_253_p2               |      icmp|   0|  0|  39|          32|           1|
    |empty_24_fu_267_p2               |      icmp|   0|  0|  39|          32|           1|
    |icmp_ln120_1_fu_281_p2           |      icmp|   0|  0|  39|          32|           2|
    |icmp_ln120_fu_295_p2             |      icmp|   0|  0|  39|          32|           2|
    |ap_block_state4_on_subcall_done  |        or|   0|  0|   2|           1|           1|
    |or_ln120_fu_300_p2               |        or|   0|  0|   2|           1|           1|
    |window_we0                       |        or|   0|  0|   2|           1|           1|
    |smax1_fu_273_p3                  |    select|   0|  0|  31|           1|          31|
    |smax_fu_259_p3                   |    select|   0|  0|  31|           1|          31|
    +---------------------------------+----------+----+---+----+------------+------------+
    |Total                            |          |   0|  0| 224|         133|          71|
    +---------------------------------+----------+----+---+----+------------+------------+

    * Multiplexer: 
    +-----------------------+----+-----------+-----+-----------+
    |          Name         | LUT| Input Size| Bits| Total Bits|
    +-----------------------+----+-----------+-----+-----------+
    |ap_NS_fsm              |  65|         15|    1|         15|
    |grp_fu_234_p0          |  14|          3|   31|         93|
    |grp_fu_234_p1          |  14|          3|   31|         93|
    |input_r_address0       |  14|          3|   20|         60|
    |input_r_ce0            |  14|          3|    1|          3|
    |linebuf_1_address0     |  14|          3|   10|         30|
    |linebuf_1_ce0          |  14|          3|    1|          3|
    |linebuf_1_ce1          |   9|          2|    1|          2|
    |linebuf_1_d0           |  14|          3|    8|         24|
    |linebuf_1_we0          |  14|          3|    1|          3|
    |linebuf_address0       |  14|          3|   10|         30|
    |linebuf_ce0            |  14|          3|    1|          3|
    |linebuf_ce1            |   9|          2|    1|          2|
    |linebuf_d0             |  14|          3|    8|         24|
    |linebuf_we0            |  14|          3|    1|          3|
    |output_r_address0      |  14|          3|   20|         60|
    |output_r_ce0           |  14|          3|    1|          3|
    |output_r_d0            |  14|          3|    8|         24|
    |output_r_we0           |  14|          3|    1|          3|
    |window_address0        |   9|          2|    4|          8|
    |window_address0_local  |  37|          7|    4|         28|
    |window_address1_local  |  37|          7|    4|         28|
    |window_ce0             |   9|          2|    1|          2|
    |window_d0              |   9|          2|    8|         16|
    |window_d0_local        |  31|          6|    8|         48|
    |window_d1_local        |  25|          5|    8|         40|
    |window_we0             |   9|          2|    1|          2|
    +-----------------------+----+-----------+-----+-----------+
    |Total                  | 473|        100|  194|        650|
    +-----------------------+----+-----------+-----+-----------+

    * Register: 
    +----------------------------------------------------------------------------------------------------+----+----+-----+-----------+
    |                                                Name                                                | FF | LUT| Bits| Const Bits|
    +----------------------------------------------------------------------------------------------------+----+----+-----+-----------+
    |ap_CS_fsm                                                                                           |  14|   0|   14|          0|
    |empty_22_reg_361                                                                                    |  31|   0|   31|          0|
    |empty_reg_355                                                                                       |  31|   0|   31|          0|
    |grp_linebuffer_box3_pipeline_unroll_Pipeline_1_fu_184_ap_start_reg                                  |   1|   0|    1|          0|
    |grp_linebuffer_box3_pipeline_unroll_Pipeline_2_fu_190_ap_start_reg                                  |   1|   0|    1|          0|
    |grp_linebuffer_box3_pipeline_unroll_Pipeline_VITIS_LOOP_124_1_VITIS_LOOP_125_2_fu_205_ap_start_reg  |   1|   0|    1|          0|
    |grp_linebuffer_box3_pipeline_unroll_Pipeline_VITIS_LOOP_15_1_VITIS_LOOP_16_2_fu_195_ap_start_reg    |   1|   0|    1|          0|
    |icmp_ln120_1_reg_430                                                                                |   1|   0|    1|          0|
    |or_ln120_reg_445                                                                                    |   1|   0|    1|          0|
    |reg_239                                                                                             |  62|   0|   62|          0|
    |smax1_reg_425                                                                                       |  31|   0|   31|          0|
    |smax_reg_420                                                                                        |  31|   0|   31|          0|
    |window_load_1_reg_501                                                                               |   8|   0|    8|          0|
    |window_load_2_reg_516                                                                               |   8|   0|    8|          0|
    |window_load_3_reg_521                                                                               |   8|   0|    8|          0|
    |window_load_4_reg_526                                                                               |   8|   0|    8|          0|
    |window_load_5_reg_531                                                                               |   8|   0|    8|          0|
    |window_load_reg_496                                                                                 |   8|   0|    8|          0|
    +----------------------------------------------------------------------------------------------------+----+----+-----+-----------+
    |Total                                                                                               | 254|   0|  254|          0|
    +----------------------------------------------------------------------------------------------------+----+----+-----+-----------+



================================================================
== Interface
================================================================
* Summary: 
+-------------------+-----+-----+------------+---------------------------------+--------------+
|     RTL Ports     | Dir | Bits|  Protocol  |          Source Object          |    C Type    |
+-------------------+-----+-----+------------+---------------------------------+--------------+
|ap_clk             |   in|    1|  ap_ctrl_hs|  linebuffer_box3_pipeline_unroll|  return value|
|ap_rst             |   in|    1|  ap_ctrl_hs|  linebuffer_box3_pipeline_unroll|  return value|
|ap_start           |   in|    1|  ap_ctrl_hs|  linebuffer_box3_pipeline_unroll|  return value|
|ap_done            |  out|    1|  ap_ctrl_hs|  linebuffer_box3_pipeline_unroll|  return value|
|ap_idle            |  out|    1|  ap_ctrl_hs|  linebuffer_box3_pipeline_unroll|  return value|
|ap_ready           |  out|    1|  ap_ctrl_hs|  linebuffer_box3_pipeline_unroll|  return value|
|input_r_address0   |  out|   20|   ap_memory|                          input_r|         array|
|input_r_ce0        |  out|    1|   ap_memory|                          input_r|         array|
|input_r_q0         |   in|    8|   ap_memory|                          input_r|         array|
|output_r_address0  |  out|   20|   ap_memory|                         output_r|         array|
|output_r_ce0       |  out|    1|   ap_memory|                         output_r|         array|
|output_r_we0       |  out|    1|   ap_memory|                         output_r|         array|
|output_r_d0        |  out|    8|   ap_memory|                         output_r|         array|
|width              |   in|   32|     ap_none|                            width|        scalar|
|height             |   in|   32|     ap_none|                           height|        scalar|
+-------------------+-----+-----+------------+---------------------------------+--------------+

