================================================================
== Design Size Report
================================================================

* Total Instructions per Compilation Phase
+---------------+----------------------------+--------------+----------------------------------------------------------------------------------------+
| Phase         | Step                       | Instructions | Description                                                                            |
+---------------+----------------------------+--------------+----------------------------------------------------------------------------------------+
| Compile/Link  |                            | 195          | After all functions are compiled and linked into a single design                       |
|               |                            |              |                                                                                        |
| Unroll/Inline |                            |              | After user unroll and inline pragmas are applied                                       |
|               | (1) unroll                 | 206          | user unroll pragmas are applied                                                        |
|               | (2) simplification         | 131          | simplification of applied user unroll pragmas                                          |
|               | (3) inline                 | 140          | user inline pragmas are applied                                                        |
|               | (4) simplification         | 140          | simplification of applied user inline pragmas                                          |
|               |                            |              |                                                                                        |
| Array/Struct  |                            |              | After user array partition and struct aggregate/disaggregate pragmas are applied       |
|               | (1) array partition        | 138          | user array partition pragmas are applied                                               |
|               | (2) simplification         | 138          | simplification of applied user array partition & struct aggregate/disaggregate pragmas |
|               | (3) aggregate/disaggregate | 138          | user struct aggregate/disaggregate pragmas are applied                                 |
|               | (4) array reshape          | 138          | apply array reshape pragmas                                                            |
|               | (5) access patterns        | 158          | array access pattern optmizations                                                      |
|               |                            |              |                                                                                        |
| Performance   |                            |              | After transformations are applied to meet performance pragma targets                   |
|               | (1) loop simplification    | 158          | loop and instruction simplification                                                    |
|               | (2) parallelization        | 140          | loops are unrolled or pipelined to meet performance targets                            |
|               | (3) array partition        | 165          | arrays are partitioned to meet performance targets                                     |
|               | (4) simplification         | 161          | simplification of design after performance transformations                             |
|               |                            |              |                                                                                        |
| HW Transforms |                            |              | After hardware transfomations                                                          |
|               | (1) lowering               | 169          | initial conversion to HW specific instructions                                         |
|               | (2) optimizations          | 180          | high level synthesis optimizations                                                     |
+---------------+----------------------------+--------------+----------------------------------------------------------------------------------------+

* Instructions per Function for each Compilation Phase
+-----------------------------+------------------+--------------+---------------+--------------+-------------+---------------+
| Function                    | Location         | Compile/Link | Unroll/Inline | Array/Struct | Performance | HW Transforms |
+-----------------------------+------------------+--------------+---------------+--------------+-------------+---------------+
| + blur_opt_pipeline         | blur_opt.cpp:325 | 195          | 140           | 158          | 161         | 180           |
|  + linebuffer_box3_pipeline | blur_opt.cpp:66  | 193          | 138           | 156          | 159         | 169           |
|     copy_image_plain        | blur_opt.cpp:9   |  29          |               |              |             |               |
+-----------------------------+------------------+--------------+---------------+--------------+-------------+---------------+

* Design Size Message Settings
+---------------------------------------------+--------+------------------------------------------------------------------+
| Message Setting                             | Value  | Description                                                      |
+---------------------------------------------+--------+------------------------------------------------------------------+
| config_compile -design_size_maximum_warning | 100000 | Show a warning when total design instructions exceeds this value |
+---------------------------------------------+--------+------------------------------------------------------------------+


