

================================================================
== Vitis HLS Report for 'compute_stage_dataflow'
================================================================
* Date:           Fri Apr 24 19:31:38 2026

* Version:        2025.2 (Build 6295257 on Nov 14 2025)
* Project:        blur_opt_dataflow_proj
* Solution:       solution1 (Vivado IP Flow Target)
* Product family: zynq
* Target device:  xc7z020-clg400-1


================================================================
== Performance Estimates
================================================================
+ Timing: 
    * Summary: 
    +--------+----------+----------+------------+
    |  Clock |  Target  | Estimated| Uncertainty|
    +--------+----------+----------+------------+
    |ap_clk  |  10.00 ns|  7.396 ns|     2.70 ns|
    +--------+----------+----------+------------+

+ Latency: 
    * Summary: 
    +---------+---------+----------+----------+-----+-----+---------+
    |  Latency (cycles) |  Latency (absolute) |  Interval | Pipeline|
    |   min   |   max   |    min   |    max   | min | max |   Type  |
    +---------+---------+----------+----------+-----+-----+---------+
    |        ?|        ?|         ?|         ?|    ?|    ?|       no|
    +---------+---------+----------+----------+-----+-----+---------+

    + Detail: 
        * Instance: 
        +-----------------------------------------------------+-------------------------------------------+---------+---------+----------+----------+-----+-----+---------+
        |                                                     |                                           |  Latency (cycles) |  Latency (absolute) |  Interval | Pipeline|
        |                       Instance                      |                   Module                  |   min   |   max   |    min   |    max   | min | max |   Type  |
        +-----------------------------------------------------+-------------------------------------------+---------+---------+----------+----------+-----+-----+---------+
        |grp_linebuffer_box3_pipeline_unroll_partition_fu_26  |linebuffer_box3_pipeline_unroll_partition  |        ?|        ?|         ?|         ?|    ?|    ?|       no|
        +-----------------------------------------------------+-------------------------------------------+---------+---------+----------+----------+-----+-----+---------+

        * Loop: 
        N/A

============================================================
+ Verbose Summary: Synthesis Manager
============================================================
InlineROM: 1
ExposeGlobal: 0
============================================================
+ Verbose Summary: CDFG Model
============================================================
IsTopModel: 0
ResetActiveHigh: 1
IsCombinational: 2
IsDatapathOnly: 0
HasWiredReturn: 1
HasMFsm: 0
HasVarLatency: 1
IsPipeline: 0
IsRtlPipelined: 0
IsInstanceOverlapped: 0
IsDontTouch: 0
HasImplIP: 0
IsGatedGlobalClock: 0


============================================================
+ Verbose Summary: Schedule
============================================================
* Number of FSM states : 2
* Pipeline : 0
* Dataflow Pipeline: 0

* FSM state transitions: 
1 --> 2 
2 --> 

* FSM state operations: 

State 1 <SV = 0> <Delay = 6.91>
ST_1 : Operation 3 [1/1] (3.63ns)   --->   "%height_read = read i32 @_ssdm_op_Read.ap_auto.i32, i32 %height" [blur_opt.cpp:231]   --->   Operation 3 'read' 'height_read' <Predicate = true> <Delay = 3.63> <CoreInst = "FIFO_SRL">   --->   Core 80 'FIFO_SRL' <Latency = 0> <II = 1> <Delay = 3.63> <Storage> <Opcode : 'read' 'write' 'nbread' 'nbwrite'> <Ports = 0> <Width = 32> <Depth = 2> <FIFO>
ST_1 : Operation 4 [1/1] (3.63ns)   --->   "%width_read = read i32 @_ssdm_op_Read.ap_auto.i32, i32 %width" [blur_opt.cpp:231]   --->   Operation 4 'read' 'width_read' <Predicate = true> <Delay = 3.63> <CoreInst = "FIFO_SRL">   --->   Core 80 'FIFO_SRL' <Latency = 0> <II = 1> <Delay = 3.63> <Storage> <Opcode : 'read' 'write' 'nbread' 'nbwrite'> <Ports = 0> <Width = 32> <Depth = 2> <FIFO>
ST_1 : Operation 5 [2/2] (3.28ns)   --->   "%call_ln235 = call void @linebuffer_box3_pipeline_unroll_partition, i32 %width_read, i32 %height_read, i8 %stage0, i8 %stage1" [blur_opt.cpp:235]   --->   Operation 5 'call' 'call_ln235' <Predicate = true> <Delay = 3.28> <CoreType = "Generic">   --->   Generic Core

State 2 <SV = 1> <Delay = 0.00>
ST_2 : Operation 6 [1/2] (0.00ns)   --->   "%call_ln235 = call void @linebuffer_box3_pipeline_unroll_partition, i32 %width_read, i32 %height_read, i8 %stage0, i8 %stage1" [blur_opt.cpp:235]   --->   Operation 6 'call' 'call_ln235' <Predicate = true> <Delay = 0.00> <CoreType = "Generic">   --->   Generic Core
ST_2 : Operation 7 [1/1] (0.00ns)   --->   "%mrv = insertvalue i64 <undef>, i32 %width_read" [blur_opt.cpp:234]   --->   Operation 7 'insertvalue' 'mrv' <Predicate = true> <Delay = 0.00>
ST_2 : Operation 8 [1/1] (0.00ns)   --->   "%mrv_1 = insertvalue i64 %mrv, i32 %height_read" [blur_opt.cpp:234]   --->   Operation 8 'insertvalue' 'mrv_1' <Predicate = true> <Delay = 0.00>
ST_2 : Operation 9 [1/1] (0.00ns)   --->   "%ret_ln234 = ret i64 %mrv_1" [blur_opt.cpp:234]   --->   Operation 9 'ret' 'ret_ln234' <Predicate = true> <Delay = 0.00>


============================================================
+ Verbose Summary: Binding
============================================================
STG Binding: 
---------------- STG Properties BEGIN ----------------
- Is combinational: 0
- Is one-state seq: 0
- Is datapath-only: 0
- Is pipelined: 0
- Is top level: 0
Port [ Return ] is wired: 1; IO mode=ap_ctrl_hs:ce=0
Port [ width]:  wired=1; compound=0; hidden=0; nouse=0; global=0; static=0; extern=0; dir=0; type=0; pingpong=0; private_global=0; IO mode=ap_none:ce=0
Port [ height]:  wired=1; compound=0; hidden=0; nouse=0; global=0; static=0; extern=0; dir=0; type=0; pingpong=0; private_global=0; IO mode=ap_none:ce=0
Port [ stage0]:  wired=1; compound=1; hidden=0; nouse=0; global=0; static=0; extern=0; dir=0; type=1; pingpong=1; private_global=0; MemPort=[13]; IO mode=ap_memory:ce=0
Port [ stage1]:  wired=1; compound=1; hidden=0; nouse=0; global=0; static=0; extern=0; dir=1; type=1; pingpong=1; private_global=0; MemPort=[03]; IO mode=ap_memory:ce=0
---------------- STG Properties END ------------------

---------------- Datapath Model BEGIN ----------------

<LifeTime>
<method=bitvector/>
height_read (read       ) [ 001]
width_read  (read       ) [ 001]
call_ln235  (call       ) [ 000]
mrv         (insertvalue) [ 000]
mrv_1       (insertvalue) [ 000]
ret_ln234   (ret        ) [ 000]
</LifeTime>

<model>

<comp_list>
<comp id="0" class="1000" name="width">
<pin_list>
<pin id="1" dir="1" index="0" bw="1" slack="0"/>
</pin_list>
<bind>
<StgValue><ssdm name="width"/></StgValue>
</bind>
</comp>

<comp id="2" class="1000" name="height">
<pin_list>
<pin id="3" dir="1" index="0" bw="1" slack="0"/>
</pin_list>
<bind>
<StgValue><ssdm name="height"/></StgValue>
</bind>
</comp>

<comp id="4" class="1000" name="stage0">
<pin_list>
<pin id="5" dir="1" index="0" bw="1" slack="0"/>
</pin_list>
<bind>
<StgValue><ssdm name="stage0"/><MemPortTyVec>1 3 </MemPortTyVec>
</StgValue>
</bind>
</comp>

<comp id="6" class="1000" name="stage1">
<pin_list>
<pin id="7" dir="1" index="0" bw="1" slack="0"/>
</pin_list>
<bind>
<StgValue><ssdm name="stage1"/><MemPortTyVec>0 3 </MemPortTyVec>
</StgValue>
</bind>
</comp>

<comp id="8" class="1001" name="const_8">
<pin_list>
<pin id="9" dir="1" index="0" bw="1" slack="0"/>
</pin_list>
<bind>
<StgValue><ssdm name="_ssdm_op_Read.ap_auto.i32"/></StgValue>
</bind>
</comp>

<comp id="10" class="1001" name="const_10">
<pin_list>
<pin id="11" dir="1" index="0" bw="1" slack="0"/>
</pin_list>
<bind>
<StgValue><ssdm name="linebuffer_box3_pipeline_unroll_partition"/></StgValue>
</bind>
</comp>

<comp id="12" class="1001" name="const_12">
<pin_list>
<pin id="13" dir="1" index="0" bw="1" slack="0"/>
</pin_list>
<bind>
<StgValue><ssdm name=""/></StgValue>
</bind>
</comp>

<comp id="14" class="1004" name="height_read_read_fu_14">
<pin_list>
<pin id="15" dir="0" index="0" bw="32" slack="0"/>
<pin id="16" dir="0" index="1" bw="32" slack="0"/>
<pin id="17" dir="1" index="2" bw="32" slack="0"/>
</pin_list>
<bind>
<opcode="read(1150) " fcode="read"/>
<opset="height_read/1 "/>
</bind>
</comp>

<comp id="20" class="1004" name="width_read_read_fu_20">
<pin_list>
<pin id="21" dir="0" index="0" bw="32" slack="0"/>
<pin id="22" dir="0" index="1" bw="32" slack="0"/>
<pin id="23" dir="1" index="2" bw="32" slack="0"/>
</pin_list>
<bind>
<opcode="read(1150) " fcode="read"/>
<opset="width_read/1 "/>
</bind>
</comp>

<comp id="26" class="1004" name="grp_linebuffer_box3_pipeline_unroll_partition_fu_26">
<pin_list>
<pin id="27" dir="0" index="0" bw="0" slack="0"/>
<pin id="28" dir="0" index="1" bw="32" slack="0"/>
<pin id="29" dir="0" index="2" bw="32" slack="0"/>
<pin id="30" dir="0" index="3" bw="8" slack="0"/>
<pin id="31" dir="0" index="4" bw="8" slack="0"/>
<pin id="32" dir="1" index="5" bw="0" slack="2147483647"/>
</pin_list>
<bind>
<opcode="call(48) " fcode="call"/>
<opset="call_ln235/1 "/>
</bind>
</comp>

<comp id="38" class="1004" name="mrv_fu_38">
<pin_list>
<pin id="39" dir="0" index="0" bw="64" slack="0"/>
<pin id="40" dir="0" index="1" bw="32" slack="1"/>
<pin id="41" dir="1" index="2" bw="64" slack="0"/>
</pin_list>
<bind>
<opcode="insertvalue(57) " fcode="insertvalue"/>
<opset="mrv/2 "/>
</bind>
</comp>

<comp id="43" class="1004" name="mrv_1_fu_43">
<pin_list>
<pin id="44" dir="0" index="0" bw="64" slack="0"/>
<pin id="45" dir="0" index="1" bw="32" slack="1"/>
<pin id="46" dir="1" index="2" bw="64" slack="2147483647"/>
</pin_list>
<bind>
<opcode="insertvalue(57) " fcode="insertvalue"/>
<opset="mrv_1/2 "/>
</bind>
</comp>

<comp id="48" class="1005" name="height_read_reg_48">
<pin_list>
<pin id="49" dir="0" index="0" bw="32" slack="1"/>
<pin id="50" dir="1" index="1" bw="32" slack="1"/>
</pin_list>
<bind>
<opset="height_read "/>
</bind>
</comp>

<comp id="54" class="1005" name="width_read_reg_54">
<pin_list>
<pin id="55" dir="0" index="0" bw="32" slack="1"/>
<pin id="56" dir="1" index="1" bw="32" slack="1"/>
</pin_list>
<bind>
<opset="width_read "/>
</bind>
</comp>

</comp_list>

<net_list>
<net id="18"><net_src comp="8" pin="0"/><net_sink comp="14" pin=0"/></net>

<net id="19"><net_src comp="2" pin="0"/><net_sink comp="14" pin=1"/></net>

<net id="24"><net_src comp="8" pin="0"/><net_sink comp="20" pin=0"/></net>

<net id="25"><net_src comp="0" pin="0"/><net_sink comp="20" pin=1"/></net>

<net id="33"><net_src comp="10" pin="0"/><net_sink comp="26" pin=0"/></net>

<net id="34"><net_src comp="20" pin="2"/><net_sink comp="26" pin=1"/></net>

<net id="35"><net_src comp="14" pin="2"/><net_sink comp="26" pin=2"/></net>

<net id="36"><net_src comp="4" pin="0"/><net_sink comp="26" pin=3"/></net>

<net id="37"><net_src comp="6" pin="0"/><net_sink comp="26" pin=4"/></net>

<net id="42"><net_src comp="12" pin="0"/><net_sink comp="38" pin=0"/></net>

<net id="47"><net_src comp="38" pin="2"/><net_sink comp="43" pin=0"/></net>

<net id="51"><net_src comp="14" pin="2"/><net_sink comp="48" pin=0"/></net>

<net id="52"><net_src comp="48" pin="1"/><net_sink comp="26" pin=2"/></net>

<net id="53"><net_src comp="48" pin="1"/><net_sink comp="43" pin=1"/></net>

<net id="57"><net_src comp="20" pin="2"/><net_sink comp="54" pin=0"/></net>

<net id="58"><net_src comp="54" pin="1"/><net_sink comp="26" pin=1"/></net>

<net id="59"><net_src comp="54" pin="1"/><net_sink comp="38" pin=1"/></net>

</net_list>

</model> 
---------------- Datapath Model END ------------------

* FSMD analyzer results:
  - Output states:
	Port: stage1 | {1 2 }
 - Input state : 
	Port: compute_stage_dataflow : width | {1 }
	Port: compute_stage_dataflow : height | {1 }
	Port: compute_stage_dataflow : stage0 | {1 2 }
  - Chain level:
	State 1
	State 2
		mrv_1 : 1
		ret_ln234 : 2


============================================================
+ Verbose Summary: Datapath Resource usage 
============================================================

* Functional unit list:
|----------|-----------------------------------------------------|---------|---------|---------|---------|---------|---------|
| Operation|                   Functional Unit                   |   BRAM  |   DSP   |  Delay  |    FF   |   LUT   |   URAM  |
|----------|-----------------------------------------------------|---------|---------|---------|---------|---------|---------|
|   call   | grp_linebuffer_box3_pipeline_unroll_partition_fu_26 |    2    |    5    |  8.4172 |   1532  |   1433  |    0    |
|----------|-----------------------------------------------------|---------|---------|---------|---------|---------|---------|
|   read   |                height_read_read_fu_14               |    0    |    0    |    0    |    0    |    0    |    0    |
|          |                width_read_read_fu_20                |    0    |    0    |    0    |    0    |    0    |    0    |
|----------|-----------------------------------------------------|---------|---------|---------|---------|---------|---------|
|insertvalue|                      mrv_fu_38                      |    0    |    0    |    0    |    0    |    0    |    0    |
|          |                     mrv_1_fu_43                     |    0    |    0    |    0    |    0    |    0    |    0    |
|----------|-----------------------------------------------------|---------|---------|---------|---------|---------|---------|
|   Total  |                                                     |    2    |    5    |  8.4172 |   1532  |   1433  |    0    |
|----------|-----------------------------------------------------|---------|---------|---------|---------|---------|---------|

Memories:
N/A

* Register list:
+------------------+--------+
|                  |   FF   |
+------------------+--------+
|height_read_reg_48|   32   |
| width_read_reg_54|   32   |
+------------------+--------+
|       Total      |   64   |
+------------------+--------+

* Multiplexer (MUX) list: 
|-----------------------------------------------------|------|------|------|--------||---------||---------||---------|
|                         Comp                        |  Pin | Size |  BW  | S x BW ||  Delay  ||    FF   ||   LUT   |
|-----------------------------------------------------|------|------|------|--------||---------||---------||---------|
| grp_linebuffer_box3_pipeline_unroll_partition_fu_26 |  p1  |   2  |  32  |   64   ||    0    ||    9    |
| grp_linebuffer_box3_pipeline_unroll_partition_fu_26 |  p2  |   2  |  32  |   64   ||    0    ||    9    |
|-----------------------------------------------------|------|------|------|--------||---------||---------||---------|
|                        Total                        |      |      |      |   128  ||  3.176  ||    0    ||    18   |
|-----------------------------------------------------|------|------|------|--------||---------||---------||---------|



* Summary:
+-----------+--------+--------+--------+--------+--------+--------+
|           |  BRAM  |   DSP  |  Delay |   FF   |   LUT  |  URAM  |
+-----------+--------+--------+--------+--------+--------+--------+
|  Function |    2   |    5   |    8   |  1532  |  1433  |    0   |
|   Memory  |    -   |    -   |    -   |    -   |    -   |    -   |
|Multiplexer|    -   |    -   |    3   |    0   |   18   |    -   |
|  Register |    -   |    -   |    -   |   64   |    -   |    -   |
+-----------+--------+--------+--------+--------+--------+--------+
|   Total   |    2   |    5   |   11   |  1596  |  1451  |    0   |
+-----------+--------+--------+--------+--------+--------+--------+
