

================================================================
== Vitis HLS Report for 'copy_stage'
================================================================
* Date:           Fri Apr 24 19:31:34 2026

* Version:        2025.2 (Build 6295257 on Nov 14 2025)
* Project:        blur_opt_dataflow_proj
* Solution:       solution1 (Vivado IP Flow Target)
* Product family: zynq
* Target device:  xc7z020-clg400-1


================================================================
== Performance Estimates
================================================================
+ Timing: 
    * Summary: 
    +--------+----------+----------+------------+
    |  Clock |  Target  | Estimated| Uncertainty|
    +--------+----------+----------+------------+
    |ap_clk  |  10.00 ns|  7.396 ns|     2.70 ns|
    +--------+----------+----------+------------+

+ Latency: 
    * Summary: 
    +---------+---------+----------+----------+-----+-----+---------+
    |  Latency (cycles) |  Latency (absolute) |  Interval | Pipeline|
    |   min   |   max   |    min   |    max   | min | max |   Type  |
    +---------+---------+----------+----------+-----+-----+---------+
    |        ?|        ?|         ?|         ?|    ?|    ?|       no|
    +---------+---------+----------+----------+-----+-----+---------+

    + Detail: 
        * Instance: 
        +-----------------------------------------------------------------+-------------------------------------------------------+---------+---------+----------+----------+-----+-----+-------------------+
        |                                                                 |                                                       |  Latency (cycles) |  Latency (absolute) |  Interval |      Pipeline     |
        |                             Instance                            |                         Module                        |   min   |   max   |    min   |    max   | min | max |        Type       |
        +-----------------------------------------------------------------+-------------------------------------------------------+---------+---------+----------+----------+-----+-----+-------------------+
        |grp_copy_stage_Pipeline_VITIS_LOOP_221_1_VITIS_LOOP_222_2_fu_38  |copy_stage_Pipeline_VITIS_LOOP_221_1_VITIS_LOOP_222_2  |        ?|        ?|         ?|         ?|    0|    0|  loop pipeline stp|
        +-----------------------------------------------------------------+-------------------------------------------------------+---------+---------+----------+----------+-----+-----+-------------------+

        * Loop: 
        N/A

============================================================
+ Verbose Summary: Synthesis Manager
============================================================
InlineROM: 1
ExposeGlobal: 0
============================================================
+ Verbose Summary: CDFG Model
============================================================
IsTopModel: 0
ResetActiveHigh: 1
IsCombinational: 2
IsDatapathOnly: 0
HasWiredReturn: 1
HasMFsm: 0
HasVarLatency: 1
IsPipeline: 0
IsRtlPipelined: 0
IsInstanceOverlapped: 0
IsDontTouch: 0
HasImplIP: 0
IsGatedGlobalClock: 0


============================================================
+ Verbose Summary: Schedule
============================================================
* Number of FSM states : 4
* Pipeline : 0
* Dataflow Pipeline: 0

* FSM state transitions: 
1 --> 2 
2 --> 3 
3 --> 4 
4 --> 

* FSM state operations: 

State 1 <SV = 0> <Delay = 3.28>
ST_1 : Operation 5 [1/1] (0.00ns)   --->   "%height_read = read i32 @_ssdm_op_Read.ap_auto.i32, i32 %height"   --->   Operation 5 'read' 'height_read' <Predicate = true> <Delay = 0.00>
ST_1 : Operation 6 [1/1] (0.00ns)   --->   "%width_read = read i32 @_ssdm_op_Read.ap_auto.i32, i32 %width"   --->   Operation 6 'read' 'width_read' <Predicate = true> <Delay = 0.00>
ST_1 : Operation 7 [1/1] (0.00ns)   --->   "%empty = trunc i32 %width_read"   --->   Operation 7 'trunc' 'empty' <Predicate = true> <Delay = 0.00>
ST_1 : Operation 8 [1/1] (0.00ns)   --->   "%empty_25 = trunc i32 %height_read"   --->   Operation 8 'trunc' 'empty_25' <Predicate = true> <Delay = 0.00>
ST_1 : Operation 9 [1/1] (2.55ns)   --->   "%empty_26 = icmp_sgt  i32 %height_read, i32 0"   --->   Operation 9 'icmp' 'empty_26' <Predicate = true> <Delay = 2.55> <CoreInst = "Cmp">   --->   Core 9 'Cmp' <Latency = 0> <II = 1> <Delay = 2.55> <FuncUnit> <Opcode : 'seteq' 'setne' 'setle' 'setge' 'setlt' 'setgt'> <InPorts = 2> <OutPorts = 1>
ST_1 : Operation 10 [1/1] (0.73ns)   --->   "%smax = select i1 %empty_26, i31 %empty_25, i31 0"   --->   Operation 10 'select' 'smax' <Predicate = true> <Delay = 0.73> <CoreInst = "Sel">   --->   Core 73 'Sel' <Latency = 0> <II = 1> <Delay = 0.73> <FuncUnit> <Opcode : 'select'> <InPorts = 3> <OutPorts = 1>
ST_1 : Operation 11 [1/1] (2.55ns)   --->   "%empty_27 = icmp_sgt  i32 %width_read, i32 0"   --->   Operation 11 'icmp' 'empty_27' <Predicate = true> <Delay = 2.55> <CoreInst = "Cmp">   --->   Core 9 'Cmp' <Latency = 0> <II = 1> <Delay = 2.55> <FuncUnit> <Opcode : 'seteq' 'setne' 'setle' 'setge' 'setlt' 'setgt'> <InPorts = 2> <OutPorts = 1>
ST_1 : Operation 12 [1/1] (0.73ns)   --->   "%smax1 = select i1 %empty_27, i31 %empty, i31 0"   --->   Operation 12 'select' 'smax1' <Predicate = true> <Delay = 0.73> <CoreInst = "Sel">   --->   Core 73 'Sel' <Latency = 0> <II = 1> <Delay = 0.73> <FuncUnit> <Opcode : 'select'> <InPorts = 3> <OutPorts = 1>

State 2 <SV = 1> <Delay = 6.91>
ST_2 : Operation 13 [1/1] (0.00ns)   --->   "%smax_cast = zext i31 %smax"   --->   Operation 13 'zext' 'smax_cast' <Predicate = true> <Delay = 0.00>
ST_2 : Operation 14 [1/1] (0.00ns)   --->   "%smax1_cast = zext i31 %smax1"   --->   Operation 14 'zext' 'smax1_cast' <Predicate = true> <Delay = 0.00>
ST_2 : Operation 15 [2/2] (6.91ns)   --->   "%bound = mul i62 %smax_cast, i62 %smax1_cast"   --->   Operation 15 'mul' 'bound' <Predicate = true> <Delay = 6.91> <CoreInst = "Multiplier">   --->   Core 3 'Multiplier' <Latency = 1> <II = 1> <Delay = 6.91> <FuncUnit> <Opcode : 'mul'> <InPorts = 2> <OutPorts = 1>

State 3 <SV = 2> <Delay = 6.91>
ST_3 : Operation 16 [1/2] (6.91ns)   --->   "%bound = mul i62 %smax_cast, i62 %smax1_cast"   --->   Operation 16 'mul' 'bound' <Predicate = true> <Delay = 6.91> <CoreInst = "Multiplier">   --->   Core 3 'Multiplier' <Latency = 1> <II = 1> <Delay = 6.91> <FuncUnit> <Opcode : 'mul'> <InPorts = 2> <OutPorts = 1>
ST_3 : Operation 17 [2/2] (0.00ns)   --->   "%call_ln0 = call void @copy_stage_Pipeline_VITIS_LOOP_221_1_VITIS_LOOP_222_2, i62 %bound, i32 %width_read, i8 %input_r, i8 %stage0"   --->   Operation 17 'call' 'call_ln0' <Predicate = true> <Delay = 0.00> <CoreType = "Generic">   --->   Generic Core

State 4 <SV = 3> <Delay = 0.00>
ST_4 : Operation 18 [1/1] (0.00ns)   --->   "%specinterface_ln0 = specinterface void @_ssdm_op_SpecInterface, i8 %input_r, void @empty, i32 0, i32 0, void @empty_0, i32 4294967295, i32 0, void @empty_0, void @empty_0, void @empty_0, i32 0, i32 0, i32 0, i32 0, void @empty_0, void @empty_0, i32 4294967295, i32 0, i32 0, i32 0"   --->   Operation 18 'specinterface' 'specinterface_ln0' <Predicate = true> <Delay = 0.00>
ST_4 : Operation 19 [1/2] (0.00ns)   --->   "%call_ln0 = call void @copy_stage_Pipeline_VITIS_LOOP_221_1_VITIS_LOOP_222_2, i62 %bound, i32 %width_read, i8 %input_r, i8 %stage0"   --->   Operation 19 'call' 'call_ln0' <Predicate = true> <Delay = 0.00> <CoreType = "Generic">   --->   Generic Core
ST_4 : Operation 20 [1/1] (0.00ns)   --->   "%mrv = insertvalue i64 <undef>, i32 %width_read"   --->   Operation 20 'insertvalue' 'mrv' <Predicate = true> <Delay = 0.00>
ST_4 : Operation 21 [1/1] (0.00ns)   --->   "%mrv_1 = insertvalue i64 %mrv, i32 %height_read"   --->   Operation 21 'insertvalue' 'mrv_1' <Predicate = true> <Delay = 0.00>
ST_4 : Operation 22 [1/1] (0.00ns)   --->   "%ret_ln0 = ret i64 %mrv_1"   --->   Operation 22 'ret' 'ret_ln0' <Predicate = true> <Delay = 0.00>


============================================================
+ Verbose Summary: Binding
============================================================
STG Binding: 
---------------- STG Properties BEGIN ----------------
- Is combinational: 0
- Is one-state seq: 0
- Is datapath-only: 0
- Is pipelined: 0
- Is top level: 0
Port [ Return ] is wired: 1; IO mode=ap_ctrl_hs:ce=0
Port [ input_r]:  wired=1; compound=1; hidden=0; nouse=0; global=0; static=0; extern=0; dir=0; type=1; pingpong=0; private_global=0; MemPort=[13]; IO mode=ap_memory:ce=0
Port [ width]:  wired=1; compound=0; hidden=0; nouse=0; global=0; static=0; extern=0; dir=0; type=0; pingpong=0; private_global=0; IO mode=ap_none:ce=0
Port [ height]:  wired=1; compound=0; hidden=0; nouse=0; global=0; static=0; extern=0; dir=0; type=0; pingpong=0; private_global=0; IO mode=ap_none:ce=0
Port [ stage0]:  wired=1; compound=1; hidden=0; nouse=0; global=1; static=1; extern=0; dir=1; type=1; pingpong=1; private_global=0; MemPort=[03]; IO mode=ap_memory:ce=0
---------------- STG Properties END ------------------

---------------- Datapath Model BEGIN ----------------

<LifeTime>
<method=bitvector/>
height_read       (read         ) [ 00111]
width_read        (read         ) [ 00111]
empty             (trunc        ) [ 00000]
empty_25          (trunc        ) [ 00000]
empty_26          (icmp         ) [ 00000]
smax              (select       ) [ 00100]
empty_27          (icmp         ) [ 00000]
smax1             (select       ) [ 00100]
smax_cast         (zext         ) [ 00010]
smax1_cast        (zext         ) [ 00010]
bound             (mul          ) [ 00001]
specinterface_ln0 (specinterface) [ 00000]
call_ln0          (call         ) [ 00000]
mrv               (insertvalue  ) [ 00000]
mrv_1             (insertvalue  ) [ 00000]
ret_ln0           (ret          ) [ 00000]
</LifeTime>

<model>

<comp_list>
<comp id="0" class="1000" name="input_r">
<pin_list>
<pin id="1" dir="1" index="0" bw="1" slack="0"/>
</pin_list>
<bind>
<StgValue><ssdm name="input_r"/><MemPortTyVec>1 3 </MemPortTyVec>
</StgValue>
</bind>
</comp>

<comp id="2" class="1000" name="width">
<pin_list>
<pin id="3" dir="1" index="0" bw="1" slack="0"/>
</pin_list>
<bind>
<StgValue><ssdm name="width"/></StgValue>
</bind>
</comp>

<comp id="4" class="1000" name="height">
<pin_list>
<pin id="5" dir="1" index="0" bw="1" slack="0"/>
</pin_list>
<bind>
<StgValue><ssdm name="height"/></StgValue>
</bind>
</comp>

<comp id="6" class="1000" name="stage0">
<pin_list>
<pin id="7" dir="1" index="0" bw="1" slack="0"/>
</pin_list>
<bind>
<StgValue><ssdm name="stage0"/><MemPortTyVec>0 3 </MemPortTyVec>
</StgValue>
</bind>
</comp>

<comp id="8" class="1001" name="const_8">
<pin_list>
<pin id="9" dir="1" index="0" bw="1" slack="0"/>
</pin_list>
<bind>
<StgValue><ssdm name="_ssdm_op_Read.ap_auto.i32"/></StgValue>
</bind>
</comp>

<comp id="10" class="1001" name="const_10">
<pin_list>
<pin id="11" dir="1" index="0" bw="1" slack="0"/>
</pin_list>
<bind>
<StgValue><ssdm name=""/></StgValue>
</bind>
</comp>

<comp id="12" class="1001" name="const_12">
<pin_list>
<pin id="13" dir="1" index="0" bw="1" slack="0"/>
</pin_list>
<bind>
<StgValue><ssdm name=""/></StgValue>
</bind>
</comp>

<comp id="14" class="1001" name="const_14">
<pin_list>
<pin id="15" dir="1" index="0" bw="1" slack="0"/>
</pin_list>
<bind>
<StgValue><ssdm name="copy_stage_Pipeline_VITIS_LOOP_221_1_VITIS_LOOP_222_2"/></StgValue>
</bind>
</comp>

<comp id="16" class="1001" name="const_16">
<pin_list>
<pin id="17" dir="1" index="0" bw="1" slack="2147483647"/>
</pin_list>
<bind>
<StgValue><ssdm name="_ssdm_op_SpecInterface"/></StgValue>
</bind>
</comp>

<comp id="18" class="1001" name="const_18">
<pin_list>
<pin id="19" dir="1" index="0" bw="1" slack="2147483647"/>
</pin_list>
<bind>
<StgValue><ssdm name="empty"/></StgValue>
</bind>
</comp>

<comp id="20" class="1001" name="const_20">
<pin_list>
<pin id="21" dir="1" index="0" bw="1" slack="2147483647"/>
</pin_list>
<bind>
<StgValue><ssdm name="empty_0"/></StgValue>
</bind>
</comp>

<comp id="22" class="1001" name="const_22">
<pin_list>
<pin id="23" dir="1" index="0" bw="1" slack="2147483647"/>
</pin_list>
<bind>
<StgValue><ssdm name=""/></StgValue>
</bind>
</comp>

<comp id="24" class="1001" name="const_24">
<pin_list>
<pin id="25" dir="1" index="0" bw="1" slack="0"/>
</pin_list>
<bind>
<StgValue><ssdm name=""/></StgValue>
</bind>
</comp>

<comp id="26" class="1004" name="height_read_read_fu_26">
<pin_list>
<pin id="27" dir="0" index="0" bw="32" slack="0"/>
<pin id="28" dir="0" index="1" bw="32" slack="0"/>
<pin id="29" dir="1" index="2" bw="32" slack="0"/>
</pin_list>
<bind>
<opcode="read(1150) " fcode="read"/>
<opset="height_read/1 "/>
</bind>
</comp>

<comp id="32" class="1004" name="width_read_read_fu_32">
<pin_list>
<pin id="33" dir="0" index="0" bw="32" slack="0"/>
<pin id="34" dir="0" index="1" bw="32" slack="0"/>
<pin id="35" dir="1" index="2" bw="32" slack="0"/>
</pin_list>
<bind>
<opcode="read(1150) " fcode="read"/>
<opset="width_read/1 "/>
</bind>
</comp>

<comp id="38" class="1004" name="grp_copy_stage_Pipeline_VITIS_LOOP_221_1_VITIS_LOOP_222_2_fu_38">
<pin_list>
<pin id="39" dir="0" index="0" bw="0" slack="0"/>
<pin id="40" dir="0" index="1" bw="62" slack="0"/>
<pin id="41" dir="0" index="2" bw="32" slack="2"/>
<pin id="42" dir="0" index="3" bw="8" slack="0"/>
<pin id="43" dir="0" index="4" bw="8" slack="0"/>
<pin id="44" dir="1" index="5" bw="0" slack="2147483647"/>
</pin_list>
<bind>
<opcode="call(48) " fcode="call"/>
<opset="call_ln0/3 "/>
</bind>
</comp>

<comp id="48" class="1004" name="grp_fu_48">
<pin_list>
<pin id="49" dir="0" index="0" bw="31" slack="0"/>
<pin id="50" dir="0" index="1" bw="31" slack="0"/>
<pin id="51" dir="1" index="2" bw="62" slack="0"/>
</pin_list>
<bind>
<opcode="mul(12) " fcode="mul"/>
<opset="bound/2 "/>
</bind>
</comp>

<comp id="53" class="1004" name="empty_fu_53">
<pin_list>
<pin id="54" dir="0" index="0" bw="32" slack="0"/>
<pin id="55" dir="1" index="1" bw="31" slack="0"/>
</pin_list>
<bind>
<opcode="trunc(33) " fcode="trunc"/>
<opset="empty/1 "/>
</bind>
</comp>

<comp id="57" class="1004" name="empty_25_fu_57">
<pin_list>
<pin id="58" dir="0" index="0" bw="32" slack="0"/>
<pin id="59" dir="1" index="1" bw="31" slack="0"/>
</pin_list>
<bind>
<opcode="trunc(33) " fcode="trunc"/>
<opset="empty_25/1 "/>
</bind>
</comp>

<comp id="61" class="1004" name="empty_26_fu_61">
<pin_list>
<pin id="62" dir="0" index="0" bw="32" slack="0"/>
<pin id="63" dir="0" index="1" bw="1" slack="0"/>
<pin id="64" dir="1" index="2" bw="1" slack="0"/>
</pin_list>
<bind>
<opcode="icmp(45) " fcode="icmp"/>
<opset="empty_26/1 "/>
</bind>
</comp>

<comp id="67" class="1004" name="smax_fu_67">
<pin_list>
<pin id="68" dir="0" index="0" bw="1" slack="0"/>
<pin id="69" dir="0" index="1" bw="31" slack="0"/>
<pin id="70" dir="0" index="2" bw="1" slack="0"/>
<pin id="71" dir="1" index="3" bw="31" slack="1"/>
</pin_list>
<bind>
<opcode="select(49) " fcode="select"/>
<opset="smax/1 "/>
</bind>
</comp>

<comp id="75" class="1004" name="empty_27_fu_75">
<pin_list>
<pin id="76" dir="0" index="0" bw="32" slack="0"/>
<pin id="77" dir="0" index="1" bw="1" slack="0"/>
<pin id="78" dir="1" index="2" bw="1" slack="0"/>
</pin_list>
<bind>
<opcode="icmp(45) " fcode="icmp"/>
<opset="empty_27/1 "/>
</bind>
</comp>

<comp id="81" class="1004" name="smax1_fu_81">
<pin_list>
<pin id="82" dir="0" index="0" bw="1" slack="0"/>
<pin id="83" dir="0" index="1" bw="31" slack="0"/>
<pin id="84" dir="0" index="2" bw="1" slack="0"/>
<pin id="85" dir="1" index="3" bw="31" slack="1"/>
</pin_list>
<bind>
<opcode="select(49) " fcode="select"/>
<opset="smax1/1 "/>
</bind>
</comp>

<comp id="89" class="1004" name="smax_cast_fu_89">
<pin_list>
<pin id="90" dir="0" index="0" bw="31" slack="1"/>
<pin id="91" dir="1" index="1" bw="62" slack="0"/>
</pin_list>
<bind>
<opcode="zext(34) " fcode="zext"/>
<opset="smax_cast/2 "/>
</bind>
</comp>

<comp id="93" class="1004" name="smax1_cast_fu_93">
<pin_list>
<pin id="94" dir="0" index="0" bw="31" slack="1"/>
<pin id="95" dir="1" index="1" bw="62" slack="0"/>
</pin_list>
<bind>
<opcode="zext(34) " fcode="zext"/>
<opset="smax1_cast/2 "/>
</bind>
</comp>

<comp id="97" class="1004" name="mrv_fu_97">
<pin_list>
<pin id="98" dir="0" index="0" bw="64" slack="0"/>
<pin id="99" dir="0" index="1" bw="32" slack="3"/>
<pin id="100" dir="1" index="2" bw="64" slack="0"/>
</pin_list>
<bind>
<opcode="insertvalue(57) " fcode="insertvalue"/>
<opset="mrv/4 "/>
</bind>
</comp>

<comp id="102" class="1004" name="mrv_1_fu_102">
<pin_list>
<pin id="103" dir="0" index="0" bw="64" slack="0"/>
<pin id="104" dir="0" index="1" bw="32" slack="3"/>
<pin id="105" dir="1" index="2" bw="64" slack="2147483647"/>
</pin_list>
<bind>
<opcode="insertvalue(57) " fcode="insertvalue"/>
<opset="mrv_1/4 "/>
</bind>
</comp>

<comp id="107" class="1005" name="height_read_reg_107">
<pin_list>
<pin id="108" dir="0" index="0" bw="32" slack="3"/>
<pin id="109" dir="1" index="1" bw="32" slack="3"/>
</pin_list>
<bind>
<opset="height_read "/>
</bind>
</comp>

<comp id="112" class="1005" name="width_read_reg_112">
<pin_list>
<pin id="113" dir="0" index="0" bw="32" slack="2"/>
<pin id="114" dir="1" index="1" bw="32" slack="2"/>
</pin_list>
<bind>
<opset="width_read "/>
</bind>
</comp>

<comp id="118" class="1005" name="smax_reg_118">
<pin_list>
<pin id="119" dir="0" index="0" bw="31" slack="1"/>
<pin id="120" dir="1" index="1" bw="31" slack="1"/>
</pin_list>
<bind>
<opset="smax "/>
</bind>
</comp>

<comp id="123" class="1005" name="smax1_reg_123">
<pin_list>
<pin id="124" dir="0" index="0" bw="31" slack="1"/>
<pin id="125" dir="1" index="1" bw="31" slack="1"/>
</pin_list>
<bind>
<opset="smax1 "/>
</bind>
</comp>

<comp id="128" class="1005" name="smax_cast_reg_128">
<pin_list>
<pin id="129" dir="0" index="0" bw="62" slack="1"/>
<pin id="130" dir="1" index="1" bw="62" slack="1"/>
</pin_list>
<bind>
<opset="smax_cast "/>
</bind>
</comp>

<comp id="133" class="1005" name="smax1_cast_reg_133">
<pin_list>
<pin id="134" dir="0" index="0" bw="62" slack="1"/>
<pin id="135" dir="1" index="1" bw="62" slack="1"/>
</pin_list>
<bind>
<opset="smax1_cast "/>
</bind>
</comp>

<comp id="138" class="1005" name="bound_reg_138">
<pin_list>
<pin id="139" dir="0" index="0" bw="62" slack="1"/>
<pin id="140" dir="1" index="1" bw="62" slack="1"/>
</pin_list>
<bind>
<opset="bound "/>
</bind>
</comp>

</comp_list>

<net_list>
<net id="30"><net_src comp="8" pin="0"/><net_sink comp="26" pin=0"/></net>

<net id="31"><net_src comp="4" pin="0"/><net_sink comp="26" pin=1"/></net>

<net id="36"><net_src comp="8" pin="0"/><net_sink comp="32" pin=0"/></net>

<net id="37"><net_src comp="2" pin="0"/><net_sink comp="32" pin=1"/></net>

<net id="45"><net_src comp="14" pin="0"/><net_sink comp="38" pin=0"/></net>

<net id="46"><net_src comp="0" pin="0"/><net_sink comp="38" pin=3"/></net>

<net id="47"><net_src comp="6" pin="0"/><net_sink comp="38" pin=4"/></net>

<net id="52"><net_src comp="48" pin="2"/><net_sink comp="38" pin=1"/></net>

<net id="56"><net_src comp="32" pin="2"/><net_sink comp="53" pin=0"/></net>

<net id="60"><net_src comp="26" pin="2"/><net_sink comp="57" pin=0"/></net>

<net id="65"><net_src comp="26" pin="2"/><net_sink comp="61" pin=0"/></net>

<net id="66"><net_src comp="10" pin="0"/><net_sink comp="61" pin=1"/></net>

<net id="72"><net_src comp="61" pin="2"/><net_sink comp="67" pin=0"/></net>

<net id="73"><net_src comp="57" pin="1"/><net_sink comp="67" pin=1"/></net>

<net id="74"><net_src comp="12" pin="0"/><net_sink comp="67" pin=2"/></net>

<net id="79"><net_src comp="32" pin="2"/><net_sink comp="75" pin=0"/></net>

<net id="80"><net_src comp="10" pin="0"/><net_sink comp="75" pin=1"/></net>

<net id="86"><net_src comp="75" pin="2"/><net_sink comp="81" pin=0"/></net>

<net id="87"><net_src comp="53" pin="1"/><net_sink comp="81" pin=1"/></net>

<net id="88"><net_src comp="12" pin="0"/><net_sink comp="81" pin=2"/></net>

<net id="92"><net_src comp="89" pin="1"/><net_sink comp="48" pin=0"/></net>

<net id="96"><net_src comp="93" pin="1"/><net_sink comp="48" pin=1"/></net>

<net id="101"><net_src comp="24" pin="0"/><net_sink comp="97" pin=0"/></net>

<net id="106"><net_src comp="97" pin="2"/><net_sink comp="102" pin=0"/></net>

<net id="110"><net_src comp="26" pin="2"/><net_sink comp="107" pin=0"/></net>

<net id="111"><net_src comp="107" pin="1"/><net_sink comp="102" pin=1"/></net>

<net id="115"><net_src comp="32" pin="2"/><net_sink comp="112" pin=0"/></net>

<net id="116"><net_src comp="112" pin="1"/><net_sink comp="38" pin=2"/></net>

<net id="117"><net_src comp="112" pin="1"/><net_sink comp="97" pin=1"/></net>

<net id="121"><net_src comp="67" pin="3"/><net_sink comp="118" pin=0"/></net>

<net id="122"><net_src comp="118" pin="1"/><net_sink comp="89" pin=0"/></net>

<net id="126"><net_src comp="81" pin="3"/><net_sink comp="123" pin=0"/></net>

<net id="127"><net_src comp="123" pin="1"/><net_sink comp="93" pin=0"/></net>

<net id="131"><net_src comp="89" pin="1"/><net_sink comp="128" pin=0"/></net>

<net id="132"><net_src comp="128" pin="1"/><net_sink comp="48" pin=0"/></net>

<net id="136"><net_src comp="93" pin="1"/><net_sink comp="133" pin=0"/></net>

<net id="137"><net_src comp="133" pin="1"/><net_sink comp="48" pin=1"/></net>

<net id="141"><net_src comp="48" pin="2"/><net_sink comp="138" pin=0"/></net>

<net id="142"><net_src comp="138" pin="1"/><net_sink comp="38" pin=1"/></net>

</net_list>

</model> 
---------------- Datapath Model END ------------------

* FSMD analyzer results:
  - Output states:
	Port: stage0 | {3 4 }
 - Input state : 
	Port: copy_stage : input_r | {3 4 }
	Port: copy_stage : width | {1 }
	Port: copy_stage : height | {1 }
  - Chain level:
	State 1
		smax : 1
		smax1 : 1
	State 2
		bound : 1
	State 3
		call_ln0 : 1
	State 4
		mrv_1 : 1
		ret_ln0 : 2


============================================================
+ Verbose Summary: Datapath Resource usage 
============================================================

* Functional unit list:
|----------|-----------------------------------------------------------------|---------|---------|---------|---------|
| Operation|                         Functional Unit                         |   DSP   |  Delay  |    FF   |   LUT   |
|----------|-----------------------------------------------------------------|---------|---------|---------|---------|
|   call   | grp_copy_stage_Pipeline_VITIS_LOOP_221_1_VITIS_LOOP_222_2_fu_38 |    0    |  1.588  |   334   |   351   |
|----------|-----------------------------------------------------------------|---------|---------|---------|---------|
|    mul   |                            grp_fu_48                            |    4    |    0    |   141   |    48   |
|----------|-----------------------------------------------------------------|---------|---------|---------|---------|
|   icmp   |                          empty_26_fu_61                         |    0    |    0    |    0    |    39   |
|          |                          empty_27_fu_75                         |    0    |    0    |    0    |    39   |
|----------|-----------------------------------------------------------------|---------|---------|---------|---------|
|  select  |                            smax_fu_67                           |    0    |    0    |    0    |    31   |
|          |                           smax1_fu_81                           |    0    |    0    |    0    |    31   |
|----------|-----------------------------------------------------------------|---------|---------|---------|---------|
|   read   |                      height_read_read_fu_26                     |    0    |    0    |    0    |    0    |
|          |                      width_read_read_fu_32                      |    0    |    0    |    0    |    0    |
|----------|-----------------------------------------------------------------|---------|---------|---------|---------|
|   trunc  |                           empty_fu_53                           |    0    |    0    |    0    |    0    |
|          |                          empty_25_fu_57                         |    0    |    0    |    0    |    0    |
|----------|-----------------------------------------------------------------|---------|---------|---------|---------|
|   zext   |                         smax_cast_fu_89                         |    0    |    0    |    0    |    0    |
|          |                         smax1_cast_fu_93                        |    0    |    0    |    0    |    0    |
|----------|-----------------------------------------------------------------|---------|---------|---------|---------|
|insertvalue|                            mrv_fu_97                            |    0    |    0    |    0    |    0    |
|          |                           mrv_1_fu_102                          |    0    |    0    |    0    |    0    |
|----------|-----------------------------------------------------------------|---------|---------|---------|---------|
|   Total  |                                                                 |    4    |  1.588  |   475   |   539   |
|----------|-----------------------------------------------------------------|---------|---------|---------|---------|

Memories:
N/A

* Register list:
+-------------------+--------+
|                   |   FF   |
+-------------------+--------+
|   bound_reg_138   |   62   |
|height_read_reg_107|   32   |
| smax1_cast_reg_133|   62   |
|   smax1_reg_123   |   31   |
| smax_cast_reg_128 |   62   |
|    smax_reg_118   |   31   |
| width_read_reg_112|   32   |
+-------------------+--------+
|       Total       |   312  |
+-------------------+--------+

* Multiplexer (MUX) list: 
|-----------------------------------------------------------------|------|------|------|--------||---------||---------||---------|
|                               Comp                              |  Pin | Size |  BW  | S x BW ||  Delay  ||    FF   ||   LUT   |
|-----------------------------------------------------------------|------|------|------|--------||---------||---------||---------|
| grp_copy_stage_Pipeline_VITIS_LOOP_221_1_VITIS_LOOP_222_2_fu_38 |  p1  |   2  |  62  |   124  ||    0    ||    9    |
|                            grp_fu_48                            |  p0  |   2  |  31  |   62   ||    0    ||    9    |
|                            grp_fu_48                            |  p1  |   2  |  31  |   62   ||    0    ||    9    |
|-----------------------------------------------------------------|------|------|------|--------||---------||---------||---------|
|                              Total                              |      |      |      |   248  ||  4.764  ||    0    ||    27   |
|-----------------------------------------------------------------|------|------|------|--------||---------||---------||---------|



* Summary:
+-----------+--------+--------+--------+--------+
|           |   DSP  |  Delay |   FF   |   LUT  |
+-----------+--------+--------+--------+--------+
|  Function |    4   |    1   |   475  |   539  |
|   Memory  |    -   |    -   |    -   |    -   |
|Multiplexer|    -   |    4   |    0   |   27   |
|  Register |    -   |    -   |   312  |    -   |
+-----------+--------+--------+--------+--------+
|   Total   |    4   |    6   |   787  |   566  |
+-----------+--------+--------+--------+--------+
