

================================================================
== Vitis HLS Report for 'copy_stage_1'
================================================================
* Date:           Fri Apr 24 19:31:43 2026

* Version:        2025.2 (Build 6295257 on Nov 14 2025)
* Project:        blur_opt_dataflow_proj
* Solution:       solution1 (Vivado IP Flow Target)
* Product family: zynq
* Target device:  xc7z020-clg400-1


================================================================
== Performance Estimates
================================================================
+ Timing: 
    * Summary: 
    +--------+----------+----------+------------+
    |  Clock |  Target  | Estimated| Uncertainty|
    +--------+----------+----------+------------+
    |ap_clk  |  10.00 ns|  7.396 ns|     2.70 ns|
    +--------+----------+----------+------------+

+ Latency: 
    * Summary: 
    +---------+---------+----------+----------+-----+-----+---------+
    |  Latency (cycles) |  Latency (absolute) |  Interval | Pipeline|
    |   min   |   max   |    min   |    max   | min | max |   Type  |
    +---------+---------+----------+----------+-----+-----+---------+
    |        ?|        ?|         ?|         ?|    ?|    ?|       no|
    +---------+---------+----------+----------+-----+-----+---------+

    + Detail: 
        * Instance: 
        +-------------------------------------------------------------------+---------------------------------------------------------+---------+---------+----------+----------+-----+-----+-------------------+
        |                                                                   |                                                         |  Latency (cycles) |  Latency (absolute) |  Interval |      Pipeline     |
        |                              Instance                             |                          Module                         |   min   |   max   |    min   |    max   | min | max |        Type       |
        +-------------------------------------------------------------------+---------------------------------------------------------+---------+---------+----------+----------+-----+-----+-------------------+
        |grp_copy_stage_1_Pipeline_VITIS_LOOP_221_1_VITIS_LOOP_222_2_fu_36  |copy_stage_1_Pipeline_VITIS_LOOP_221_1_VITIS_LOOP_222_2  |        ?|        ?|         ?|         ?|    0|    0|  loop pipeline stp|
        +-------------------------------------------------------------------+---------------------------------------------------------+---------+---------+----------+----------+-----+-----+-------------------+

        * Loop: 
        N/A



================================================================
== Utilization Estimates
================================================================
* Summary: 
+-----------------+---------+-----+--------+-------+-----+
|       Name      | BRAM_18K| DSP |   FF   |  LUT  | URAM|
+-----------------+---------+-----+--------+-------+-----+
|DSP              |        -|    -|       -|      -|    -|
|Expression       |        -|    -|       0|    142|    -|
|FIFO             |        -|    -|       -|      -|    -|
|Instance         |        -|    4|     344|    455|    -|
|Memory           |        -|    -|       -|      -|    -|
|Multiplexer      |        -|    -|       0|     34|    -|
|Register         |        -|    -|     162|      -|    -|
+-----------------+---------+-----+--------+-------+-----+
|Total            |        0|    4|     506|    631|    0|
+-----------------+---------+-----+--------+-------+-----+
|Available        |      280|  220|  106400|  53200|    0|
+-----------------+---------+-----+--------+-------+-----+
|Utilization (%)  |        0|    1|      ~0|      1|    0|
+-----------------+---------+-----+--------+-------+-----+

+ Detail: 
    * Instance: 
    +-------------------------------------------------------------------+---------------------------------------------------------+---------+----+-----+-----+-----+
    |                              Instance                             |                          Module                         | BRAM_18K| DSP|  FF | LUT | URAM|
    +-------------------------------------------------------------------+---------------------------------------------------------+---------+----+-----+-----+-----+
    |grp_copy_stage_1_Pipeline_VITIS_LOOP_221_1_VITIS_LOOP_222_2_fu_36  |copy_stage_1_Pipeline_VITIS_LOOP_221_1_VITIS_LOOP_222_2  |        0|   0|  203|  407|    0|
    |mul_31ns_31ns_62_2_1_U39                                           |mul_31ns_31ns_62_2_1                                     |        0|   4|  141|   48|    0|
    +-------------------------------------------------------------------+---------------------------------------------------------+---------+----+-----+-----+-----+
    |Total                                                              |                                                         |        0|   4|  344|  455|    0|
    +-------------------------------------------------------------------+---------------------------------------------------------+---------+----+-----+-----+-----+

    * DSP: 
    N/A

    * Memory: 
    N/A

    * FIFO: 
    N/A

    * Expression: 
    +-------------------+----------+----+---+----+------------+------------+
    |   Variable Name   | Operation| DSP| FF| LUT| Bitwidth P0| Bitwidth P1|
    +-------------------+----------+----+---+----+------------+------------+
    |empty_23_fu_59_p2  |      icmp|   0|  0|  39|          32|           1|
    |empty_24_fu_73_p2  |      icmp|   0|  0|  39|          32|           1|
    |ap_block_state1    |        or|   0|  0|   2|           1|           1|
    |smax1_fu_79_p3     |    select|   0|  0|  31|           1|          31|
    |smax_fu_65_p3      |    select|   0|  0|  31|           1|          31|
    +-------------------+----------+----+---+----+------------+------------+
    |Total              |          |   0|  0| 142|          67|          65|
    +-------------------+----------+----+---+----+------------+------------+

    * Multiplexer: 
    +-----------+----+-----------+-----+-----------+
    |    Name   | LUT| Input Size| Bits| Total Bits|
    +-----------+----+-----------+-----+-----------+
    |ap_NS_fsm  |  25|          5|    1|          5|
    |ap_done    |   9|          2|    1|          2|
    +-----------+----+-----------+-----+-----------+
    |Total      |  34|          7|    2|          7|
    +-----------+----+-----------+-----+-----------+

    * Register: 
    +--------------------------------------------------------------------------------+----+----+-----+-----------+
    |                                      Name                                      | FF | LUT| Bits| Const Bits|
    +--------------------------------------------------------------------------------+----+----+-----+-----------+
    |ap_CS_fsm                                                                       |   4|   0|    4|          0|
    |ap_done_reg                                                                     |   1|   0|    1|          0|
    |bound_reg_120                                                                   |  62|   0|   62|          0|
    |grp_copy_stage_1_Pipeline_VITIS_LOOP_221_1_VITIS_LOOP_222_2_fu_36_ap_start_reg  |   1|   0|    1|          0|
    |p_read_3_reg_95                                                                 |  32|   0|   32|          0|
    |smax1_reg_105                                                                   |  31|   0|   31|          0|
    |smax_reg_100                                                                    |  31|   0|   31|          0|
    +--------------------------------------------------------------------------------+----+----+-----+-----------+
    |Total                                                                           | 162|   0|  162|          0|
    +--------------------------------------------------------------------------------+----+----+-----+-----------+



================================================================
== Interface
================================================================
* Summary: 
+-------------------+-----+-----+------------+--------------+--------------+
|     RTL Ports     | Dir | Bits|  Protocol  | Source Object|    C Type    |
+-------------------+-----+-----+------------+--------------+--------------+
|ap_clk             |   in|    1|  ap_ctrl_hs|  copy_stage.1|  return value|
|ap_rst             |   in|    1|  ap_ctrl_hs|  copy_stage.1|  return value|
|ap_start           |   in|    1|  ap_ctrl_hs|  copy_stage.1|  return value|
|ap_done            |  out|    1|  ap_ctrl_hs|  copy_stage.1|  return value|
|ap_continue        |   in|    1|  ap_ctrl_hs|  copy_stage.1|  return value|
|ap_idle            |  out|    1|  ap_ctrl_hs|  copy_stage.1|  return value|
|ap_ready           |  out|    1|  ap_ctrl_hs|  copy_stage.1|  return value|
|output_r_address0  |  out|   20|   ap_memory|      output_r|         array|
|output_r_ce0       |  out|    1|   ap_memory|      output_r|         array|
|output_r_we0       |  out|    1|   ap_memory|      output_r|         array|
|output_r_d0        |  out|    8|   ap_memory|      output_r|         array|
|p_read             |   in|   32|     ap_none|        p_read|        scalar|
|p_read1            |   in|   32|     ap_none|       p_read1|        scalar|
|stage1_address0    |  out|   20|   ap_memory|        stage1|         array|
|stage1_ce0         |  out|    1|   ap_memory|        stage1|         array|
|stage1_q0          |   in|    8|   ap_memory|        stage1|         array|
+-------------------+-----+-----+------------+--------------+--------------+

============================================================
+ Verbose Summary: Synthesis Manager
============================================================
InlineROM: 1
ExposeGlobal: 0
============================================================
+ Verbose Summary: CDFG Model
============================================================
IsTopModel: 0
ResetActiveHigh: 1
IsCombinational: 2
IsDatapathOnly: 0
HasWiredReturn: 1
HasMFsm: 0
HasVarLatency: 1
IsPipeline: 0
IsRtlPipelined: 0
IsInstanceOverlapped: 0
IsDontTouch: 0
HasImplIP: 0
IsGatedGlobalClock: 0


============================================================
+ Verbose Summary: Schedule
============================================================
* Number of FSM states : 4
* Pipeline : 0
* Dataflow Pipeline: 0

* FSM state transitions: 
1 --> 2 
2 --> 3 
3 --> 4 
4 --> 

* FSM state operations: 

State 1 <SV = 0> <Delay = 6.91>
ST_1 : Operation 5 [1/1] (3.63ns)   --->   "%p_read_2 = read i32 @_ssdm_op_Read.ap_auto.i32, i32 %p_read1"   --->   Operation 5 'read' 'p_read_2' <Predicate = true> <Delay = 3.63> <CoreInst = "FIFO_SRL">   --->   Core 80 'FIFO_SRL' <Latency = 0> <II = 1> <Delay = 3.63> <Storage> <Opcode : 'read' 'write' 'nbread' 'nbwrite'> <Ports = 0> <Width = 32> <Depth = 2> <FIFO>
ST_1 : Operation 6 [1/1] (3.63ns)   --->   "%p_read_3 = read i32 @_ssdm_op_Read.ap_auto.i32, i32 %p_read"   --->   Operation 6 'read' 'p_read_3' <Predicate = true> <Delay = 3.63> <CoreInst = "FIFO_SRL">   --->   Core 80 'FIFO_SRL' <Latency = 0> <II = 1> <Delay = 3.63> <Storage> <Opcode : 'read' 'write' 'nbread' 'nbwrite'> <Ports = 0> <Width = 32> <Depth = 2> <FIFO>
ST_1 : Operation 7 [1/1] (0.00ns)   --->   "%empty = trunc i32 %p_read_3"   --->   Operation 7 'trunc' 'empty' <Predicate = true> <Delay = 0.00>
ST_1 : Operation 8 [1/1] (0.00ns)   --->   "%empty_22 = trunc i32 %p_read_2"   --->   Operation 8 'trunc' 'empty_22' <Predicate = true> <Delay = 0.00>
ST_1 : Operation 9 [1/1] (2.55ns)   --->   "%empty_23 = icmp_sgt  i32 %p_read_2, i32 0"   --->   Operation 9 'icmp' 'empty_23' <Predicate = true> <Delay = 2.55> <CoreInst = "Cmp">   --->   Core 9 'Cmp' <Latency = 0> <II = 1> <Delay = 2.55> <FuncUnit> <Opcode : 'seteq' 'setne' 'setle' 'setge' 'setlt' 'setgt'> <InPorts = 2> <OutPorts = 1>
ST_1 : Operation 10 [1/1] (0.73ns)   --->   "%smax = select i1 %empty_23, i31 %empty_22, i31 0"   --->   Operation 10 'select' 'smax' <Predicate = true> <Delay = 0.73> <CoreInst = "Sel">   --->   Core 73 'Sel' <Latency = 0> <II = 1> <Delay = 0.73> <FuncUnit> <Opcode : 'select'> <InPorts = 3> <OutPorts = 1>
ST_1 : Operation 11 [1/1] (2.55ns)   --->   "%empty_24 = icmp_sgt  i32 %p_read_3, i32 0"   --->   Operation 11 'icmp' 'empty_24' <Predicate = true> <Delay = 2.55> <CoreInst = "Cmp">   --->   Core 9 'Cmp' <Latency = 0> <II = 1> <Delay = 2.55> <FuncUnit> <Opcode : 'seteq' 'setne' 'setle' 'setge' 'setlt' 'setgt'> <InPorts = 2> <OutPorts = 1>
ST_1 : Operation 12 [1/1] (0.73ns)   --->   "%smax1 = select i1 %empty_24, i31 %empty, i31 0"   --->   Operation 12 'select' 'smax1' <Predicate = true> <Delay = 0.73> <CoreInst = "Sel">   --->   Core 73 'Sel' <Latency = 0> <II = 1> <Delay = 0.73> <FuncUnit> <Opcode : 'select'> <InPorts = 3> <OutPorts = 1>

State 2 <SV = 1> <Delay = 6.91>
ST_2 : Operation 13 [1/1] (0.00ns)   --->   "%smax_cast = zext i31 %smax"   --->   Operation 13 'zext' 'smax_cast' <Predicate = true> <Delay = 0.00>
ST_2 : Operation 14 [1/1] (0.00ns)   --->   "%smax1_cast = zext i31 %smax1"   --->   Operation 14 'zext' 'smax1_cast' <Predicate = true> <Delay = 0.00>
ST_2 : Operation 15 [2/2] (6.91ns)   --->   "%bound = mul i62 %smax_cast, i62 %smax1_cast"   --->   Operation 15 'mul' 'bound' <Predicate = true> <Delay = 6.91> <CoreInst = "Multiplier">   --->   Core 3 'Multiplier' <Latency = 1> <II = 1> <Delay = 6.91> <FuncUnit> <Opcode : 'mul'> <InPorts = 2> <OutPorts = 1>

State 3 <SV = 2> <Delay = 6.91>
ST_3 : Operation 16 [1/2] (6.91ns)   --->   "%bound = mul i62 %smax_cast, i62 %smax1_cast"   --->   Operation 16 'mul' 'bound' <Predicate = true> <Delay = 6.91> <CoreInst = "Multiplier">   --->   Core 3 'Multiplier' <Latency = 1> <II = 1> <Delay = 6.91> <FuncUnit> <Opcode : 'mul'> <InPorts = 2> <OutPorts = 1>
ST_3 : Operation 17 [2/2] (0.00ns)   --->   "%call_ln0 = call void @copy_stage.1_Pipeline_VITIS_LOOP_221_1_VITIS_LOOP_222_2, i62 %bound, i32 %p_read_3, i8 %output_r, i8 %stage1"   --->   Operation 17 'call' 'call_ln0' <Predicate = true> <Delay = 0.00> <CoreType = "Generic">   --->   Generic Core

State 4 <SV = 3> <Delay = 0.00>
ST_4 : Operation 18 [1/1] (0.00ns)   --->   "%specinterface_ln0 = specinterface void @_ssdm_op_SpecInterface, i8 %output_r, void @empty, i32 0, i32 0, void @empty_0, i32 4294967295, i32 0, void @empty_0, void @empty_0, void @empty_0, i32 0, i32 0, i32 0, i32 0, void @empty_0, void @empty_0, i32 4294967295, i32 0, i32 0, i32 0"   --->   Operation 18 'specinterface' 'specinterface_ln0' <Predicate = true> <Delay = 0.00>
ST_4 : Operation 19 [1/2] (0.00ns)   --->   "%call_ln0 = call void @copy_stage.1_Pipeline_VITIS_LOOP_221_1_VITIS_LOOP_222_2, i62 %bound, i32 %p_read_3, i8 %output_r, i8 %stage1"   --->   Operation 19 'call' 'call_ln0' <Predicate = true> <Delay = 0.00> <CoreType = "Generic">   --->   Generic Core
ST_4 : Operation 20 [1/1] (0.00ns)   --->   "%ret_ln0 = ret"   --->   Operation 20 'ret' 'ret_ln0' <Predicate = true> <Delay = 0.00>


============================================================
+ Verbose Summary: Binding
============================================================
STG Binding: 
---------------- STG Properties BEGIN ----------------
- Is combinational: 0
- Is one-state seq: 0
- Is datapath-only: 0
- Is pipelined: 0
- Is top level: 0
Port [ Return ] is wired: 1; IO mode=ap_ctrl_hs:ce=0
Port [ output_r]:  wired=1; compound=1; hidden=0; nouse=0; global=0; static=0; extern=0; dir=1; type=1; pingpong=0; private_global=0; MemPort=[03]; IO mode=ap_memory:ce=0
Port [ p_read]:  wired=1; compound=0; hidden=0; nouse=0; global=0; static=0; extern=0; dir=0; type=0; pingpong=0; private_global=0; IO mode=ap_none:ce=0
Port [ p_read1]:  wired=1; compound=0; hidden=0; nouse=0; global=0; static=0; extern=0; dir=0; type=0; pingpong=0; private_global=0; IO mode=ap_none:ce=0
Port [ stage1]:  wired=1; compound=1; hidden=0; nouse=0; global=1; static=1; extern=0; dir=0; type=1; pingpong=1; private_global=0; MemPort=[13]; IO mode=ap_memory:ce=0
---------------- STG Properties END ------------------

---------------- Datapath Model BEGIN ----------------

<LifeTime>
<method=bitvector/>
p_read_2          (read         ) [ 00000]
p_read_3          (read         ) [ 00111]
empty             (trunc        ) [ 00000]
empty_22          (trunc        ) [ 00000]
empty_23          (icmp         ) [ 00000]
smax              (select       ) [ 00100]
empty_24          (icmp         ) [ 00000]
smax1             (select       ) [ 00100]
smax_cast         (zext         ) [ 00010]
smax1_cast        (zext         ) [ 00010]
bound             (mul          ) [ 00001]
specinterface_ln0 (specinterface) [ 00000]
call_ln0          (call         ) [ 00000]
ret_ln0           (ret          ) [ 00000]
</LifeTime>

<model>

<comp_list>
<comp id="0" class="1000" name="output_r">
<pin_list>
<pin id="1" dir="1" index="0" bw="1" slack="0"/>
</pin_list>
<bind>
<StgValue><ssdm name="output_r"/><MemPortTyVec>0 3 </MemPortTyVec>
</StgValue>
</bind>
</comp>

<comp id="2" class="1000" name="p_read">
<pin_list>
<pin id="3" dir="1" index="0" bw="1" slack="0"/>
</pin_list>
<bind>
<StgValue><ssdm name="p_read"/></StgValue>
</bind>
</comp>

<comp id="4" class="1000" name="p_read1">
<pin_list>
<pin id="5" dir="1" index="0" bw="1" slack="0"/>
</pin_list>
<bind>
<StgValue><ssdm name="p_read1"/></StgValue>
</bind>
</comp>

<comp id="6" class="1000" name="stage1">
<pin_list>
<pin id="7" dir="1" index="0" bw="1" slack="0"/>
</pin_list>
<bind>
<StgValue><ssdm name="stage1"/><MemPortTyVec>1 3 </MemPortTyVec>
</StgValue>
</bind>
</comp>

<comp id="8" class="1001" name="const_8">
<pin_list>
<pin id="9" dir="1" index="0" bw="1" slack="0"/>
</pin_list>
<bind>
<StgValue><ssdm name="_ssdm_op_Read.ap_auto.i32"/></StgValue>
</bind>
</comp>

<comp id="10" class="1001" name="const_10">
<pin_list>
<pin id="11" dir="1" index="0" bw="1" slack="0"/>
</pin_list>
<bind>
<StgValue><ssdm name=""/></StgValue>
</bind>
</comp>

<comp id="12" class="1001" name="const_12">
<pin_list>
<pin id="13" dir="1" index="0" bw="1" slack="0"/>
</pin_list>
<bind>
<StgValue><ssdm name=""/></StgValue>
</bind>
</comp>

<comp id="14" class="1001" name="const_14">
<pin_list>
<pin id="15" dir="1" index="0" bw="1" slack="0"/>
</pin_list>
<bind>
<StgValue><ssdm name="copy_stage.1_Pipeline_VITIS_LOOP_221_1_VITIS_LOOP_222_2"/></StgValue>
</bind>
</comp>

<comp id="16" class="1001" name="const_16">
<pin_list>
<pin id="17" dir="1" index="0" bw="1" slack="2147483647"/>
</pin_list>
<bind>
<StgValue><ssdm name="_ssdm_op_SpecInterface"/></StgValue>
</bind>
</comp>

<comp id="18" class="1001" name="const_18">
<pin_list>
<pin id="19" dir="1" index="0" bw="1" slack="2147483647"/>
</pin_list>
<bind>
<StgValue><ssdm name="empty"/></StgValue>
</bind>
</comp>

<comp id="20" class="1001" name="const_20">
<pin_list>
<pin id="21" dir="1" index="0" bw="1" slack="2147483647"/>
</pin_list>
<bind>
<StgValue><ssdm name="empty_0"/></StgValue>
</bind>
</comp>

<comp id="22" class="1001" name="const_22">
<pin_list>
<pin id="23" dir="1" index="0" bw="1" slack="2147483647"/>
</pin_list>
<bind>
<StgValue><ssdm name=""/></StgValue>
</bind>
</comp>

<comp id="24" class="1004" name="p_read_2_read_fu_24">
<pin_list>
<pin id="25" dir="0" index="0" bw="32" slack="0"/>
<pin id="26" dir="0" index="1" bw="32" slack="0"/>
<pin id="27" dir="1" index="2" bw="32" slack="0"/>
</pin_list>
<bind>
<opcode="read(1150) " fcode="read"/>
<opset="p_read_2/1 "/>
</bind>
</comp>

<comp id="30" class="1004" name="p_read_3_read_fu_30">
<pin_list>
<pin id="31" dir="0" index="0" bw="32" slack="0"/>
<pin id="32" dir="0" index="1" bw="32" slack="0"/>
<pin id="33" dir="1" index="2" bw="32" slack="0"/>
</pin_list>
<bind>
<opcode="read(1150) " fcode="read"/>
<opset="p_read_3/1 "/>
</bind>
</comp>

<comp id="36" class="1004" name="grp_copy_stage_1_Pipeline_VITIS_LOOP_221_1_VITIS_LOOP_222_2_fu_36">
<pin_list>
<pin id="37" dir="0" index="0" bw="0" slack="0"/>
<pin id="38" dir="0" index="1" bw="62" slack="0"/>
<pin id="39" dir="0" index="2" bw="32" slack="2"/>
<pin id="40" dir="0" index="3" bw="8" slack="0"/>
<pin id="41" dir="0" index="4" bw="8" slack="0"/>
<pin id="42" dir="1" index="5" bw="0" slack="2147483647"/>
</pin_list>
<bind>
<opcode="call(48) " fcode="call"/>
<opset="call_ln0/3 "/>
</bind>
</comp>

<comp id="46" class="1004" name="grp_fu_46">
<pin_list>
<pin id="47" dir="0" index="0" bw="31" slack="0"/>
<pin id="48" dir="0" index="1" bw="31" slack="0"/>
<pin id="49" dir="1" index="2" bw="62" slack="0"/>
</pin_list>
<bind>
<opcode="mul(12) " fcode="mul"/>
<opset="bound/2 "/>
</bind>
</comp>

<comp id="51" class="1004" name="empty_fu_51">
<pin_list>
<pin id="52" dir="0" index="0" bw="32" slack="0"/>
<pin id="53" dir="1" index="1" bw="31" slack="0"/>
</pin_list>
<bind>
<opcode="trunc(33) " fcode="trunc"/>
<opset="empty/1 "/>
</bind>
</comp>

<comp id="55" class="1004" name="empty_22_fu_55">
<pin_list>
<pin id="56" dir="0" index="0" bw="32" slack="0"/>
<pin id="57" dir="1" index="1" bw="31" slack="0"/>
</pin_list>
<bind>
<opcode="trunc(33) " fcode="trunc"/>
<opset="empty_22/1 "/>
</bind>
</comp>

<comp id="59" class="1004" name="empty_23_fu_59">
<pin_list>
<pin id="60" dir="0" index="0" bw="32" slack="0"/>
<pin id="61" dir="0" index="1" bw="32" slack="0"/>
<pin id="62" dir="1" index="2" bw="1" slack="0"/>
</pin_list>
<bind>
<opcode="icmp(45) " fcode="icmp"/>
<opset="empty_23/1 "/>
</bind>
</comp>

<comp id="65" class="1004" name="smax_fu_65">
<pin_list>
<pin id="66" dir="0" index="0" bw="1" slack="0"/>
<pin id="67" dir="0" index="1" bw="31" slack="0"/>
<pin id="68" dir="0" index="2" bw="31" slack="0"/>
<pin id="69" dir="1" index="3" bw="31" slack="1"/>
</pin_list>
<bind>
<opcode="select(49) " fcode="select"/>
<opset="smax/1 "/>
</bind>
</comp>

<comp id="73" class="1004" name="empty_24_fu_73">
<pin_list>
<pin id="74" dir="0" index="0" bw="32" slack="0"/>
<pin id="75" dir="0" index="1" bw="32" slack="0"/>
<pin id="76" dir="1" index="2" bw="1" slack="0"/>
</pin_list>
<bind>
<opcode="icmp(45) " fcode="icmp"/>
<opset="empty_24/1 "/>
</bind>
</comp>

<comp id="79" class="1004" name="smax1_fu_79">
<pin_list>
<pin id="80" dir="0" index="0" bw="1" slack="0"/>
<pin id="81" dir="0" index="1" bw="31" slack="0"/>
<pin id="82" dir="0" index="2" bw="31" slack="0"/>
<pin id="83" dir="1" index="3" bw="31" slack="1"/>
</pin_list>
<bind>
<opcode="select(49) " fcode="select"/>
<opset="smax1/1 "/>
</bind>
</comp>

<comp id="87" class="1004" name="smax_cast_fu_87">
<pin_list>
<pin id="88" dir="0" index="0" bw="31" slack="1"/>
<pin id="89" dir="1" index="1" bw="62" slack="0"/>
</pin_list>
<bind>
<opcode="zext(34) " fcode="zext"/>
<opset="smax_cast/2 "/>
</bind>
</comp>

<comp id="91" class="1004" name="smax1_cast_fu_91">
<pin_list>
<pin id="92" dir="0" index="0" bw="31" slack="1"/>
<pin id="93" dir="1" index="1" bw="62" slack="0"/>
</pin_list>
<bind>
<opcode="zext(34) " fcode="zext"/>
<opset="smax1_cast/2 "/>
</bind>
</comp>

<comp id="95" class="1005" name="p_read_3_reg_95">
<pin_list>
<pin id="96" dir="0" index="0" bw="32" slack="2"/>
<pin id="97" dir="1" index="1" bw="32" slack="2"/>
</pin_list>
<bind>
<opset="p_read_3 "/>
</bind>
</comp>

<comp id="100" class="1005" name="smax_reg_100">
<pin_list>
<pin id="101" dir="0" index="0" bw="31" slack="1"/>
<pin id="102" dir="1" index="1" bw="31" slack="1"/>
</pin_list>
<bind>
<opset="smax "/>
</bind>
</comp>

<comp id="105" class="1005" name="smax1_reg_105">
<pin_list>
<pin id="106" dir="0" index="0" bw="31" slack="1"/>
<pin id="107" dir="1" index="1" bw="31" slack="1"/>
</pin_list>
<bind>
<opset="smax1 "/>
</bind>
</comp>

<comp id="110" class="1005" name="smax_cast_reg_110">
<pin_list>
<pin id="111" dir="0" index="0" bw="62" slack="1"/>
<pin id="112" dir="1" index="1" bw="62" slack="1"/>
</pin_list>
<bind>
<opset="smax_cast "/>
</bind>
</comp>

<comp id="115" class="1005" name="smax1_cast_reg_115">
<pin_list>
<pin id="116" dir="0" index="0" bw="62" slack="1"/>
<pin id="117" dir="1" index="1" bw="62" slack="1"/>
</pin_list>
<bind>
<opset="smax1_cast "/>
</bind>
</comp>

<comp id="120" class="1005" name="bound_reg_120">
<pin_list>
<pin id="121" dir="0" index="0" bw="62" slack="1"/>
<pin id="122" dir="1" index="1" bw="62" slack="1"/>
</pin_list>
<bind>
<opset="bound "/>
</bind>
</comp>

</comp_list>

<net_list>
<net id="28"><net_src comp="8" pin="0"/><net_sink comp="24" pin=0"/></net>

<net id="29"><net_src comp="4" pin="0"/><net_sink comp="24" pin=1"/></net>

<net id="34"><net_src comp="8" pin="0"/><net_sink comp="30" pin=0"/></net>

<net id="35"><net_src comp="2" pin="0"/><net_sink comp="30" pin=1"/></net>

<net id="43"><net_src comp="14" pin="0"/><net_sink comp="36" pin=0"/></net>

<net id="44"><net_src comp="0" pin="0"/><net_sink comp="36" pin=3"/></net>

<net id="45"><net_src comp="6" pin="0"/><net_sink comp="36" pin=4"/></net>

<net id="50"><net_src comp="46" pin="2"/><net_sink comp="36" pin=1"/></net>

<net id="54"><net_src comp="30" pin="2"/><net_sink comp="51" pin=0"/></net>

<net id="58"><net_src comp="24" pin="2"/><net_sink comp="55" pin=0"/></net>

<net id="63"><net_src comp="24" pin="2"/><net_sink comp="59" pin=0"/></net>

<net id="64"><net_src comp="10" pin="0"/><net_sink comp="59" pin=1"/></net>

<net id="70"><net_src comp="59" pin="2"/><net_sink comp="65" pin=0"/></net>

<net id="71"><net_src comp="55" pin="1"/><net_sink comp="65" pin=1"/></net>

<net id="72"><net_src comp="12" pin="0"/><net_sink comp="65" pin=2"/></net>

<net id="77"><net_src comp="30" pin="2"/><net_sink comp="73" pin=0"/></net>

<net id="78"><net_src comp="10" pin="0"/><net_sink comp="73" pin=1"/></net>

<net id="84"><net_src comp="73" pin="2"/><net_sink comp="79" pin=0"/></net>

<net id="85"><net_src comp="51" pin="1"/><net_sink comp="79" pin=1"/></net>

<net id="86"><net_src comp="12" pin="0"/><net_sink comp="79" pin=2"/></net>

<net id="90"><net_src comp="87" pin="1"/><net_sink comp="46" pin=0"/></net>

<net id="94"><net_src comp="91" pin="1"/><net_sink comp="46" pin=1"/></net>

<net id="98"><net_src comp="30" pin="2"/><net_sink comp="95" pin=0"/></net>

<net id="99"><net_src comp="95" pin="1"/><net_sink comp="36" pin=2"/></net>

<net id="103"><net_src comp="65" pin="3"/><net_sink comp="100" pin=0"/></net>

<net id="104"><net_src comp="100" pin="1"/><net_sink comp="87" pin=0"/></net>

<net id="108"><net_src comp="79" pin="3"/><net_sink comp="105" pin=0"/></net>

<net id="109"><net_src comp="105" pin="1"/><net_sink comp="91" pin=0"/></net>

<net id="113"><net_src comp="87" pin="1"/><net_sink comp="110" pin=0"/></net>

<net id="114"><net_src comp="110" pin="1"/><net_sink comp="46" pin=0"/></net>

<net id="118"><net_src comp="91" pin="1"/><net_sink comp="115" pin=0"/></net>

<net id="119"><net_src comp="115" pin="1"/><net_sink comp="46" pin=1"/></net>

<net id="123"><net_src comp="46" pin="2"/><net_sink comp="120" pin=0"/></net>

<net id="124"><net_src comp="120" pin="1"/><net_sink comp="36" pin=1"/></net>

</net_list>

</model> 
---------------- Datapath Model END ------------------

* FSMD analyzer results:
  - Output states:
	Port: output_r | {3 4 }
	Port: stage1 | {}
 - Input state : 
	Port: copy_stage.1 : output_r | {}
	Port: copy_stage.1 : p_read | {1 }
	Port: copy_stage.1 : p_read1 | {1 }
	Port: copy_stage.1 : stage1 | {3 4 }
  - Chain level:
	State 1
		smax : 1
		smax1 : 1
	State 2
		bound : 1
	State 3
		call_ln0 : 1
	State 4


============================================================
+ Verbose Summary: Datapath Resource usage 
============================================================

* Functional unit list:
|----------|-------------------------------------------------------------------|---------|---------|---------|---------|
| Operation|                          Functional Unit                          |   DSP   |  Delay  |    FF   |   LUT   |
|----------|-------------------------------------------------------------------|---------|---------|---------|---------|
|   call   | grp_copy_stage_1_Pipeline_VITIS_LOOP_221_1_VITIS_LOOP_222_2_fu_36 |    0    |  1.588  |   354   |   351   |
|----------|-------------------------------------------------------------------|---------|---------|---------|---------|
|    mul   |                             grp_fu_46                             |    4    |    0    |   141   |    48   |
|----------|-------------------------------------------------------------------|---------|---------|---------|---------|
|   icmp   |                           empty_23_fu_59                          |    0    |    0    |    0    |    39   |
|          |                           empty_24_fu_73                          |    0    |    0    |    0    |    39   |
|----------|-------------------------------------------------------------------|---------|---------|---------|---------|
|  select  |                             smax_fu_65                            |    0    |    0    |    0    |    31   |
|          |                            smax1_fu_79                            |    0    |    0    |    0    |    31   |
|----------|-------------------------------------------------------------------|---------|---------|---------|---------|
|   read   |                        p_read_2_read_fu_24                        |    0    |    0    |    0    |    0    |
|          |                        p_read_3_read_fu_30                        |    0    |    0    |    0    |    0    |
|----------|-------------------------------------------------------------------|---------|---------|---------|---------|
|   trunc  |                            empty_fu_51                            |    0    |    0    |    0    |    0    |
|          |                           empty_22_fu_55                          |    0    |    0    |    0    |    0    |
|----------|-------------------------------------------------------------------|---------|---------|---------|---------|
|   zext   |                          smax_cast_fu_87                          |    0    |    0    |    0    |    0    |
|          |                          smax1_cast_fu_91                         |    0    |    0    |    0    |    0    |
|----------|-------------------------------------------------------------------|---------|---------|---------|---------|
|   Total  |                                                                   |    4    |  1.588  |   495   |   539   |
|----------|-------------------------------------------------------------------|---------|---------|---------|---------|

Memories:
N/A

* Register list:
+------------------+--------+
|                  |   FF   |
+------------------+--------+
|   bound_reg_120  |   62   |
|  p_read_3_reg_95 |   32   |
|smax1_cast_reg_115|   62   |
|   smax1_reg_105  |   31   |
| smax_cast_reg_110|   62   |
|   smax_reg_100   |   31   |
+------------------+--------+
|       Total      |   280  |
+------------------+--------+

* Multiplexer (MUX) list: 
|-------------------------------------------------------------------|------|------|------|--------||---------||---------||---------|
|                                Comp                               |  Pin | Size |  BW  | S x BW ||  Delay  ||    FF   ||   LUT   |
|-------------------------------------------------------------------|------|------|------|--------||---------||---------||---------|
| grp_copy_stage_1_Pipeline_VITIS_LOOP_221_1_VITIS_LOOP_222_2_fu_36 |  p1  |   2  |  62  |   124  ||    0    ||    9    |
|                             grp_fu_46                             |  p0  |   2  |  31  |   62   ||    0    ||    9    |
|                             grp_fu_46                             |  p1  |   2  |  31  |   62   ||    0    ||    9    |
|-------------------------------------------------------------------|------|------|------|--------||---------||---------||---------|
|                               Total                               |      |      |      |   248  ||  4.764  ||    0    ||    27   |
|-------------------------------------------------------------------|------|------|------|--------||---------||---------||---------|



* Summary:
+-----------+--------+--------+--------+--------+
|           |   DSP  |  Delay |   FF   |   LUT  |
+-----------+--------+--------+--------+--------+
|  Function |    4   |    1   |   495  |   539  |
|   Memory  |    -   |    -   |    -   |    -   |
|Multiplexer|    -   |    4   |    0   |   27   |
|  Register |    -   |    -   |   280  |    -   |
+-----------+--------+--------+--------+--------+
|   Total   |    4   |    6   |   775  |   566  |
+-----------+--------+--------+--------+--------+
