

================================================================
== Vitis HLS Report for 'copy_stage_Pipeline_VITIS_LOOP_221_1_VITIS_LOOP_222_2'
================================================================
* Date:           Fri Apr 24 19:31:34 2026

* Version:        2025.2 (Build 6295257 on Nov 14 2025)
* Project:        blur_opt_dataflow_proj
* Solution:       solution1 (Vivado IP Flow Target)
* Product family: zynq
* Target device:  xc7z020-clg400-1


================================================================
== Performance Estimates
================================================================
+ Timing: 
    * Summary: 
    +--------+----------+----------+------------+
    |  Clock |  Target  | Estimated| Uncertainty|
    +--------+----------+----------+------------+
    |ap_clk  |  10.00 ns|  7.396 ns|     2.70 ns|
    +--------+----------+----------+------------+

+ Latency: 
    * Summary: 
    +---------+---------+----------+----------+-----+-----+-------------------+
    |  Latency (cycles) |  Latency (absolute) |  Interval |      Pipeline     |
    |   min   |   max   |    min   |    max   | min | max |        Type       |
    +---------+---------+----------+----------+-----+-----+-------------------+
    |        ?|        ?|         ?|         ?|    0|    0|  loop pipeline stp|
    +---------+---------+----------+----------+-----+-----+-------------------+

    + Detail: 
        * Instance: 
        N/A

        * Loop: 
        +-------------------------------------+---------+---------+----------+-----------+-----------+------+----------+
        |                                     |  Latency (cycles) | Iteration|  Initiation Interval  | Trip |          |
        |              Loop Name              |   min   |   max   |  Latency |  achieved |   target  | Count| Pipelined|
        +-------------------------------------+---------+---------+----------+-----------+-----------+------+----------+
        |- VITIS_LOOP_221_1_VITIS_LOOP_222_2  |        ?|        ?|         3|          1|          1|     ?|       yes|
        +-------------------------------------+---------+---------+----------+-----------+-----------+------+----------+

============================================================
+ Verbose Summary: Synthesis Manager
============================================================
InlineROM: 1
ExposeGlobal: 0
============================================================
+ Verbose Summary: CDFG Model
============================================================
IsTopModel: 0
ResetActiveHigh: 1
IsCombinational: 0
IsDatapathOnly: 0
HasWiredReturn: 1
HasMFsm: 2
HasVarLatency: 1
IsPipeline: 0
IsRtlPipelined: 0
IsInstanceOverlapped: 0
IsDontTouch: 0
HasImplIP: 0
IsGatedGlobalClock: 0

+ Individual pipeline summary: 
  * Pipeline-0: initiation interval (II) = 1, depth = 4


============================================================
+ Verbose Summary: Schedule
============================================================
* Number of FSM states : 4
* Pipeline : 1
  Pipeline-0 : II = 1, D = 4, States = { 1 2 3 4 }
* Dataflow Pipeline: 0

* FSM state transitions: 
1 --> 2 
2 --> 3 
3 --> 4 
4 --> 

* FSM state operations: 

State 1 <SV = 0> <Delay = 1.58>
ST_1 : Operation 6 [1/1] (0.00ns)   --->   "%x = alloca i32 1" [blur_opt.cpp:222]   --->   Operation 6 'alloca' 'x' <Predicate = true> <Delay = 0.00>
ST_1 : Operation 7 [1/1] (0.00ns)   --->   "%y = alloca i32 1" [blur_opt.cpp:221]   --->   Operation 7 'alloca' 'y' <Predicate = true> <Delay = 0.00>
ST_1 : Operation 8 [1/1] (0.00ns)   --->   "%indvar_flatten = alloca i32 1"   --->   Operation 8 'alloca' 'indvar_flatten' <Predicate = true> <Delay = 0.00>
ST_1 : Operation 9 [1/1] (0.00ns)   --->   "%specinterface_ln0 = specinterface void @_ssdm_op_SpecInterface, i8 %input_r, void @empty, i32 0, i32 0, void @empty_0, i32 4294967295, i32 0, void @empty_0, void @empty_0, void @empty_0, i32 0, i32 0, i32 0, i32 0, void @empty_0, void @empty_0, i32 4294967295, i32 0, i32 0, i32 0"   --->   Operation 9 'specinterface' 'specinterface_ln0' <Predicate = true> <Delay = 0.00>
ST_1 : Operation 10 [1/1] (0.00ns)   --->   "%width_read = read i32 @_ssdm_op_Read.ap_auto.i32, i32 %width"   --->   Operation 10 'read' 'width_read' <Predicate = true> <Delay = 0.00>
ST_1 : Operation 11 [1/1] (0.00ns)   --->   "%bound_read = read i62 @_ssdm_op_Read.ap_auto.i62, i62 %bound"   --->   Operation 11 'read' 'bound_read' <Predicate = true> <Delay = 0.00>
ST_1 : Operation 12 [1/1] (1.58ns)   --->   "%store_ln0 = store i62 0, i62 %indvar_flatten"   --->   Operation 12 'store' 'store_ln0' <Predicate = true> <Delay = 1.58>
ST_1 : Operation 13 [1/1] (1.58ns)   --->   "%store_ln221 = store i31 0, i31 %y" [blur_opt.cpp:221]   --->   Operation 13 'store' 'store_ln221' <Predicate = true> <Delay = 1.58>
ST_1 : Operation 14 [1/1] (1.58ns)   --->   "%store_ln222 = store i31 0, i31 %x" [blur_opt.cpp:222]   --->   Operation 14 'store' 'store_ln222' <Predicate = true> <Delay = 1.58>
ST_1 : Operation 15 [1/1] (0.00ns)   --->   "%br_ln0 = br void %for.inc.i"   --->   Operation 15 'br' 'br_ln0' <Predicate = true> <Delay = 0.00>

State 2 <SV = 1> <Delay = 5.05>
ST_2 : Operation 16 [1/1] (0.00ns)   --->   "%indvar_flatten_load = load i62 %indvar_flatten" [blur_opt.cpp:221]   --->   Operation 16 'load' 'indvar_flatten_load' <Predicate = true> <Delay = 0.00>
ST_2 : Operation 17 [1/1] (3.46ns)   --->   "%icmp_ln221 = icmp_eq  i62 %indvar_flatten_load, i62 %bound_read" [blur_opt.cpp:221]   --->   Operation 17 'icmp' 'icmp_ln221' <Predicate = true> <Delay = 3.46> <CoreInst = "Cmp">   --->   Core 9 'Cmp' <Latency = 0> <II = 1> <Delay = 3.46> <FuncUnit> <Opcode : 'seteq' 'setne' 'setle' 'setge' 'setlt' 'setgt'> <InPorts = 2> <OutPorts = 1>
ST_2 : Operation 18 [1/1] (0.00ns)   --->   "%br_ln221 = br i1 %icmp_ln221, void %for.inc11.i, void %copy_stage.exit.exitStub" [blur_opt.cpp:221]   --->   Operation 18 'br' 'br_ln221' <Predicate = true> <Delay = 0.00>
ST_2 : Operation 19 [1/1] (3.46ns)   --->   "%add_ln221_1 = add i62 %indvar_flatten_load, i62 1" [blur_opt.cpp:221]   --->   Operation 19 'add' 'add_ln221_1' <Predicate = (!icmp_ln221)> <Delay = 3.46> <CoreInst = "Adder">   --->   Core 1 'Adder' <Latency = 0> <II = 1> <Delay = 3.46> <FuncUnit> <Opcode : 'add' 'sub'> <InPorts = 2> <OutPorts = 1>
ST_2 : Operation 20 [1/1] (1.58ns)   --->   "%store_ln221 = store i62 %add_ln221_1, i62 %indvar_flatten" [blur_opt.cpp:221]   --->   Operation 20 'store' 'store_ln221' <Predicate = (!icmp_ln221)> <Delay = 1.58>

State 3 <SV = 2> <Delay = 5.80>
ST_3 : Operation 21 [1/1] (0.00ns)   --->   "%x_load = load i31 %x" [blur_opt.cpp:222]   --->   Operation 21 'load' 'x_load' <Predicate = true> <Delay = 0.00>
ST_3 : Operation 22 [1/1] (0.00ns)   --->   "%y_load = load i31 %y" [blur_opt.cpp:221]   --->   Operation 22 'load' 'y_load' <Predicate = true> <Delay = 0.00>
ST_3 : Operation 23 [1/1] (0.00ns)   --->   "%zext_ln222 = zext i31 %x_load" [blur_opt.cpp:222]   --->   Operation 23 'zext' 'zext_ln222' <Predicate = true> <Delay = 0.00>
ST_3 : Operation 24 [1/1] (2.55ns)   --->   "%icmp_ln222 = icmp_slt  i32 %zext_ln222, i32 %width_read" [blur_opt.cpp:222]   --->   Operation 24 'icmp' 'icmp_ln222' <Predicate = true> <Delay = 2.55> <CoreInst = "Cmp">   --->   Core 9 'Cmp' <Latency = 0> <II = 1> <Delay = 2.55> <FuncUnit> <Opcode : 'seteq' 'setne' 'setle' 'setge' 'setlt' 'setgt'> <InPorts = 2> <OutPorts = 1>
ST_3 : Operation 25 [1/1] (2.52ns)   --->   "%add_ln221 = add i31 %y_load, i31 1" [blur_opt.cpp:221]   --->   Operation 25 'add' 'add_ln221' <Predicate = true> <Delay = 2.52> <CoreInst = "Adder">   --->   Core 1 'Adder' <Latency = 0> <II = 1> <Delay = 2.52> <FuncUnit> <Opcode : 'add' 'sub'> <InPorts = 2> <OutPorts = 1>
ST_3 : Operation 26 [1/1] (0.73ns)   --->   "%select_ln221 = select i1 %icmp_ln222, i31 %x_load, i31 0" [blur_opt.cpp:221]   --->   Operation 26 'select' 'select_ln221' <Predicate = true> <Delay = 0.73> <CoreInst = "Sel">   --->   Core 73 'Sel' <Latency = 0> <II = 1> <Delay = 0.73> <FuncUnit> <Opcode : 'select'> <InPorts = 3> <OutPorts = 1>
ST_3 : Operation 27 [1/1] (0.73ns)   --->   "%select_ln221_1 = select i1 %icmp_ln222, i31 %y_load, i31 %add_ln221" [blur_opt.cpp:221]   --->   Operation 27 'select' 'select_ln221_1' <Predicate = true> <Delay = 0.73> <CoreInst = "Sel">   --->   Core 73 'Sel' <Latency = 0> <II = 1> <Delay = 0.73> <FuncUnit> <Opcode : 'select'> <InPorts = 3> <OutPorts = 1>
ST_3 : Operation 28 [1/1] (0.00ns)   --->   "%trunc_ln223 = trunc i31 %select_ln221_1" [blur_opt.cpp:223]   --->   Operation 28 'trunc' 'trunc_ln223' <Predicate = true> <Delay = 0.00>
ST_3 : Operation 29 [1/1] (0.00ns)   --->   "%tmp = bitconcatenate i20 @_ssdm_op_BitConcatenate.i20.i10.i10, i10 %trunc_ln223, i10 0" [blur_opt.cpp:223]   --->   Operation 29 'bitconcatenate' 'tmp' <Predicate = true> <Delay = 0.00>
ST_3 : Operation 30 [1/1] (0.00ns)   --->   "%trunc_ln223_1 = trunc i31 %select_ln221" [blur_opt.cpp:223]   --->   Operation 30 'trunc' 'trunc_ln223_1' <Predicate = true> <Delay = 0.00>
ST_3 : Operation 31 [1/1] (2.19ns)   --->   "%add_ln223 = add i20 %tmp, i20 %trunc_ln223_1" [blur_opt.cpp:223]   --->   Operation 31 'add' 'add_ln223' <Predicate = true> <Delay = 2.19> <CoreInst = "Adder">   --->   Core 1 'Adder' <Latency = 0> <II = 1> <Delay = 2.19> <FuncUnit> <Opcode : 'add' 'sub'> <InPorts = 2> <OutPorts = 1>
ST_3 : Operation 32 [1/1] (0.00ns)   --->   "%zext_ln223 = zext i20 %add_ln223" [blur_opt.cpp:223]   --->   Operation 32 'zext' 'zext_ln223' <Predicate = true> <Delay = 0.00>
ST_3 : Operation 33 [1/1] (0.00ns)   --->   "%input_r_addr = getelementptr i8 %input_r, i64 0, i64 %zext_ln223" [blur_opt.cpp:223]   --->   Operation 33 'getelementptr' 'input_r_addr' <Predicate = true> <Delay = 0.00>
ST_3 : Operation 34 [2/2] (0.00ns)   --->   "%input_r_load = load i20 %input_r_addr" [blur_opt.cpp:223]   --->   Operation 34 'load' 'input_r_load' <Predicate = true> <Delay = 0.00> <CoreInst = "RAM">   --->   Core 81 'RAM' <Latency = 1> <II = 1> <Delay = 3.25> <Storage> <Opcode : 'load' 'store'> <Ports = 2> <Width = 8> <Depth = 1048576> <RAM>
ST_3 : Operation 35 [1/1] (2.52ns)   --->   "%add_ln222 = add i31 %select_ln221, i31 1" [blur_opt.cpp:222]   --->   Operation 35 'add' 'add_ln222' <Predicate = true> <Delay = 2.52> <CoreInst = "Adder">   --->   Core 1 'Adder' <Latency = 0> <II = 1> <Delay = 2.52> <FuncUnit> <Opcode : 'add' 'sub'> <InPorts = 2> <OutPorts = 1>
ST_3 : Operation 36 [1/1] (1.58ns)   --->   "%store_ln221 = store i31 %select_ln221_1, i31 %y" [blur_opt.cpp:221]   --->   Operation 36 'store' 'store_ln221' <Predicate = true> <Delay = 1.58>
ST_3 : Operation 44 [1/1] (1.58ns)   --->   "%ret_ln0 = ret"   --->   Operation 44 'ret' 'ret_ln0' <Predicate = (icmp_ln221)> <Delay = 1.58>

State 4 <SV = 3> <Delay = 7.39>
ST_4 : Operation 37 [1/1] (0.00ns)   --->   "%specloopname_ln0 = specloopname void @_ssdm_op_SpecLoopName, void @VITIS_LOOP_221_1_VITIS_LOOP_222_2_str"   --->   Operation 37 'specloopname' 'specloopname_ln0' <Predicate = true> <Delay = 0.00>
ST_4 : Operation 38 [1/1] (0.00ns)   --->   "%stage0_addr = getelementptr i8 %stage0, i64 0, i64 %zext_ln223" [blur_opt.cpp:223]   --->   Operation 38 'getelementptr' 'stage0_addr' <Predicate = true> <Delay = 0.00>
ST_4 : Operation 39 [1/1] (0.00ns)   --->   "%specpipeline_ln222 = specpipeline void @_ssdm_op_SpecPipeline, i32 4294967295, i32 0, i32 0, i32 0, i32 4294967295, void @empty_0" [blur_opt.cpp:222]   --->   Operation 39 'specpipeline' 'specpipeline_ln222' <Predicate = true> <Delay = 0.00>
ST_4 : Operation 40 [1/2] ( I:0.00ns O:0.00ns )   --->   "%input_r_load = load i20 %input_r_addr" [blur_opt.cpp:223]   --->   Operation 40 'load' 'input_r_load' <Predicate = true> <Delay = 0.00> <CoreInst = "RAM">   --->   Core 81 'RAM' <Latency = 1> <II = 1> <Delay = 3.25> <Storage> <Opcode : 'load' 'store'> <Ports = 2> <Width = 8> <Depth = 1048576> <RAM>
ST_4 : Operation 41 [1/1] ( I:3.25ns O:3.25ns )   --->   "%store_ln223 = store i8 %input_r_load, i20 %stage0_addr" [blur_opt.cpp:223]   --->   Operation 41 'store' 'store_ln223' <Predicate = true> <Delay = 3.25> <CoreInst = "RAM">   --->   Core 81 'RAM' <Latency = 1> <II = 1> <Delay = 3.25> <Storage> <Opcode : 'load' 'store'> <Ports = 2> <Width = 8> <Depth = 1048576> <RAM>
ST_4 : Operation 42 [1/1] (1.58ns)   --->   "%store_ln222 = store i31 %add_ln222, i31 %x" [blur_opt.cpp:222]   --->   Operation 42 'store' 'store_ln222' <Predicate = true> <Delay = 1.58>
ST_4 : Operation 43 [1/1] (0.00ns)   --->   "%br_ln222 = br void %for.inc.i" [blur_opt.cpp:222]   --->   Operation 43 'br' 'br_ln222' <Predicate = true> <Delay = 0.00>


============================================================
+ Verbose Summary: Timing violations
============================================================
Target clock period: 10.000ns, clock uncertainty: 2.700ns.

 <State 1>: 1.588ns
The critical path consists of the following:
	'alloca' operation 62 bit ('indvar_flatten') [7]  (0.000 ns)
	'store' operation ('store_ln0') of constant 0 62 bit on local variable 'indvar_flatten' [11]  (1.588 ns)

 <State 2>: 5.056ns
The critical path consists of the following:
	'load' operation 62 bit ('indvar_flatten_load', blur_opt.cpp:221) on local variable 'indvar_flatten' [16]  (0.000 ns)
	'icmp' operation 1 bit ('icmp_ln221', blur_opt.cpp:221) [17]  (3.469 ns)
	'store' operation ('store_ln221', blur_opt.cpp:221) of variable 'add_ln221_1', blur_opt.cpp:221 62 bit on local variable 'indvar_flatten' [40]  (1.588 ns)

 <State 3>: 5.808ns
The critical path consists of the following:
	'load' operation 31 bit ('x_load', blur_opt.cpp:222) on local variable 'x', blur_opt.cpp:222 [20]  (0.000 ns)
	'icmp' operation 1 bit ('icmp_ln222', blur_opt.cpp:222) [23]  (2.552 ns)
	'select' operation 31 bit ('select_ln221', blur_opt.cpp:221) [27]  (0.733 ns)
	'add' operation 31 bit ('add_ln222', blur_opt.cpp:222) [39]  (2.522 ns)

 <State 4>: 7.396ns
The critical path consists of the following:
	'store' operation ('store_ln222', blur_opt.cpp:222) of variable 'add_ln222', blur_opt.cpp:222 31 bit on local variable 'x', blur_opt.cpp:222 [42]  (1.588 ns)
	'load' operation 31 bit ('x_load', blur_opt.cpp:222) on local variable 'x', blur_opt.cpp:222 [20]  (0.000 ns)
	'icmp' operation 1 bit ('icmp_ln222', blur_opt.cpp:222) [23]  (2.552 ns)
	'select' operation 31 bit ('select_ln221', blur_opt.cpp:221) [27]  (0.733 ns)
	'add' operation 31 bit ('add_ln222', blur_opt.cpp:222) [39]  (2.522 ns)


============================================================
+ Verbose Summary: Binding
============================================================
N/A
* FSMD analyzer results:
  - Output states:
 - Input state : 
  - Chain level:
	State 1
	State 2
	State 3
	State 4


============================================================
+ Verbose Summary: Datapath Resource usage 
============================================================
N/A
