

================================================================
== Vitis HLS Report for 'copy_stage_1_Pipeline_VITIS_LOOP_221_1_VITIS_LOOP_222_2'
================================================================
* Date:           Fri Apr 24 19:31:43 2026

* Version:        2025.2 (Build 6295257 on Nov 14 2025)
* Project:        blur_opt_dataflow_proj
* Solution:       solution1 (Vivado IP Flow Target)
* Product family: zynq
* Target device:  xc7z020-clg400-1


================================================================
== Performance Estimates
================================================================
+ Timing: 
    * Summary: 
    +--------+----------+----------+------------+
    |  Clock |  Target  | Estimated| Uncertainty|
    +--------+----------+----------+------------+
    |ap_clk  |  10.00 ns|  7.396 ns|     2.70 ns|
    +--------+----------+----------+------------+

+ Latency: 
    * Summary: 
    +---------+---------+----------+----------+-----+-----+-------------------+
    |  Latency (cycles) |  Latency (absolute) |  Interval |      Pipeline     |
    |   min   |   max   |    min   |    max   | min | max |        Type       |
    +---------+---------+----------+----------+-----+-----+-------------------+
    |        ?|        ?|         ?|         ?|    0|    0|  loop pipeline stp|
    +---------+---------+----------+----------+-----+-----+-------------------+

    + Detail: 
        * Instance: 
        N/A

        * Loop: 
        +-------------------------------------+---------+---------+----------+-----------+-----------+------+----------+
        |                                     |  Latency (cycles) | Iteration|  Initiation Interval  | Trip |          |
        |              Loop Name              |   min   |   max   |  Latency |  achieved |   target  | Count| Pipelined|
        +-------------------------------------+---------+---------+----------+-----------+-----------+------+----------+
        |- VITIS_LOOP_221_1_VITIS_LOOP_222_2  |        ?|        ?|         4|          1|          1|     ?|       yes|
        +-------------------------------------+---------+---------+----------+-----------+-----------+------+----------+



================================================================
== Utilization Estimates
================================================================
* Summary: 
+-----------------+---------+-----+--------+-------+-----+
|       Name      | BRAM_18K| DSP |   FF   |  LUT  | URAM|
+-----------------+---------+-----+--------+-------+-----+
|DSP              |        -|    -|       -|      -|    -|
|Expression       |        -|    -|       0|    344|    -|
|FIFO             |        -|    -|       -|      -|    -|
|Instance         |        -|    -|       -|      -|    -|
|Memory           |        -|    -|       -|      -|    -|
|Multiplexer      |        -|    -|       0|     63|    -|
|Register         |        -|    -|     203|      -|    -|
+-----------------+---------+-----+--------+-------+-----+
|Total            |        0|    0|     203|    407|    0|
+-----------------+---------+-----+--------+-------+-----+
|Available        |      280|  220|  106400|  53200|    0|
+-----------------+---------+-----+--------+-------+-----+
|Utilization (%)  |        0|    0|      ~0|     ~0|    0|
+-----------------+---------+-----+--------+-------+-----+

+ Detail: 
    * Instance: 
    N/A

    * DSP: 
    N/A

    * Memory: 
    N/A

    * FIFO: 
    N/A

    * Expression: 
    +--------------------------+----------+----+---+----+------------+------------+
    |       Variable Name      | Operation| DSP| FF| LUT| Bitwidth P0| Bitwidth P1|
    +--------------------------+----------+----+---+----+------------+------------+
    |add_ln221_1_fu_118_p2     |         +|   0|  0|  69|          62|           1|
    |add_ln221_fu_144_p2       |         +|   0|  0|  38|          31|           1|
    |add_ln222_fu_188_p2       |         +|   0|  0|  38|          31|           1|
    |add_ln223_fu_182_p2       |         +|   0|  0|  27|          20|          20|
    |icmp_ln221_fu_113_p2      |      icmp|   0|  0|  69|          62|          62|
    |icmp_ln222_fu_139_p2      |      icmp|   0|  0|  39|          32|          32|
    |select_ln221_1_fu_158_p3  |    select|   0|  0|  31|           1|          31|
    |select_ln221_fu_150_p3    |    select|   0|  0|  31|           1|          31|
    |ap_enable_pp0             |       xor|   0|  0|   2|           1|           2|
    +--------------------------+----------+----+---+----+------------+------------+
    |Total                     |          |   0|  0| 344|         241|         181|
    +--------------------------+----------+----+---+----+------------+------------+

    * Multiplexer: 
    +-------------------------+----+-----------+-----+-----------+
    |           Name          | LUT| Input Size| Bits| Total Bits|
    +-------------------------+----+-----------+-----+-----------+
    |ap_done_int              |   9|          2|    1|          2|
    |ap_enable_reg_pp0_iter1  |   9|          2|    1|          2|
    |ap_enable_reg_pp0_iter2  |   9|          2|    1|          2|
    |ap_sig_allocacmp_x_load  |   9|          2|   31|         62|
    |indvar_flatten_fu_52     |   9|          2|   62|        124|
    |x_fu_44                  |   9|          2|   31|         62|
    |y_fu_48                  |   9|          2|   31|         62|
    +-------------------------+----+-----------+-----+-----------+
    |Total                    |  63|         14|  158|        316|
    +-------------------------+----+-----------+-----+-----------+

    * Register: 
    +----------------------------------+----+----+-----+-----------+
    |               Name               | FF | LUT| Bits| Const Bits|
    +----------------------------------+----+----+-----+-----------+
    |add_ln222_reg_247                 |  31|   0|   31|          0|
    |add_ln223_reg_242                 |  20|   0|   20|          0|
    |ap_CS_fsm                         |   1|   0|    1|          0|
    |ap_done_reg                       |   1|   0|    1|          0|
    |ap_enable_reg_pp0_iter1           |   1|   0|    1|          0|
    |ap_enable_reg_pp0_iter2           |   1|   0|    1|          0|
    |ap_enable_reg_pp0_iter3           |   1|   0|    1|          0|
    |ap_enable_reg_pp0_iter4           |   1|   0|    1|          0|
    |ap_loop_exit_ready_pp0_iter2_reg  |   1|   0|    1|          0|
    |ap_loop_exit_ready_pp0_iter3_reg  |   1|   0|    1|          0|
    |indvar_flatten_fu_52              |  62|   0|   62|          0|
    |x_fu_44                           |  31|   0|   31|          0|
    |y_fu_48                           |  31|   0|   31|          0|
    |zext_ln223_reg_252                |  20|   0|   64|         44|
    +----------------------------------+----+----+-----+-----------+
    |Total                             | 203|   0|  247|         44|
    +----------------------------------+----+----+-----+-----------+



================================================================
== Interface
================================================================
* Summary: 
+-------------------+-----+-----+------------+---------------------------------------------------------+--------------+
|     RTL Ports     | Dir | Bits|  Protocol  |                      Source Object                      |    C Type    |
+-------------------+-----+-----+------------+---------------------------------------------------------+--------------+
|ap_clk             |   in|    1|  ap_ctrl_hs|  copy_stage.1_Pipeline_VITIS_LOOP_221_1_VITIS_LOOP_222_2|  return value|
|ap_rst             |   in|    1|  ap_ctrl_hs|  copy_stage.1_Pipeline_VITIS_LOOP_221_1_VITIS_LOOP_222_2|  return value|
|ap_start           |   in|    1|  ap_ctrl_hs|  copy_stage.1_Pipeline_VITIS_LOOP_221_1_VITIS_LOOP_222_2|  return value|
|ap_done            |  out|    1|  ap_ctrl_hs|  copy_stage.1_Pipeline_VITIS_LOOP_221_1_VITIS_LOOP_222_2|  return value|
|ap_idle            |  out|    1|  ap_ctrl_hs|  copy_stage.1_Pipeline_VITIS_LOOP_221_1_VITIS_LOOP_222_2|  return value|
|ap_ready           |  out|    1|  ap_ctrl_hs|  copy_stage.1_Pipeline_VITIS_LOOP_221_1_VITIS_LOOP_222_2|  return value|
|bound              |   in|   62|     ap_none|                                                    bound|        scalar|
|p_read             |   in|   32|     ap_none|                                                   p_read|        scalar|
|output_r_address0  |  out|   20|   ap_memory|                                                 output_r|         array|
|output_r_ce0       |  out|    1|   ap_memory|                                                 output_r|         array|
|output_r_we0       |  out|    1|   ap_memory|                                                 output_r|         array|
|output_r_d0        |  out|    8|   ap_memory|                                                 output_r|         array|
|stage1_address0    |  out|   20|   ap_memory|                                                   stage1|         array|
|stage1_ce0         |  out|    1|   ap_memory|                                                   stage1|         array|
|stage1_q0          |   in|    8|   ap_memory|                                                   stage1|         array|
+-------------------+-----+-----+------------+---------------------------------------------------------+--------------+

============================================================
+ Verbose Summary: Synthesis Manager
============================================================
InlineROM: 1
ExposeGlobal: 0
============================================================
+ Verbose Summary: CDFG Model
============================================================
IsTopModel: 0
ResetActiveHigh: 1
IsCombinational: 2
IsDatapathOnly: 2
HasWiredReturn: 1
HasMFsm: 2
HasVarLatency: 1
IsPipeline: 0
IsRtlPipelined: 0
IsInstanceOverlapped: 0
IsDontTouch: 0
HasImplIP: 0
IsGatedGlobalClock: 0

+ Individual pipeline summary: 
  * Pipeline-0: initiation interval (II) = 1, depth = 5


============================================================
+ Verbose Summary: Schedule
============================================================
* Number of FSM states : 5
* Pipeline : 1
  Pipeline-0 : II = 1, D = 5, States = { 1 2 3 4 5 }
* Dataflow Pipeline: 0

* FSM state transitions: 
1 --> 2 
2 --> 3 
3 --> 4 
4 --> 5 
5 --> 

* FSM state operations: 

State 1 <SV = 0> <Delay = 1.58>
ST_1 : Operation 7 [1/1] (0.00ns)   --->   "%x = alloca i32 1" [blur_opt.cpp:222]   --->   Operation 7 'alloca' 'x' <Predicate = true> <Delay = 0.00>
ST_1 : Operation 8 [1/1] (0.00ns)   --->   "%y = alloca i32 1" [blur_opt.cpp:221]   --->   Operation 8 'alloca' 'y' <Predicate = true> <Delay = 0.00>
ST_1 : Operation 9 [1/1] (0.00ns)   --->   "%indvar_flatten = alloca i32 1"   --->   Operation 9 'alloca' 'indvar_flatten' <Predicate = true> <Delay = 0.00>
ST_1 : Operation 10 [1/1] (0.00ns)   --->   "%specinterface_ln0 = specinterface void @_ssdm_op_SpecInterface, i8 %output_r, void @empty, i32 0, i32 0, void @empty_0, i32 4294967295, i32 0, void @empty_0, void @empty_0, void @empty_0, i32 0, i32 0, i32 0, i32 0, void @empty_0, void @empty_0, i32 4294967295, i32 0, i32 0, i32 0"   --->   Operation 10 'specinterface' 'specinterface_ln0' <Predicate = true> <Delay = 0.00>
ST_1 : Operation 11 [1/1] (0.00ns)   --->   "%p_read_1 = read i32 @_ssdm_op_Read.ap_auto.i32, i32 %p_read"   --->   Operation 11 'read' 'p_read_1' <Predicate = true> <Delay = 0.00>
ST_1 : Operation 12 [1/1] (0.00ns)   --->   "%bound_read = read i62 @_ssdm_op_Read.ap_auto.i62, i62 %bound"   --->   Operation 12 'read' 'bound_read' <Predicate = true> <Delay = 0.00>
ST_1 : Operation 13 [1/1] (1.58ns)   --->   "%store_ln0 = store i62 0, i62 %indvar_flatten"   --->   Operation 13 'store' 'store_ln0' <Predicate = true> <Delay = 1.58>
ST_1 : Operation 14 [1/1] (1.58ns)   --->   "%store_ln221 = store i31 0, i31 %y" [blur_opt.cpp:221]   --->   Operation 14 'store' 'store_ln221' <Predicate = true> <Delay = 1.58>
ST_1 : Operation 15 [1/1] (1.58ns)   --->   "%store_ln222 = store i31 0, i31 %x" [blur_opt.cpp:222]   --->   Operation 15 'store' 'store_ln222' <Predicate = true> <Delay = 1.58>
ST_1 : Operation 16 [1/1] (0.00ns)   --->   "%br_ln0 = br void %for.inc.i"   --->   Operation 16 'br' 'br_ln0' <Predicate = true> <Delay = 0.00>

State 2 <SV = 1> <Delay = 5.05>
ST_2 : Operation 17 [1/1] (0.00ns)   --->   "%indvar_flatten_load = load i62 %indvar_flatten" [blur_opt.cpp:221]   --->   Operation 17 'load' 'indvar_flatten_load' <Predicate = true> <Delay = 0.00>
ST_2 : Operation 18 [1/1] (3.46ns)   --->   "%icmp_ln221 = icmp_eq  i62 %indvar_flatten_load, i62 %bound_read" [blur_opt.cpp:221]   --->   Operation 18 'icmp' 'icmp_ln221' <Predicate = true> <Delay = 3.46> <CoreInst = "Cmp">   --->   Core 9 'Cmp' <Latency = 0> <II = 1> <Delay = 3.46> <FuncUnit> <Opcode : 'seteq' 'setne' 'setle' 'setge' 'setlt' 'setgt'> <InPorts = 2> <OutPorts = 1>
ST_2 : Operation 19 [1/1] (0.00ns)   --->   "%br_ln221 = br i1 %icmp_ln221, void %for.inc11.i, void %copy_stage.1.exit.exitStub" [blur_opt.cpp:221]   --->   Operation 19 'br' 'br_ln221' <Predicate = true> <Delay = 0.00>
ST_2 : Operation 20 [1/1] (3.46ns)   --->   "%add_ln221_1 = add i62 %indvar_flatten_load, i62 1" [blur_opt.cpp:221]   --->   Operation 20 'add' 'add_ln221_1' <Predicate = (!icmp_ln221)> <Delay = 3.46> <CoreInst = "Adder">   --->   Core 1 'Adder' <Latency = 0> <II = 1> <Delay = 3.46> <FuncUnit> <Opcode : 'add' 'sub'> <InPorts = 2> <OutPorts = 1>
ST_2 : Operation 21 [1/1] (1.58ns)   --->   "%store_ln221 = store i62 %add_ln221_1, i62 %indvar_flatten" [blur_opt.cpp:221]   --->   Operation 21 'store' 'store_ln221' <Predicate = (!icmp_ln221)> <Delay = 1.58>

State 3 <SV = 2> <Delay = 5.80>
ST_3 : Operation 22 [1/1] (0.00ns)   --->   "%x_load = load i31 %x" [blur_opt.cpp:222]   --->   Operation 22 'load' 'x_load' <Predicate = true> <Delay = 0.00>
ST_3 : Operation 23 [1/1] (0.00ns)   --->   "%y_load = load i31 %y" [blur_opt.cpp:221]   --->   Operation 23 'load' 'y_load' <Predicate = true> <Delay = 0.00>
ST_3 : Operation 24 [1/1] (0.00ns)   --->   "%zext_ln222 = zext i31 %x_load" [blur_opt.cpp:222]   --->   Operation 24 'zext' 'zext_ln222' <Predicate = true> <Delay = 0.00>
ST_3 : Operation 25 [1/1] (2.55ns)   --->   "%icmp_ln222 = icmp_slt  i32 %zext_ln222, i32 %p_read_1" [blur_opt.cpp:222]   --->   Operation 25 'icmp' 'icmp_ln222' <Predicate = true> <Delay = 2.55> <CoreInst = "Cmp">   --->   Core 9 'Cmp' <Latency = 0> <II = 1> <Delay = 2.55> <FuncUnit> <Opcode : 'seteq' 'setne' 'setle' 'setge' 'setlt' 'setgt'> <InPorts = 2> <OutPorts = 1>
ST_3 : Operation 26 [1/1] (2.52ns)   --->   "%add_ln221 = add i31 %y_load, i31 1" [blur_opt.cpp:221]   --->   Operation 26 'add' 'add_ln221' <Predicate = true> <Delay = 2.52> <CoreInst = "Adder">   --->   Core 1 'Adder' <Latency = 0> <II = 1> <Delay = 2.52> <FuncUnit> <Opcode : 'add' 'sub'> <InPorts = 2> <OutPorts = 1>
ST_3 : Operation 27 [1/1] (0.73ns)   --->   "%select_ln221 = select i1 %icmp_ln222, i31 %x_load, i31 0" [blur_opt.cpp:221]   --->   Operation 27 'select' 'select_ln221' <Predicate = true> <Delay = 0.73> <CoreInst = "Sel">   --->   Core 73 'Sel' <Latency = 0> <II = 1> <Delay = 0.73> <FuncUnit> <Opcode : 'select'> <InPorts = 3> <OutPorts = 1>
ST_3 : Operation 28 [1/1] (0.73ns)   --->   "%select_ln221_1 = select i1 %icmp_ln222, i31 %y_load, i31 %add_ln221" [blur_opt.cpp:221]   --->   Operation 28 'select' 'select_ln221_1' <Predicate = true> <Delay = 0.73> <CoreInst = "Sel">   --->   Core 73 'Sel' <Latency = 0> <II = 1> <Delay = 0.73> <FuncUnit> <Opcode : 'select'> <InPorts = 3> <OutPorts = 1>
ST_3 : Operation 29 [1/1] (0.00ns)   --->   "%trunc_ln223 = trunc i31 %select_ln221_1" [blur_opt.cpp:223]   --->   Operation 29 'trunc' 'trunc_ln223' <Predicate = true> <Delay = 0.00>
ST_3 : Operation 30 [1/1] (0.00ns)   --->   "%tmp = bitconcatenate i20 @_ssdm_op_BitConcatenate.i20.i10.i10, i10 %trunc_ln223, i10 0" [blur_opt.cpp:223]   --->   Operation 30 'bitconcatenate' 'tmp' <Predicate = true> <Delay = 0.00>
ST_3 : Operation 31 [1/1] (0.00ns)   --->   "%trunc_ln223_2 = trunc i31 %select_ln221" [blur_opt.cpp:223]   --->   Operation 31 'trunc' 'trunc_ln223_2' <Predicate = true> <Delay = 0.00>
ST_3 : Operation 32 [1/1] (2.19ns)   --->   "%add_ln223 = add i20 %tmp, i20 %trunc_ln223_2" [blur_opt.cpp:223]   --->   Operation 32 'add' 'add_ln223' <Predicate = true> <Delay = 2.19> <CoreInst = "Adder">   --->   Core 1 'Adder' <Latency = 0> <II = 1> <Delay = 2.19> <FuncUnit> <Opcode : 'add' 'sub'> <InPorts = 2> <OutPorts = 1>
ST_3 : Operation 33 [1/1] (2.52ns)   --->   "%add_ln222 = add i31 %select_ln221, i31 1" [blur_opt.cpp:222]   --->   Operation 33 'add' 'add_ln222' <Predicate = true> <Delay = 2.52> <CoreInst = "Adder">   --->   Core 1 'Adder' <Latency = 0> <II = 1> <Delay = 2.52> <FuncUnit> <Opcode : 'add' 'sub'> <InPorts = 2> <OutPorts = 1>
ST_3 : Operation 34 [1/1] (1.58ns)   --->   "%store_ln221 = store i31 %select_ln221_1, i31 %y" [blur_opt.cpp:221]   --->   Operation 34 'store' 'store_ln221' <Predicate = true> <Delay = 1.58>

State 4 <SV = 3> <Delay = 7.39>
ST_4 : Operation 35 [1/1] (0.00ns)   --->   "%zext_ln223 = zext i20 %add_ln223" [blur_opt.cpp:223]   --->   Operation 35 'zext' 'zext_ln223' <Predicate = true> <Delay = 0.00>
ST_4 : Operation 36 [1/1] (0.00ns)   --->   "%stage1_addr = getelementptr i8 %stage1, i64 0, i64 %zext_ln223" [blur_opt.cpp:223]   --->   Operation 36 'getelementptr' 'stage1_addr' <Predicate = true> <Delay = 0.00>
ST_4 : Operation 37 [2/2] (3.25ns)   --->   "%stage1_load = load i20 %stage1_addr" [blur_opt.cpp:223]   --->   Operation 37 'load' 'stage1_load' <Predicate = true> <Delay = 3.25> <CoreInst = "RAM">   --->   Core 81 'RAM' <Latency = 1> <II = 1> <Delay = 3.25> <Storage> <Opcode : 'load' 'store'> <Ports = 2> <Width = 8> <Depth = 1048576> <RAM>
ST_4 : Operation 38 [1/1] (1.58ns)   --->   "%store_ln222 = store i31 %add_ln222, i31 %x" [blur_opt.cpp:222]   --->   Operation 38 'store' 'store_ln222' <Predicate = true> <Delay = 1.58>
ST_4 : Operation 45 [1/1] (1.58ns)   --->   "%ret_ln0 = ret"   --->   Operation 45 'ret' 'ret_ln0' <Predicate = (icmp_ln221)> <Delay = 1.58>

State 5 <SV = 4> <Delay = 3.25>
ST_5 : Operation 39 [1/1] (0.00ns)   --->   "%specloopname_ln0 = specloopname void @_ssdm_op_SpecLoopName, void @VITIS_LOOP_221_1_VITIS_LOOP_222_2_str"   --->   Operation 39 'specloopname' 'specloopname_ln0' <Predicate = true> <Delay = 0.00>
ST_5 : Operation 40 [1/1] (0.00ns)   --->   "%output_r_addr = getelementptr i8 %output_r, i64 0, i64 %zext_ln223" [blur_opt.cpp:223]   --->   Operation 40 'getelementptr' 'output_r_addr' <Predicate = true> <Delay = 0.00>
ST_5 : Operation 41 [1/1] (0.00ns)   --->   "%specpipeline_ln222 = specpipeline void @_ssdm_op_SpecPipeline, i32 4294967295, i32 0, i32 0, i32 0, i32 4294967295, void @empty_0" [blur_opt.cpp:222]   --->   Operation 41 'specpipeline' 'specpipeline_ln222' <Predicate = true> <Delay = 0.00>
ST_5 : Operation 42 [1/2] ( I:3.25ns O:3.25ns )   --->   "%stage1_load = load i20 %stage1_addr" [blur_opt.cpp:223]   --->   Operation 42 'load' 'stage1_load' <Predicate = true> <Delay = 3.25> <CoreInst = "RAM">   --->   Core 81 'RAM' <Latency = 1> <II = 1> <Delay = 3.25> <Storage> <Opcode : 'load' 'store'> <Ports = 2> <Width = 8> <Depth = 1048576> <RAM>
ST_5 : Operation 43 [1/1] ( I:0.00ns O:0.00ns )   --->   "%store_ln223 = store i8 %stage1_load, i20 %output_r_addr" [blur_opt.cpp:223]   --->   Operation 43 'store' 'store_ln223' <Predicate = true> <Delay = 0.00> <CoreInst = "RAM">   --->   Core 81 'RAM' <Latency = 1> <II = 1> <Delay = 3.25> <Storage> <Opcode : 'load' 'store'> <Ports = 2> <Width = 8> <Depth = 1048576> <RAM>
ST_5 : Operation 44 [1/1] (0.00ns)   --->   "%br_ln222 = br void %for.inc.i" [blur_opt.cpp:222]   --->   Operation 44 'br' 'br_ln222' <Predicate = true> <Delay = 0.00>


============================================================
+ Verbose Summary: Binding
============================================================
STG Binding: 
---------------- STG Properties BEGIN ----------------
- Is combinational: 0
- Is one-state seq: 0
- Is datapath-only: 0
- Is pipelined: 0
- Is top level: 0
Port [ Return ] is wired: 1; IO mode=ap_ctrl_hs:ce=0
Port [ bound]:  wired=1; compound=0; hidden=0; nouse=0; global=0; static=0; extern=0; dir=0; type=0; pingpong=0; private_global=0; IO mode=ap_none:ce=0
Port [ p_read]:  wired=1; compound=0; hidden=0; nouse=0; global=0; static=0; extern=0; dir=0; type=0; pingpong=0; private_global=0; IO mode=ap_none:ce=0
Port [ output_r]:  wired=1; compound=1; hidden=0; nouse=0; global=0; static=0; extern=0; dir=1; type=1; pingpong=0; private_global=0; MemPort=[03]; IO mode=ap_memory:ce=0
Port [ stage1]:  wired=1; compound=1; hidden=0; nouse=0; global=1; static=1; extern=0; dir=0; type=1; pingpong=1; private_global=0; MemPort=[13]; IO mode=ap_memory:ce=0
---------------- STG Properties END ------------------

---------------- Datapath Model BEGIN ----------------

<LifeTime>
<method=bitvector/>
x                   (alloca        ) [ 011110]
y                   (alloca        ) [ 011100]
indvar_flatten      (alloca        ) [ 011000]
specinterface_ln0   (specinterface ) [ 000000]
p_read_1            (read          ) [ 011100]
bound_read          (read          ) [ 011000]
store_ln0           (store         ) [ 000000]
store_ln221         (store         ) [ 000000]
store_ln222         (store         ) [ 000000]
br_ln0              (br            ) [ 000000]
indvar_flatten_load (load          ) [ 000000]
icmp_ln221          (icmp          ) [ 011110]
br_ln221            (br            ) [ 000000]
add_ln221_1         (add           ) [ 000000]
store_ln221         (store         ) [ 000000]
x_load              (load          ) [ 000000]
y_load              (load          ) [ 000000]
zext_ln222          (zext          ) [ 000000]
icmp_ln222          (icmp          ) [ 000000]
add_ln221           (add           ) [ 000000]
select_ln221        (select        ) [ 000000]
select_ln221_1      (select        ) [ 000000]
trunc_ln223         (trunc         ) [ 000000]
tmp                 (bitconcatenate) [ 000000]
trunc_ln223_2       (trunc         ) [ 000000]
add_ln223           (add           ) [ 010010]
add_ln222           (add           ) [ 010010]
store_ln221         (store         ) [ 000000]
zext_ln223          (zext          ) [ 010001]
stage1_addr         (getelementptr ) [ 010001]
store_ln222         (store         ) [ 000000]
specloopname_ln0    (specloopname  ) [ 000000]
output_r_addr       (getelementptr ) [ 000000]
specpipeline_ln222  (specpipeline  ) [ 000000]
stage1_load         (load          ) [ 000000]
store_ln223         (store         ) [ 000000]
br_ln222            (br            ) [ 000000]
ret_ln0             (ret           ) [ 000000]
</LifeTime>

<model>

<comp_list>
<comp id="0" class="1000" name="bound">
<pin_list>
<pin id="1" dir="1" index="0" bw="1" slack="0"/>
</pin_list>
<bind>
<StgValue><ssdm name="bound"/></StgValue>
</bind>
</comp>

<comp id="2" class="1000" name="p_read">
<pin_list>
<pin id="3" dir="1" index="0" bw="1" slack="0"/>
</pin_list>
<bind>
<StgValue><ssdm name="p_read"/></StgValue>
</bind>
</comp>

<comp id="4" class="1000" name="output_r">
<pin_list>
<pin id="5" dir="1" index="0" bw="1" slack="0"/>
</pin_list>
<bind>
<StgValue><ssdm name="output_r"/><MemPortTyVec>0 3 </MemPortTyVec>
</StgValue>
</bind>
</comp>

<comp id="6" class="1000" name="stage1">
<pin_list>
<pin id="7" dir="1" index="0" bw="1" slack="0"/>
</pin_list>
<bind>
<StgValue><ssdm name="stage1"/><MemPortTyVec>1 3 </MemPortTyVec>
</StgValue>
</bind>
</comp>

<comp id="8" class="1001" name="const_8">
<pin_list>
<pin id="9" dir="1" index="0" bw="1" slack="0"/>
</pin_list>
<bind>
<StgValue><ssdm name=""/></StgValue>
</bind>
</comp>

<comp id="10" class="1001" name="const_10">
<pin_list>
<pin id="11" dir="1" index="0" bw="1" slack="2147483647"/>
</pin_list>
<bind>
<StgValue><ssdm name="_ssdm_op_SpecInterface"/></StgValue>
</bind>
</comp>

<comp id="12" class="1001" name="const_12">
<pin_list>
<pin id="13" dir="1" index="0" bw="1" slack="2147483647"/>
</pin_list>
<bind>
<StgValue><ssdm name="empty"/></StgValue>
</bind>
</comp>

<comp id="14" class="1001" name="const_14">
<pin_list>
<pin id="15" dir="1" index="0" bw="1" slack="2147483647"/>
</pin_list>
<bind>
<StgValue><ssdm name=""/></StgValue>
</bind>
</comp>

<comp id="16" class="1001" name="const_16">
<pin_list>
<pin id="17" dir="1" index="0" bw="1" slack="2147483647"/>
</pin_list>
<bind>
<StgValue><ssdm name="empty_0"/></StgValue>
</bind>
</comp>

<comp id="18" class="1001" name="const_18">
<pin_list>
<pin id="19" dir="1" index="0" bw="1" slack="2147483647"/>
</pin_list>
<bind>
<StgValue><ssdm name=""/></StgValue>
</bind>
</comp>

<comp id="20" class="1001" name="const_20">
<pin_list>
<pin id="21" dir="1" index="0" bw="1" slack="0"/>
</pin_list>
<bind>
<StgValue><ssdm name="_ssdm_op_Read.ap_auto.i32"/></StgValue>
</bind>
</comp>

<comp id="22" class="1001" name="const_22">
<pin_list>
<pin id="23" dir="1" index="0" bw="1" slack="0"/>
</pin_list>
<bind>
<StgValue><ssdm name="_ssdm_op_Read.ap_auto.i62"/></StgValue>
</bind>
</comp>

<comp id="24" class="1001" name="const_24">
<pin_list>
<pin id="25" dir="1" index="0" bw="1" slack="0"/>
</pin_list>
<bind>
<StgValue><ssdm name=""/></StgValue>
</bind>
</comp>

<comp id="26" class="1001" name="const_26">
<pin_list>
<pin id="27" dir="1" index="0" bw="1" slack="0"/>
</pin_list>
<bind>
<StgValue><ssdm name=""/></StgValue>
</bind>
</comp>

<comp id="28" class="1001" name="const_28">
<pin_list>
<pin id="29" dir="1" index="0" bw="1" slack="0"/>
</pin_list>
<bind>
<StgValue><ssdm name=""/></StgValue>
</bind>
</comp>

<comp id="30" class="1001" name="const_30">
<pin_list>
<pin id="31" dir="1" index="0" bw="1" slack="0"/>
</pin_list>
<bind>
<StgValue><ssdm name=""/></StgValue>
</bind>
</comp>

<comp id="32" class="1001" name="const_32">
<pin_list>
<pin id="33" dir="1" index="0" bw="1" slack="0"/>
</pin_list>
<bind>
<StgValue><ssdm name="_ssdm_op_BitConcatenate.i20.i10.i10"/></StgValue>
</bind>
</comp>

<comp id="34" class="1001" name="const_34">
<pin_list>
<pin id="35" dir="1" index="0" bw="1" slack="0"/>
</pin_list>
<bind>
<StgValue><ssdm name=""/></StgValue>
</bind>
</comp>

<comp id="36" class="1001" name="const_36">
<pin_list>
<pin id="37" dir="1" index="0" bw="1" slack="0"/>
</pin_list>
<bind>
<StgValue><ssdm name=""/></StgValue>
</bind>
</comp>

<comp id="38" class="1001" name="const_38">
<pin_list>
<pin id="39" dir="1" index="0" bw="1" slack="2147483647"/>
</pin_list>
<bind>
<StgValue><ssdm name="_ssdm_op_SpecLoopName"/></StgValue>
</bind>
</comp>

<comp id="40" class="1001" name="const_40">
<pin_list>
<pin id="41" dir="1" index="0" bw="1" slack="2147483647"/>
</pin_list>
<bind>
<StgValue><ssdm name="VITIS_LOOP_221_1_VITIS_LOOP_222_2_str"/></StgValue>
</bind>
</comp>

<comp id="42" class="1001" name="const_42">
<pin_list>
<pin id="43" dir="1" index="0" bw="1" slack="2147483647"/>
</pin_list>
<bind>
<StgValue><ssdm name="_ssdm_op_SpecPipeline"/></StgValue>
</bind>
</comp>

<comp id="44" class="1004" name="x_fu_44">
<pin_list>
<pin id="45" dir="0" index="0" bw="1" slack="0"/>
<pin id="46" dir="1" index="1" bw="31" slack="0"/>
</pin_list>
<bind>
<opcode="alloca(26) " fcode="alloca"/>
<opset="x/1 "/>
</bind>
</comp>

<comp id="48" class="1004" name="y_fu_48">
<pin_list>
<pin id="49" dir="0" index="0" bw="1" slack="0"/>
<pin id="50" dir="1" index="1" bw="31" slack="0"/>
</pin_list>
<bind>
<opcode="alloca(26) " fcode="alloca"/>
<opset="y/1 "/>
</bind>
</comp>

<comp id="52" class="1004" name="indvar_flatten_fu_52">
<pin_list>
<pin id="53" dir="0" index="0" bw="1" slack="0"/>
<pin id="54" dir="1" index="1" bw="62" slack="0"/>
</pin_list>
<bind>
<opcode="alloca(26) " fcode="alloca"/>
<opset="indvar_flatten/1 "/>
</bind>
</comp>

<comp id="56" class="1004" name="p_read_1_read_fu_56">
<pin_list>
<pin id="57" dir="0" index="0" bw="32" slack="0"/>
<pin id="58" dir="0" index="1" bw="32" slack="0"/>
<pin id="59" dir="1" index="2" bw="32" slack="2"/>
</pin_list>
<bind>
<opcode="read(1150) " fcode="read"/>
<opset="p_read_1/1 "/>
</bind>
</comp>

<comp id="62" class="1004" name="bound_read_read_fu_62">
<pin_list>
<pin id="63" dir="0" index="0" bw="62" slack="0"/>
<pin id="64" dir="0" index="1" bw="62" slack="0"/>
<pin id="65" dir="1" index="2" bw="62" slack="1"/>
</pin_list>
<bind>
<opcode="read(1150) " fcode="read"/>
<opset="bound_read/1 "/>
</bind>
</comp>

<comp id="68" class="1004" name="stage1_addr_gep_fu_68">
<pin_list>
<pin id="69" dir="0" index="0" bw="8" slack="0"/>
<pin id="70" dir="0" index="1" bw="1" slack="0"/>
<pin id="71" dir="0" index="2" bw="20" slack="0"/>
<pin id="72" dir="1" index="3" bw="20" slack="0"/>
</pin_list>
<bind>
<opcode="getelementptr(29) " fcode="getelementptr"/>
<opset="stage1_addr/4 "/>
</bind>
</comp>

<comp id="75" class="1004" name="grp_access_fu_75">
<pin_list>
<pin id="76" dir="0" index="0" bw="20" slack="0"/>
<pin id="77" dir="0" index="1" bw="8" slack="2147483647"/>
<pin id="78" dir="0" index="2" bw="0" slack="2147483647"/>
<pin id="79" dir="1" index="3" bw="8" slack="0"/>
</pin_list>
<bind>
<opcode="load(27) " fcode="load"/>
<opset="stage1_load/4 "/>
</bind>
</comp>

<comp id="81" class="1004" name="output_r_addr_gep_fu_81">
<pin_list>
<pin id="82" dir="0" index="0" bw="8" slack="0"/>
<pin id="83" dir="0" index="1" bw="1" slack="0"/>
<pin id="84" dir="0" index="2" bw="20" slack="1"/>
<pin id="85" dir="1" index="3" bw="20" slack="0"/>
</pin_list>
<bind>
<opcode="getelementptr(29) " fcode="getelementptr"/>
<opset="output_r_addr/5 "/>
</bind>
</comp>

<comp id="88" class="1004" name="store_ln223_access_fu_88">
<pin_list>
<pin id="89" dir="0" index="0" bw="20" slack="0"/>
<pin id="90" dir="0" index="1" bw="8" slack="0"/>
<pin id="91" dir="0" index="2" bw="0" slack="2147483647"/>
<pin id="92" dir="1" index="3" bw="8" slack="2147483647"/>
</pin_list>
<bind>
<opcode="store(28) " fcode="store"/>
<opset="store_ln223/5 "/>
</bind>
</comp>

<comp id="95" class="1004" name="store_ln0_store_fu_95">
<pin_list>
<pin id="96" dir="0" index="0" bw="1" slack="0"/>
<pin id="97" dir="0" index="1" bw="62" slack="0"/>
<pin id="98" dir="1" index="2" bw="0" slack="2147483647"/>
</pin_list>
<bind>
<opcode="store(28) " fcode="store"/>
<opset="store_ln0/1 "/>
</bind>
</comp>

<comp id="100" class="1004" name="store_ln221_store_fu_100">
<pin_list>
<pin id="101" dir="0" index="0" bw="1" slack="0"/>
<pin id="102" dir="0" index="1" bw="31" slack="0"/>
<pin id="103" dir="1" index="2" bw="0" slack="2147483647"/>
</pin_list>
<bind>
<opcode="store(28) " fcode="store"/>
<opset="store_ln221/1 "/>
</bind>
</comp>

<comp id="105" class="1004" name="store_ln222_store_fu_105">
<pin_list>
<pin id="106" dir="0" index="0" bw="1" slack="0"/>
<pin id="107" dir="0" index="1" bw="31" slack="0"/>
<pin id="108" dir="1" index="2" bw="0" slack="2147483647"/>
</pin_list>
<bind>
<opcode="store(28) " fcode="store"/>
<opset="store_ln222/1 "/>
</bind>
</comp>

<comp id="110" class="1004" name="indvar_flatten_load_load_fu_110">
<pin_list>
<pin id="111" dir="0" index="0" bw="62" slack="1"/>
<pin id="112" dir="1" index="1" bw="62" slack="0"/>
</pin_list>
<bind>
<opcode="load(27) " fcode="load"/>
<opset="indvar_flatten_load/2 "/>
</bind>
</comp>

<comp id="113" class="1004" name="icmp_ln221_fu_113">
<pin_list>
<pin id="114" dir="0" index="0" bw="62" slack="0"/>
<pin id="115" dir="0" index="1" bw="62" slack="1"/>
<pin id="116" dir="1" index="2" bw="1" slack="2"/>
</pin_list>
<bind>
<opcode="icmp(45) " fcode="icmp"/>
<opset="icmp_ln221/2 "/>
</bind>
</comp>

<comp id="118" class="1004" name="add_ln221_1_fu_118">
<pin_list>
<pin id="119" dir="0" index="0" bw="62" slack="0"/>
<pin id="120" dir="0" index="1" bw="1" slack="0"/>
<pin id="121" dir="1" index="2" bw="62" slack="0"/>
</pin_list>
<bind>
<opcode="add(8) " fcode="add"/>
<opset="add_ln221_1/2 "/>
</bind>
</comp>

<comp id="124" class="1004" name="store_ln221_store_fu_124">
<pin_list>
<pin id="125" dir="0" index="0" bw="62" slack="0"/>
<pin id="126" dir="0" index="1" bw="62" slack="1"/>
<pin id="127" dir="1" index="2" bw="0" slack="2147483647"/>
</pin_list>
<bind>
<opcode="store(28) " fcode="store"/>
<opset="store_ln221/2 "/>
</bind>
</comp>

<comp id="129" class="1004" name="x_load_load_fu_129">
<pin_list>
<pin id="130" dir="0" index="0" bw="31" slack="2"/>
<pin id="131" dir="1" index="1" bw="31" slack="0"/>
</pin_list>
<bind>
<opcode="load(27) " fcode="load"/>
<opset="x_load/3 "/>
</bind>
</comp>

<comp id="132" class="1004" name="y_load_load_fu_132">
<pin_list>
<pin id="133" dir="0" index="0" bw="31" slack="2"/>
<pin id="134" dir="1" index="1" bw="31" slack="0"/>
</pin_list>
<bind>
<opcode="load(27) " fcode="load"/>
<opset="y_load/3 "/>
</bind>
</comp>

<comp id="135" class="1004" name="zext_ln222_fu_135">
<pin_list>
<pin id="136" dir="0" index="0" bw="31" slack="0"/>
<pin id="137" dir="1" index="1" bw="32" slack="0"/>
</pin_list>
<bind>
<opcode="zext(34) " fcode="zext"/>
<opset="zext_ln222/3 "/>
</bind>
</comp>

<comp id="139" class="1004" name="icmp_ln222_fu_139">
<pin_list>
<pin id="140" dir="0" index="0" bw="32" slack="0"/>
<pin id="141" dir="0" index="1" bw="32" slack="2"/>
<pin id="142" dir="1" index="2" bw="1" slack="0"/>
</pin_list>
<bind>
<opcode="icmp(45) " fcode="icmp"/>
<opset="icmp_ln222/3 "/>
</bind>
</comp>

<comp id="144" class="1004" name="add_ln221_fu_144">
<pin_list>
<pin id="145" dir="0" index="0" bw="31" slack="0"/>
<pin id="146" dir="0" index="1" bw="1" slack="0"/>
<pin id="147" dir="1" index="2" bw="31" slack="0"/>
</pin_list>
<bind>
<opcode="add(8) " fcode="add"/>
<opset="add_ln221/3 "/>
</bind>
</comp>

<comp id="150" class="1004" name="select_ln221_fu_150">
<pin_list>
<pin id="151" dir="0" index="0" bw="1" slack="0"/>
<pin id="152" dir="0" index="1" bw="31" slack="0"/>
<pin id="153" dir="0" index="2" bw="31" slack="0"/>
<pin id="154" dir="1" index="3" bw="31" slack="0"/>
</pin_list>
<bind>
<opcode="select(49) " fcode="select"/>
<opset="select_ln221/3 "/>
</bind>
</comp>

<comp id="158" class="1004" name="select_ln221_1_fu_158">
<pin_list>
<pin id="159" dir="0" index="0" bw="1" slack="0"/>
<pin id="160" dir="0" index="1" bw="31" slack="0"/>
<pin id="161" dir="0" index="2" bw="31" slack="0"/>
<pin id="162" dir="1" index="3" bw="31" slack="0"/>
</pin_list>
<bind>
<opcode="select(49) " fcode="select"/>
<opset="select_ln221_1/3 "/>
</bind>
</comp>

<comp id="166" class="1004" name="trunc_ln223_fu_166">
<pin_list>
<pin id="167" dir="0" index="0" bw="31" slack="0"/>
<pin id="168" dir="1" index="1" bw="10" slack="0"/>
</pin_list>
<bind>
<opcode="trunc(33) " fcode="trunc"/>
<opset="trunc_ln223/3 "/>
</bind>
</comp>

<comp id="170" class="1004" name="tmp_fu_170">
<pin_list>
<pin id="171" dir="0" index="0" bw="20" slack="0"/>
<pin id="172" dir="0" index="1" bw="10" slack="0"/>
<pin id="173" dir="0" index="2" bw="1" slack="0"/>
<pin id="174" dir="1" index="3" bw="20" slack="0"/>
</pin_list>
<bind>
<opcode="bitconcatenate(1004) " fcode="bitconcatenate"/>
<opset="tmp/3 "/>
</bind>
</comp>

<comp id="178" class="1004" name="trunc_ln223_2_fu_178">
<pin_list>
<pin id="179" dir="0" index="0" bw="31" slack="0"/>
<pin id="180" dir="1" index="1" bw="20" slack="0"/>
</pin_list>
<bind>
<opcode="trunc(33) " fcode="trunc"/>
<opset="trunc_ln223_2/3 "/>
</bind>
</comp>

<comp id="182" class="1004" name="add_ln223_fu_182">
<pin_list>
<pin id="183" dir="0" index="0" bw="20" slack="0"/>
<pin id="184" dir="0" index="1" bw="20" slack="0"/>
<pin id="185" dir="1" index="2" bw="20" slack="1"/>
</pin_list>
<bind>
<opcode="add(8) " fcode="add"/>
<opset="add_ln223/3 "/>
</bind>
</comp>

<comp id="188" class="1004" name="add_ln222_fu_188">
<pin_list>
<pin id="189" dir="0" index="0" bw="31" slack="0"/>
<pin id="190" dir="0" index="1" bw="1" slack="0"/>
<pin id="191" dir="1" index="2" bw="31" slack="1"/>
</pin_list>
<bind>
<opcode="add(8) " fcode="add"/>
<opset="add_ln222/3 "/>
</bind>
</comp>

<comp id="194" class="1004" name="store_ln221_store_fu_194">
<pin_list>
<pin id="195" dir="0" index="0" bw="31" slack="0"/>
<pin id="196" dir="0" index="1" bw="31" slack="2"/>
<pin id="197" dir="1" index="2" bw="0" slack="2147483647"/>
</pin_list>
<bind>
<opcode="store(28) " fcode="store"/>
<opset="store_ln221/3 "/>
</bind>
</comp>

<comp id="199" class="1004" name="zext_ln223_fu_199">
<pin_list>
<pin id="200" dir="0" index="0" bw="20" slack="1"/>
<pin id="201" dir="1" index="1" bw="64" slack="0"/>
</pin_list>
<bind>
<opcode="zext(34) " fcode="zext"/>
<opset="zext_ln223/4 "/>
</bind>
</comp>

<comp id="203" class="1004" name="store_ln222_store_fu_203">
<pin_list>
<pin id="204" dir="0" index="0" bw="31" slack="1"/>
<pin id="205" dir="0" index="1" bw="31" slack="3"/>
<pin id="206" dir="1" index="2" bw="0" slack="2147483647"/>
</pin_list>
<bind>
<opcode="store(28) " fcode="store"/>
<opset="store_ln222/4 "/>
</bind>
</comp>

<comp id="207" class="1005" name="x_reg_207">
<pin_list>
<pin id="208" dir="0" index="0" bw="31" slack="0"/>
<pin id="209" dir="1" index="1" bw="31" slack="0"/>
</pin_list>
<bind>
<opset="x "/>
</bind>
</comp>

<comp id="214" class="1005" name="y_reg_214">
<pin_list>
<pin id="215" dir="0" index="0" bw="31" slack="0"/>
<pin id="216" dir="1" index="1" bw="31" slack="0"/>
</pin_list>
<bind>
<opset="y "/>
</bind>
</comp>

<comp id="221" class="1005" name="indvar_flatten_reg_221">
<pin_list>
<pin id="222" dir="0" index="0" bw="62" slack="0"/>
<pin id="223" dir="1" index="1" bw="62" slack="0"/>
</pin_list>
<bind>
<opset="indvar_flatten "/>
</bind>
</comp>

<comp id="228" class="1005" name="p_read_1_reg_228">
<pin_list>
<pin id="229" dir="0" index="0" bw="32" slack="2"/>
<pin id="230" dir="1" index="1" bw="32" slack="2"/>
</pin_list>
<bind>
<opset="p_read_1 "/>
</bind>
</comp>

<comp id="233" class="1005" name="bound_read_reg_233">
<pin_list>
<pin id="234" dir="0" index="0" bw="62" slack="1"/>
<pin id="235" dir="1" index="1" bw="62" slack="1"/>
</pin_list>
<bind>
<opset="bound_read "/>
</bind>
</comp>

<comp id="238" class="1005" name="icmp_ln221_reg_238">
<pin_list>
<pin id="239" dir="0" index="0" bw="1" slack="2"/>
<pin id="240" dir="1" index="1" bw="1" slack="2147483647"/>
</pin_list>
<bind>
<opset="icmp_ln221 "/>
</bind>
</comp>

<comp id="242" class="1005" name="add_ln223_reg_242">
<pin_list>
<pin id="243" dir="0" index="0" bw="20" slack="1"/>
<pin id="244" dir="1" index="1" bw="20" slack="1"/>
</pin_list>
<bind>
<opset="add_ln223 "/>
</bind>
</comp>

<comp id="247" class="1005" name="add_ln222_reg_247">
<pin_list>
<pin id="248" dir="0" index="0" bw="31" slack="1"/>
<pin id="249" dir="1" index="1" bw="31" slack="1"/>
</pin_list>
<bind>
<opset="add_ln222 "/>
</bind>
</comp>

<comp id="252" class="1005" name="zext_ln223_reg_252">
<pin_list>
<pin id="253" dir="0" index="0" bw="64" slack="1"/>
<pin id="254" dir="1" index="1" bw="64" slack="1"/>
</pin_list>
<bind>
<opset="zext_ln223 "/>
</bind>
</comp>

<comp id="257" class="1005" name="stage1_addr_reg_257">
<pin_list>
<pin id="258" dir="0" index="0" bw="20" slack="1"/>
<pin id="259" dir="1" index="1" bw="20" slack="1"/>
</pin_list>
<bind>
<opset="stage1_addr "/>
</bind>
</comp>

</comp_list>

<net_list>
<net id="47"><net_src comp="8" pin="0"/><net_sink comp="44" pin=0"/></net>

<net id="51"><net_src comp="8" pin="0"/><net_sink comp="48" pin=0"/></net>

<net id="55"><net_src comp="8" pin="0"/><net_sink comp="52" pin=0"/></net>

<net id="60"><net_src comp="20" pin="0"/><net_sink comp="56" pin=0"/></net>

<net id="61"><net_src comp="2" pin="0"/><net_sink comp="56" pin=1"/></net>

<net id="66"><net_src comp="22" pin="0"/><net_sink comp="62" pin=0"/></net>

<net id="67"><net_src comp="0" pin="0"/><net_sink comp="62" pin=1"/></net>

<net id="73"><net_src comp="6" pin="0"/><net_sink comp="68" pin=0"/></net>

<net id="74"><net_src comp="36" pin="0"/><net_sink comp="68" pin=1"/></net>

<net id="80"><net_src comp="68" pin="3"/><net_sink comp="75" pin=0"/></net>

<net id="86"><net_src comp="4" pin="0"/><net_sink comp="81" pin=0"/></net>

<net id="87"><net_src comp="36" pin="0"/><net_sink comp="81" pin=1"/></net>

<net id="93"><net_src comp="75" pin="3"/><net_sink comp="88" pin=1"/></net>

<net id="94"><net_src comp="81" pin="3"/><net_sink comp="88" pin=0"/></net>

<net id="99"><net_src comp="24" pin="0"/><net_sink comp="95" pin=0"/></net>

<net id="104"><net_src comp="26" pin="0"/><net_sink comp="100" pin=0"/></net>

<net id="109"><net_src comp="26" pin="0"/><net_sink comp="105" pin=0"/></net>

<net id="117"><net_src comp="110" pin="1"/><net_sink comp="113" pin=0"/></net>

<net id="122"><net_src comp="110" pin="1"/><net_sink comp="118" pin=0"/></net>

<net id="123"><net_src comp="28" pin="0"/><net_sink comp="118" pin=1"/></net>

<net id="128"><net_src comp="118" pin="2"/><net_sink comp="124" pin=0"/></net>

<net id="138"><net_src comp="129" pin="1"/><net_sink comp="135" pin=0"/></net>

<net id="143"><net_src comp="135" pin="1"/><net_sink comp="139" pin=0"/></net>

<net id="148"><net_src comp="132" pin="1"/><net_sink comp="144" pin=0"/></net>

<net id="149"><net_src comp="30" pin="0"/><net_sink comp="144" pin=1"/></net>

<net id="155"><net_src comp="139" pin="2"/><net_sink comp="150" pin=0"/></net>

<net id="156"><net_src comp="129" pin="1"/><net_sink comp="150" pin=1"/></net>

<net id="157"><net_src comp="26" pin="0"/><net_sink comp="150" pin=2"/></net>

<net id="163"><net_src comp="139" pin="2"/><net_sink comp="158" pin=0"/></net>

<net id="164"><net_src comp="132" pin="1"/><net_sink comp="158" pin=1"/></net>

<net id="165"><net_src comp="144" pin="2"/><net_sink comp="158" pin=2"/></net>

<net id="169"><net_src comp="158" pin="3"/><net_sink comp="166" pin=0"/></net>

<net id="175"><net_src comp="32" pin="0"/><net_sink comp="170" pin=0"/></net>

<net id="176"><net_src comp="166" pin="1"/><net_sink comp="170" pin=1"/></net>

<net id="177"><net_src comp="34" pin="0"/><net_sink comp="170" pin=2"/></net>

<net id="181"><net_src comp="150" pin="3"/><net_sink comp="178" pin=0"/></net>

<net id="186"><net_src comp="170" pin="3"/><net_sink comp="182" pin=0"/></net>

<net id="187"><net_src comp="178" pin="1"/><net_sink comp="182" pin=1"/></net>

<net id="192"><net_src comp="150" pin="3"/><net_sink comp="188" pin=0"/></net>

<net id="193"><net_src comp="30" pin="0"/><net_sink comp="188" pin=1"/></net>

<net id="198"><net_src comp="158" pin="3"/><net_sink comp="194" pin=0"/></net>

<net id="202"><net_src comp="199" pin="1"/><net_sink comp="68" pin=2"/></net>

<net id="210"><net_src comp="44" pin="1"/><net_sink comp="207" pin=0"/></net>

<net id="211"><net_src comp="207" pin="1"/><net_sink comp="105" pin=1"/></net>

<net id="212"><net_src comp="207" pin="1"/><net_sink comp="129" pin=0"/></net>

<net id="213"><net_src comp="207" pin="1"/><net_sink comp="203" pin=1"/></net>

<net id="217"><net_src comp="48" pin="1"/><net_sink comp="214" pin=0"/></net>

<net id="218"><net_src comp="214" pin="1"/><net_sink comp="100" pin=1"/></net>

<net id="219"><net_src comp="214" pin="1"/><net_sink comp="132" pin=0"/></net>

<net id="220"><net_src comp="214" pin="1"/><net_sink comp="194" pin=1"/></net>

<net id="224"><net_src comp="52" pin="1"/><net_sink comp="221" pin=0"/></net>

<net id="225"><net_src comp="221" pin="1"/><net_sink comp="95" pin=1"/></net>

<net id="226"><net_src comp="221" pin="1"/><net_sink comp="110" pin=0"/></net>

<net id="227"><net_src comp="221" pin="1"/><net_sink comp="124" pin=1"/></net>

<net id="231"><net_src comp="56" pin="2"/><net_sink comp="228" pin=0"/></net>

<net id="232"><net_src comp="228" pin="1"/><net_sink comp="139" pin=1"/></net>

<net id="236"><net_src comp="62" pin="2"/><net_sink comp="233" pin=0"/></net>

<net id="237"><net_src comp="233" pin="1"/><net_sink comp="113" pin=1"/></net>

<net id="241"><net_src comp="113" pin="2"/><net_sink comp="238" pin=0"/></net>

<net id="245"><net_src comp="182" pin="2"/><net_sink comp="242" pin=0"/></net>

<net id="246"><net_src comp="242" pin="1"/><net_sink comp="199" pin=0"/></net>

<net id="250"><net_src comp="188" pin="2"/><net_sink comp="247" pin=0"/></net>

<net id="251"><net_src comp="247" pin="1"/><net_sink comp="203" pin=0"/></net>

<net id="255"><net_src comp="199" pin="1"/><net_sink comp="252" pin=0"/></net>

<net id="256"><net_src comp="252" pin="1"/><net_sink comp="81" pin=2"/></net>

<net id="260"><net_src comp="68" pin="3"/><net_sink comp="257" pin=0"/></net>

<net id="261"><net_src comp="257" pin="1"/><net_sink comp="75" pin=0"/></net>

</net_list>

</model> 
---------------- Datapath Model END ------------------

* FSMD analyzer results:
  - Output states:
	Port: output_r | {5 }
	Port: stage1 | {}
 - Input state : 
	Port: copy_stage.1_Pipeline_VITIS_LOOP_221_1_VITIS_LOOP_222_2 : bound | {1 }
	Port: copy_stage.1_Pipeline_VITIS_LOOP_221_1_VITIS_LOOP_222_2 : p_read | {1 }
	Port: copy_stage.1_Pipeline_VITIS_LOOP_221_1_VITIS_LOOP_222_2 : output_r | {}
	Port: copy_stage.1_Pipeline_VITIS_LOOP_221_1_VITIS_LOOP_222_2 : stage1 | {4 5 }
  - Chain level:
	State 1
		store_ln0 : 1
		store_ln221 : 1
		store_ln222 : 1
	State 2
		icmp_ln221 : 1
		br_ln221 : 2
		add_ln221_1 : 1
		store_ln221 : 2
	State 3
		zext_ln222 : 1
		icmp_ln222 : 2
		add_ln221 : 1
		select_ln221 : 3
		select_ln221_1 : 3
		trunc_ln223 : 4
		tmp : 5
		trunc_ln223_2 : 4
		add_ln223 : 6
		add_ln222 : 4
		store_ln221 : 4
	State 4
		stage1_addr : 1
		stage1_load : 2
	State 5
		store_ln223 : 1


============================================================
+ Verbose Summary: Datapath Resource usage 
============================================================

* Functional unit list:
|----------|-----------------------|---------|---------|
| Operation|    Functional Unit    |    FF   |   LUT   |
|----------|-----------------------|---------|---------|
|          |   add_ln221_1_fu_118  |    0    |    69   |
|    add   |    add_ln221_fu_144   |    0    |    38   |
|          |    add_ln223_fu_182   |    0    |    27   |
|          |    add_ln222_fu_188   |    0    |    38   |
|----------|-----------------------|---------|---------|
|   icmp   |   icmp_ln221_fu_113   |    0    |    69   |
|          |   icmp_ln222_fu_139   |    0    |    39   |
|----------|-----------------------|---------|---------|
|  select  |  select_ln221_fu_150  |    0    |    31   |
|          | select_ln221_1_fu_158 |    0    |    31   |
|----------|-----------------------|---------|---------|
|   read   |  p_read_1_read_fu_56  |    0    |    0    |
|          | bound_read_read_fu_62 |    0    |    0    |
|----------|-----------------------|---------|---------|
|   zext   |   zext_ln222_fu_135   |    0    |    0    |
|          |   zext_ln223_fu_199   |    0    |    0    |
|----------|-----------------------|---------|---------|
|   trunc  |   trunc_ln223_fu_166  |    0    |    0    |
|          |  trunc_ln223_2_fu_178 |    0    |    0    |
|----------|-----------------------|---------|---------|
|bitconcatenate|       tmp_fu_170      |    0    |    0    |
|----------|-----------------------|---------|---------|
|   Total  |                       |    0    |   342   |
|----------|-----------------------|---------|---------|

Memories:
N/A

* Register list:
+----------------------+--------+
|                      |   FF   |
+----------------------+--------+
|   add_ln222_reg_247  |   31   |
|   add_ln223_reg_242  |   20   |
|  bound_read_reg_233  |   62   |
|  icmp_ln221_reg_238  |    1   |
|indvar_flatten_reg_221|   62   |
|   p_read_1_reg_228   |   32   |
|  stage1_addr_reg_257 |   20   |
|       x_reg_207      |   31   |
|       y_reg_214      |   31   |
|  zext_ln223_reg_252  |   64   |
+----------------------+--------+
|         Total        |   354  |
+----------------------+--------+

* Multiplexer (MUX) list: 
|------------------|------|------|------|--------||---------||---------||---------|
|       Comp       |  Pin | Size |  BW  | S x BW ||  Delay  ||    FF   ||   LUT   |
|------------------|------|------|------|--------||---------||---------||---------|
| grp_access_fu_75 |  p0  |   2  |  20  |   40   ||    0    ||    9    |
|------------------|------|------|------|--------||---------||---------||---------|
|       Total      |      |      |      |   40   ||  1.588  ||    0    ||    9    |
|------------------|------|------|------|--------||---------||---------||---------|



* Summary:
+-----------+--------+--------+--------+
|           |  Delay |   FF   |   LUT  |
+-----------+--------+--------+--------+
|  Function |    -   |    0   |   342  |
|   Memory  |    -   |    -   |    -   |
|Multiplexer|    1   |    0   |    9   |
|  Register |    -   |   354  |    -   |
+-----------+--------+--------+--------+
|   Total   |    1   |   354  |   351  |
+-----------+--------+--------+--------+
