

================================================================
== Vitis HLS Report for 'linebuffer_box3_pipeline_unroll_partition'
================================================================
* Date:           Fri Apr 24 19:31:42 2026

* Version:        2025.2 (Build 6295257 on Nov 14 2025)
* Project:        blur_opt_dataflow_proj
* Solution:       solution1 (Vivado IP Flow Target)
* Product family: zynq
* Target device:  xc7z020-clg400-1


================================================================
== Performance Estimates
================================================================
+ Timing: 
    * Summary: 
    +--------+----------+----------+------------+
    |  Clock |  Target  | Estimated| Uncertainty|
    +--------+----------+----------+------------+
    |ap_clk  |  10.00 ns|  7.396 ns|     2.70 ns|
    +--------+----------+----------+------------+

+ Latency: 
    * Summary: 
    +---------+---------+----------+----------+-----+-----+---------+
    |  Latency (cycles) |  Latency (absolute) |  Interval | Pipeline|
    |   min   |   max   |    min   |    max   | min | max |   Type  |
    +---------+---------+----------+----------+-----+-----+---------+
    |        ?|        ?|         ?|         ?|    ?|    ?|       no|
    +---------+---------+----------+----------+-----+-----+---------+

    + Detail: 
        * Instance: 
        +--------------------------------------------------------------------------------------------+----------------------------------------------------------------------------------+---------+---------+-----------+-----------+-----+-----+-------------------+
        |                                                                                            |                                                                                  |  Latency (cycles) |   Latency (absolute)  |  Interval |      Pipeline     |
        |                                          Instance                                          |                                      Module                                      |   min   |   max   |    min    |    max    | min | max |        Type       |
        +--------------------------------------------------------------------------------------------+----------------------------------------------------------------------------------+---------+---------+-----------+-----------+-----+-----+-------------------+
        |grp_linebuffer_box3_pipeline_unroll_partition_Pipeline_1_fu_44                              |linebuffer_box3_pipeline_unroll_partition_Pipeline_1                              |     2050|     2050|  20.500 us|  20.500 us|    0|    0|  loop pipeline stp|
        |grp_linebuffer_box3_pipeline_unroll_partition_Pipeline_VITIS_LOOP_15_1_VITIS_LOOP_16_fu_50  |linebuffer_box3_pipeline_unroll_partition_Pipeline_VITIS_LOOP_15_1_VITIS_LOOP_16  |        ?|        ?|          ?|          ?|    0|    0|  loop pipeline stp|
        |grp_linebuffer_box3_pipeline_unroll_partition_Pipeline_VITIS_LOOP_180_1_VITIS_LOOP_1_fu_60  |linebuffer_box3_pipeline_unroll_partition_Pipeline_VITIS_LOOP_180_1_VITIS_LOOP_1  |       19|        ?|   0.190 us|          ?|    0|    0|  loop pipeline stp|
        +--------------------------------------------------------------------------------------------+----------------------------------------------------------------------------------+---------+---------+-----------+-----------+-----+-----+-------------------+

        * Loop: 
        N/A



================================================================
== Utilization Estimates
================================================================
* Summary: 
+-----------------+---------+-----+--------+-------+-----+
|       Name      | BRAM_18K| DSP |   FF   |  LUT  | URAM|
+-----------------+---------+-----+--------+-------+-----+
|DSP              |        -|    -|       -|      -|    -|
|Expression       |        -|    -|       0|    224|    -|
|FIFO             |        -|    -|       -|      -|    -|
|Instance         |        -|    5|    1218|   1574|    -|
|Memory           |        2|    -|       0|      0|    0|
|Multiplexer      |        -|    -|       0|    284|    -|
|Register         |        -|    -|     198|      -|    -|
+-----------------+---------+-----+--------+-------+-----+
|Total            |        2|    5|    1416|   2082|    0|
+-----------------+---------+-----+--------+-------+-----+
|Available        |      280|  220|  106400|  53200|    0|
+-----------------+---------+-----+--------+-------+-----+
|Utilization (%)  |       ~0|    2|       1|      3|    0|
+-----------------+---------+-----+--------+-------+-----+

+ Detail: 
    * Instance: 
    +--------------------------------------------------------------------------------------------+----------------------------------------------------------------------------------+---------+----+-----+------+-----+
    |                                          Instance                                          |                                      Module                                      | BRAM_18K| DSP|  FF |  LUT | URAM|
    +--------------------------------------------------------------------------------------------+----------------------------------------------------------------------------------+---------+----+-----+------+-----+
    |grp_linebuffer_box3_pipeline_unroll_partition_Pipeline_1_fu_44                              |linebuffer_box3_pipeline_unroll_partition_Pipeline_1                              |        0|   0|   14|    63|    0|
    |grp_linebuffer_box3_pipeline_unroll_partition_Pipeline_VITIS_LOOP_15_1_VITIS_LOOP_16_fu_50  |linebuffer_box3_pipeline_unroll_partition_Pipeline_VITIS_LOOP_15_1_VITIS_LOOP_16  |        0|   0|  204|   407|    0|
    |grp_linebuffer_box3_pipeline_unroll_partition_Pipeline_VITIS_LOOP_180_1_VITIS_LOOP_1_fu_60  |linebuffer_box3_pipeline_unroll_partition_Pipeline_VITIS_LOOP_180_1_VITIS_LOOP_1  |        0|   1|  859|  1056|    0|
    |mul_31ns_31ns_62_2_1_U25                                                                    |mul_31ns_31ns_62_2_1                                                              |        0|   4|  141|    48|    0|
    +--------------------------------------------------------------------------------------------+----------------------------------------------------------------------------------+---------+----+-----+------+-----+
    |Total                                                                                       |                                                                                  |        0|   5| 1218|  1574|    0|
    +--------------------------------------------------------------------------------------------+----------------------------------------------------------------------------------+---------+----+-----+------+-----+

    * DSP: 
    N/A

    * Memory: 
    +-------------+-----------------------------------------------------------------+---------+---+----+-----+------+-----+------+-------------+
    |    Memory   |                              Module                             | BRAM_18K| FF| LUT| URAM| Words| Bits| Banks| W*Bits*Banks|
    +-------------+-----------------------------------------------------------------+---------+---+----+-----+------+-----+------+-------------+
    |linebuf_U    |linebuffer_box3_pipeline_unroll_partition_linebuf_RAM_AUTO_1R1W  |        1|  0|   0|    0|  1024|    8|     1|         8192|
    |linebuf_1_U  |linebuffer_box3_pipeline_unroll_partition_linebuf_RAM_AUTO_1R1W  |        1|  0|   0|    0|  1024|    8|     1|         8192|
    +-------------+-----------------------------------------------------------------+---------+---+----+-----+------+-----+------+-------------+
    |Total        |                                                                 |        2|  0|   0|    0|  2048|   16|     2|        16384|
    +-------------+-----------------------------------------------------------------+---------+---+----+-----+------+-----+------+-------------+

    * FIFO: 
    N/A

    * Expression: 
    +---------------------------------+----------+----+---+----+------------+------------+
    |          Variable Name          | Operation| DSP| FF| LUT| Bitwidth P0| Bitwidth P1|
    +---------------------------------+----------+----+---+----+------------+------------+
    |ap_block_state7_on_subcall_done  |       and|   0|  0|   2|           1|           1|
    |empty_20_fu_91_p2                |      icmp|   0|  0|  39|          32|           1|
    |empty_21_fu_105_p2               |      icmp|   0|  0|  39|          32|           1|
    |icmp_ln176_1_fu_119_p2           |      icmp|   0|  0|  39|          32|           2|
    |icmp_ln176_fu_133_p2             |      icmp|   0|  0|  39|          32|           2|
    |ap_block_state4_on_subcall_done  |        or|   0|  0|   2|           1|           1|
    |or_ln176_fu_138_p2               |        or|   0|  0|   2|           1|           1|
    |smax1_fu_111_p3                  |    select|   0|  0|  31|           1|          31|
    |smax_fu_97_p3                    |    select|   0|  0|  31|           1|          31|
    +---------------------------------+----------+----+---+----+------------+------------+
    |Total                            |          |   0|  0| 224|         133|          71|
    +---------------------------------+----------+----+---+----+------------+------------+

    * Multiplexer: 
    +--------------------+----+-----------+-----+-----------+
    |        Name        | LUT| Input Size| Bits| Total Bits|
    +--------------------+----+-----------+-----+-----------+
    |ap_NS_fsm           |  42|          8|    1|          8|
    |grp_fu_72_p0        |  14|          3|   31|         93|
    |grp_fu_72_p1        |  14|          3|   31|         93|
    |linebuf_1_address0  |  14|          3|   10|         30|
    |linebuf_1_ce0       |  14|          3|    1|          3|
    |linebuf_1_ce1       |   9|          2|    1|          2|
    |linebuf_1_d0        |  14|          3|    8|         24|
    |linebuf_1_we0       |  14|          3|    1|          3|
    |linebuf_address0    |  14|          3|   10|         30|
    |linebuf_ce0         |  14|          3|    1|          3|
    |linebuf_ce1         |   9|          2|    1|          2|
    |linebuf_d0          |  14|          3|    8|         24|
    |linebuf_we0         |  14|          3|    1|          3|
    |stage0_address0     |  14|          3|   20|         60|
    |stage0_ce0          |  14|          3|    1|          3|
    |stage1_address0     |  14|          3|   20|         60|
    |stage1_ce0          |  14|          3|    1|          3|
    |stage1_d0           |  14|          3|    8|         24|
    |stage1_we0          |  14|          3|    1|          3|
    +--------------------+----+-----------+-----+-----------+
    |Total               | 284|         60|  156|        471|
    +--------------------+----+-----------+-----+-----------+

    * Register: 
    +---------------------------------------------------------------------------------------------------------+----+----+-----+-----------+
    |                                                   Name                                                  | FF | LUT| Bits| Const Bits|
    +---------------------------------------------------------------------------------------------------------+----+----+-----+-----------+
    |ap_CS_fsm                                                                                                |   7|   0|    7|          0|
    |empty_19_reg_163                                                                                         |  31|   0|   31|          0|
    |empty_reg_157                                                                                            |  31|   0|   31|          0|
    |grp_linebuffer_box3_pipeline_unroll_partition_Pipeline_1_fu_44_ap_start_reg                              |   1|   0|    1|          0|
    |grp_linebuffer_box3_pipeline_unroll_partition_Pipeline_VITIS_LOOP_15_1_VITIS_LOOP_16_fu_50_ap_start_reg  |   1|   0|    1|          0|
    |grp_linebuffer_box3_pipeline_unroll_partition_Pipeline_VITIS_LOOP_180_1_VITIS_LOOP_1_fu_60_ap_start_reg  |   1|   0|    1|          0|
    |icmp_ln176_1_reg_178                                                                                     |   1|   0|    1|          0|
    |or_ln176_reg_193                                                                                         |   1|   0|    1|          0|
    |reg_77                                                                                                   |  62|   0|   62|          0|
    |smax1_reg_173                                                                                            |  31|   0|   31|          0|
    |smax_reg_168                                                                                             |  31|   0|   31|          0|
    +---------------------------------------------------------------------------------------------------------+----+----+-----+-----------+
    |Total                                                                                                    | 198|   0|  198|          0|
    +---------------------------------------------------------------------------------------------------------+----+----+-----+-----------+



================================================================
== Interface
================================================================
* Summary: 
+-----------------+-----+-----+------------+-------------------------------------------+--------------+
|    RTL Ports    | Dir | Bits|  Protocol  |               Source Object               |    C Type    |
+-----------------+-----+-----+------------+-------------------------------------------+--------------+
|ap_clk           |   in|    1|  ap_ctrl_hs|  linebuffer_box3_pipeline_unroll_partition|  return value|
|ap_rst           |   in|    1|  ap_ctrl_hs|  linebuffer_box3_pipeline_unroll_partition|  return value|
|ap_start         |   in|    1|  ap_ctrl_hs|  linebuffer_box3_pipeline_unroll_partition|  return value|
|ap_done          |  out|    1|  ap_ctrl_hs|  linebuffer_box3_pipeline_unroll_partition|  return value|
|ap_idle          |  out|    1|  ap_ctrl_hs|  linebuffer_box3_pipeline_unroll_partition|  return value|
|ap_ready         |  out|    1|  ap_ctrl_hs|  linebuffer_box3_pipeline_unroll_partition|  return value|
|width            |   in|   32|     ap_none|                                      width|        scalar|
|height           |   in|   32|     ap_none|                                     height|        scalar|
|stage0_address0  |  out|   20|   ap_memory|                                     stage0|         array|
|stage0_ce0       |  out|    1|   ap_memory|                                     stage0|         array|
|stage0_q0        |   in|    8|   ap_memory|                                     stage0|         array|
|stage1_address0  |  out|   20|   ap_memory|                                     stage1|         array|
|stage1_ce0       |  out|    1|   ap_memory|                                     stage1|         array|
|stage1_we0       |  out|    1|   ap_memory|                                     stage1|         array|
|stage1_d0        |  out|    8|   ap_memory|                                     stage1|         array|
+-----------------+-----+-----+------------+-------------------------------------------+--------------+

============================================================
+ Verbose Summary: Synthesis Manager
============================================================
InlineROM: 1
ExposeGlobal: 0
============================================================
+ Verbose Summary: CDFG Model
============================================================
IsTopModel: 0
ResetActiveHigh: 1
IsCombinational: 2
IsDatapathOnly: 2
HasWiredReturn: 1
HasMFsm: 0
HasVarLatency: 1
IsPipeline: 0
IsRtlPipelined: 0
IsInstanceOverlapped: 0
IsDontTouch: 0
HasImplIP: 0
IsGatedGlobalClock: 0


============================================================
+ Verbose Summary: Schedule
============================================================
* Number of FSM states : 7
* Pipeline : 0
* Dataflow Pipeline: 0

* FSM state transitions: 
1 --> 2 
2 --> 3 
3 --> 4 
4 --> 5 7 
5 --> 6 
6 --> 7 
7 --> 

* FSM state operations: 

State 1 <SV = 0> <Delay = 3.28>
ST_1 : Operation 8 [1/1] (0.00ns)   --->   "%height_read = read i32 @_ssdm_op_Read.ap_auto.i32, i32 %height"   --->   Operation 8 'read' 'height_read' <Predicate = true> <Delay = 0.00>
ST_1 : Operation 9 [1/1] (0.00ns)   --->   "%width_read = read i32 @_ssdm_op_Read.ap_auto.i32, i32 %width"   --->   Operation 9 'read' 'width_read' <Predicate = true> <Delay = 0.00>
ST_1 : Operation 10 [1/1] (0.00ns)   --->   "%empty = trunc i32 %width_read"   --->   Operation 10 'trunc' 'empty' <Predicate = true> <Delay = 0.00>
ST_1 : Operation 11 [1/1] (0.00ns)   --->   "%empty_19 = trunc i32 %height_read"   --->   Operation 11 'trunc' 'empty_19' <Predicate = true> <Delay = 0.00>
ST_1 : Operation 12 [1/1] (3.25ns)   --->   "%linebuf = alloca i64 1" [blur_opt.cpp:164]   --->   Operation 12 'alloca' 'linebuf' <Predicate = true> <Delay = 3.25>
ST_1 : Operation 13 [1/1] (3.25ns)   --->   "%linebuf_1 = alloca i64 1" [blur_opt.cpp:164]   --->   Operation 13 'alloca' 'linebuf_1' <Predicate = true> <Delay = 3.25>
ST_1 : Operation 14 [1/1] (2.55ns)   --->   "%empty_20 = icmp_sgt  i32 %height_read, i32 0"   --->   Operation 14 'icmp' 'empty_20' <Predicate = true> <Delay = 2.55> <CoreInst = "Cmp">   --->   Core 9 'Cmp' <Latency = 0> <II = 1> <Delay = 2.55> <FuncUnit> <Opcode : 'seteq' 'setne' 'setle' 'setge' 'setlt' 'setgt'> <InPorts = 2> <OutPorts = 1>
ST_1 : Operation 15 [1/1] (0.73ns)   --->   "%smax = select i1 %empty_20, i31 %empty_19, i31 0"   --->   Operation 15 'select' 'smax' <Predicate = true> <Delay = 0.73> <CoreInst = "Sel">   --->   Core 73 'Sel' <Latency = 0> <II = 1> <Delay = 0.73> <FuncUnit> <Opcode : 'select'> <InPorts = 3> <OutPorts = 1>
ST_1 : Operation 16 [1/1] (2.55ns)   --->   "%empty_21 = icmp_sgt  i32 %width_read, i32 0"   --->   Operation 16 'icmp' 'empty_21' <Predicate = true> <Delay = 2.55> <CoreInst = "Cmp">   --->   Core 9 'Cmp' <Latency = 0> <II = 1> <Delay = 2.55> <FuncUnit> <Opcode : 'seteq' 'setne' 'setle' 'setge' 'setlt' 'setgt'> <InPorts = 2> <OutPorts = 1>
ST_1 : Operation 17 [1/1] (0.73ns)   --->   "%smax1 = select i1 %empty_21, i31 %empty, i31 0"   --->   Operation 17 'select' 'smax1' <Predicate = true> <Delay = 0.73> <CoreInst = "Sel">   --->   Core 73 'Sel' <Latency = 0> <II = 1> <Delay = 0.73> <FuncUnit> <Opcode : 'select'> <InPorts = 3> <OutPorts = 1>
ST_1 : Operation 18 [1/1] (2.55ns)   --->   "%icmp_ln176_1 = icmp_slt  i32 %height_read, i32 3" [blur_opt.cpp:176]   --->   Operation 18 'icmp' 'icmp_ln176_1' <Predicate = true> <Delay = 2.55> <CoreInst = "Cmp">   --->   Core 9 'Cmp' <Latency = 0> <II = 1> <Delay = 2.55> <FuncUnit> <Opcode : 'seteq' 'setne' 'setle' 'setge' 'setlt' 'setgt'> <InPorts = 2> <OutPorts = 1>

State 2 <SV = 1> <Delay = 6.91>
ST_2 : Operation 19 [1/1] (0.00ns)   --->   "%smax_cast = zext i31 %smax"   --->   Operation 19 'zext' 'smax_cast' <Predicate = true> <Delay = 0.00>
ST_2 : Operation 20 [1/1] (0.00ns)   --->   "%smax1_cast = zext i31 %smax1"   --->   Operation 20 'zext' 'smax1_cast' <Predicate = true> <Delay = 0.00>
ST_2 : Operation 21 [2/2] (6.91ns)   --->   "%bound = mul i62 %smax_cast, i62 %smax1_cast"   --->   Operation 21 'mul' 'bound' <Predicate = true> <Delay = 6.91> <CoreInst = "Multiplier">   --->   Core 3 'Multiplier' <Latency = 1> <II = 1> <Delay = 6.91> <FuncUnit> <Opcode : 'mul'> <InPorts = 2> <OutPorts = 1>

State 3 <SV = 2> <Delay = 6.91>
ST_3 : Operation 22 [2/2] (0.00ns)   --->   "%call_ln0 = call void @linebuffer_box3_pipeline_unroll_partition_Pipeline_1, i8 %linebuf_1, i8 %linebuf"   --->   Operation 22 'call' 'call_ln0' <Predicate = true> <Delay = 0.00> <CoreType = "Generic">   --->   Generic Core
ST_3 : Operation 23 [1/2] (6.91ns)   --->   "%bound = mul i62 %smax_cast, i62 %smax1_cast"   --->   Operation 23 'mul' 'bound' <Predicate = true> <Delay = 6.91> <CoreInst = "Multiplier">   --->   Core 3 'Multiplier' <Latency = 1> <II = 1> <Delay = 6.91> <FuncUnit> <Opcode : 'mul'> <InPorts = 2> <OutPorts = 1>
ST_3 : Operation 24 [2/2] (0.00ns)   --->   "%call_ln0 = call void @linebuffer_box3_pipeline_unroll_partition_Pipeline_VITIS_LOOP_15_1_VITIS_LOOP_16, i32 %width_read, i62 %bound, i8 %stage0, i8 %stage1"   --->   Operation 24 'call' 'call_ln0' <Predicate = true> <Delay = 0.00> <CoreType = "Generic">   --->   Generic Core
ST_3 : Operation 25 [1/1] (2.55ns)   --->   "%icmp_ln176 = icmp_slt  i32 %width_read, i32 3" [blur_opt.cpp:176]   --->   Operation 25 'icmp' 'icmp_ln176' <Predicate = true> <Delay = 2.55> <CoreInst = "Cmp">   --->   Core 9 'Cmp' <Latency = 0> <II = 1> <Delay = 2.55> <FuncUnit> <Opcode : 'seteq' 'setne' 'setle' 'setge' 'setlt' 'setgt'> <InPorts = 2> <OutPorts = 1>
ST_3 : Operation 26 [1/1] (0.97ns)   --->   "%or_ln176 = or i1 %icmp_ln176, i1 %icmp_ln176_1" [blur_opt.cpp:176]   --->   Operation 26 'or' 'or_ln176' <Predicate = true> <Delay = 0.97> <CoreInst = "LogicGate">   --->   Core 74 'LogicGate' <Latency = 0> <II = 1> <Delay = 0.97> <FuncUnit> <Opcode : 'and' 'or' 'xor'> <InPorts = 2> <OutPorts = 1>

State 4 <SV = 3> <Delay = 6.91>
ST_4 : Operation 27 [1/2] (4.72ns)   --->   "%call_ln0 = call void @linebuffer_box3_pipeline_unroll_partition_Pipeline_1, i8 %linebuf_1, i8 %linebuf"   --->   Operation 27 'call' 'call_ln0' <Predicate = true> <Delay = 4.72> <CoreType = "Generic">   --->   Generic Core
ST_4 : Operation 28 [1/2] (0.00ns)   --->   "%call_ln0 = call void @linebuffer_box3_pipeline_unroll_partition_Pipeline_VITIS_LOOP_15_1_VITIS_LOOP_16, i32 %width_read, i62 %bound, i8 %stage0, i8 %stage1"   --->   Operation 28 'call' 'call_ln0' <Predicate = true> <Delay = 0.00> <CoreType = "Generic">   --->   Generic Core
ST_4 : Operation 29 [1/1] (0.00ns)   --->   "%br_ln176 = br i1 %or_ln176, void %VITIS_LOOP_180_1.i, void %linebuffer_box3_pipeline_unroll_partition.exit" [blur_opt.cpp:176]   --->   Operation 29 'br' 'br_ln176' <Predicate = true> <Delay = 0.00>
ST_4 : Operation 30 [1/1] (0.00ns)   --->   "%zext_ln180 = zext i31 %empty_19" [blur_opt.cpp:180]   --->   Operation 30 'zext' 'zext_ln180' <Predicate = (!or_ln176)> <Delay = 0.00>
ST_4 : Operation 31 [1/1] (0.00ns)   --->   "%zext_ln180_1 = zext i31 %empty" [blur_opt.cpp:180]   --->   Operation 31 'zext' 'zext_ln180_1' <Predicate = (!or_ln176)> <Delay = 0.00>
ST_4 : Operation 32 [2/2] (6.91ns)   --->   "%mul_ln180 = mul i62 %zext_ln180, i62 %zext_ln180_1" [blur_opt.cpp:180]   --->   Operation 32 'mul' 'mul_ln180' <Predicate = (!or_ln176)> <Delay = 6.91> <CoreInst = "Multiplier">   --->   Core 3 'Multiplier' <Latency = 1> <II = 1> <Delay = 6.91> <FuncUnit> <Opcode : 'mul'> <InPorts = 2> <OutPorts = 1>

State 5 <SV = 4> <Delay = 6.91>
ST_5 : Operation 33 [1/2] (6.91ns)   --->   "%mul_ln180 = mul i62 %zext_ln180, i62 %zext_ln180_1" [blur_opt.cpp:180]   --->   Operation 33 'mul' 'mul_ln180' <Predicate = true> <Delay = 6.91> <CoreInst = "Multiplier">   --->   Core 3 'Multiplier' <Latency = 1> <II = 1> <Delay = 6.91> <FuncUnit> <Opcode : 'mul'> <InPorts = 2> <OutPorts = 1>

State 6 <SV = 5> <Delay = 0.00>
ST_6 : Operation 34 [2/2] (0.00ns)   --->   "%call_ln180 = call void @linebuffer_box3_pipeline_unroll_partition_Pipeline_VITIS_LOOP_180_1_VITIS_LOOP_1, i62 %mul_ln180, i31 %empty, i8 %stage0, i8 %linebuf_1, i8 %linebuf, i8 %stage1" [blur_opt.cpp:180]   --->   Operation 34 'call' 'call_ln180' <Predicate = true> <Delay = 0.00> <CoreType = "Generic">   --->   Generic Core

State 7 <SV = 6> <Delay = 0.00>
ST_7 : Operation 35 [1/2] (0.00ns)   --->   "%call_ln180 = call void @linebuffer_box3_pipeline_unroll_partition_Pipeline_VITIS_LOOP_180_1_VITIS_LOOP_1, i62 %mul_ln180, i31 %empty, i8 %stage0, i8 %linebuf_1, i8 %linebuf, i8 %stage1" [blur_opt.cpp:180]   --->   Operation 35 'call' 'call_ln180' <Predicate = (!or_ln176)> <Delay = 0.00> <CoreType = "Generic">   --->   Generic Core
ST_7 : Operation 36 [1/1] (0.00ns)   --->   "%br_ln0 = br void %linebuffer_box3_pipeline_unroll_partition.exit"   --->   Operation 36 'br' 'br_ln0' <Predicate = (!or_ln176)> <Delay = 0.00>
ST_7 : Operation 37 [1/1] (0.00ns)   --->   "%ret_ln0 = ret"   --->   Operation 37 'ret' 'ret_ln0' <Predicate = true> <Delay = 0.00>


============================================================
+ Verbose Summary: Binding
============================================================
STG Binding: 
---------------- STG Properties BEGIN ----------------
- Is combinational: 0
- Is one-state seq: 0
- Is datapath-only: 0
- Is pipelined: 0
- Is top level: 0
Port [ Return ] is wired: 1; IO mode=ap_ctrl_hs:ce=0
Port [ width]:  wired=1; compound=0; hidden=0; nouse=0; global=0; static=0; extern=0; dir=0; type=0; pingpong=0; private_global=0; IO mode=ap_none:ce=0
Port [ height]:  wired=1; compound=0; hidden=0; nouse=0; global=0; static=0; extern=0; dir=0; type=0; pingpong=0; private_global=0; IO mode=ap_none:ce=0
Port [ stage0]:  wired=1; compound=1; hidden=0; nouse=0; global=0; static=0; extern=0; dir=0; type=1; pingpong=1; private_global=0; MemPort=[13]; IO mode=ap_memory:ce=0
Port [ stage1]:  wired=1; compound=1; hidden=0; nouse=0; global=0; static=0; extern=0; dir=1; type=1; pingpong=1; private_global=0; MemPort=[03]; IO mode=ap_memory:ce=0
---------------- STG Properties END ------------------

---------------- Datapath Model BEGIN ----------------

<LifeTime>
<method=bitvector/>
height_read  (read  ) [ 00000000]
width_read   (read  ) [ 00111000]
empty        (trunc ) [ 00111111]
empty_19     (trunc ) [ 00111000]
linebuf      (alloca) [ 00111111]
linebuf_1    (alloca) [ 00111111]
empty_20     (icmp  ) [ 00000000]
smax         (select) [ 00100000]
empty_21     (icmp  ) [ 00000000]
smax1        (select) [ 00100000]
icmp_ln176_1 (icmp  ) [ 00110000]
smax_cast    (zext  ) [ 00010000]
smax1_cast   (zext  ) [ 00010000]
bound        (mul   ) [ 00001000]
icmp_ln176   (icmp  ) [ 00000000]
or_ln176     (or    ) [ 00001111]
call_ln0     (call  ) [ 00000000]
call_ln0     (call  ) [ 00000000]
br_ln176     (br    ) [ 00000000]
zext_ln180   (zext  ) [ 00000100]
zext_ln180_1 (zext  ) [ 00000100]
mul_ln180    (mul   ) [ 00000011]
call_ln180   (call  ) [ 00000000]
br_ln0       (br    ) [ 00000000]
ret_ln0      (ret   ) [ 00000000]
</LifeTime>

<model>

<comp_list>
<comp id="0" class="1000" name="width">
<pin_list>
<pin id="1" dir="1" index="0" bw="1" slack="0"/>
</pin_list>
<bind>
<StgValue><ssdm name="width"/></StgValue>
</bind>
</comp>

<comp id="2" class="1000" name="height">
<pin_list>
<pin id="3" dir="1" index="0" bw="1" slack="0"/>
</pin_list>
<bind>
<StgValue><ssdm name="height"/></StgValue>
</bind>
</comp>

<comp id="4" class="1000" name="stage0">
<pin_list>
<pin id="5" dir="1" index="0" bw="1" slack="0"/>
</pin_list>
<bind>
<StgValue><ssdm name="stage0"/><MemPortTyVec>1 3 </MemPortTyVec>
</StgValue>
</bind>
</comp>

<comp id="6" class="1000" name="stage1">
<pin_list>
<pin id="7" dir="1" index="0" bw="1" slack="0"/>
</pin_list>
<bind>
<StgValue><ssdm name="stage1"/><MemPortTyVec>0 3 </MemPortTyVec>
</StgValue>
</bind>
</comp>

<comp id="8" class="1001" name="const_8">
<pin_list>
<pin id="9" dir="1" index="0" bw="1" slack="0"/>
</pin_list>
<bind>
<StgValue><ssdm name="_ssdm_op_Read.ap_auto.i32"/></StgValue>
</bind>
</comp>

<comp id="10" class="1001" name="const_10">
<pin_list>
<pin id="11" dir="1" index="0" bw="1" slack="0"/>
</pin_list>
<bind>
<StgValue><ssdm name=""/></StgValue>
</bind>
</comp>

<comp id="12" class="1001" name="const_12">
<pin_list>
<pin id="13" dir="1" index="0" bw="1" slack="0"/>
</pin_list>
<bind>
<StgValue><ssdm name=""/></StgValue>
</bind>
</comp>

<comp id="14" class="1001" name="const_14">
<pin_list>
<pin id="15" dir="1" index="0" bw="1" slack="0"/>
</pin_list>
<bind>
<StgValue><ssdm name=""/></StgValue>
</bind>
</comp>

<comp id="16" class="1001" name="const_16">
<pin_list>
<pin id="17" dir="1" index="0" bw="1" slack="0"/>
</pin_list>
<bind>
<StgValue><ssdm name=""/></StgValue>
</bind>
</comp>

<comp id="18" class="1001" name="const_18">
<pin_list>
<pin id="19" dir="1" index="0" bw="1" slack="0"/>
</pin_list>
<bind>
<StgValue><ssdm name="linebuffer_box3_pipeline_unroll_partition_Pipeline_1"/></StgValue>
</bind>
</comp>

<comp id="20" class="1001" name="const_20">
<pin_list>
<pin id="21" dir="1" index="0" bw="1" slack="0"/>
</pin_list>
<bind>
<StgValue><ssdm name="linebuffer_box3_pipeline_unroll_partition_Pipeline_VITIS_LOOP_15_1_VITIS_LOOP_16"/></StgValue>
</bind>
</comp>

<comp id="22" class="1001" name="const_22">
<pin_list>
<pin id="23" dir="1" index="0" bw="1" slack="0"/>
</pin_list>
<bind>
<StgValue><ssdm name="linebuffer_box3_pipeline_unroll_partition_Pipeline_VITIS_LOOP_180_1_VITIS_LOOP_1"/></StgValue>
</bind>
</comp>

<comp id="24" class="1004" name="linebuf_alloca_fu_24">
<pin_list>
<pin id="25" dir="0" index="0" bw="1" slack="0"/>
<pin id="26" dir="1" index="1" bw="8" slack="2147483647"/>
</pin_list>
<bind>
<opcode="alloca(26) " fcode="alloca"/>
<opset="linebuf/1 "/>
</bind>
</comp>

<comp id="28" class="1004" name="linebuf_1_alloca_fu_28">
<pin_list>
<pin id="29" dir="0" index="0" bw="1" slack="0"/>
<pin id="30" dir="1" index="1" bw="8" slack="2147483647"/>
</pin_list>
<bind>
<opcode="alloca(26) " fcode="alloca"/>
<opset="linebuf_1/1 "/>
</bind>
</comp>

<comp id="32" class="1004" name="height_read_read_fu_32">
<pin_list>
<pin id="33" dir="0" index="0" bw="32" slack="0"/>
<pin id="34" dir="0" index="1" bw="32" slack="0"/>
<pin id="35" dir="1" index="2" bw="32" slack="0"/>
</pin_list>
<bind>
<opcode="read(1150) " fcode="read"/>
<opset="height_read/1 "/>
</bind>
</comp>

<comp id="38" class="1004" name="width_read_read_fu_38">
<pin_list>
<pin id="39" dir="0" index="0" bw="32" slack="0"/>
<pin id="40" dir="0" index="1" bw="32" slack="0"/>
<pin id="41" dir="1" index="2" bw="32" slack="0"/>
</pin_list>
<bind>
<opcode="read(1150) " fcode="read"/>
<opset="width_read/1 "/>
</bind>
</comp>

<comp id="44" class="1004" name="grp_linebuffer_box3_pipeline_unroll_partition_Pipeline_1_fu_44">
<pin_list>
<pin id="45" dir="0" index="0" bw="0" slack="0"/>
<pin id="46" dir="0" index="1" bw="8" slack="2147483647"/>
<pin id="47" dir="0" index="2" bw="8" slack="2147483647"/>
<pin id="48" dir="1" index="3" bw="0" slack="2147483647"/>
</pin_list>
<bind>
<opcode="call(48) " fcode="call"/>
<opset="call_ln0/3 "/>
</bind>
</comp>

<comp id="50" class="1004" name="grp_linebuffer_box3_pipeline_unroll_partition_Pipeline_VITIS_LOOP_15_1_VITIS_LOOP_16_fu_50">
<pin_list>
<pin id="51" dir="0" index="0" bw="0" slack="0"/>
<pin id="52" dir="0" index="1" bw="32" slack="2"/>
<pin id="53" dir="0" index="2" bw="62" slack="0"/>
<pin id="54" dir="0" index="3" bw="8" slack="0"/>
<pin id="55" dir="0" index="4" bw="8" slack="0"/>
<pin id="56" dir="1" index="5" bw="0" slack="2147483647"/>
</pin_list>
<bind>
<opcode="call(48) " fcode="call"/>
<opset="call_ln0/3 "/>
</bind>
</comp>

<comp id="60" class="1004" name="grp_linebuffer_box3_pipeline_unroll_partition_Pipeline_VITIS_LOOP_180_1_VITIS_LOOP_1_fu_60">
<pin_list>
<pin id="61" dir="0" index="0" bw="0" slack="0"/>
<pin id="62" dir="0" index="1" bw="62" slack="1"/>
<pin id="63" dir="0" index="2" bw="31" slack="5"/>
<pin id="64" dir="0" index="3" bw="8" slack="0"/>
<pin id="65" dir="0" index="4" bw="8" slack="2147483647"/>
<pin id="66" dir="0" index="5" bw="8" slack="2147483647"/>
<pin id="67" dir="0" index="6" bw="8" slack="0"/>
<pin id="68" dir="1" index="7" bw="0" slack="2147483647"/>
</pin_list>
<bind>
<opcode="call(48) " fcode="call"/>
<opset="call_ln180/6 "/>
</bind>
</comp>

<comp id="72" class="1004" name="grp_fu_72">
<pin_list>
<pin id="73" dir="0" index="0" bw="31" slack="0"/>
<pin id="74" dir="0" index="1" bw="31" slack="0"/>
<pin id="75" dir="1" index="2" bw="62" slack="0"/>
</pin_list>
<bind>
<opcode="mul(12) " fcode="mul"/>
<opset="bound/2 mul_ln180/4 "/>
</bind>
</comp>

<comp id="77" class="1005" name="reg_77">
<pin_list>
<pin id="78" dir="0" index="0" bw="62" slack="1"/>
<pin id="79" dir="1" index="1" bw="62" slack="1"/>
</pin_list>
<bind>
<opset="bound mul_ln180 "/>
</bind>
</comp>

<comp id="83" class="1004" name="empty_fu_83">
<pin_list>
<pin id="84" dir="0" index="0" bw="32" slack="0"/>
<pin id="85" dir="1" index="1" bw="31" slack="0"/>
</pin_list>
<bind>
<opcode="trunc(33) " fcode="trunc"/>
<opset="empty/1 "/>
</bind>
</comp>

<comp id="87" class="1004" name="empty_19_fu_87">
<pin_list>
<pin id="88" dir="0" index="0" bw="32" slack="0"/>
<pin id="89" dir="1" index="1" bw="31" slack="0"/>
</pin_list>
<bind>
<opcode="trunc(33) " fcode="trunc"/>
<opset="empty_19/1 "/>
</bind>
</comp>

<comp id="91" class="1004" name="empty_20_fu_91">
<pin_list>
<pin id="92" dir="0" index="0" bw="32" slack="0"/>
<pin id="93" dir="0" index="1" bw="32" slack="0"/>
<pin id="94" dir="1" index="2" bw="1" slack="0"/>
</pin_list>
<bind>
<opcode="icmp(45) " fcode="icmp"/>
<opset="empty_20/1 "/>
</bind>
</comp>

<comp id="97" class="1004" name="smax_fu_97">
<pin_list>
<pin id="98" dir="0" index="0" bw="1" slack="0"/>
<pin id="99" dir="0" index="1" bw="31" slack="0"/>
<pin id="100" dir="0" index="2" bw="31" slack="0"/>
<pin id="101" dir="1" index="3" bw="31" slack="1"/>
</pin_list>
<bind>
<opcode="select(49) " fcode="select"/>
<opset="smax/1 "/>
</bind>
</comp>

<comp id="105" class="1004" name="empty_21_fu_105">
<pin_list>
<pin id="106" dir="0" index="0" bw="32" slack="0"/>
<pin id="107" dir="0" index="1" bw="32" slack="0"/>
<pin id="108" dir="1" index="2" bw="1" slack="0"/>
</pin_list>
<bind>
<opcode="icmp(45) " fcode="icmp"/>
<opset="empty_21/1 "/>
</bind>
</comp>

<comp id="111" class="1004" name="smax1_fu_111">
<pin_list>
<pin id="112" dir="0" index="0" bw="1" slack="0"/>
<pin id="113" dir="0" index="1" bw="31" slack="0"/>
<pin id="114" dir="0" index="2" bw="31" slack="0"/>
<pin id="115" dir="1" index="3" bw="31" slack="1"/>
</pin_list>
<bind>
<opcode="select(49) " fcode="select"/>
<opset="smax1/1 "/>
</bind>
</comp>

<comp id="119" class="1004" name="icmp_ln176_1_fu_119">
<pin_list>
<pin id="120" dir="0" index="0" bw="32" slack="0"/>
<pin id="121" dir="0" index="1" bw="32" slack="0"/>
<pin id="122" dir="1" index="2" bw="1" slack="2"/>
</pin_list>
<bind>
<opcode="icmp(45) " fcode="icmp"/>
<opset="icmp_ln176_1/1 "/>
</bind>
</comp>

<comp id="125" class="1004" name="smax_cast_fu_125">
<pin_list>
<pin id="126" dir="0" index="0" bw="31" slack="1"/>
<pin id="127" dir="1" index="1" bw="62" slack="0"/>
</pin_list>
<bind>
<opcode="zext(34) " fcode="zext"/>
<opset="smax_cast/2 "/>
</bind>
</comp>

<comp id="129" class="1004" name="smax1_cast_fu_129">
<pin_list>
<pin id="130" dir="0" index="0" bw="31" slack="1"/>
<pin id="131" dir="1" index="1" bw="62" slack="0"/>
</pin_list>
<bind>
<opcode="zext(34) " fcode="zext"/>
<opset="smax1_cast/2 "/>
</bind>
</comp>

<comp id="133" class="1004" name="icmp_ln176_fu_133">
<pin_list>
<pin id="134" dir="0" index="0" bw="32" slack="2"/>
<pin id="135" dir="0" index="1" bw="32" slack="0"/>
<pin id="136" dir="1" index="2" bw="1" slack="0"/>
</pin_list>
<bind>
<opcode="icmp(45) " fcode="icmp"/>
<opset="icmp_ln176/3 "/>
</bind>
</comp>

<comp id="138" class="1004" name="or_ln176_fu_138">
<pin_list>
<pin id="139" dir="0" index="0" bw="1" slack="0"/>
<pin id="140" dir="0" index="1" bw="1" slack="2"/>
<pin id="141" dir="1" index="2" bw="1" slack="1"/>
</pin_list>
<bind>
<opcode="or(24) " fcode="or"/>
<opset="or_ln176/3 "/>
</bind>
</comp>

<comp id="143" class="1004" name="zext_ln180_fu_143">
<pin_list>
<pin id="144" dir="0" index="0" bw="31" slack="3"/>
<pin id="145" dir="1" index="1" bw="62" slack="0"/>
</pin_list>
<bind>
<opcode="zext(34) " fcode="zext"/>
<opset="zext_ln180/4 "/>
</bind>
</comp>

<comp id="147" class="1004" name="zext_ln180_1_fu_147">
<pin_list>
<pin id="148" dir="0" index="0" bw="31" slack="3"/>
<pin id="149" dir="1" index="1" bw="62" slack="0"/>
</pin_list>
<bind>
<opcode="zext(34) " fcode="zext"/>
<opset="zext_ln180_1/4 "/>
</bind>
</comp>

<comp id="151" class="1005" name="width_read_reg_151">
<pin_list>
<pin id="152" dir="0" index="0" bw="32" slack="2"/>
<pin id="153" dir="1" index="1" bw="32" slack="2"/>
</pin_list>
<bind>
<opset="width_read "/>
</bind>
</comp>

<comp id="157" class="1005" name="empty_reg_157">
<pin_list>
<pin id="158" dir="0" index="0" bw="31" slack="3"/>
<pin id="159" dir="1" index="1" bw="31" slack="3"/>
</pin_list>
<bind>
<opset="empty "/>
</bind>
</comp>

<comp id="163" class="1005" name="empty_19_reg_163">
<pin_list>
<pin id="164" dir="0" index="0" bw="31" slack="3"/>
<pin id="165" dir="1" index="1" bw="31" slack="3"/>
</pin_list>
<bind>
<opset="empty_19 "/>
</bind>
</comp>

<comp id="168" class="1005" name="smax_reg_168">
<pin_list>
<pin id="169" dir="0" index="0" bw="31" slack="1"/>
<pin id="170" dir="1" index="1" bw="31" slack="1"/>
</pin_list>
<bind>
<opset="smax "/>
</bind>
</comp>

<comp id="173" class="1005" name="smax1_reg_173">
<pin_list>
<pin id="174" dir="0" index="0" bw="31" slack="1"/>
<pin id="175" dir="1" index="1" bw="31" slack="1"/>
</pin_list>
<bind>
<opset="smax1 "/>
</bind>
</comp>

<comp id="178" class="1005" name="icmp_ln176_1_reg_178">
<pin_list>
<pin id="179" dir="0" index="0" bw="1" slack="2"/>
<pin id="180" dir="1" index="1" bw="1" slack="2"/>
</pin_list>
<bind>
<opset="icmp_ln176_1 "/>
</bind>
</comp>

<comp id="183" class="1005" name="smax_cast_reg_183">
<pin_list>
<pin id="184" dir="0" index="0" bw="62" slack="1"/>
<pin id="185" dir="1" index="1" bw="62" slack="1"/>
</pin_list>
<bind>
<opset="smax_cast "/>
</bind>
</comp>

<comp id="188" class="1005" name="smax1_cast_reg_188">
<pin_list>
<pin id="189" dir="0" index="0" bw="62" slack="1"/>
<pin id="190" dir="1" index="1" bw="62" slack="1"/>
</pin_list>
<bind>
<opset="smax1_cast "/>
</bind>
</comp>

<comp id="193" class="1005" name="or_ln176_reg_193">
<pin_list>
<pin id="194" dir="0" index="0" bw="1" slack="1"/>
<pin id="195" dir="1" index="1" bw="1" slack="2147483647"/>
</pin_list>
<bind>
<opset="or_ln176 "/>
</bind>
</comp>

<comp id="197" class="1005" name="zext_ln180_reg_197">
<pin_list>
<pin id="198" dir="0" index="0" bw="62" slack="1"/>
<pin id="199" dir="1" index="1" bw="62" slack="1"/>
</pin_list>
<bind>
<opset="zext_ln180 "/>
</bind>
</comp>

<comp id="202" class="1005" name="zext_ln180_1_reg_202">
<pin_list>
<pin id="203" dir="0" index="0" bw="62" slack="1"/>
<pin id="204" dir="1" index="1" bw="62" slack="1"/>
</pin_list>
<bind>
<opset="zext_ln180_1 "/>
</bind>
</comp>

</comp_list>

<net_list>
<net id="27"><net_src comp="10" pin="0"/><net_sink comp="24" pin=0"/></net>

<net id="31"><net_src comp="10" pin="0"/><net_sink comp="28" pin=0"/></net>

<net id="36"><net_src comp="8" pin="0"/><net_sink comp="32" pin=0"/></net>

<net id="37"><net_src comp="2" pin="0"/><net_sink comp="32" pin=1"/></net>

<net id="42"><net_src comp="8" pin="0"/><net_sink comp="38" pin=0"/></net>

<net id="43"><net_src comp="0" pin="0"/><net_sink comp="38" pin=1"/></net>

<net id="49"><net_src comp="18" pin="0"/><net_sink comp="44" pin=0"/></net>

<net id="57"><net_src comp="20" pin="0"/><net_sink comp="50" pin=0"/></net>

<net id="58"><net_src comp="4" pin="0"/><net_sink comp="50" pin=3"/></net>

<net id="59"><net_src comp="6" pin="0"/><net_sink comp="50" pin=4"/></net>

<net id="69"><net_src comp="22" pin="0"/><net_sink comp="60" pin=0"/></net>

<net id="70"><net_src comp="4" pin="0"/><net_sink comp="60" pin=3"/></net>

<net id="71"><net_src comp="6" pin="0"/><net_sink comp="60" pin=6"/></net>

<net id="76"><net_src comp="72" pin="2"/><net_sink comp="50" pin=2"/></net>

<net id="80"><net_src comp="72" pin="2"/><net_sink comp="77" pin=0"/></net>

<net id="81"><net_src comp="77" pin="1"/><net_sink comp="50" pin=2"/></net>

<net id="82"><net_src comp="77" pin="1"/><net_sink comp="60" pin=1"/></net>

<net id="86"><net_src comp="38" pin="2"/><net_sink comp="83" pin=0"/></net>

<net id="90"><net_src comp="32" pin="2"/><net_sink comp="87" pin=0"/></net>

<net id="95"><net_src comp="32" pin="2"/><net_sink comp="91" pin=0"/></net>

<net id="96"><net_src comp="12" pin="0"/><net_sink comp="91" pin=1"/></net>

<net id="102"><net_src comp="91" pin="2"/><net_sink comp="97" pin=0"/></net>

<net id="103"><net_src comp="87" pin="1"/><net_sink comp="97" pin=1"/></net>

<net id="104"><net_src comp="14" pin="0"/><net_sink comp="97" pin=2"/></net>

<net id="109"><net_src comp="38" pin="2"/><net_sink comp="105" pin=0"/></net>

<net id="110"><net_src comp="12" pin="0"/><net_sink comp="105" pin=1"/></net>

<net id="116"><net_src comp="105" pin="2"/><net_sink comp="111" pin=0"/></net>

<net id="117"><net_src comp="83" pin="1"/><net_sink comp="111" pin=1"/></net>

<net id="118"><net_src comp="14" pin="0"/><net_sink comp="111" pin=2"/></net>

<net id="123"><net_src comp="32" pin="2"/><net_sink comp="119" pin=0"/></net>

<net id="124"><net_src comp="16" pin="0"/><net_sink comp="119" pin=1"/></net>

<net id="128"><net_src comp="125" pin="1"/><net_sink comp="72" pin=0"/></net>

<net id="132"><net_src comp="129" pin="1"/><net_sink comp="72" pin=1"/></net>

<net id="137"><net_src comp="16" pin="0"/><net_sink comp="133" pin=1"/></net>

<net id="142"><net_src comp="133" pin="2"/><net_sink comp="138" pin=0"/></net>

<net id="146"><net_src comp="143" pin="1"/><net_sink comp="72" pin=0"/></net>

<net id="150"><net_src comp="147" pin="1"/><net_sink comp="72" pin=1"/></net>

<net id="154"><net_src comp="38" pin="2"/><net_sink comp="151" pin=0"/></net>

<net id="155"><net_src comp="151" pin="1"/><net_sink comp="50" pin=1"/></net>

<net id="156"><net_src comp="151" pin="1"/><net_sink comp="133" pin=0"/></net>

<net id="160"><net_src comp="83" pin="1"/><net_sink comp="157" pin=0"/></net>

<net id="161"><net_src comp="157" pin="1"/><net_sink comp="147" pin=0"/></net>

<net id="162"><net_src comp="157" pin="1"/><net_sink comp="60" pin=2"/></net>

<net id="166"><net_src comp="87" pin="1"/><net_sink comp="163" pin=0"/></net>

<net id="167"><net_src comp="163" pin="1"/><net_sink comp="143" pin=0"/></net>

<net id="171"><net_src comp="97" pin="3"/><net_sink comp="168" pin=0"/></net>

<net id="172"><net_src comp="168" pin="1"/><net_sink comp="125" pin=0"/></net>

<net id="176"><net_src comp="111" pin="3"/><net_sink comp="173" pin=0"/></net>

<net id="177"><net_src comp="173" pin="1"/><net_sink comp="129" pin=0"/></net>

<net id="181"><net_src comp="119" pin="2"/><net_sink comp="178" pin=0"/></net>

<net id="182"><net_src comp="178" pin="1"/><net_sink comp="138" pin=1"/></net>

<net id="186"><net_src comp="125" pin="1"/><net_sink comp="183" pin=0"/></net>

<net id="187"><net_src comp="183" pin="1"/><net_sink comp="72" pin=0"/></net>

<net id="191"><net_src comp="129" pin="1"/><net_sink comp="188" pin=0"/></net>

<net id="192"><net_src comp="188" pin="1"/><net_sink comp="72" pin=1"/></net>

<net id="196"><net_src comp="138" pin="2"/><net_sink comp="193" pin=0"/></net>

<net id="200"><net_src comp="143" pin="1"/><net_sink comp="197" pin=0"/></net>

<net id="201"><net_src comp="197" pin="1"/><net_sink comp="72" pin=0"/></net>

<net id="205"><net_src comp="147" pin="1"/><net_sink comp="202" pin=0"/></net>

<net id="206"><net_src comp="202" pin="1"/><net_sink comp="72" pin=1"/></net>

</net_list>

</model> 
---------------- Datapath Model END ------------------

* FSMD analyzer results:
  - Output states:
	Port: stage0 | {}
	Port: stage1 | {3 4 6 7 }
 - Input state : 
	Port: linebuffer_box3_pipeline_unroll_partition : width | {1 }
	Port: linebuffer_box3_pipeline_unroll_partition : height | {1 }
	Port: linebuffer_box3_pipeline_unroll_partition : stage0 | {3 4 6 7 }
	Port: linebuffer_box3_pipeline_unroll_partition : stage1 | {}
  - Chain level:
	State 1
		smax : 1
		smax1 : 1
	State 2
		bound : 1
	State 3
		call_ln0 : 1
		or_ln176 : 1
	State 4
		mul_ln180 : 1
	State 5
	State 6
	State 7


============================================================
+ Verbose Summary: Datapath Resource usage 
============================================================

* Functional unit list:
|----------|--------------------------------------------------------------------------------------------|---------|---------|---------|---------|
| Operation|                                       Functional Unit                                      |   DSP   |  Delay  |    FF   |   LUT   |
|----------|--------------------------------------------------------------------------------------------|---------|---------|---------|---------|
|          |               grp_linebuffer_box3_pipeline_unroll_partition_Pipeline_1_fu_44               |    0    |    0    |    12   |    34   |
|   call   | grp_linebuffer_box3_pipeline_unroll_partition_Pipeline_VITIS_LOOP_15_1_VITIS_LOOP_16_fu_50 |    0    |  1.588  |   354   |   351   |
|          | grp_linebuffer_box3_pipeline_unroll_partition_Pipeline_VITIS_LOOP_180_1_VITIS_LOOP_1_fu_60 |    1    |  1.588  |   557   |   731   |
|----------|--------------------------------------------------------------------------------------------|---------|---------|---------|---------|
|    mul   |                                          grp_fu_72                                         |    4    |    0    |   141   |    48   |
|----------|--------------------------------------------------------------------------------------------|---------|---------|---------|---------|
|          |                                       empty_20_fu_91                                       |    0    |    0    |    0    |    39   |
|   icmp   |                                       empty_21_fu_105                                      |    0    |    0    |    0    |    39   |
|          |                                     icmp_ln176_1_fu_119                                    |    0    |    0    |    0    |    39   |
|          |                                      icmp_ln176_fu_133                                     |    0    |    0    |    0    |    39   |
|----------|--------------------------------------------------------------------------------------------|---------|---------|---------|---------|
|  select  |                                         smax_fu_97                                         |    0    |    0    |    0    |    31   |
|          |                                        smax1_fu_111                                        |    0    |    0    |    0    |    31   |
|----------|--------------------------------------------------------------------------------------------|---------|---------|---------|---------|
|    or    |                                       or_ln176_fu_138                                      |    0    |    0    |    0    |    2    |
|----------|--------------------------------------------------------------------------------------------|---------|---------|---------|---------|
|   read   |                                   height_read_read_fu_32                                   |    0    |    0    |    0    |    0    |
|          |                                    width_read_read_fu_38                                   |    0    |    0    |    0    |    0    |
|----------|--------------------------------------------------------------------------------------------|---------|---------|---------|---------|
|   trunc  |                                         empty_fu_83                                        |    0    |    0    |    0    |    0    |
|          |                                       empty_19_fu_87                                       |    0    |    0    |    0    |    0    |
|----------|--------------------------------------------------------------------------------------------|---------|---------|---------|---------|
|          |                                      smax_cast_fu_125                                      |    0    |    0    |    0    |    0    |
|   zext   |                                      smax1_cast_fu_129                                     |    0    |    0    |    0    |    0    |
|          |                                      zext_ln180_fu_143                                     |    0    |    0    |    0    |    0    |
|          |                                     zext_ln180_1_fu_147                                    |    0    |    0    |    0    |    0    |
|----------|--------------------------------------------------------------------------------------------|---------|---------|---------|---------|
|   Total  |                                                                                            |    5    |  3.176  |   1064  |   1384  |
|----------|--------------------------------------------------------------------------------------------|---------|---------|---------|---------|

Memories:
+---------+--------+--------+--------+--------+
|         |  BRAM  |   FF   |   LUT  |  URAM  |
+---------+--------+--------+--------+--------+
| linebuf |    1   |    0   |    0   |    0   |
|linebuf_1|    1   |    0   |    0   |    0   |
+---------+--------+--------+--------+--------+
|  Total  |    2   |    0   |    0   |    0   |
+---------+--------+--------+--------+--------+

* Register list:
+--------------------+--------+
|                    |   FF   |
+--------------------+--------+
|  empty_19_reg_163  |   31   |
|    empty_reg_157   |   31   |
|icmp_ln176_1_reg_178|    1   |
|  or_ln176_reg_193  |    1   |
|       reg_77       |   62   |
| smax1_cast_reg_188 |   62   |
|    smax1_reg_173   |   31   |
|  smax_cast_reg_183 |   62   |
|    smax_reg_168    |   31   |
| width_read_reg_151 |   32   |
|zext_ln180_1_reg_202|   62   |
| zext_ln180_reg_197 |   62   |
+--------------------+--------+
|        Total       |   468  |
+--------------------+--------+

* Multiplexer (MUX) list: 
|--------------------------------------------------------------------------------------------|------|------|------|--------||---------||---------||---------|
|                                            Comp                                            |  Pin | Size |  BW  | S x BW ||  Delay  ||    FF   ||   LUT   |
|--------------------------------------------------------------------------------------------|------|------|------|--------||---------||---------||---------|
| grp_linebuffer_box3_pipeline_unroll_partition_Pipeline_VITIS_LOOP_15_1_VITIS_LOOP_16_fu_50 |  p2  |   2  |  62  |   124  ||    0    ||    9    |
|                                          grp_fu_72                                         |  p0  |   4  |  31  |   124  ||    0    ||    20   |
|                                          grp_fu_72                                         |  p1  |   4  |  31  |   124  ||    0    ||    20   |
|--------------------------------------------------------------------------------------------|------|------|------|--------||---------||---------||---------|
|                                            Total                                           |      |      |      |   372  ||  5.2412 ||    0    ||    49   |
|--------------------------------------------------------------------------------------------|------|------|------|--------||---------||---------||---------|



* Summary:
+-----------+--------+--------+--------+--------+--------+--------+
|           |  BRAM  |   DSP  |  Delay |   FF   |   LUT  |  URAM  |
+-----------+--------+--------+--------+--------+--------+--------+
|  Function |    -   |    5   |    3   |  1064  |  1384  |    -   |
|   Memory  |    2   |    -   |    -   |    0   |    0   |    0   |
|Multiplexer|    -   |    -   |    5   |    0   |   49   |    -   |
|  Register |    -   |    -   |    -   |   468  |    -   |    -   |
+-----------+--------+--------+--------+--------+--------+--------+
|   Total   |    2   |    5   |    8   |  1532  |  1433  |    0   |
+-----------+--------+--------+--------+--------+--------+--------+
