

================================================================
== Vitis HLS Report for 'linebuffer_box3_pipeline_unroll_partition_Pipeline_VITIS_LOOP_15_1_VITIS_LOOP_16'
================================================================
* Date:           Fri Apr 24 19:31:42 2026

* Version:        2025.2 (Build 6295257 on Nov 14 2025)
* Project:        blur_opt_dataflow_proj
* Solution:       solution1 (Vivado IP Flow Target)
* Product family: zynq
* Target device:  xc7z020-clg400-1


================================================================
== Performance Estimates
================================================================
+ Timing: 
    * Summary: 
    +--------+----------+----------+------------+
    |  Clock |  Target  | Estimated| Uncertainty|
    +--------+----------+----------+------------+
    |ap_clk  |  10.00 ns|  7.396 ns|     2.70 ns|
    +--------+----------+----------+------------+

+ Latency: 
    * Summary: 
    +---------+---------+----------+----------+-----+-----+-------------------+
    |  Latency (cycles) |  Latency (absolute) |  Interval |      Pipeline     |
    |   min   |   max   |    min   |    max   | min | max |        Type       |
    +---------+---------+----------+----------+-----+-----+-------------------+
    |        ?|        ?|         ?|         ?|    0|    0|  loop pipeline stp|
    +---------+---------+----------+----------+-----+-----+-------------------+

    + Detail: 
        * Instance: 
        N/A

        * Loop: 
        +-----------------------------------+---------+---------+----------+-----------+-----------+------+----------+
        |                                   |  Latency (cycles) | Iteration|  Initiation Interval  | Trip |          |
        |             Loop Name             |   min   |   max   |  Latency |  achieved |   target  | Count| Pipelined|
        +-----------------------------------+---------+---------+----------+-----------+-----------+------+----------+
        |- VITIS_LOOP_15_1_VITIS_LOOP_16_2  |        ?|        ?|         4|          1|          1|     ?|       yes|
        +-----------------------------------+---------+---------+----------+-----------+-----------+------+----------+



================================================================
== Utilization Estimates
================================================================
* Summary: 
+-----------------+---------+-----+--------+-------+-----+
|       Name      | BRAM_18K| DSP |   FF   |  LUT  | URAM|
+-----------------+---------+-----+--------+-------+-----+
|DSP              |        -|    -|       -|      -|    -|
|Expression       |        -|    -|       0|    344|    -|
|FIFO             |        -|    -|       -|      -|    -|
|Instance         |        -|    -|       -|      -|    -|
|Memory           |        -|    -|       -|      -|    -|
|Multiplexer      |        -|    -|       0|     63|    -|
|Register         |        -|    -|     204|      -|    -|
+-----------------+---------+-----+--------+-------+-----+
|Total            |        0|    0|     204|    407|    0|
+-----------------+---------+-----+--------+-------+-----+
|Available        |      280|  220|  106400|  53200|    0|
+-----------------+---------+-----+--------+-------+-----+
|Utilization (%)  |        0|    0|      ~0|     ~0|    0|
+-----------------+---------+-----+--------+-------+-----+

+ Detail: 
    * Instance: 
    N/A

    * DSP: 
    N/A

    * Memory: 
    N/A

    * FIFO: 
    N/A

    * Expression: 
    +-------------------------+----------+----+---+----+------------+------------+
    |      Variable Name      | Operation| DSP| FF| LUT| Bitwidth P0| Bitwidth P1|
    +-------------------------+----------+----+---+----+------------+------------+
    |add_ln15_1_fu_114_p2     |         +|   0|  0|  69|          62|           1|
    |add_ln15_fu_140_p2       |         +|   0|  0|  38|          31|           1|
    |add_ln16_fu_184_p2       |         +|   0|  0|  38|          31|           1|
    |add_ln17_fu_178_p2       |         +|   0|  0|  27|          20|          20|
    |icmp_ln15_fu_109_p2      |      icmp|   0|  0|  69|          62|          62|
    |icmp_ln16_fu_132_p2      |      icmp|   0|  0|  39|          32|          32|
    |select_ln15_1_fu_154_p3  |    select|   0|  0|  31|           1|          31|
    |select_ln15_fu_146_p3    |    select|   0|  0|  31|           1|          31|
    |ap_enable_pp0            |       xor|   0|  0|   2|           1|           2|
    +-------------------------+----------+----+---+----+------------+------------+
    |Total                    |          |   0|  0| 344|         241|         181|
    +-------------------------+----------+----+---+----+------------+------------+

    * Multiplexer: 
    +-------------------------+----+-----------+-----+-----------+
    |           Name          | LUT| Input Size| Bits| Total Bits|
    +-------------------------+----+-----------+-----+-----------+
    |ap_done_int              |   9|          2|    1|          2|
    |ap_enable_reg_pp0_iter1  |   9|          2|    1|          2|
    |ap_enable_reg_pp0_iter3  |   9|          2|    1|          2|
    |ap_sig_allocacmp_x_1     |   9|          2|   31|         62|
    |indvar_flatten_fu_48     |   9|          2|   62|        124|
    |x_fu_40                  |   9|          2|   31|         62|
    |y_fu_44                  |   9|          2|   31|         62|
    +-------------------------+----+-----------+-----+-----------+
    |Total                    |  63|         14|  158|        316|
    +-------------------------+----+-----------+-----+-----------+

    * Register: 
    +----------------------------------+----+----+-----+-----------+
    |               Name               | FF | LUT| Bits| Const Bits|
    +----------------------------------+----+----+-----+-----------+
    |add_ln16_reg_243                  |  31|   0|   31|          0|
    |add_ln17_reg_238                  |  20|   0|   20|          0|
    |ap_CS_fsm                         |   1|   0|    1|          0|
    |ap_done_reg                       |   1|   0|    1|          0|
    |ap_enable_reg_pp0_iter1           |   1|   0|    1|          0|
    |ap_enable_reg_pp0_iter2           |   1|   0|    1|          0|
    |ap_enable_reg_pp0_iter3           |   1|   0|    1|          0|
    |ap_enable_reg_pp0_iter4           |   1|   0|    1|          0|
    |ap_loop_exit_ready_pp0_iter2_reg  |   1|   0|    1|          0|
    |ap_loop_exit_ready_pp0_iter3_reg  |   1|   0|    1|          0|
    |icmp_ln15_reg_234                 |   1|   0|    1|          0|
    |indvar_flatten_fu_48              |  62|   0|   62|          0|
    |x_fu_40                           |  31|   0|   31|          0|
    |y_fu_44                           |  31|   0|   31|          0|
    |zext_ln17_reg_248                 |  20|   0|   64|         44|
    +----------------------------------+----+----+-----+-----------+
    |Total                             | 204|   0|  248|         44|
    +----------------------------------+----+----+-----+-----------+



================================================================
== Interface
================================================================
* Summary: 
+-----------------+-----+-----+------------+----------------------------------------------------------------------------------+--------------+
|    RTL Ports    | Dir | Bits|  Protocol  |                                   Source Object                                  |    C Type    |
+-----------------+-----+-----+------------+----------------------------------------------------------------------------------+--------------+
|ap_clk           |   in|    1|  ap_ctrl_hs|  linebuffer_box3_pipeline_unroll_partition_Pipeline_VITIS_LOOP_15_1_VITIS_LOOP_16|  return value|
|ap_rst           |   in|    1|  ap_ctrl_hs|  linebuffer_box3_pipeline_unroll_partition_Pipeline_VITIS_LOOP_15_1_VITIS_LOOP_16|  return value|
|ap_start         |   in|    1|  ap_ctrl_hs|  linebuffer_box3_pipeline_unroll_partition_Pipeline_VITIS_LOOP_15_1_VITIS_LOOP_16|  return value|
|ap_done          |  out|    1|  ap_ctrl_hs|  linebuffer_box3_pipeline_unroll_partition_Pipeline_VITIS_LOOP_15_1_VITIS_LOOP_16|  return value|
|ap_idle          |  out|    1|  ap_ctrl_hs|  linebuffer_box3_pipeline_unroll_partition_Pipeline_VITIS_LOOP_15_1_VITIS_LOOP_16|  return value|
|ap_ready         |  out|    1|  ap_ctrl_hs|  linebuffer_box3_pipeline_unroll_partition_Pipeline_VITIS_LOOP_15_1_VITIS_LOOP_16|  return value|
|width            |   in|   32|     ap_none|                                                                             width|        scalar|
|bound            |   in|   62|     ap_none|                                                                             bound|        scalar|
|stage0_address0  |  out|   20|   ap_memory|                                                                            stage0|         array|
|stage0_ce0       |  out|    1|   ap_memory|                                                                            stage0|         array|
|stage0_q0        |   in|    8|   ap_memory|                                                                            stage0|         array|
|stage1_address0  |  out|   20|   ap_memory|                                                                            stage1|         array|
|stage1_ce0       |  out|    1|   ap_memory|                                                                            stage1|         array|
|stage1_we0       |  out|    1|   ap_memory|                                                                            stage1|         array|
|stage1_d0        |  out|    8|   ap_memory|                                                                            stage1|         array|
+-----------------+-----+-----+------------+----------------------------------------------------------------------------------+--------------+

============================================================
+ Verbose Summary: Synthesis Manager
============================================================
InlineROM: 1
ExposeGlobal: 0
============================================================
+ Verbose Summary: CDFG Model
============================================================
IsTopModel: 0
ResetActiveHigh: 1
IsCombinational: 2
IsDatapathOnly: 2
HasWiredReturn: 1
HasMFsm: 2
HasVarLatency: 1
IsPipeline: 0
IsRtlPipelined: 0
IsInstanceOverlapped: 0
IsDontTouch: 0
HasImplIP: 0
IsGatedGlobalClock: 0

+ Individual pipeline summary: 
  * Pipeline-0: initiation interval (II) = 1, depth = 5


============================================================
+ Verbose Summary: Schedule
============================================================
* Number of FSM states : 5
* Pipeline : 1
  Pipeline-0 : II = 1, D = 5, States = { 1 2 3 4 5 }
* Dataflow Pipeline: 0

* FSM state transitions: 
1 --> 2 
2 --> 3 
3 --> 4 
4 --> 5 
5 --> 

* FSM state operations: 

State 1 <SV = 0> <Delay = 1.58>
ST_1 : Operation 7 [1/1] (0.00ns)   --->   "%x = alloca i32 1" [blur_opt.cpp:16->blur_opt.cpp:175]   --->   Operation 7 'alloca' 'x' <Predicate = true> <Delay = 0.00>
ST_1 : Operation 8 [1/1] (0.00ns)   --->   "%y = alloca i32 1" [blur_opt.cpp:15->blur_opt.cpp:175]   --->   Operation 8 'alloca' 'y' <Predicate = true> <Delay = 0.00>
ST_1 : Operation 9 [1/1] (0.00ns)   --->   "%indvar_flatten = alloca i32 1"   --->   Operation 9 'alloca' 'indvar_flatten' <Predicate = true> <Delay = 0.00>
ST_1 : Operation 10 [1/1] (0.00ns)   --->   "%bound_read = read i62 @_ssdm_op_Read.ap_auto.i62, i62 %bound"   --->   Operation 10 'read' 'bound_read' <Predicate = true> <Delay = 0.00>
ST_1 : Operation 11 [1/1] (0.00ns)   --->   "%width_read = read i32 @_ssdm_op_Read.ap_auto.i32, i32 %width"   --->   Operation 11 'read' 'width_read' <Predicate = true> <Delay = 0.00>
ST_1 : Operation 12 [1/1] (1.58ns)   --->   "%store_ln0 = store i62 0, i62 %indvar_flatten"   --->   Operation 12 'store' 'store_ln0' <Predicate = true> <Delay = 1.58>
ST_1 : Operation 13 [1/1] (1.58ns)   --->   "%store_ln15 = store i31 0, i31 %y" [blur_opt.cpp:15->blur_opt.cpp:175]   --->   Operation 13 'store' 'store_ln15' <Predicate = true> <Delay = 1.58>
ST_1 : Operation 14 [1/1] (1.58ns)   --->   "%store_ln16 = store i31 0, i31 %x" [blur_opt.cpp:16->blur_opt.cpp:175]   --->   Operation 14 'store' 'store_ln16' <Predicate = true> <Delay = 1.58>
ST_1 : Operation 15 [1/1] (0.00ns)   --->   "%br_ln0 = br void %for.inc.i.i"   --->   Operation 15 'br' 'br_ln0' <Predicate = true> <Delay = 0.00>

State 2 <SV = 1> <Delay = 5.05>
ST_2 : Operation 16 [1/1] (0.00ns)   --->   "%indvar_flatten_load = load i62 %indvar_flatten" [blur_opt.cpp:15->blur_opt.cpp:175]   --->   Operation 16 'load' 'indvar_flatten_load' <Predicate = true> <Delay = 0.00>
ST_2 : Operation 17 [1/1] (3.46ns)   --->   "%icmp_ln15 = icmp_eq  i62 %indvar_flatten_load, i62 %bound_read" [blur_opt.cpp:15->blur_opt.cpp:175]   --->   Operation 17 'icmp' 'icmp_ln15' <Predicate = true> <Delay = 3.46> <CoreInst = "Cmp">   --->   Core 9 'Cmp' <Latency = 0> <II = 1> <Delay = 3.46> <FuncUnit> <Opcode : 'seteq' 'setne' 'setle' 'setge' 'setlt' 'setgt'> <InPorts = 2> <OutPorts = 1>
ST_2 : Operation 18 [1/1] (3.46ns)   --->   "%add_ln15_1 = add i62 %indvar_flatten_load, i62 1" [blur_opt.cpp:15->blur_opt.cpp:175]   --->   Operation 18 'add' 'add_ln15_1' <Predicate = true> <Delay = 3.46> <CoreInst = "Adder">   --->   Core 1 'Adder' <Latency = 0> <II = 1> <Delay = 3.46> <FuncUnit> <Opcode : 'add' 'sub'> <InPorts = 2> <OutPorts = 1>
ST_2 : Operation 19 [1/1] (0.00ns)   --->   "%br_ln15 = br i1 %icmp_ln15, void %for.inc11.i.i, void %_ZL16copy_image_plainPA1024_hS0_ii.exit.i.exitStub" [blur_opt.cpp:15->blur_opt.cpp:175]   --->   Operation 19 'br' 'br_ln15' <Predicate = true> <Delay = 0.00>
ST_2 : Operation 20 [1/1] (1.58ns)   --->   "%store_ln15 = store i62 %add_ln15_1, i62 %indvar_flatten" [blur_opt.cpp:15->blur_opt.cpp:175]   --->   Operation 20 'store' 'store_ln15' <Predicate = (!icmp_ln15)> <Delay = 1.58>

State 3 <SV = 2> <Delay = 5.80>
ST_3 : Operation 21 [1/1] (0.00ns)   --->   "%x_1 = load i31 %x" [blur_opt.cpp:16->blur_opt.cpp:175]   --->   Operation 21 'load' 'x_1' <Predicate = true> <Delay = 0.00>
ST_3 : Operation 22 [1/1] (0.00ns)   --->   "%zext_ln16 = zext i31 %x_1" [blur_opt.cpp:16->blur_opt.cpp:175]   --->   Operation 22 'zext' 'zext_ln16' <Predicate = true> <Delay = 0.00>
ST_3 : Operation 23 [1/1] (2.55ns)   --->   "%icmp_ln16 = icmp_slt  i32 %zext_ln16, i32 %width_read" [blur_opt.cpp:16->blur_opt.cpp:175]   --->   Operation 23 'icmp' 'icmp_ln16' <Predicate = true> <Delay = 2.55> <CoreInst = "Cmp">   --->   Core 9 'Cmp' <Latency = 0> <II = 1> <Delay = 2.55> <FuncUnit> <Opcode : 'seteq' 'setne' 'setle' 'setge' 'setlt' 'setgt'> <InPorts = 2> <OutPorts = 1>
ST_3 : Operation 24 [1/1] (0.00ns)   --->   "%y_load = load i31 %y" [blur_opt.cpp:15->blur_opt.cpp:175]   --->   Operation 24 'load' 'y_load' <Predicate = (!icmp_ln15)> <Delay = 0.00>
ST_3 : Operation 25 [1/1] (2.52ns)   --->   "%add_ln15 = add i31 %y_load, i31 1" [blur_opt.cpp:15->blur_opt.cpp:175]   --->   Operation 25 'add' 'add_ln15' <Predicate = (!icmp_ln15)> <Delay = 2.52> <CoreInst = "Adder">   --->   Core 1 'Adder' <Latency = 0> <II = 1> <Delay = 2.52> <FuncUnit> <Opcode : 'add' 'sub'> <InPorts = 2> <OutPorts = 1>
ST_3 : Operation 26 [1/1] (0.73ns)   --->   "%select_ln15 = select i1 %icmp_ln16, i31 %x_1, i31 0" [blur_opt.cpp:15->blur_opt.cpp:175]   --->   Operation 26 'select' 'select_ln15' <Predicate = (!icmp_ln15)> <Delay = 0.73> <CoreInst = "Sel">   --->   Core 73 'Sel' <Latency = 0> <II = 1> <Delay = 0.73> <FuncUnit> <Opcode : 'select'> <InPorts = 3> <OutPorts = 1>
ST_3 : Operation 27 [1/1] (0.73ns)   --->   "%select_ln15_1 = select i1 %icmp_ln16, i31 %y_load, i31 %add_ln15" [blur_opt.cpp:15->blur_opt.cpp:175]   --->   Operation 27 'select' 'select_ln15_1' <Predicate = (!icmp_ln15)> <Delay = 0.73> <CoreInst = "Sel">   --->   Core 73 'Sel' <Latency = 0> <II = 1> <Delay = 0.73> <FuncUnit> <Opcode : 'select'> <InPorts = 3> <OutPorts = 1>
ST_3 : Operation 28 [1/1] (0.00ns)   --->   "%trunc_ln17 = trunc i31 %select_ln15_1" [blur_opt.cpp:17->blur_opt.cpp:175]   --->   Operation 28 'trunc' 'trunc_ln17' <Predicate = (!icmp_ln15)> <Delay = 0.00>
ST_3 : Operation 29 [1/1] (0.00ns)   --->   "%tmp = bitconcatenate i20 @_ssdm_op_BitConcatenate.i20.i10.i10, i10 %trunc_ln17, i10 0" [blur_opt.cpp:17->blur_opt.cpp:175]   --->   Operation 29 'bitconcatenate' 'tmp' <Predicate = (!icmp_ln15)> <Delay = 0.00>
ST_3 : Operation 30 [1/1] (0.00ns)   --->   "%trunc_ln17_1 = trunc i31 %select_ln15" [blur_opt.cpp:17->blur_opt.cpp:175]   --->   Operation 30 'trunc' 'trunc_ln17_1' <Predicate = (!icmp_ln15)> <Delay = 0.00>
ST_3 : Operation 31 [1/1] (2.19ns)   --->   "%add_ln17 = add i20 %tmp, i20 %trunc_ln17_1" [blur_opt.cpp:17->blur_opt.cpp:175]   --->   Operation 31 'add' 'add_ln17' <Predicate = (!icmp_ln15)> <Delay = 2.19> <CoreInst = "Adder">   --->   Core 1 'Adder' <Latency = 0> <II = 1> <Delay = 2.19> <FuncUnit> <Opcode : 'add' 'sub'> <InPorts = 2> <OutPorts = 1>
ST_3 : Operation 32 [1/1] (2.52ns)   --->   "%add_ln16 = add i31 %select_ln15, i31 1" [blur_opt.cpp:16->blur_opt.cpp:175]   --->   Operation 32 'add' 'add_ln16' <Predicate = (!icmp_ln15)> <Delay = 2.52> <CoreInst = "Adder">   --->   Core 1 'Adder' <Latency = 0> <II = 1> <Delay = 2.52> <FuncUnit> <Opcode : 'add' 'sub'> <InPorts = 2> <OutPorts = 1>
ST_3 : Operation 33 [1/1] (1.58ns)   --->   "%store_ln15 = store i31 %select_ln15_1, i31 %y" [blur_opt.cpp:15->blur_opt.cpp:175]   --->   Operation 33 'store' 'store_ln15' <Predicate = (!icmp_ln15)> <Delay = 1.58>

State 4 <SV = 3> <Delay = 7.39>
ST_4 : Operation 34 [1/1] (0.00ns)   --->   "%zext_ln17 = zext i20 %add_ln17" [blur_opt.cpp:17->blur_opt.cpp:175]   --->   Operation 34 'zext' 'zext_ln17' <Predicate = true> <Delay = 0.00>
ST_4 : Operation 35 [1/1] (0.00ns)   --->   "%stage0_addr = getelementptr i8 %stage0, i64 0, i64 %zext_ln17" [blur_opt.cpp:17->blur_opt.cpp:175]   --->   Operation 35 'getelementptr' 'stage0_addr' <Predicate = true> <Delay = 0.00>
ST_4 : Operation 36 [2/2] (3.25ns)   --->   "%stage0_load = load i20 %stage0_addr" [blur_opt.cpp:17->blur_opt.cpp:175]   --->   Operation 36 'load' 'stage0_load' <Predicate = true> <Delay = 3.25> <CoreInst = "RAM">   --->   Core 81 'RAM' <Latency = 1> <II = 1> <Delay = 3.25> <Storage> <Opcode : 'load' 'store'> <Ports = 2> <Width = 8> <Depth = 1048576> <RAM>
ST_4 : Operation 37 [1/1] (1.58ns)   --->   "%store_ln16 = store i31 %add_ln16, i31 %x" [blur_opt.cpp:16->blur_opt.cpp:175]   --->   Operation 37 'store' 'store_ln16' <Predicate = true> <Delay = 1.58>
ST_4 : Operation 44 [1/1] (1.58ns)   --->   "%ret_ln0 = ret"   --->   Operation 44 'ret' 'ret_ln0' <Predicate = (icmp_ln15)> <Delay = 1.58>

State 5 <SV = 4> <Delay = 6.50>
ST_5 : Operation 38 [1/1] (0.00ns)   --->   "%specloopname_ln0 = specloopname void @_ssdm_op_SpecLoopName, void @VITIS_LOOP_15_1_VITIS_LOOP_16_2_str"   --->   Operation 38 'specloopname' 'specloopname_ln0' <Predicate = true> <Delay = 0.00>
ST_5 : Operation 39 [1/1] (0.00ns)   --->   "%stage1_addr = getelementptr i8 %stage1, i64 0, i64 %zext_ln17" [blur_opt.cpp:17->blur_opt.cpp:175]   --->   Operation 39 'getelementptr' 'stage1_addr' <Predicate = true> <Delay = 0.00>
ST_5 : Operation 40 [1/1] (0.00ns)   --->   "%specpipeline_ln16 = specpipeline void @_ssdm_op_SpecPipeline, i32 4294967295, i32 0, i32 0, i32 0, i32 4294967295, void @empty_0" [blur_opt.cpp:16->blur_opt.cpp:175]   --->   Operation 40 'specpipeline' 'specpipeline_ln16' <Predicate = true> <Delay = 0.00>
ST_5 : Operation 41 [1/2] ( I:3.25ns O:3.25ns )   --->   "%stage0_load = load i20 %stage0_addr" [blur_opt.cpp:17->blur_opt.cpp:175]   --->   Operation 41 'load' 'stage0_load' <Predicate = true> <Delay = 3.25> <CoreInst = "RAM">   --->   Core 81 'RAM' <Latency = 1> <II = 1> <Delay = 3.25> <Storage> <Opcode : 'load' 'store'> <Ports = 2> <Width = 8> <Depth = 1048576> <RAM>
ST_5 : Operation 42 [1/1] ( I:3.25ns O:3.25ns )   --->   "%store_ln17 = store i8 %stage0_load, i20 %stage1_addr" [blur_opt.cpp:17->blur_opt.cpp:175]   --->   Operation 42 'store' 'store_ln17' <Predicate = true> <Delay = 3.25> <CoreInst = "RAM">   --->   Core 81 'RAM' <Latency = 1> <II = 1> <Delay = 3.25> <Storage> <Opcode : 'load' 'store'> <Ports = 2> <Width = 8> <Depth = 1048576> <RAM>
ST_5 : Operation 43 [1/1] (0.00ns)   --->   "%br_ln16 = br void %for.inc.i.i" [blur_opt.cpp:16->blur_opt.cpp:175]   --->   Operation 43 'br' 'br_ln16' <Predicate = true> <Delay = 0.00>


============================================================
+ Verbose Summary: Binding
============================================================
STG Binding: 
---------------- STG Properties BEGIN ----------------
- Is combinational: 0
- Is one-state seq: 0
- Is datapath-only: 0
- Is pipelined: 0
- Is top level: 0
Port [ Return ] is wired: 1; IO mode=ap_ctrl_hs:ce=0
Port [ width]:  wired=1; compound=0; hidden=0; nouse=0; global=0; static=0; extern=0; dir=0; type=0; pingpong=0; private_global=0; IO mode=ap_none:ce=0
Port [ bound]:  wired=1; compound=0; hidden=0; nouse=0; global=0; static=0; extern=0; dir=0; type=0; pingpong=0; private_global=0; IO mode=ap_none:ce=0
Port [ stage0]:  wired=1; compound=1; hidden=0; nouse=0; global=0; static=0; extern=0; dir=0; type=1; pingpong=1; private_global=0; MemPort=[13]; IO mode=ap_memory:ce=0
Port [ stage1]:  wired=1; compound=1; hidden=0; nouse=0; global=0; static=0; extern=0; dir=1; type=1; pingpong=1; private_global=0; MemPort=[03]; IO mode=ap_memory:ce=0
---------------- STG Properties END ------------------

---------------- Datapath Model BEGIN ----------------

<LifeTime>
<method=bitvector/>
x                   (alloca        ) [ 011110]
y                   (alloca        ) [ 011100]
indvar_flatten      (alloca        ) [ 011000]
bound_read          (read          ) [ 011000]
width_read          (read          ) [ 011100]
store_ln0           (store         ) [ 000000]
store_ln15          (store         ) [ 000000]
store_ln16          (store         ) [ 000000]
br_ln0              (br            ) [ 000000]
indvar_flatten_load (load          ) [ 000000]
icmp_ln15           (icmp          ) [ 011110]
add_ln15_1          (add           ) [ 000000]
br_ln15             (br            ) [ 000000]
store_ln15          (store         ) [ 000000]
x_1                 (load          ) [ 000000]
zext_ln16           (zext          ) [ 000000]
icmp_ln16           (icmp          ) [ 000000]
y_load              (load          ) [ 000000]
add_ln15            (add           ) [ 000000]
select_ln15         (select        ) [ 000000]
select_ln15_1       (select        ) [ 000000]
trunc_ln17          (trunc         ) [ 000000]
tmp                 (bitconcatenate) [ 000000]
trunc_ln17_1        (trunc         ) [ 000000]
add_ln17            (add           ) [ 010010]
add_ln16            (add           ) [ 010010]
store_ln15          (store         ) [ 000000]
zext_ln17           (zext          ) [ 010001]
stage0_addr         (getelementptr ) [ 010001]
store_ln16          (store         ) [ 000000]
specloopname_ln0    (specloopname  ) [ 000000]
stage1_addr         (getelementptr ) [ 000000]
specpipeline_ln16   (specpipeline  ) [ 000000]
stage0_load         (load          ) [ 000000]
store_ln17          (store         ) [ 000000]
br_ln16             (br            ) [ 000000]
ret_ln0             (ret           ) [ 000000]
</LifeTime>

<model>

<comp_list>
<comp id="0" class="1000" name="width">
<pin_list>
<pin id="1" dir="1" index="0" bw="1" slack="0"/>
</pin_list>
<bind>
<StgValue><ssdm name="width"/></StgValue>
</bind>
</comp>

<comp id="2" class="1000" name="bound">
<pin_list>
<pin id="3" dir="1" index="0" bw="1" slack="0"/>
</pin_list>
<bind>
<StgValue><ssdm name="bound"/></StgValue>
</bind>
</comp>

<comp id="4" class="1000" name="stage0">
<pin_list>
<pin id="5" dir="1" index="0" bw="1" slack="0"/>
</pin_list>
<bind>
<StgValue><ssdm name="stage0"/><MemPortTyVec>1 3 </MemPortTyVec>
</StgValue>
</bind>
</comp>

<comp id="6" class="1000" name="stage1">
<pin_list>
<pin id="7" dir="1" index="0" bw="1" slack="0"/>
</pin_list>
<bind>
<StgValue><ssdm name="stage1"/><MemPortTyVec>0 3 </MemPortTyVec>
</StgValue>
</bind>
</comp>

<comp id="8" class="1001" name="const_8">
<pin_list>
<pin id="9" dir="1" index="0" bw="1" slack="0"/>
</pin_list>
<bind>
<StgValue><ssdm name=""/></StgValue>
</bind>
</comp>

<comp id="10" class="1001" name="const_10">
<pin_list>
<pin id="11" dir="1" index="0" bw="1" slack="0"/>
</pin_list>
<bind>
<StgValue><ssdm name="_ssdm_op_Read.ap_auto.i62"/></StgValue>
</bind>
</comp>

<comp id="12" class="1001" name="const_12">
<pin_list>
<pin id="13" dir="1" index="0" bw="1" slack="0"/>
</pin_list>
<bind>
<StgValue><ssdm name="_ssdm_op_Read.ap_auto.i32"/></StgValue>
</bind>
</comp>

<comp id="14" class="1001" name="const_14">
<pin_list>
<pin id="15" dir="1" index="0" bw="1" slack="0"/>
</pin_list>
<bind>
<StgValue><ssdm name=""/></StgValue>
</bind>
</comp>

<comp id="16" class="1001" name="const_16">
<pin_list>
<pin id="17" dir="1" index="0" bw="1" slack="0"/>
</pin_list>
<bind>
<StgValue><ssdm name=""/></StgValue>
</bind>
</comp>

<comp id="18" class="1001" name="const_18">
<pin_list>
<pin id="19" dir="1" index="0" bw="1" slack="0"/>
</pin_list>
<bind>
<StgValue><ssdm name=""/></StgValue>
</bind>
</comp>

<comp id="20" class="1001" name="const_20">
<pin_list>
<pin id="21" dir="1" index="0" bw="1" slack="0"/>
</pin_list>
<bind>
<StgValue><ssdm name=""/></StgValue>
</bind>
</comp>

<comp id="22" class="1001" name="const_22">
<pin_list>
<pin id="23" dir="1" index="0" bw="1" slack="0"/>
</pin_list>
<bind>
<StgValue><ssdm name="_ssdm_op_BitConcatenate.i20.i10.i10"/></StgValue>
</bind>
</comp>

<comp id="24" class="1001" name="const_24">
<pin_list>
<pin id="25" dir="1" index="0" bw="1" slack="0"/>
</pin_list>
<bind>
<StgValue><ssdm name=""/></StgValue>
</bind>
</comp>

<comp id="26" class="1001" name="const_26">
<pin_list>
<pin id="27" dir="1" index="0" bw="1" slack="0"/>
</pin_list>
<bind>
<StgValue><ssdm name=""/></StgValue>
</bind>
</comp>

<comp id="28" class="1001" name="const_28">
<pin_list>
<pin id="29" dir="1" index="0" bw="1" slack="2147483647"/>
</pin_list>
<bind>
<StgValue><ssdm name="_ssdm_op_SpecLoopName"/></StgValue>
</bind>
</comp>

<comp id="30" class="1001" name="const_30">
<pin_list>
<pin id="31" dir="1" index="0" bw="1" slack="2147483647"/>
</pin_list>
<bind>
<StgValue><ssdm name="VITIS_LOOP_15_1_VITIS_LOOP_16_2_str"/></StgValue>
</bind>
</comp>

<comp id="32" class="1001" name="const_32">
<pin_list>
<pin id="33" dir="1" index="0" bw="1" slack="2147483647"/>
</pin_list>
<bind>
<StgValue><ssdm name="_ssdm_op_SpecPipeline"/></StgValue>
</bind>
</comp>

<comp id="34" class="1001" name="const_34">
<pin_list>
<pin id="35" dir="1" index="0" bw="1" slack="2147483647"/>
</pin_list>
<bind>
<StgValue><ssdm name=""/></StgValue>
</bind>
</comp>

<comp id="36" class="1001" name="const_36">
<pin_list>
<pin id="37" dir="1" index="0" bw="1" slack="2147483647"/>
</pin_list>
<bind>
<StgValue><ssdm name=""/></StgValue>
</bind>
</comp>

<comp id="38" class="1001" name="const_38">
<pin_list>
<pin id="39" dir="1" index="0" bw="1" slack="2147483647"/>
</pin_list>
<bind>
<StgValue><ssdm name="empty_0"/></StgValue>
</bind>
</comp>

<comp id="40" class="1004" name="x_fu_40">
<pin_list>
<pin id="41" dir="0" index="0" bw="1" slack="0"/>
<pin id="42" dir="1" index="1" bw="31" slack="0"/>
</pin_list>
<bind>
<opcode="alloca(26) " fcode="alloca"/>
<opset="x/1 "/>
</bind>
</comp>

<comp id="44" class="1004" name="y_fu_44">
<pin_list>
<pin id="45" dir="0" index="0" bw="1" slack="0"/>
<pin id="46" dir="1" index="1" bw="31" slack="0"/>
</pin_list>
<bind>
<opcode="alloca(26) " fcode="alloca"/>
<opset="y/1 "/>
</bind>
</comp>

<comp id="48" class="1004" name="indvar_flatten_fu_48">
<pin_list>
<pin id="49" dir="0" index="0" bw="1" slack="0"/>
<pin id="50" dir="1" index="1" bw="62" slack="0"/>
</pin_list>
<bind>
<opcode="alloca(26) " fcode="alloca"/>
<opset="indvar_flatten/1 "/>
</bind>
</comp>

<comp id="52" class="1004" name="bound_read_read_fu_52">
<pin_list>
<pin id="53" dir="0" index="0" bw="62" slack="0"/>
<pin id="54" dir="0" index="1" bw="62" slack="0"/>
<pin id="55" dir="1" index="2" bw="62" slack="1"/>
</pin_list>
<bind>
<opcode="read(1150) " fcode="read"/>
<opset="bound_read/1 "/>
</bind>
</comp>

<comp id="58" class="1004" name="width_read_read_fu_58">
<pin_list>
<pin id="59" dir="0" index="0" bw="32" slack="0"/>
<pin id="60" dir="0" index="1" bw="32" slack="0"/>
<pin id="61" dir="1" index="2" bw="32" slack="2"/>
</pin_list>
<bind>
<opcode="read(1150) " fcode="read"/>
<opset="width_read/1 "/>
</bind>
</comp>

<comp id="64" class="1004" name="stage0_addr_gep_fu_64">
<pin_list>
<pin id="65" dir="0" index="0" bw="8" slack="0"/>
<pin id="66" dir="0" index="1" bw="1" slack="0"/>
<pin id="67" dir="0" index="2" bw="20" slack="0"/>
<pin id="68" dir="1" index="3" bw="20" slack="0"/>
</pin_list>
<bind>
<opcode="getelementptr(29) " fcode="getelementptr"/>
<opset="stage0_addr/4 "/>
</bind>
</comp>

<comp id="71" class="1004" name="grp_access_fu_71">
<pin_list>
<pin id="72" dir="0" index="0" bw="20" slack="0"/>
<pin id="73" dir="0" index="1" bw="8" slack="2147483647"/>
<pin id="74" dir="0" index="2" bw="0" slack="2147483647"/>
<pin id="75" dir="1" index="3" bw="8" slack="0"/>
</pin_list>
<bind>
<opcode="load(27) " fcode="load"/>
<opset="stage0_load/4 "/>
</bind>
</comp>

<comp id="77" class="1004" name="stage1_addr_gep_fu_77">
<pin_list>
<pin id="78" dir="0" index="0" bw="8" slack="0"/>
<pin id="79" dir="0" index="1" bw="1" slack="0"/>
<pin id="80" dir="0" index="2" bw="20" slack="1"/>
<pin id="81" dir="1" index="3" bw="20" slack="0"/>
</pin_list>
<bind>
<opcode="getelementptr(29) " fcode="getelementptr"/>
<opset="stage1_addr/5 "/>
</bind>
</comp>

<comp id="84" class="1004" name="store_ln17_access_fu_84">
<pin_list>
<pin id="85" dir="0" index="0" bw="20" slack="0"/>
<pin id="86" dir="0" index="1" bw="8" slack="0"/>
<pin id="87" dir="0" index="2" bw="0" slack="2147483647"/>
<pin id="88" dir="1" index="3" bw="8" slack="2147483647"/>
</pin_list>
<bind>
<opcode="store(28) " fcode="store"/>
<opset="store_ln17/5 "/>
</bind>
</comp>

<comp id="91" class="1004" name="store_ln0_store_fu_91">
<pin_list>
<pin id="92" dir="0" index="0" bw="1" slack="0"/>
<pin id="93" dir="0" index="1" bw="62" slack="0"/>
<pin id="94" dir="1" index="2" bw="0" slack="2147483647"/>
</pin_list>
<bind>
<opcode="store(28) " fcode="store"/>
<opset="store_ln0/1 "/>
</bind>
</comp>

<comp id="96" class="1004" name="store_ln15_store_fu_96">
<pin_list>
<pin id="97" dir="0" index="0" bw="1" slack="0"/>
<pin id="98" dir="0" index="1" bw="31" slack="0"/>
<pin id="99" dir="1" index="2" bw="0" slack="2147483647"/>
</pin_list>
<bind>
<opcode="store(28) " fcode="store"/>
<opset="store_ln15/1 "/>
</bind>
</comp>

<comp id="101" class="1004" name="store_ln16_store_fu_101">
<pin_list>
<pin id="102" dir="0" index="0" bw="1" slack="0"/>
<pin id="103" dir="0" index="1" bw="31" slack="0"/>
<pin id="104" dir="1" index="2" bw="0" slack="2147483647"/>
</pin_list>
<bind>
<opcode="store(28) " fcode="store"/>
<opset="store_ln16/1 "/>
</bind>
</comp>

<comp id="106" class="1004" name="indvar_flatten_load_load_fu_106">
<pin_list>
<pin id="107" dir="0" index="0" bw="62" slack="1"/>
<pin id="108" dir="1" index="1" bw="62" slack="0"/>
</pin_list>
<bind>
<opcode="load(27) " fcode="load"/>
<opset="indvar_flatten_load/2 "/>
</bind>
</comp>

<comp id="109" class="1004" name="icmp_ln15_fu_109">
<pin_list>
<pin id="110" dir="0" index="0" bw="62" slack="0"/>
<pin id="111" dir="0" index="1" bw="62" slack="1"/>
<pin id="112" dir="1" index="2" bw="1" slack="1"/>
</pin_list>
<bind>
<opcode="icmp(45) " fcode="icmp"/>
<opset="icmp_ln15/2 "/>
</bind>
</comp>

<comp id="114" class="1004" name="add_ln15_1_fu_114">
<pin_list>
<pin id="115" dir="0" index="0" bw="62" slack="0"/>
<pin id="116" dir="0" index="1" bw="1" slack="0"/>
<pin id="117" dir="1" index="2" bw="62" slack="0"/>
</pin_list>
<bind>
<opcode="add(8) " fcode="add"/>
<opset="add_ln15_1/2 "/>
</bind>
</comp>

<comp id="120" class="1004" name="store_ln15_store_fu_120">
<pin_list>
<pin id="121" dir="0" index="0" bw="62" slack="0"/>
<pin id="122" dir="0" index="1" bw="62" slack="1"/>
<pin id="123" dir="1" index="2" bw="0" slack="2147483647"/>
</pin_list>
<bind>
<opcode="store(28) " fcode="store"/>
<opset="store_ln15/2 "/>
</bind>
</comp>

<comp id="125" class="1004" name="x_1_load_fu_125">
<pin_list>
<pin id="126" dir="0" index="0" bw="31" slack="2"/>
<pin id="127" dir="1" index="1" bw="31" slack="0"/>
</pin_list>
<bind>
<opcode="load(27) " fcode="load"/>
<opset="x_1/3 "/>
</bind>
</comp>

<comp id="128" class="1004" name="zext_ln16_fu_128">
<pin_list>
<pin id="129" dir="0" index="0" bw="31" slack="0"/>
<pin id="130" dir="1" index="1" bw="32" slack="0"/>
</pin_list>
<bind>
<opcode="zext(34) " fcode="zext"/>
<opset="zext_ln16/3 "/>
</bind>
</comp>

<comp id="132" class="1004" name="icmp_ln16_fu_132">
<pin_list>
<pin id="133" dir="0" index="0" bw="32" slack="0"/>
<pin id="134" dir="0" index="1" bw="32" slack="2"/>
<pin id="135" dir="1" index="2" bw="1" slack="0"/>
</pin_list>
<bind>
<opcode="icmp(45) " fcode="icmp"/>
<opset="icmp_ln16/3 "/>
</bind>
</comp>

<comp id="137" class="1004" name="y_load_load_fu_137">
<pin_list>
<pin id="138" dir="0" index="0" bw="31" slack="2"/>
<pin id="139" dir="1" index="1" bw="31" slack="0"/>
</pin_list>
<bind>
<opcode="load(27) " fcode="load"/>
<opset="y_load/3 "/>
</bind>
</comp>

<comp id="140" class="1004" name="add_ln15_fu_140">
<pin_list>
<pin id="141" dir="0" index="0" bw="31" slack="0"/>
<pin id="142" dir="0" index="1" bw="1" slack="0"/>
<pin id="143" dir="1" index="2" bw="31" slack="0"/>
</pin_list>
<bind>
<opcode="add(8) " fcode="add"/>
<opset="add_ln15/3 "/>
</bind>
</comp>

<comp id="146" class="1004" name="select_ln15_fu_146">
<pin_list>
<pin id="147" dir="0" index="0" bw="1" slack="0"/>
<pin id="148" dir="0" index="1" bw="31" slack="0"/>
<pin id="149" dir="0" index="2" bw="31" slack="0"/>
<pin id="150" dir="1" index="3" bw="31" slack="0"/>
</pin_list>
<bind>
<opcode="select(49) " fcode="select"/>
<opset="select_ln15/3 "/>
</bind>
</comp>

<comp id="154" class="1004" name="select_ln15_1_fu_154">
<pin_list>
<pin id="155" dir="0" index="0" bw="1" slack="0"/>
<pin id="156" dir="0" index="1" bw="31" slack="0"/>
<pin id="157" dir="0" index="2" bw="31" slack="0"/>
<pin id="158" dir="1" index="3" bw="31" slack="0"/>
</pin_list>
<bind>
<opcode="select(49) " fcode="select"/>
<opset="select_ln15_1/3 "/>
</bind>
</comp>

<comp id="162" class="1004" name="trunc_ln17_fu_162">
<pin_list>
<pin id="163" dir="0" index="0" bw="31" slack="0"/>
<pin id="164" dir="1" index="1" bw="10" slack="0"/>
</pin_list>
<bind>
<opcode="trunc(33) " fcode="trunc"/>
<opset="trunc_ln17/3 "/>
</bind>
</comp>

<comp id="166" class="1004" name="tmp_fu_166">
<pin_list>
<pin id="167" dir="0" index="0" bw="20" slack="0"/>
<pin id="168" dir="0" index="1" bw="10" slack="0"/>
<pin id="169" dir="0" index="2" bw="1" slack="0"/>
<pin id="170" dir="1" index="3" bw="20" slack="0"/>
</pin_list>
<bind>
<opcode="bitconcatenate(1004) " fcode="bitconcatenate"/>
<opset="tmp/3 "/>
</bind>
</comp>

<comp id="174" class="1004" name="trunc_ln17_1_fu_174">
<pin_list>
<pin id="175" dir="0" index="0" bw="31" slack="0"/>
<pin id="176" dir="1" index="1" bw="20" slack="0"/>
</pin_list>
<bind>
<opcode="trunc(33) " fcode="trunc"/>
<opset="trunc_ln17_1/3 "/>
</bind>
</comp>

<comp id="178" class="1004" name="add_ln17_fu_178">
<pin_list>
<pin id="179" dir="0" index="0" bw="20" slack="0"/>
<pin id="180" dir="0" index="1" bw="20" slack="0"/>
<pin id="181" dir="1" index="2" bw="20" slack="1"/>
</pin_list>
<bind>
<opcode="add(8) " fcode="add"/>
<opset="add_ln17/3 "/>
</bind>
</comp>

<comp id="184" class="1004" name="add_ln16_fu_184">
<pin_list>
<pin id="185" dir="0" index="0" bw="31" slack="0"/>
<pin id="186" dir="0" index="1" bw="1" slack="0"/>
<pin id="187" dir="1" index="2" bw="31" slack="1"/>
</pin_list>
<bind>
<opcode="add(8) " fcode="add"/>
<opset="add_ln16/3 "/>
</bind>
</comp>

<comp id="190" class="1004" name="store_ln15_store_fu_190">
<pin_list>
<pin id="191" dir="0" index="0" bw="31" slack="0"/>
<pin id="192" dir="0" index="1" bw="31" slack="2"/>
<pin id="193" dir="1" index="2" bw="0" slack="2147483647"/>
</pin_list>
<bind>
<opcode="store(28) " fcode="store"/>
<opset="store_ln15/3 "/>
</bind>
</comp>

<comp id="195" class="1004" name="zext_ln17_fu_195">
<pin_list>
<pin id="196" dir="0" index="0" bw="20" slack="1"/>
<pin id="197" dir="1" index="1" bw="64" slack="0"/>
</pin_list>
<bind>
<opcode="zext(34) " fcode="zext"/>
<opset="zext_ln17/4 "/>
</bind>
</comp>

<comp id="199" class="1004" name="store_ln16_store_fu_199">
<pin_list>
<pin id="200" dir="0" index="0" bw="31" slack="1"/>
<pin id="201" dir="0" index="1" bw="31" slack="3"/>
<pin id="202" dir="1" index="2" bw="0" slack="2147483647"/>
</pin_list>
<bind>
<opcode="store(28) " fcode="store"/>
<opset="store_ln16/4 "/>
</bind>
</comp>

<comp id="203" class="1005" name="x_reg_203">
<pin_list>
<pin id="204" dir="0" index="0" bw="31" slack="0"/>
<pin id="205" dir="1" index="1" bw="31" slack="0"/>
</pin_list>
<bind>
<opset="x "/>
</bind>
</comp>

<comp id="210" class="1005" name="y_reg_210">
<pin_list>
<pin id="211" dir="0" index="0" bw="31" slack="0"/>
<pin id="212" dir="1" index="1" bw="31" slack="0"/>
</pin_list>
<bind>
<opset="y "/>
</bind>
</comp>

<comp id="217" class="1005" name="indvar_flatten_reg_217">
<pin_list>
<pin id="218" dir="0" index="0" bw="62" slack="0"/>
<pin id="219" dir="1" index="1" bw="62" slack="0"/>
</pin_list>
<bind>
<opset="indvar_flatten "/>
</bind>
</comp>

<comp id="224" class="1005" name="bound_read_reg_224">
<pin_list>
<pin id="225" dir="0" index="0" bw="62" slack="1"/>
<pin id="226" dir="1" index="1" bw="62" slack="1"/>
</pin_list>
<bind>
<opset="bound_read "/>
</bind>
</comp>

<comp id="229" class="1005" name="width_read_reg_229">
<pin_list>
<pin id="230" dir="0" index="0" bw="32" slack="2"/>
<pin id="231" dir="1" index="1" bw="32" slack="2"/>
</pin_list>
<bind>
<opset="width_read "/>
</bind>
</comp>

<comp id="234" class="1005" name="icmp_ln15_reg_234">
<pin_list>
<pin id="235" dir="0" index="0" bw="1" slack="1"/>
<pin id="236" dir="1" index="1" bw="1" slack="2147483647"/>
</pin_list>
<bind>
<opset="icmp_ln15 "/>
</bind>
</comp>

<comp id="238" class="1005" name="add_ln17_reg_238">
<pin_list>
<pin id="239" dir="0" index="0" bw="20" slack="1"/>
<pin id="240" dir="1" index="1" bw="20" slack="1"/>
</pin_list>
<bind>
<opset="add_ln17 "/>
</bind>
</comp>

<comp id="243" class="1005" name="add_ln16_reg_243">
<pin_list>
<pin id="244" dir="0" index="0" bw="31" slack="1"/>
<pin id="245" dir="1" index="1" bw="31" slack="1"/>
</pin_list>
<bind>
<opset="add_ln16 "/>
</bind>
</comp>

<comp id="248" class="1005" name="zext_ln17_reg_248">
<pin_list>
<pin id="249" dir="0" index="0" bw="64" slack="1"/>
<pin id="250" dir="1" index="1" bw="64" slack="1"/>
</pin_list>
<bind>
<opset="zext_ln17 "/>
</bind>
</comp>

<comp id="253" class="1005" name="stage0_addr_reg_253">
<pin_list>
<pin id="254" dir="0" index="0" bw="20" slack="1"/>
<pin id="255" dir="1" index="1" bw="20" slack="1"/>
</pin_list>
<bind>
<opset="stage0_addr "/>
</bind>
</comp>

</comp_list>

<net_list>
<net id="43"><net_src comp="8" pin="0"/><net_sink comp="40" pin=0"/></net>

<net id="47"><net_src comp="8" pin="0"/><net_sink comp="44" pin=0"/></net>

<net id="51"><net_src comp="8" pin="0"/><net_sink comp="48" pin=0"/></net>

<net id="56"><net_src comp="10" pin="0"/><net_sink comp="52" pin=0"/></net>

<net id="57"><net_src comp="2" pin="0"/><net_sink comp="52" pin=1"/></net>

<net id="62"><net_src comp="12" pin="0"/><net_sink comp="58" pin=0"/></net>

<net id="63"><net_src comp="0" pin="0"/><net_sink comp="58" pin=1"/></net>

<net id="69"><net_src comp="4" pin="0"/><net_sink comp="64" pin=0"/></net>

<net id="70"><net_src comp="26" pin="0"/><net_sink comp="64" pin=1"/></net>

<net id="76"><net_src comp="64" pin="3"/><net_sink comp="71" pin=0"/></net>

<net id="82"><net_src comp="6" pin="0"/><net_sink comp="77" pin=0"/></net>

<net id="83"><net_src comp="26" pin="0"/><net_sink comp="77" pin=1"/></net>

<net id="89"><net_src comp="71" pin="3"/><net_sink comp="84" pin=1"/></net>

<net id="90"><net_src comp="77" pin="3"/><net_sink comp="84" pin=0"/></net>

<net id="95"><net_src comp="14" pin="0"/><net_sink comp="91" pin=0"/></net>

<net id="100"><net_src comp="16" pin="0"/><net_sink comp="96" pin=0"/></net>

<net id="105"><net_src comp="16" pin="0"/><net_sink comp="101" pin=0"/></net>

<net id="113"><net_src comp="106" pin="1"/><net_sink comp="109" pin=0"/></net>

<net id="118"><net_src comp="106" pin="1"/><net_sink comp="114" pin=0"/></net>

<net id="119"><net_src comp="18" pin="0"/><net_sink comp="114" pin=1"/></net>

<net id="124"><net_src comp="114" pin="2"/><net_sink comp="120" pin=0"/></net>

<net id="131"><net_src comp="125" pin="1"/><net_sink comp="128" pin=0"/></net>

<net id="136"><net_src comp="128" pin="1"/><net_sink comp="132" pin=0"/></net>

<net id="144"><net_src comp="137" pin="1"/><net_sink comp="140" pin=0"/></net>

<net id="145"><net_src comp="20" pin="0"/><net_sink comp="140" pin=1"/></net>

<net id="151"><net_src comp="132" pin="2"/><net_sink comp="146" pin=0"/></net>

<net id="152"><net_src comp="125" pin="1"/><net_sink comp="146" pin=1"/></net>

<net id="153"><net_src comp="16" pin="0"/><net_sink comp="146" pin=2"/></net>

<net id="159"><net_src comp="132" pin="2"/><net_sink comp="154" pin=0"/></net>

<net id="160"><net_src comp="137" pin="1"/><net_sink comp="154" pin=1"/></net>

<net id="161"><net_src comp="140" pin="2"/><net_sink comp="154" pin=2"/></net>

<net id="165"><net_src comp="154" pin="3"/><net_sink comp="162" pin=0"/></net>

<net id="171"><net_src comp="22" pin="0"/><net_sink comp="166" pin=0"/></net>

<net id="172"><net_src comp="162" pin="1"/><net_sink comp="166" pin=1"/></net>

<net id="173"><net_src comp="24" pin="0"/><net_sink comp="166" pin=2"/></net>

<net id="177"><net_src comp="146" pin="3"/><net_sink comp="174" pin=0"/></net>

<net id="182"><net_src comp="166" pin="3"/><net_sink comp="178" pin=0"/></net>

<net id="183"><net_src comp="174" pin="1"/><net_sink comp="178" pin=1"/></net>

<net id="188"><net_src comp="146" pin="3"/><net_sink comp="184" pin=0"/></net>

<net id="189"><net_src comp="20" pin="0"/><net_sink comp="184" pin=1"/></net>

<net id="194"><net_src comp="154" pin="3"/><net_sink comp="190" pin=0"/></net>

<net id="198"><net_src comp="195" pin="1"/><net_sink comp="64" pin=2"/></net>

<net id="206"><net_src comp="40" pin="1"/><net_sink comp="203" pin=0"/></net>

<net id="207"><net_src comp="203" pin="1"/><net_sink comp="101" pin=1"/></net>

<net id="208"><net_src comp="203" pin="1"/><net_sink comp="125" pin=0"/></net>

<net id="209"><net_src comp="203" pin="1"/><net_sink comp="199" pin=1"/></net>

<net id="213"><net_src comp="44" pin="1"/><net_sink comp="210" pin=0"/></net>

<net id="214"><net_src comp="210" pin="1"/><net_sink comp="96" pin=1"/></net>

<net id="215"><net_src comp="210" pin="1"/><net_sink comp="137" pin=0"/></net>

<net id="216"><net_src comp="210" pin="1"/><net_sink comp="190" pin=1"/></net>

<net id="220"><net_src comp="48" pin="1"/><net_sink comp="217" pin=0"/></net>

<net id="221"><net_src comp="217" pin="1"/><net_sink comp="91" pin=1"/></net>

<net id="222"><net_src comp="217" pin="1"/><net_sink comp="106" pin=0"/></net>

<net id="223"><net_src comp="217" pin="1"/><net_sink comp="120" pin=1"/></net>

<net id="227"><net_src comp="52" pin="2"/><net_sink comp="224" pin=0"/></net>

<net id="228"><net_src comp="224" pin="1"/><net_sink comp="109" pin=1"/></net>

<net id="232"><net_src comp="58" pin="2"/><net_sink comp="229" pin=0"/></net>

<net id="233"><net_src comp="229" pin="1"/><net_sink comp="132" pin=1"/></net>

<net id="237"><net_src comp="109" pin="2"/><net_sink comp="234" pin=0"/></net>

<net id="241"><net_src comp="178" pin="2"/><net_sink comp="238" pin=0"/></net>

<net id="242"><net_src comp="238" pin="1"/><net_sink comp="195" pin=0"/></net>

<net id="246"><net_src comp="184" pin="2"/><net_sink comp="243" pin=0"/></net>

<net id="247"><net_src comp="243" pin="1"/><net_sink comp="199" pin=0"/></net>

<net id="251"><net_src comp="195" pin="1"/><net_sink comp="248" pin=0"/></net>

<net id="252"><net_src comp="248" pin="1"/><net_sink comp="77" pin=2"/></net>

<net id="256"><net_src comp="64" pin="3"/><net_sink comp="253" pin=0"/></net>

<net id="257"><net_src comp="253" pin="1"/><net_sink comp="71" pin=0"/></net>

</net_list>

</model> 
---------------- Datapath Model END ------------------

* FSMD analyzer results:
  - Output states:
	Port: stage0 | {}
	Port: stage1 | {5 }
 - Input state : 
	Port: linebuffer_box3_pipeline_unroll_partition_Pipeline_VITIS_LOOP_15_1_VITIS_LOOP_16 : width | {1 }
	Port: linebuffer_box3_pipeline_unroll_partition_Pipeline_VITIS_LOOP_15_1_VITIS_LOOP_16 : bound | {1 }
	Port: linebuffer_box3_pipeline_unroll_partition_Pipeline_VITIS_LOOP_15_1_VITIS_LOOP_16 : stage0 | {4 5 }
	Port: linebuffer_box3_pipeline_unroll_partition_Pipeline_VITIS_LOOP_15_1_VITIS_LOOP_16 : stage1 | {}
  - Chain level:
	State 1
		store_ln0 : 1
		store_ln15 : 1
		store_ln16 : 1
	State 2
		icmp_ln15 : 1
		add_ln15_1 : 1
		br_ln15 : 2
		store_ln15 : 2
	State 3
		zext_ln16 : 1
		icmp_ln16 : 2
		add_ln15 : 1
		select_ln15 : 3
		select_ln15_1 : 3
		trunc_ln17 : 4
		tmp : 5
		trunc_ln17_1 : 4
		add_ln17 : 6
		add_ln16 : 4
		store_ln15 : 4
	State 4
		stage0_addr : 1
		stage0_load : 2
	State 5
		store_ln17 : 1


============================================================
+ Verbose Summary: Datapath Resource usage 
============================================================

* Functional unit list:
|----------|-----------------------|---------|---------|
| Operation|    Functional Unit    |    FF   |   LUT   |
|----------|-----------------------|---------|---------|
|          |   add_ln15_1_fu_114   |    0    |    69   |
|    add   |    add_ln15_fu_140    |    0    |    38   |
|          |    add_ln17_fu_178    |    0    |    27   |
|          |    add_ln16_fu_184    |    0    |    38   |
|----------|-----------------------|---------|---------|
|   icmp   |    icmp_ln15_fu_109   |    0    |    69   |
|          |    icmp_ln16_fu_132   |    0    |    39   |
|----------|-----------------------|---------|---------|
|  select  |   select_ln15_fu_146  |    0    |    31   |
|          |  select_ln15_1_fu_154 |    0    |    31   |
|----------|-----------------------|---------|---------|
|   read   | bound_read_read_fu_52 |    0    |    0    |
|          | width_read_read_fu_58 |    0    |    0    |
|----------|-----------------------|---------|---------|
|   zext   |    zext_ln16_fu_128   |    0    |    0    |
|          |    zext_ln17_fu_195   |    0    |    0    |
|----------|-----------------------|---------|---------|
|   trunc  |   trunc_ln17_fu_162   |    0    |    0    |
|          |  trunc_ln17_1_fu_174  |    0    |    0    |
|----------|-----------------------|---------|---------|
|bitconcatenate|       tmp_fu_166      |    0    |    0    |
|----------|-----------------------|---------|---------|
|   Total  |                       |    0    |   342   |
|----------|-----------------------|---------|---------|

Memories:
N/A

* Register list:
+----------------------+--------+
|                      |   FF   |
+----------------------+--------+
|   add_ln16_reg_243   |   31   |
|   add_ln17_reg_238   |   20   |
|  bound_read_reg_224  |   62   |
|   icmp_ln15_reg_234  |    1   |
|indvar_flatten_reg_217|   62   |
|  stage0_addr_reg_253 |   20   |
|  width_read_reg_229  |   32   |
|       x_reg_203      |   31   |
|       y_reg_210      |   31   |
|   zext_ln17_reg_248  |   64   |
+----------------------+--------+
|         Total        |   354  |
+----------------------+--------+

* Multiplexer (MUX) list: 
|------------------|------|------|------|--------||---------||---------||---------|
|       Comp       |  Pin | Size |  BW  | S x BW ||  Delay  ||    FF   ||   LUT   |
|------------------|------|------|------|--------||---------||---------||---------|
| grp_access_fu_71 |  p0  |   2  |  20  |   40   ||    0    ||    9    |
|------------------|------|------|------|--------||---------||---------||---------|
|       Total      |      |      |      |   40   ||  1.588  ||    0    ||    9    |
|------------------|------|------|------|--------||---------||---------||---------|



* Summary:
+-----------+--------+--------+--------+
|           |  Delay |   FF   |   LUT  |
+-----------+--------+--------+--------+
|  Function |    -   |    0   |   342  |
|   Memory  |    -   |    -   |    -   |
|Multiplexer|    1   |    0   |    9   |
|  Register |    -   |   354  |    -   |
+-----------+--------+--------+--------+
|   Total   |    1   |   354  |   351  |
+-----------+--------+--------+--------+
