

================================================================
== Vitis HLS Report for 'linebuffer_box3_pipeline_unroll_partition'
================================================================
* Date:           Fri Apr 24 19:31:38 2026

* Version:        2025.2 (Build 6295257 on Nov 14 2025)
* Project:        blur_opt_dataflow_proj
* Solution:       solution1 (Vivado IP Flow Target)
* Product family: zynq
* Target device:  xc7z020-clg400-1


================================================================
== Performance Estimates
================================================================
+ Timing: 
    * Summary: 
    +--------+----------+----------+------------+
    |  Clock |  Target  | Estimated| Uncertainty|
    +--------+----------+----------+------------+
    |ap_clk  |  10.00 ns|  7.396 ns|     2.70 ns|
    +--------+----------+----------+------------+

+ Latency: 
    * Summary: 
    +---------+---------+----------+----------+-----+-----+---------+
    |  Latency (cycles) |  Latency (absolute) |  Interval | Pipeline|
    |   min   |   max   |    min   |    max   | min | max |   Type  |
    +---------+---------+----------+----------+-----+-----+---------+
    |        ?|        ?|         ?|         ?|    ?|    ?|       no|
    +---------+---------+----------+----------+-----+-----+---------+

    + Detail: 
        * Instance: 
        N/A

        * Loop: 
        N/A

============================================================
+ Verbose Summary: Synthesis Manager
============================================================
InlineROM: 1
ExposeGlobal: 0
============================================================
+ Verbose Summary: CDFG Model
============================================================
IsTopModel: 0
ResetActiveHigh: 1
IsCombinational: 0
IsDatapathOnly: 0
HasWiredReturn: 1
HasMFsm: 0
HasVarLatency: 1
IsPipeline: 0
IsRtlPipelined: 0
IsInstanceOverlapped: 0
IsDontTouch: 0
HasImplIP: 0
IsGatedGlobalClock: 0


============================================================
+ Verbose Summary: Schedule
============================================================
* Number of FSM states : 7
* Pipeline : 0
* Dataflow Pipeline: 0

* FSM state transitions: 
1 --> 2 
2 --> 3 
3 --> 4 
4 --> 5 7 
5 --> 6 
6 --> 7 
7 --> 

* FSM state operations: 

State 1 <SV = 0> <Delay = 3.28>
ST_1 : Operation 8 [1/1] (0.00ns)   --->   "%height_read = read i32 @_ssdm_op_Read.ap_auto.i32, i32 %height"   --->   Operation 8 'read' 'height_read' <Predicate = true> <Delay = 0.00>
ST_1 : Operation 9 [1/1] (0.00ns)   --->   "%width_read = read i32 @_ssdm_op_Read.ap_auto.i32, i32 %width"   --->   Operation 9 'read' 'width_read' <Predicate = true> <Delay = 0.00>
ST_1 : Operation 10 [1/1] (0.00ns)   --->   "%empty = trunc i32 %width_read"   --->   Operation 10 'trunc' 'empty' <Predicate = true> <Delay = 0.00>
ST_1 : Operation 11 [1/1] (0.00ns)   --->   "%empty_19 = trunc i32 %height_read"   --->   Operation 11 'trunc' 'empty_19' <Predicate = true> <Delay = 0.00>
ST_1 : Operation 12 [1/1] (0.00ns)   --->   "%linebuf = alloca i64 1" [blur_opt.cpp:164]   --->   Operation 12 'alloca' 'linebuf' <Predicate = true> <Delay = 0.00>
ST_1 : Operation 13 [1/1] (0.00ns)   --->   "%linebuf_1 = alloca i64 1" [blur_opt.cpp:164]   --->   Operation 13 'alloca' 'linebuf_1' <Predicate = true> <Delay = 0.00>
ST_1 : Operation 14 [1/1] (2.55ns)   --->   "%empty_20 = icmp_sgt  i32 %height_read, i32 0"   --->   Operation 14 'icmp' 'empty_20' <Predicate = true> <Delay = 2.55> <CoreInst = "Cmp">   --->   Core 9 'Cmp' <Latency = 0> <II = 1> <Delay = 2.55> <FuncUnit> <Opcode : 'seteq' 'setne' 'setle' 'setge' 'setlt' 'setgt'> <InPorts = 2> <OutPorts = 1>
ST_1 : Operation 15 [1/1] (0.73ns)   --->   "%smax = select i1 %empty_20, i31 %empty_19, i31 0"   --->   Operation 15 'select' 'smax' <Predicate = true> <Delay = 0.73> <CoreInst = "Sel">   --->   Core 73 'Sel' <Latency = 0> <II = 1> <Delay = 0.73> <FuncUnit> <Opcode : 'select'> <InPorts = 3> <OutPorts = 1>
ST_1 : Operation 16 [1/1] (2.55ns)   --->   "%empty_21 = icmp_sgt  i32 %width_read, i32 0"   --->   Operation 16 'icmp' 'empty_21' <Predicate = true> <Delay = 2.55> <CoreInst = "Cmp">   --->   Core 9 'Cmp' <Latency = 0> <II = 1> <Delay = 2.55> <FuncUnit> <Opcode : 'seteq' 'setne' 'setle' 'setge' 'setlt' 'setgt'> <InPorts = 2> <OutPorts = 1>
ST_1 : Operation 17 [1/1] (0.73ns)   --->   "%smax1 = select i1 %empty_21, i31 %empty, i31 0"   --->   Operation 17 'select' 'smax1' <Predicate = true> <Delay = 0.73> <CoreInst = "Sel">   --->   Core 73 'Sel' <Latency = 0> <II = 1> <Delay = 0.73> <FuncUnit> <Opcode : 'select'> <InPorts = 3> <OutPorts = 1>
ST_1 : Operation 18 [1/1] (2.55ns)   --->   "%icmp_ln176_1 = icmp_slt  i32 %height_read, i32 3" [blur_opt.cpp:176]   --->   Operation 18 'icmp' 'icmp_ln176_1' <Predicate = true> <Delay = 2.55> <CoreInst = "Cmp">   --->   Core 9 'Cmp' <Latency = 0> <II = 1> <Delay = 2.55> <FuncUnit> <Opcode : 'seteq' 'setne' 'setle' 'setge' 'setlt' 'setgt'> <InPorts = 2> <OutPorts = 1>

State 2 <SV = 1> <Delay = 6.91>
ST_2 : Operation 19 [1/1] (0.00ns)   --->   "%smax_cast = zext i31 %smax"   --->   Operation 19 'zext' 'smax_cast' <Predicate = true> <Delay = 0.00>
ST_2 : Operation 20 [1/1] (0.00ns)   --->   "%smax1_cast = zext i31 %smax1"   --->   Operation 20 'zext' 'smax1_cast' <Predicate = true> <Delay = 0.00>
ST_2 : Operation 21 [2/2] (6.91ns)   --->   "%bound = mul i62 %smax_cast, i62 %smax1_cast"   --->   Operation 21 'mul' 'bound' <Predicate = true> <Delay = 6.91> <CoreInst = "Multiplier">   --->   Core 3 'Multiplier' <Latency = 1> <II = 1> <Delay = 6.91> <FuncUnit> <Opcode : 'mul'> <InPorts = 2> <OutPorts = 1>

State 3 <SV = 2> <Delay = 6.91>
ST_3 : Operation 22 [2/2] (0.00ns)   --->   "%call_ln0 = call void @linebuffer_box3_pipeline_unroll_partition_Pipeline_1, i8 %linebuf_1, i8 %linebuf"   --->   Operation 22 'call' 'call_ln0' <Predicate = true> <Delay = 0.00> <CoreType = "Generic">   --->   Generic Core
ST_3 : Operation 23 [1/2] (6.91ns)   --->   "%bound = mul i62 %smax_cast, i62 %smax1_cast"   --->   Operation 23 'mul' 'bound' <Predicate = true> <Delay = 6.91> <CoreInst = "Multiplier">   --->   Core 3 'Multiplier' <Latency = 1> <II = 1> <Delay = 6.91> <FuncUnit> <Opcode : 'mul'> <InPorts = 2> <OutPorts = 1>
ST_3 : Operation 24 [2/2] (0.00ns)   --->   "%call_ln0 = call void @linebuffer_box3_pipeline_unroll_partition_Pipeline_VITIS_LOOP_15_1_VITIS_LOOP_16, i32 %width_read, i62 %bound, i8 %stage0, i8 %stage1"   --->   Operation 24 'call' 'call_ln0' <Predicate = true> <Delay = 0.00> <CoreType = "Generic">   --->   Generic Core
ST_3 : Operation 25 [1/1] (2.55ns)   --->   "%icmp_ln176 = icmp_slt  i32 %width_read, i32 3" [blur_opt.cpp:176]   --->   Operation 25 'icmp' 'icmp_ln176' <Predicate = true> <Delay = 2.55> <CoreInst = "Cmp">   --->   Core 9 'Cmp' <Latency = 0> <II = 1> <Delay = 2.55> <FuncUnit> <Opcode : 'seteq' 'setne' 'setle' 'setge' 'setlt' 'setgt'> <InPorts = 2> <OutPorts = 1>
ST_3 : Operation 26 [1/1] (0.97ns)   --->   "%or_ln176 = or i1 %icmp_ln176, i1 %icmp_ln176_1" [blur_opt.cpp:176]   --->   Operation 26 'or' 'or_ln176' <Predicate = true> <Delay = 0.97> <CoreInst = "LogicGate">   --->   Core 74 'LogicGate' <Latency = 0> <II = 1> <Delay = 0.97> <FuncUnit> <Opcode : 'and' 'or' 'xor'> <InPorts = 2> <OutPorts = 1>

State 4 <SV = 3> <Delay = 6.91>
ST_4 : Operation 27 [1/2] (4.72ns)   --->   "%call_ln0 = call void @linebuffer_box3_pipeline_unroll_partition_Pipeline_1, i8 %linebuf_1, i8 %linebuf"   --->   Operation 27 'call' 'call_ln0' <Predicate = true> <Delay = 4.72> <CoreType = "Generic">   --->   Generic Core
ST_4 : Operation 28 [1/2] (0.00ns)   --->   "%call_ln0 = call void @linebuffer_box3_pipeline_unroll_partition_Pipeline_VITIS_LOOP_15_1_VITIS_LOOP_16, i32 %width_read, i62 %bound, i8 %stage0, i8 %stage1"   --->   Operation 28 'call' 'call_ln0' <Predicate = true> <Delay = 0.00> <CoreType = "Generic">   --->   Generic Core
ST_4 : Operation 29 [1/1] (0.00ns)   --->   "%br_ln176 = br i1 %or_ln176, void %VITIS_LOOP_180_1.i, void %linebuffer_box3_pipeline_unroll_partition.exit" [blur_opt.cpp:176]   --->   Operation 29 'br' 'br_ln176' <Predicate = true> <Delay = 0.00>
ST_4 : Operation 30 [1/1] (0.00ns)   --->   "%zext_ln180 = zext i31 %empty_19" [blur_opt.cpp:180]   --->   Operation 30 'zext' 'zext_ln180' <Predicate = (!or_ln176)> <Delay = 0.00>
ST_4 : Operation 31 [1/1] (0.00ns)   --->   "%zext_ln180_1 = zext i31 %empty" [blur_opt.cpp:180]   --->   Operation 31 'zext' 'zext_ln180_1' <Predicate = (!or_ln176)> <Delay = 0.00>
ST_4 : Operation 32 [2/2] (6.91ns)   --->   "%mul_ln180 = mul i62 %zext_ln180, i62 %zext_ln180_1" [blur_opt.cpp:180]   --->   Operation 32 'mul' 'mul_ln180' <Predicate = (!or_ln176)> <Delay = 6.91> <CoreInst = "Multiplier">   --->   Core 3 'Multiplier' <Latency = 1> <II = 1> <Delay = 6.91> <FuncUnit> <Opcode : 'mul'> <InPorts = 2> <OutPorts = 1>

State 5 <SV = 4> <Delay = 6.91>
ST_5 : Operation 33 [1/2] (6.91ns)   --->   "%mul_ln180 = mul i62 %zext_ln180, i62 %zext_ln180_1" [blur_opt.cpp:180]   --->   Operation 33 'mul' 'mul_ln180' <Predicate = true> <Delay = 6.91> <CoreInst = "Multiplier">   --->   Core 3 'Multiplier' <Latency = 1> <II = 1> <Delay = 6.91> <FuncUnit> <Opcode : 'mul'> <InPorts = 2> <OutPorts = 1>

State 6 <SV = 5> <Delay = 0.00>
ST_6 : Operation 34 [2/2] (0.00ns)   --->   "%call_ln180 = call void @linebuffer_box3_pipeline_unroll_partition_Pipeline_VITIS_LOOP_180_1_VITIS_LOOP_1, i62 %mul_ln180, i31 %empty, i8 %stage0, i8 %linebuf_1, i8 %linebuf, i8 %stage1" [blur_opt.cpp:180]   --->   Operation 34 'call' 'call_ln180' <Predicate = true> <Delay = 0.00> <CoreType = "Generic">   --->   Generic Core

State 7 <SV = 6> <Delay = 0.00>
ST_7 : Operation 35 [1/2] (0.00ns)   --->   "%call_ln180 = call void @linebuffer_box3_pipeline_unroll_partition_Pipeline_VITIS_LOOP_180_1_VITIS_LOOP_1, i62 %mul_ln180, i31 %empty, i8 %stage0, i8 %linebuf_1, i8 %linebuf, i8 %stage1" [blur_opt.cpp:180]   --->   Operation 35 'call' 'call_ln180' <Predicate = (!or_ln176)> <Delay = 0.00> <CoreType = "Generic">   --->   Generic Core
ST_7 : Operation 36 [1/1] (0.00ns)   --->   "%br_ln0 = br void %linebuffer_box3_pipeline_unroll_partition.exit"   --->   Operation 36 'br' 'br_ln0' <Predicate = (!or_ln176)> <Delay = 0.00>
ST_7 : Operation 37 [1/1] (0.00ns)   --->   "%ret_ln0 = ret"   --->   Operation 37 'ret' 'ret_ln0' <Predicate = true> <Delay = 0.00>


============================================================
+ Verbose Summary: Timing violations
============================================================
Target clock period: 10.000ns, clock uncertainty: 2.700ns.

 <State 1>: 3.285ns
The critical path consists of the following:
	wire read operation ('height') on port 'height' [5]  (0.000 ns)
	'icmp' operation 1 bit ('empty_20') [12]  (2.552 ns)
	'select' operation 31 bit ('smax') [13]  (0.733 ns)

 <State 2>: 6.912ns
The critical path consists of the following:
	'mul' operation 62 bit ('bound') [18]  (6.912 ns)

 <State 3>: 6.912ns
The critical path consists of the following:
	'mul' operation 62 bit ('bound') [18]  (6.912 ns)

 <State 4>: 6.912ns
The critical path consists of the following:
	'mul' operation 62 bit ('mul_ln180', blur_opt.cpp:180) [27]  (6.912 ns)

 <State 5>: 6.912ns
The critical path consists of the following:
	'mul' operation 62 bit ('mul_ln180', blur_opt.cpp:180) [27]  (6.912 ns)

 <State 6>: 0.000ns
The critical path consists of the following:

 <State 7>: 0.000ns
The critical path consists of the following:


============================================================
+ Verbose Summary: Binding
============================================================
N/A
* FSMD analyzer results:
  - Output states:
 - Input state : 
  - Chain level:
	State 1
	State 2
	State 3
	State 4
	State 5
	State 6
	State 7


============================================================
+ Verbose Summary: Datapath Resource usage 
============================================================
N/A
