

================================================================
== Vitis HLS Report for 'compute_stage_dataflow'
================================================================
* Date:           Fri Apr 24 19:31:42 2026

* Version:        2025.2 (Build 6295257 on Nov 14 2025)
* Project:        blur_opt_dataflow_proj
* Solution:       solution1 (Vivado IP Flow Target)
* Product family: zynq
* Target device:  xc7z020-clg400-1


================================================================
== Performance Estimates
================================================================
+ Timing: 
    * Summary: 
    +--------+----------+----------+------------+
    |  Clock |  Target  | Estimated| Uncertainty|
    +--------+----------+----------+------------+
    |ap_clk  |  10.00 ns|  7.396 ns|     2.70 ns|
    +--------+----------+----------+------------+

+ Latency: 
    * Summary: 
    +---------+---------+----------+----------+-----+-----+---------+
    |  Latency (cycles) |  Latency (absolute) |  Interval | Pipeline|
    |   min   |   max   |    min   |    max   | min | max |   Type  |
    +---------+---------+----------+----------+-----+-----+---------+
    |        ?|        ?|         ?|         ?|    ?|    ?|       no|
    +---------+---------+----------+----------+-----+-----+---------+

    + Detail: 
        * Instance: 
        +-----------------------------------------------------+-------------------------------------------+---------+---------+----------+----------+-----+-----+---------+
        |                                                     |                                           |  Latency (cycles) |  Latency (absolute) |  Interval | Pipeline|
        |                       Instance                      |                   Module                  |   min   |   max   |    min   |    max   | min | max |   Type  |
        +-----------------------------------------------------+-------------------------------------------+---------+---------+----------+----------+-----+-----+---------+
        |grp_linebuffer_box3_pipeline_unroll_partition_fu_26  |linebuffer_box3_pipeline_unroll_partition  |        ?|        ?|         ?|         ?|    ?|    ?|       no|
        +-----------------------------------------------------+-------------------------------------------+---------+---------+----------+----------+-----+-----+---------+

        * Loop: 
        N/A



================================================================
== Utilization Estimates
================================================================
* Summary: 
+-----------------+---------+-----+--------+-------+-----+
|       Name      | BRAM_18K| DSP |   FF   |  LUT  | URAM|
+-----------------+---------+-----+--------+-------+-----+
|DSP              |        -|    -|       -|      -|    -|
|Expression       |        -|    -|       0|      2|    -|
|FIFO             |        -|    -|       -|      -|    -|
|Instance         |        2|    5|    1416|   2082|    0|
|Memory           |        -|    -|       -|      -|    -|
|Multiplexer      |        -|    -|       0|     23|    -|
|Register         |        -|    -|      68|      -|    -|
+-----------------+---------+-----+--------+-------+-----+
|Total            |        2|    5|    1484|   2107|    0|
+-----------------+---------+-----+--------+-------+-----+
|Available        |      280|  220|  106400|  53200|    0|
+-----------------+---------+-----+--------+-------+-----+
|Utilization (%)  |       ~0|    2|       1|      3|    0|
+-----------------+---------+-----+--------+-------+-----+

+ Detail: 
    * Instance: 
    +-----------------------------------------------------+-------------------------------------------+---------+----+------+------+-----+
    |                       Instance                      |                   Module                  | BRAM_18K| DSP|  FF  |  LUT | URAM|
    +-----------------------------------------------------+-------------------------------------------+---------+----+------+------+-----+
    |grp_linebuffer_box3_pipeline_unroll_partition_fu_26  |linebuffer_box3_pipeline_unroll_partition  |        2|   5|  1416|  2082|    0|
    +-----------------------------------------------------+-------------------------------------------+---------+----+------+------+-----+
    |Total                                                |                                           |        2|   5|  1416|  2082|    0|
    +-----------------------------------------------------+-------------------------------------------+---------+----+------+------+-----+

    * DSP: 
    N/A

    * Memory: 
    N/A

    * FIFO: 
    N/A

    * Expression: 
    +-----------------+----------+----+---+----+------------+------------+
    |  Variable Name  | Operation| DSP| FF| LUT| Bitwidth P0| Bitwidth P1|
    +-----------------+----------+----+---+----+------------+------------+
    |ap_block_state1  |        or|   0|  0|   2|           1|           1|
    +-----------------+----------+----+---+----+------------+------------+
    |Total            |          |   0|  0|   2|           1|           1|
    +-----------------+----------+----+---+----+------------+------------+

    * Multiplexer: 
    +-----------+----+-----------+-----+-----------+
    |    Name   | LUT| Input Size| Bits| Total Bits|
    +-----------+----+-----------+-----+-----------+
    |ap_NS_fsm  |  14|          3|    1|          3|
    |ap_done    |   9|          2|    1|          2|
    +-----------+----+-----------+-----+-----------+
    |Total      |  23|          5|    2|          5|
    +-----------+----+-----------+-----+-----------+

    * Register: 
    +------------------------------------------------------------------+----+----+-----+-----------+
    |                               Name                               | FF | LUT| Bits| Const Bits|
    +------------------------------------------------------------------+----+----+-----+-----------+
    |ap_CS_fsm                                                         |   2|   0|    2|          0|
    |ap_done_reg                                                       |   1|   0|    1|          0|
    |grp_linebuffer_box3_pipeline_unroll_partition_fu_26_ap_start_reg  |   1|   0|    1|          0|
    |height_read_reg_48                                                |  32|   0|   32|          0|
    |width_read_reg_54                                                 |  32|   0|   32|          0|
    +------------------------------------------------------------------+----+----+-----+-----------+
    |Total                                                             |  68|   0|   68|          0|
    +------------------------------------------------------------------+----+----+-----+-----------+



================================================================
== Interface
================================================================
* Summary: 
+-----------------+-----+-----+------------+------------------------+--------------+
|    RTL Ports    | Dir | Bits|  Protocol  |      Source Object     |    C Type    |
+-----------------+-----+-----+------------+------------------------+--------------+
|ap_clk           |   in|    1|  ap_ctrl_hs|  compute_stage_dataflow|  return value|
|ap_rst           |   in|    1|  ap_ctrl_hs|  compute_stage_dataflow|  return value|
|ap_start         |   in|    1|  ap_ctrl_hs|  compute_stage_dataflow|  return value|
|ap_done          |  out|    1|  ap_ctrl_hs|  compute_stage_dataflow|  return value|
|ap_continue      |   in|    1|  ap_ctrl_hs|  compute_stage_dataflow|  return value|
|ap_idle          |  out|    1|  ap_ctrl_hs|  compute_stage_dataflow|  return value|
|ap_ready         |  out|    1|  ap_ctrl_hs|  compute_stage_dataflow|  return value|
|ap_return_0      |  out|   32|  ap_ctrl_hs|  compute_stage_dataflow|  return value|
|ap_return_1      |  out|   32|  ap_ctrl_hs|  compute_stage_dataflow|  return value|
|width            |   in|   32|     ap_none|                   width|        scalar|
|height           |   in|   32|     ap_none|                  height|        scalar|
|stage0_address0  |  out|   20|   ap_memory|                  stage0|         array|
|stage0_ce0       |  out|    1|   ap_memory|                  stage0|         array|
|stage0_q0        |   in|    8|   ap_memory|                  stage0|         array|
|stage1_address0  |  out|   20|   ap_memory|                  stage1|         array|
|stage1_ce0       |  out|    1|   ap_memory|                  stage1|         array|
|stage1_we0       |  out|    1|   ap_memory|                  stage1|         array|
|stage1_d0        |  out|    8|   ap_memory|                  stage1|         array|
+-----------------+-----+-----+------------+------------------------+--------------+

