================================================================
== Design Size Report
================================================================

* Total Instructions per Compilation Phase
+---------------+----------------------------+--------------+----------------------------------------------------------------------------------------+
| Phase         | Step                       | Instructions | Description                                                                            |
+---------------+----------------------------+--------------+----------------------------------------------------------------------------------------+
| Compile/Link  |                            | 267          | After all functions are compiled and linked into a single design                       |
|               |                            |              |                                                                                        |
| Unroll/Inline |                            |              | After user unroll and inline pragmas are applied                                       |
|               | (1) unroll                 | 275          | user unroll pragmas are applied                                                        |
|               | (2) simplification         | 180          | simplification of applied user unroll pragmas                                          |
|               | (3) inline                 | 193          | user inline pragmas are applied                                                        |
|               | (4) simplification         | 193          | simplification of applied user inline pragmas                                          |
|               |                            |              |                                                                                        |
| Array/Struct  |                            |              | After user array partition and struct aggregate/disaggregate pragmas are applied       |
|               | (1) array partition        | 258          | user array partition pragmas are applied                                               |
|               | (2) simplification         | 208          | simplification of applied user array partition & struct aggregate/disaggregate pragmas |
|               | (3) aggregate/disaggregate | 208          | user struct aggregate/disaggregate pragmas are applied                                 |
|               | (4) array reshape          | 208          | apply array reshape pragmas                                                            |
|               | (5) access patterns        | 209          | array access pattern optmizations                                                      |
|               |                            |              |                                                                                        |
| Performance   |                            |              | After transformations are applied to meet performance pragma targets                   |
|               | (1) loop simplification    | 207          | loop and instruction simplification                                                    |
|               | (2) parallelization        | 201          | loops are unrolled or pipelined to meet performance targets                            |
|               | (3) array partition        | 194          | arrays are partitioned to meet performance targets                                     |
|               | (4) simplification         | 194          | simplification of design after performance transformations                             |
|               |                            |              |                                                                                        |
| HW Transforms |                            |              | After hardware transfomations                                                          |
|               | (1) lowering               | 202          | initial conversion to HW specific instructions                                         |
|               | (2) optimizations          | 217          | high level synthesis optimizations                                                     |
+---------------+----------------------------+--------------+----------------------------------------------------------------------------------------+

* Instructions per Function for each Compilation Phase
+-------------------------------------+------------------+---------------+---------------+---------------+---------------+---------------+
| Function                            | Location         | Compile/Link  | Unroll/Inline | Array/Struct  | Performance   | HW Transforms |
+-------------------------------------+------------------+---------------+---------------+---------------+---------------+---------------+
| + blur_opt_dataflow                 | blur_opt.cpp:352 | 267           | 193           | 209           | 194           | 217           |
|    copy_stage                       | blur_opt.cpp:214 |  58 (2 calls) |  46 (2 calls) |  46 (2 calls) |  42 (2 calls) |  46 (2 calls) |
|  + compute_stage_dataflow           | blur_opt.cpp:228 | 205           | 143           | 159           | 148           | 156           |
|   + linebuffer_box3_pipeline_unr... | blur_opt.cpp:158 | 203           | 141           | 157           | 146           | 153           |
|      copy_image_plain               | blur_opt.cpp:9   |  29           |               |               |               |               |
+-------------------------------------+------------------+---------------+---------------+---------------+---------------+---------------+

* Design Size Message Settings
+---------------------------------------------+--------+------------------------------------------------------------------+
| Message Setting                             | Value  | Description                                                      |
+---------------------------------------------+--------+------------------------------------------------------------------+
| config_compile -design_size_maximum_warning | 100000 | Show a warning when total design instructions exceeds this value |
+---------------------------------------------+--------+------------------------------------------------------------------+


