

================================================================
== Vitis HLS Report for 'linebuffer_box3_pipeline_unroll_partition'
================================================================
* Date:           Fri Apr 24 19:31:42 2026

* Version:        2025.2 (Build 6295257 on Nov 14 2025)
* Project:        blur_opt_dataflow_proj
* Solution:       solution1 (Vivado IP Flow Target)
* Product family: zynq
* Target device:  xc7z020-clg400-1


================================================================
== Performance Estimates
================================================================
+ Timing: 
    * Summary: 
    +--------+----------+----------+------------+
    |  Clock |  Target  | Estimated| Uncertainty|
    +--------+----------+----------+------------+
    |ap_clk  |  10.00 ns|  7.396 ns|     2.70 ns|
    +--------+----------+----------+------------+

+ Latency: 
    * Summary: 
    +---------+---------+----------+----------+-----+-----+---------+
    |  Latency (cycles) |  Latency (absolute) |  Interval | Pipeline|
    |   min   |   max   |    min   |    max   | min | max |   Type  |
    +---------+---------+----------+----------+-----+-----+---------+
    |        ?|        ?|         ?|         ?|    ?|    ?|       no|
    +---------+---------+----------+----------+-----+-----+---------+

    + Detail: 
        * Instance: 
        +--------------------------------------------------------------------------------------------+----------------------------------------------------------------------------------+---------+---------+-----------+-----------+-----+-----+-------------------+
        |                                                                                            |                                                                                  |  Latency (cycles) |   Latency (absolute)  |  Interval |      Pipeline     |
        |                                          Instance                                          |                                      Module                                      |   min   |   max   |    min    |    max    | min | max |        Type       |
        +--------------------------------------------------------------------------------------------+----------------------------------------------------------------------------------+---------+---------+-----------+-----------+-----+-----+-------------------+
        |grp_linebuffer_box3_pipeline_unroll_partition_Pipeline_1_fu_44                              |linebuffer_box3_pipeline_unroll_partition_Pipeline_1                              |     2050|     2050|  20.500 us|  20.500 us|    0|    0|  loop pipeline stp|
        |grp_linebuffer_box3_pipeline_unroll_partition_Pipeline_VITIS_LOOP_15_1_VITIS_LOOP_16_fu_50  |linebuffer_box3_pipeline_unroll_partition_Pipeline_VITIS_LOOP_15_1_VITIS_LOOP_16  |        ?|        ?|          ?|          ?|    0|    0|  loop pipeline stp|
        |grp_linebuffer_box3_pipeline_unroll_partition_Pipeline_VITIS_LOOP_180_1_VITIS_LOOP_1_fu_60  |linebuffer_box3_pipeline_unroll_partition_Pipeline_VITIS_LOOP_180_1_VITIS_LOOP_1  |       19|        ?|   0.190 us|          ?|    0|    0|  loop pipeline stp|
        +--------------------------------------------------------------------------------------------+----------------------------------------------------------------------------------+---------+---------+-----------+-----------+-----+-----+-------------------+

        * Loop: 
        N/A



================================================================
== Utilization Estimates
================================================================
* Summary: 
+-----------------+---------+-----+--------+-------+-----+
|       Name      | BRAM_18K| DSP |   FF   |  LUT  | URAM|
+-----------------+---------+-----+--------+-------+-----+
|DSP              |        -|    -|       -|      -|    -|
|Expression       |        -|    -|       0|    224|    -|
|FIFO             |        -|    -|       -|      -|    -|
|Instance         |        -|    5|    1218|   1574|    -|
|Memory           |        2|    -|       0|      0|    0|
|Multiplexer      |        -|    -|       0|    284|    -|
|Register         |        -|    -|     198|      -|    -|
+-----------------+---------+-----+--------+-------+-----+
|Total            |        2|    5|    1416|   2082|    0|
+-----------------+---------+-----+--------+-------+-----+
|Available        |      280|  220|  106400|  53200|    0|
+-----------------+---------+-----+--------+-------+-----+
|Utilization (%)  |       ~0|    2|       1|      3|    0|
+-----------------+---------+-----+--------+-------+-----+

+ Detail: 
    * Instance: 
    +--------------------------------------------------------------------------------------------+----------------------------------------------------------------------------------+---------+----+-----+------+-----+
    |                                          Instance                                          |                                      Module                                      | BRAM_18K| DSP|  FF |  LUT | URAM|
    +--------------------------------------------------------------------------------------------+----------------------------------------------------------------------------------+---------+----+-----+------+-----+
    |grp_linebuffer_box3_pipeline_unroll_partition_Pipeline_1_fu_44                              |linebuffer_box3_pipeline_unroll_partition_Pipeline_1                              |        0|   0|   14|    63|    0|
    |grp_linebuffer_box3_pipeline_unroll_partition_Pipeline_VITIS_LOOP_15_1_VITIS_LOOP_16_fu_50  |linebuffer_box3_pipeline_unroll_partition_Pipeline_VITIS_LOOP_15_1_VITIS_LOOP_16  |        0|   0|  204|   407|    0|
    |grp_linebuffer_box3_pipeline_unroll_partition_Pipeline_VITIS_LOOP_180_1_VITIS_LOOP_1_fu_60  |linebuffer_box3_pipeline_unroll_partition_Pipeline_VITIS_LOOP_180_1_VITIS_LOOP_1  |        0|   1|  859|  1056|    0|
    |mul_31ns_31ns_62_2_1_U25                                                                    |mul_31ns_31ns_62_2_1                                                              |        0|   4|  141|    48|    0|
    +--------------------------------------------------------------------------------------------+----------------------------------------------------------------------------------+---------+----+-----+------+-----+
    |Total                                                                                       |                                                                                  |        0|   5| 1218|  1574|    0|
    +--------------------------------------------------------------------------------------------+----------------------------------------------------------------------------------+---------+----+-----+------+-----+

    * DSP: 
    N/A

    * Memory: 
    +-------------+-----------------------------------------------------------------+---------+---+----+-----+------+-----+------+-------------+
    |    Memory   |                              Module                             | BRAM_18K| FF| LUT| URAM| Words| Bits| Banks| W*Bits*Banks|
    +-------------+-----------------------------------------------------------------+---------+---+----+-----+------+-----+------+-------------+
    |linebuf_U    |linebuffer_box3_pipeline_unroll_partition_linebuf_RAM_AUTO_1R1W  |        1|  0|   0|    0|  1024|    8|     1|         8192|
    |linebuf_1_U  |linebuffer_box3_pipeline_unroll_partition_linebuf_RAM_AUTO_1R1W  |        1|  0|   0|    0|  1024|    8|     1|         8192|
    +-------------+-----------------------------------------------------------------+---------+---+----+-----+------+-----+------+-------------+
    |Total        |                                                                 |        2|  0|   0|    0|  2048|   16|     2|        16384|
    +-------------+-----------------------------------------------------------------+---------+---+----+-----+------+-----+------+-------------+

    * FIFO: 
    N/A

    * Expression: 
    +---------------------------------+----------+----+---+----+------------+------------+
    |          Variable Name          | Operation| DSP| FF| LUT| Bitwidth P0| Bitwidth P1|
    +---------------------------------+----------+----+---+----+------------+------------+
    |ap_block_state7_on_subcall_done  |       and|   0|  0|   2|           1|           1|
    |empty_20_fu_91_p2                |      icmp|   0|  0|  39|          32|           1|
    |empty_21_fu_105_p2               |      icmp|   0|  0|  39|          32|           1|
    |icmp_ln176_1_fu_119_p2           |      icmp|   0|  0|  39|          32|           2|
    |icmp_ln176_fu_133_p2             |      icmp|   0|  0|  39|          32|           2|
    |ap_block_state4_on_subcall_done  |        or|   0|  0|   2|           1|           1|
    |or_ln176_fu_138_p2               |        or|   0|  0|   2|           1|           1|
    |smax1_fu_111_p3                  |    select|   0|  0|  31|           1|          31|
    |smax_fu_97_p3                    |    select|   0|  0|  31|           1|          31|
    +---------------------------------+----------+----+---+----+------------+------------+
    |Total                            |          |   0|  0| 224|         133|          71|
    +---------------------------------+----------+----+---+----+------------+------------+

    * Multiplexer: 
    +--------------------+----+-----------+-----+-----------+
    |        Name        | LUT| Input Size| Bits| Total Bits|
    +--------------------+----+-----------+-----+-----------+
    |ap_NS_fsm           |  42|          8|    1|          8|
    |grp_fu_72_p0        |  14|          3|   31|         93|
    |grp_fu_72_p1        |  14|          3|   31|         93|
    |linebuf_1_address0  |  14|          3|   10|         30|
    |linebuf_1_ce0       |  14|          3|    1|          3|
    |linebuf_1_ce1       |   9|          2|    1|          2|
    |linebuf_1_d0        |  14|          3|    8|         24|
    |linebuf_1_we0       |  14|          3|    1|          3|
    |linebuf_address0    |  14|          3|   10|         30|
    |linebuf_ce0         |  14|          3|    1|          3|
    |linebuf_ce1         |   9|          2|    1|          2|
    |linebuf_d0          |  14|          3|    8|         24|
    |linebuf_we0         |  14|          3|    1|          3|
    |stage0_address0     |  14|          3|   20|         60|
    |stage0_ce0          |  14|          3|    1|          3|
    |stage1_address0     |  14|          3|   20|         60|
    |stage1_ce0          |  14|          3|    1|          3|
    |stage1_d0           |  14|          3|    8|         24|
    |stage1_we0          |  14|          3|    1|          3|
    +--------------------+----+-----------+-----+-----------+
    |Total               | 284|         60|  156|        471|
    +--------------------+----+-----------+-----+-----------+

    * Register: 
    +---------------------------------------------------------------------------------------------------------+----+----+-----+-----------+
    |                                                   Name                                                  | FF | LUT| Bits| Const Bits|
    +---------------------------------------------------------------------------------------------------------+----+----+-----+-----------+
    |ap_CS_fsm                                                                                                |   7|   0|    7|          0|
    |empty_19_reg_163                                                                                         |  31|   0|   31|          0|
    |empty_reg_157                                                                                            |  31|   0|   31|          0|
    |grp_linebuffer_box3_pipeline_unroll_partition_Pipeline_1_fu_44_ap_start_reg                              |   1|   0|    1|          0|
    |grp_linebuffer_box3_pipeline_unroll_partition_Pipeline_VITIS_LOOP_15_1_VITIS_LOOP_16_fu_50_ap_start_reg  |   1|   0|    1|          0|
    |grp_linebuffer_box3_pipeline_unroll_partition_Pipeline_VITIS_LOOP_180_1_VITIS_LOOP_1_fu_60_ap_start_reg  |   1|   0|    1|          0|
    |icmp_ln176_1_reg_178                                                                                     |   1|   0|    1|          0|
    |or_ln176_reg_193                                                                                         |   1|   0|    1|          0|
    |reg_77                                                                                                   |  62|   0|   62|          0|
    |smax1_reg_173                                                                                            |  31|   0|   31|          0|
    |smax_reg_168                                                                                             |  31|   0|   31|          0|
    +---------------------------------------------------------------------------------------------------------+----+----+-----+-----------+
    |Total                                                                                                    | 198|   0|  198|          0|
    +---------------------------------------------------------------------------------------------------------+----+----+-----+-----------+



================================================================
== Interface
================================================================
* Summary: 
+-----------------+-----+-----+------------+-------------------------------------------+--------------+
|    RTL Ports    | Dir | Bits|  Protocol  |               Source Object               |    C Type    |
+-----------------+-----+-----+------------+-------------------------------------------+--------------+
|ap_clk           |   in|    1|  ap_ctrl_hs|  linebuffer_box3_pipeline_unroll_partition|  return value|
|ap_rst           |   in|    1|  ap_ctrl_hs|  linebuffer_box3_pipeline_unroll_partition|  return value|
|ap_start         |   in|    1|  ap_ctrl_hs|  linebuffer_box3_pipeline_unroll_partition|  return value|
|ap_done          |  out|    1|  ap_ctrl_hs|  linebuffer_box3_pipeline_unroll_partition|  return value|
|ap_idle          |  out|    1|  ap_ctrl_hs|  linebuffer_box3_pipeline_unroll_partition|  return value|
|ap_ready         |  out|    1|  ap_ctrl_hs|  linebuffer_box3_pipeline_unroll_partition|  return value|
|width            |   in|   32|     ap_none|                                      width|        scalar|
|height           |   in|   32|     ap_none|                                     height|        scalar|
|stage0_address0  |  out|   20|   ap_memory|                                     stage0|         array|
|stage0_ce0       |  out|    1|   ap_memory|                                     stage0|         array|
|stage0_q0        |   in|    8|   ap_memory|                                     stage0|         array|
|stage1_address0  |  out|   20|   ap_memory|                                     stage1|         array|
|stage1_ce0       |  out|    1|   ap_memory|                                     stage1|         array|
|stage1_we0       |  out|    1|   ap_memory|                                     stage1|         array|
|stage1_d0        |  out|    8|   ap_memory|                                     stage1|         array|
+-----------------+-----+-----+------------+-------------------------------------------+--------------+

