

================================================================
== Vitis HLS Report for 'linebuffer_box3_final'
================================================================
* Date:           Fri Apr 24 19:32:06 2026

* Version:        2025.2 (Build 6295257 on Nov 14 2025)
* Project:        blur_opt_final_proj
* Solution:       solution1 (Vivado IP Flow Target)
* Product family: zynq
* Target device:  xc7z020-clg400-1


================================================================
== Performance Estimates
================================================================
+ Timing: 
    * Summary: 
    +--------+----------+----------+------------+
    |  Clock |  Target  | Estimated| Uncertainty|
    +--------+----------+----------+------------+
    |ap_clk  |  10.00 ns|  7.182 ns|     2.70 ns|
    +--------+----------+----------+------------+

+ Latency: 
    * Summary: 
    +---------+---------+----------+----------+-----+-----+---------+
    |  Latency (cycles) |  Latency (absolute) |  Interval | Pipeline|
    |   min   |   max   |    min   |    max   | min | max |   Type  |
    +---------+---------+----------+----------+-----+-----+---------+
    |        ?|        ?|         ?|         ?|    ?|    ?|       no|
    +---------+---------+----------+----------+-----+-----+---------+

    + Detail: 
        * Instance: 
        +----------------------------------------------------------------------------+------------------------------------------------------------------+---------+---------+-----------+-----------+-----+-----+-------------------+
        |                                                                            |                                                                  |  Latency (cycles) |   Latency (absolute)  |  Interval |      Pipeline     |
        |                                  Instance                                  |                              Module                              |   min   |   max   |    min    |    max    | min | max |        Type       |
        +----------------------------------------------------------------------------+------------------------------------------------------------------+---------+---------+-----------+-----------+-----+-----+-------------------+
        |grp_linebuffer_box3_final_Pipeline_1_fu_52                                  |linebuffer_box3_final_Pipeline_1                                  |     2050|     2050|  20.500 us|  20.500 us|    0|    0|  loop pipeline stp|
        |grp_linebuffer_box3_final_Pipeline_VITIS_LOOP_245_1_VITIS_LOOP_246_2_fu_58  |linebuffer_box3_final_Pipeline_VITIS_LOOP_245_1_VITIS_LOOP_246_2  |        ?|        ?|          ?|          ?|    0|    0|  loop pipeline stp|
        |grp_linebuffer_box3_final_Pipeline_VITIS_LOOP_280_1_VITIS_LOOP_281_2_fu_68  |linebuffer_box3_final_Pipeline_VITIS_LOOP_280_1_VITIS_LOOP_281_2  |       17|        ?|   0.170 us|          ?|    0|    0|  loop pipeline stp|
        +----------------------------------------------------------------------------+------------------------------------------------------------------+---------+---------+-----------+-----------+-----+-----+-------------------+

        * Loop: 
        N/A

============================================================
+ Verbose Summary: Synthesis Manager
============================================================
InlineROM: 1
ExposeGlobal: 0
============================================================
+ Verbose Summary: CDFG Model
============================================================
IsTopModel: 0
ResetActiveHigh: 1
IsCombinational: 0
IsDatapathOnly: 0
HasWiredReturn: 1
HasMFsm: 0
HasVarLatency: 1
IsPipeline: 0
IsRtlPipelined: 0
IsInstanceOverlapped: 0
IsDontTouch: 0
HasImplIP: 0
IsGatedGlobalClock: 0


============================================================
+ Verbose Summary: Schedule
============================================================
* Number of FSM states : 7
* Pipeline : 0
* Dataflow Pipeline: 0

* FSM state transitions: 
1 --> 2 
2 --> 3 
3 --> 4 
4 --> 5 7 
5 --> 6 
6 --> 7 
7 --> 

* FSM state operations: 

State 1 <SV = 0> <Delay = 3.28>
ST_1 : Operation 8 [1/1] (0.00ns)   --->   "%height_read = read i32 @_ssdm_op_Read.ap_auto.i32, i32 %height"   --->   Operation 8 'read' 'height_read' <Predicate = true> <Delay = 0.00>
ST_1 : Operation 9 [1/1] (0.00ns)   --->   "%width_read = read i32 @_ssdm_op_Read.ap_auto.i32, i32 %width"   --->   Operation 9 'read' 'width_read' <Predicate = true> <Delay = 0.00>
ST_1 : Operation 10 [1/1] (0.00ns)   --->   "%empty = trunc i32 %width_read"   --->   Operation 10 'trunc' 'empty' <Predicate = true> <Delay = 0.00>
ST_1 : Operation 11 [1/1] (0.00ns)   --->   "%empty_21 = trunc i32 %height_read"   --->   Operation 11 'trunc' 'empty_21' <Predicate = true> <Delay = 0.00>
ST_1 : Operation 12 [1/1] (3.25ns)   --->   "%linebuf = alloca i64 1" [blur_opt.cpp:270]   --->   Operation 12 'alloca' 'linebuf' <Predicate = true> <Delay = 3.25>
ST_1 : Operation 13 [1/1] (3.25ns)   --->   "%linebuf_1 = alloca i64 1" [blur_opt.cpp:270]   --->   Operation 13 'alloca' 'linebuf_1' <Predicate = true> <Delay = 3.25>
ST_1 : Operation 14 [1/1] (2.55ns)   --->   "%empty_22 = icmp_sgt  i32 %height_read, i32 0"   --->   Operation 14 'icmp' 'empty_22' <Predicate = true> <Delay = 2.55> <CoreInst = "Cmp">   --->   Core 9 'Cmp' <Latency = 0> <II = 1> <Delay = 2.55> <FuncUnit> <Opcode : 'seteq' 'setne' 'setle' 'setge' 'setlt' 'setgt'> <InPorts = 2> <OutPorts = 1>
ST_1 : Operation 15 [1/1] (0.73ns)   --->   "%smax = select i1 %empty_22, i31 %empty_21, i31 0"   --->   Operation 15 'select' 'smax' <Predicate = true> <Delay = 0.73> <CoreInst = "Sel">   --->   Core 73 'Sel' <Latency = 0> <II = 1> <Delay = 0.73> <FuncUnit> <Opcode : 'select'> <InPorts = 3> <OutPorts = 1>
ST_1 : Operation 16 [1/1] (2.55ns)   --->   "%empty_23 = icmp_sgt  i32 %width_read, i32 0"   --->   Operation 16 'icmp' 'empty_23' <Predicate = true> <Delay = 2.55> <CoreInst = "Cmp">   --->   Core 9 'Cmp' <Latency = 0> <II = 1> <Delay = 2.55> <FuncUnit> <Opcode : 'seteq' 'setne' 'setle' 'setge' 'setlt' 'setgt'> <InPorts = 2> <OutPorts = 1>
ST_1 : Operation 17 [1/1] (0.73ns)   --->   "%smax1 = select i1 %empty_23, i31 %empty, i31 0"   --->   Operation 17 'select' 'smax1' <Predicate = true> <Delay = 0.73> <CoreInst = "Sel">   --->   Core 73 'Sel' <Latency = 0> <II = 1> <Delay = 0.73> <FuncUnit> <Opcode : 'select'> <InPorts = 3> <OutPorts = 1>
ST_1 : Operation 18 [1/1] (2.55ns)   --->   "%icmp_ln276_1 = icmp_slt  i32 %height_read, i32 3" [blur_opt.cpp:276]   --->   Operation 18 'icmp' 'icmp_ln276_1' <Predicate = true> <Delay = 2.55> <CoreInst = "Cmp">   --->   Core 9 'Cmp' <Latency = 0> <II = 1> <Delay = 2.55> <FuncUnit> <Opcode : 'seteq' 'setne' 'setle' 'setge' 'setlt' 'setgt'> <InPorts = 2> <OutPorts = 1>

State 2 <SV = 1> <Delay = 6.91>
ST_2 : Operation 19 [1/1] (0.00ns)   --->   "%smax_cast = zext i31 %smax"   --->   Operation 19 'zext' 'smax_cast' <Predicate = true> <Delay = 0.00>
ST_2 : Operation 20 [1/1] (0.00ns)   --->   "%smax1_cast = zext i31 %smax1"   --->   Operation 20 'zext' 'smax1_cast' <Predicate = true> <Delay = 0.00>
ST_2 : Operation 21 [2/2] (6.91ns)   --->   "%bound = mul i62 %smax_cast, i62 %smax1_cast"   --->   Operation 21 'mul' 'bound' <Predicate = true> <Delay = 6.91> <CoreInst = "Multiplier">   --->   Core 3 'Multiplier' <Latency = 1> <II = 1> <Delay = 6.91> <FuncUnit> <Opcode : 'mul'> <InPorts = 2> <OutPorts = 1>

State 3 <SV = 2> <Delay = 6.91>
ST_3 : Operation 22 [2/2] (0.00ns)   --->   "%call_ln0 = call void @linebuffer_box3_final_Pipeline_1, i8 %linebuf_1, i8 %linebuf"   --->   Operation 22 'call' 'call_ln0' <Predicate = true> <Delay = 0.00> <CoreType = "Generic">   --->   Generic Core
ST_3 : Operation 23 [1/2] (6.91ns)   --->   "%bound = mul i62 %smax_cast, i62 %smax1_cast"   --->   Operation 23 'mul' 'bound' <Predicate = true> <Delay = 6.91> <CoreInst = "Multiplier">   --->   Core 3 'Multiplier' <Latency = 1> <II = 1> <Delay = 6.91> <FuncUnit> <Opcode : 'mul'> <InPorts = 2> <OutPorts = 1>
ST_3 : Operation 24 [2/2] (0.00ns)   --->   "%call_ln0 = call void @linebuffer_box3_final_Pipeline_VITIS_LOOP_245_1_VITIS_LOOP_246_2, i32 %width_read, i62 %bound, i8 %input_r, i8 %output_r"   --->   Operation 24 'call' 'call_ln0' <Predicate = true> <Delay = 0.00> <CoreType = "Generic">   --->   Generic Core
ST_3 : Operation 25 [1/1] (2.55ns)   --->   "%icmp_ln276 = icmp_slt  i32 %width_read, i32 3" [blur_opt.cpp:276]   --->   Operation 25 'icmp' 'icmp_ln276' <Predicate = true> <Delay = 2.55> <CoreInst = "Cmp">   --->   Core 9 'Cmp' <Latency = 0> <II = 1> <Delay = 2.55> <FuncUnit> <Opcode : 'seteq' 'setne' 'setle' 'setge' 'setlt' 'setgt'> <InPorts = 2> <OutPorts = 1>
ST_3 : Operation 26 [1/1] (0.97ns)   --->   "%or_ln276 = or i1 %icmp_ln276, i1 %icmp_ln276_1" [blur_opt.cpp:276]   --->   Operation 26 'or' 'or_ln276' <Predicate = true> <Delay = 0.97> <CoreInst = "LogicGate">   --->   Core 74 'LogicGate' <Latency = 0> <II = 1> <Delay = 0.97> <FuncUnit> <Opcode : 'and' 'or' 'xor'> <InPorts = 2> <OutPorts = 1>

State 4 <SV = 3> <Delay = 6.91>
ST_4 : Operation 27 [1/1] (0.00ns)   --->   "%specinterface_ln0 = specinterface void @_ssdm_op_SpecInterface, i8 %output_r, void @empty, i32 0, i32 0, void @empty_0, i32 4294967295, i32 0, void @empty_0, void @empty_0, void @empty_0, i32 0, i32 0, i32 0, i32 0, void @empty_0, void @empty_0, i32 4294967295, i32 0, i32 0, i32 0"   --->   Operation 27 'specinterface' 'specinterface_ln0' <Predicate = true> <Delay = 0.00>
ST_4 : Operation 28 [1/1] (0.00ns)   --->   "%specinterface_ln0 = specinterface void @_ssdm_op_SpecInterface, i8 %input_r, void @empty, i32 0, i32 0, void @empty_0, i32 4294967295, i32 0, void @empty_0, void @empty_0, void @empty_0, i32 0, i32 0, i32 0, i32 0, void @empty_0, void @empty_0, i32 4294967295, i32 0, i32 0, i32 0"   --->   Operation 28 'specinterface' 'specinterface_ln0' <Predicate = true> <Delay = 0.00>
ST_4 : Operation 29 [1/2] (4.72ns)   --->   "%call_ln0 = call void @linebuffer_box3_final_Pipeline_1, i8 %linebuf_1, i8 %linebuf"   --->   Operation 29 'call' 'call_ln0' <Predicate = true> <Delay = 4.72> <CoreType = "Generic">   --->   Generic Core
ST_4 : Operation 30 [1/2] (0.00ns)   --->   "%call_ln0 = call void @linebuffer_box3_final_Pipeline_VITIS_LOOP_245_1_VITIS_LOOP_246_2, i32 %width_read, i62 %bound, i8 %input_r, i8 %output_r"   --->   Operation 30 'call' 'call_ln0' <Predicate = true> <Delay = 0.00> <CoreType = "Generic">   --->   Generic Core
ST_4 : Operation 31 [1/1] (0.00ns)   --->   "%br_ln276 = br i1 %or_ln276, void %VITIS_LOOP_280_1, void %cleanup" [blur_opt.cpp:276]   --->   Operation 31 'br' 'br_ln276' <Predicate = true> <Delay = 0.00>
ST_4 : Operation 32 [1/1] (0.00ns)   --->   "%zext_ln280 = zext i31 %empty_21" [blur_opt.cpp:280]   --->   Operation 32 'zext' 'zext_ln280' <Predicate = (!or_ln276)> <Delay = 0.00>
ST_4 : Operation 33 [1/1] (0.00ns)   --->   "%zext_ln280_1 = zext i31 %empty" [blur_opt.cpp:280]   --->   Operation 33 'zext' 'zext_ln280_1' <Predicate = (!or_ln276)> <Delay = 0.00>
ST_4 : Operation 34 [2/2] (6.91ns)   --->   "%mul_ln280 = mul i62 %zext_ln280, i62 %zext_ln280_1" [blur_opt.cpp:280]   --->   Operation 34 'mul' 'mul_ln280' <Predicate = (!or_ln276)> <Delay = 6.91> <CoreInst = "Multiplier">   --->   Core 3 'Multiplier' <Latency = 1> <II = 1> <Delay = 6.91> <FuncUnit> <Opcode : 'mul'> <InPorts = 2> <OutPorts = 1>

State 5 <SV = 4> <Delay = 6.91>
ST_5 : Operation 35 [1/2] (6.91ns)   --->   "%mul_ln280 = mul i62 %zext_ln280, i62 %zext_ln280_1" [blur_opt.cpp:280]   --->   Operation 35 'mul' 'mul_ln280' <Predicate = true> <Delay = 6.91> <CoreInst = "Multiplier">   --->   Core 3 'Multiplier' <Latency = 1> <II = 1> <Delay = 6.91> <FuncUnit> <Opcode : 'mul'> <InPorts = 2> <OutPorts = 1>

State 6 <SV = 5> <Delay = 0.00>
ST_6 : Operation 36 [2/2] (0.00ns)   --->   "%call_ln280 = call void @linebuffer_box3_final_Pipeline_VITIS_LOOP_280_1_VITIS_LOOP_281_2, i31 %empty, i62 %mul_ln280, i8 %input_r, i8 %linebuf_1, i8 %linebuf, i8 %output_r" [blur_opt.cpp:280]   --->   Operation 36 'call' 'call_ln280' <Predicate = true> <Delay = 0.00> <CoreType = "Generic">   --->   Generic Core

State 7 <SV = 6> <Delay = 0.00>
ST_7 : Operation 37 [1/2] (0.00ns)   --->   "%call_ln280 = call void @linebuffer_box3_final_Pipeline_VITIS_LOOP_280_1_VITIS_LOOP_281_2, i31 %empty, i62 %mul_ln280, i8 %input_r, i8 %linebuf_1, i8 %linebuf, i8 %output_r" [blur_opt.cpp:280]   --->   Operation 37 'call' 'call_ln280' <Predicate = (!or_ln276)> <Delay = 0.00> <CoreType = "Generic">   --->   Generic Core
ST_7 : Operation 38 [1/1] (0.00ns)   --->   "%br_ln0 = br void %cleanup"   --->   Operation 38 'br' 'br_ln0' <Predicate = (!or_ln276)> <Delay = 0.00>
ST_7 : Operation 39 [1/1] (0.00ns)   --->   "%ret_ln305 = ret" [blur_opt.cpp:305]   --->   Operation 39 'ret' 'ret_ln305' <Predicate = true> <Delay = 0.00>


============================================================
+ Verbose Summary: Binding
============================================================
STG Binding: 
---------------- STG Properties BEGIN ----------------
- Is combinational: 0
- Is one-state seq: 0
- Is datapath-only: 0
- Is pipelined: 0
- Is top level: 0
Port [ Return ] is wired: 1; IO mode=ap_ctrl_hs:ce=0
Port [ input_r]:  wired=1; compound=1; hidden=0; nouse=0; global=0; static=0; extern=0; dir=0; type=1; pingpong=0; private_global=0; MemPort=[13]; IO mode=ap_memory:ce=0
Port [ output_r]:  wired=1; compound=1; hidden=0; nouse=0; global=0; static=0; extern=0; dir=1; type=1; pingpong=0; private_global=0; MemPort=[03]; IO mode=ap_memory:ce=0
Port [ width]:  wired=1; compound=0; hidden=0; nouse=0; global=0; static=0; extern=0; dir=0; type=0; pingpong=0; private_global=0; IO mode=ap_none:ce=0
Port [ height]:  wired=1; compound=0; hidden=0; nouse=0; global=0; static=0; extern=0; dir=0; type=0; pingpong=0; private_global=0; IO mode=ap_none:ce=0
---------------- STG Properties END ------------------

---------------- Datapath Model BEGIN ----------------

<LifeTime>
<method=bitvector/>
height_read       (read         ) [ 00000000]
width_read        (read         ) [ 00111000]
empty             (trunc        ) [ 00111111]
empty_21          (trunc        ) [ 00111000]
linebuf           (alloca       ) [ 00111111]
linebuf_1         (alloca       ) [ 00111111]
empty_22          (icmp         ) [ 00000000]
smax              (select       ) [ 00100000]
empty_23          (icmp         ) [ 00000000]
smax1             (select       ) [ 00100000]
icmp_ln276_1      (icmp         ) [ 00110000]
smax_cast         (zext         ) [ 00010000]
smax1_cast        (zext         ) [ 00010000]
bound             (mul          ) [ 00001000]
icmp_ln276        (icmp         ) [ 00000000]
or_ln276          (or           ) [ 00001111]
specinterface_ln0 (specinterface) [ 00000000]
specinterface_ln0 (specinterface) [ 00000000]
call_ln0          (call         ) [ 00000000]
call_ln0          (call         ) [ 00000000]
br_ln276          (br           ) [ 00000000]
zext_ln280        (zext         ) [ 00000100]
zext_ln280_1      (zext         ) [ 00000100]
mul_ln280         (mul          ) [ 00000011]
call_ln280        (call         ) [ 00000000]
br_ln0            (br           ) [ 00000000]
ret_ln305         (ret          ) [ 00000000]
</LifeTime>

<model>

<comp_list>
<comp id="0" class="1000" name="input_r">
<pin_list>
<pin id="1" dir="1" index="0" bw="1" slack="0"/>
</pin_list>
<bind>
<StgValue><ssdm name="input_r"/><MemPortTyVec>1 3 </MemPortTyVec>
</StgValue>
</bind>
</comp>

<comp id="2" class="1000" name="output_r">
<pin_list>
<pin id="3" dir="1" index="0" bw="1" slack="0"/>
</pin_list>
<bind>
<StgValue><ssdm name="output_r"/><MemPortTyVec>0 3 </MemPortTyVec>
</StgValue>
</bind>
</comp>

<comp id="4" class="1000" name="width">
<pin_list>
<pin id="5" dir="1" index="0" bw="1" slack="0"/>
</pin_list>
<bind>
<StgValue><ssdm name="width"/></StgValue>
</bind>
</comp>

<comp id="6" class="1000" name="height">
<pin_list>
<pin id="7" dir="1" index="0" bw="1" slack="0"/>
</pin_list>
<bind>
<StgValue><ssdm name="height"/></StgValue>
</bind>
</comp>

<comp id="8" class="1001" name="const_8">
<pin_list>
<pin id="9" dir="1" index="0" bw="1" slack="0"/>
</pin_list>
<bind>
<StgValue><ssdm name="_ssdm_op_Read.ap_auto.i32"/></StgValue>
</bind>
</comp>

<comp id="10" class="1001" name="const_10">
<pin_list>
<pin id="11" dir="1" index="0" bw="1" slack="0"/>
</pin_list>
<bind>
<StgValue><ssdm name=""/></StgValue>
</bind>
</comp>

<comp id="12" class="1001" name="const_12">
<pin_list>
<pin id="13" dir="1" index="0" bw="1" slack="0"/>
</pin_list>
<bind>
<StgValue><ssdm name=""/></StgValue>
</bind>
</comp>

<comp id="14" class="1001" name="const_14">
<pin_list>
<pin id="15" dir="1" index="0" bw="1" slack="0"/>
</pin_list>
<bind>
<StgValue><ssdm name=""/></StgValue>
</bind>
</comp>

<comp id="16" class="1001" name="const_16">
<pin_list>
<pin id="17" dir="1" index="0" bw="1" slack="0"/>
</pin_list>
<bind>
<StgValue><ssdm name=""/></StgValue>
</bind>
</comp>

<comp id="18" class="1001" name="const_18">
<pin_list>
<pin id="19" dir="1" index="0" bw="1" slack="0"/>
</pin_list>
<bind>
<StgValue><ssdm name="linebuffer_box3_final_Pipeline_1"/></StgValue>
</bind>
</comp>

<comp id="20" class="1001" name="const_20">
<pin_list>
<pin id="21" dir="1" index="0" bw="1" slack="0"/>
</pin_list>
<bind>
<StgValue><ssdm name="linebuffer_box3_final_Pipeline_VITIS_LOOP_245_1_VITIS_LOOP_246_2"/></StgValue>
</bind>
</comp>

<comp id="22" class="1001" name="const_22">
<pin_list>
<pin id="23" dir="1" index="0" bw="1" slack="2147483647"/>
</pin_list>
<bind>
<StgValue><ssdm name="_ssdm_op_SpecInterface"/></StgValue>
</bind>
</comp>

<comp id="24" class="1001" name="const_24">
<pin_list>
<pin id="25" dir="1" index="0" bw="1" slack="2147483647"/>
</pin_list>
<bind>
<StgValue><ssdm name="empty"/></StgValue>
</bind>
</comp>

<comp id="26" class="1001" name="const_26">
<pin_list>
<pin id="27" dir="1" index="0" bw="1" slack="2147483647"/>
</pin_list>
<bind>
<StgValue><ssdm name="empty_0"/></StgValue>
</bind>
</comp>

<comp id="28" class="1001" name="const_28">
<pin_list>
<pin id="29" dir="1" index="0" bw="1" slack="2147483647"/>
</pin_list>
<bind>
<StgValue><ssdm name=""/></StgValue>
</bind>
</comp>

<comp id="30" class="1001" name="const_30">
<pin_list>
<pin id="31" dir="1" index="0" bw="1" slack="0"/>
</pin_list>
<bind>
<StgValue><ssdm name="linebuffer_box3_final_Pipeline_VITIS_LOOP_280_1_VITIS_LOOP_281_2"/></StgValue>
</bind>
</comp>

<comp id="32" class="1004" name="linebuf_alloca_fu_32">
<pin_list>
<pin id="33" dir="0" index="0" bw="1" slack="0"/>
<pin id="34" dir="1" index="1" bw="8" slack="2147483647"/>
</pin_list>
<bind>
<opcode="alloca(26) " fcode="alloca"/>
<opset="linebuf/1 "/>
</bind>
</comp>

<comp id="36" class="1004" name="linebuf_1_alloca_fu_36">
<pin_list>
<pin id="37" dir="0" index="0" bw="1" slack="0"/>
<pin id="38" dir="1" index="1" bw="8" slack="2147483647"/>
</pin_list>
<bind>
<opcode="alloca(26) " fcode="alloca"/>
<opset="linebuf_1/1 "/>
</bind>
</comp>

<comp id="40" class="1004" name="height_read_read_fu_40">
<pin_list>
<pin id="41" dir="0" index="0" bw="32" slack="0"/>
<pin id="42" dir="0" index="1" bw="32" slack="0"/>
<pin id="43" dir="1" index="2" bw="32" slack="0"/>
</pin_list>
<bind>
<opcode="read(1150) " fcode="read"/>
<opset="height_read/1 "/>
</bind>
</comp>

<comp id="46" class="1004" name="width_read_read_fu_46">
<pin_list>
<pin id="47" dir="0" index="0" bw="32" slack="0"/>
<pin id="48" dir="0" index="1" bw="32" slack="0"/>
<pin id="49" dir="1" index="2" bw="32" slack="0"/>
</pin_list>
<bind>
<opcode="read(1150) " fcode="read"/>
<opset="width_read/1 "/>
</bind>
</comp>

<comp id="52" class="1004" name="grp_linebuffer_box3_final_Pipeline_1_fu_52">
<pin_list>
<pin id="53" dir="0" index="0" bw="0" slack="0"/>
<pin id="54" dir="0" index="1" bw="8" slack="2147483647"/>
<pin id="55" dir="0" index="2" bw="8" slack="2147483647"/>
<pin id="56" dir="1" index="3" bw="0" slack="2147483647"/>
</pin_list>
<bind>
<opcode="call(48) " fcode="call"/>
<opset="call_ln0/3 "/>
</bind>
</comp>

<comp id="58" class="1004" name="grp_linebuffer_box3_final_Pipeline_VITIS_LOOP_245_1_VITIS_LOOP_246_2_fu_58">
<pin_list>
<pin id="59" dir="0" index="0" bw="0" slack="0"/>
<pin id="60" dir="0" index="1" bw="32" slack="2"/>
<pin id="61" dir="0" index="2" bw="62" slack="0"/>
<pin id="62" dir="0" index="3" bw="8" slack="0"/>
<pin id="63" dir="0" index="4" bw="8" slack="0"/>
<pin id="64" dir="1" index="5" bw="0" slack="2147483647"/>
</pin_list>
<bind>
<opcode="call(48) " fcode="call"/>
<opset="call_ln0/3 "/>
</bind>
</comp>

<comp id="68" class="1004" name="grp_linebuffer_box3_final_Pipeline_VITIS_LOOP_280_1_VITIS_LOOP_281_2_fu_68">
<pin_list>
<pin id="69" dir="0" index="0" bw="0" slack="0"/>
<pin id="70" dir="0" index="1" bw="31" slack="5"/>
<pin id="71" dir="0" index="2" bw="62" slack="1"/>
<pin id="72" dir="0" index="3" bw="8" slack="0"/>
<pin id="73" dir="0" index="4" bw="8" slack="2147483647"/>
<pin id="74" dir="0" index="5" bw="8" slack="2147483647"/>
<pin id="75" dir="0" index="6" bw="8" slack="0"/>
<pin id="76" dir="1" index="7" bw="0" slack="2147483647"/>
</pin_list>
<bind>
<opcode="call(48) " fcode="call"/>
<opset="call_ln280/6 "/>
</bind>
</comp>

<comp id="80" class="1004" name="grp_fu_80">
<pin_list>
<pin id="81" dir="0" index="0" bw="31" slack="0"/>
<pin id="82" dir="0" index="1" bw="31" slack="0"/>
<pin id="83" dir="1" index="2" bw="62" slack="0"/>
</pin_list>
<bind>
<opcode="mul(12) " fcode="mul"/>
<opset="bound/2 mul_ln280/4 "/>
</bind>
</comp>

<comp id="85" class="1005" name="reg_85">
<pin_list>
<pin id="86" dir="0" index="0" bw="62" slack="1"/>
<pin id="87" dir="1" index="1" bw="62" slack="1"/>
</pin_list>
<bind>
<opset="bound mul_ln280 "/>
</bind>
</comp>

<comp id="91" class="1004" name="empty_fu_91">
<pin_list>
<pin id="92" dir="0" index="0" bw="32" slack="0"/>
<pin id="93" dir="1" index="1" bw="31" slack="0"/>
</pin_list>
<bind>
<opcode="trunc(33) " fcode="trunc"/>
<opset="empty/1 "/>
</bind>
</comp>

<comp id="95" class="1004" name="empty_21_fu_95">
<pin_list>
<pin id="96" dir="0" index="0" bw="32" slack="0"/>
<pin id="97" dir="1" index="1" bw="31" slack="0"/>
</pin_list>
<bind>
<opcode="trunc(33) " fcode="trunc"/>
<opset="empty_21/1 "/>
</bind>
</comp>

<comp id="99" class="1004" name="empty_22_fu_99">
<pin_list>
<pin id="100" dir="0" index="0" bw="32" slack="0"/>
<pin id="101" dir="0" index="1" bw="1" slack="0"/>
<pin id="102" dir="1" index="2" bw="1" slack="0"/>
</pin_list>
<bind>
<opcode="icmp(45) " fcode="icmp"/>
<opset="empty_22/1 "/>
</bind>
</comp>

<comp id="105" class="1004" name="smax_fu_105">
<pin_list>
<pin id="106" dir="0" index="0" bw="1" slack="0"/>
<pin id="107" dir="0" index="1" bw="31" slack="0"/>
<pin id="108" dir="0" index="2" bw="1" slack="0"/>
<pin id="109" dir="1" index="3" bw="31" slack="1"/>
</pin_list>
<bind>
<opcode="select(49) " fcode="select"/>
<opset="smax/1 "/>
</bind>
</comp>

<comp id="113" class="1004" name="empty_23_fu_113">
<pin_list>
<pin id="114" dir="0" index="0" bw="32" slack="0"/>
<pin id="115" dir="0" index="1" bw="1" slack="0"/>
<pin id="116" dir="1" index="2" bw="1" slack="0"/>
</pin_list>
<bind>
<opcode="icmp(45) " fcode="icmp"/>
<opset="empty_23/1 "/>
</bind>
</comp>

<comp id="119" class="1004" name="smax1_fu_119">
<pin_list>
<pin id="120" dir="0" index="0" bw="1" slack="0"/>
<pin id="121" dir="0" index="1" bw="31" slack="0"/>
<pin id="122" dir="0" index="2" bw="1" slack="0"/>
<pin id="123" dir="1" index="3" bw="31" slack="1"/>
</pin_list>
<bind>
<opcode="select(49) " fcode="select"/>
<opset="smax1/1 "/>
</bind>
</comp>

<comp id="127" class="1004" name="icmp_ln276_1_fu_127">
<pin_list>
<pin id="128" dir="0" index="0" bw="32" slack="0"/>
<pin id="129" dir="0" index="1" bw="3" slack="0"/>
<pin id="130" dir="1" index="2" bw="1" slack="2"/>
</pin_list>
<bind>
<opcode="icmp(45) " fcode="icmp"/>
<opset="icmp_ln276_1/1 "/>
</bind>
</comp>

<comp id="133" class="1004" name="smax_cast_fu_133">
<pin_list>
<pin id="134" dir="0" index="0" bw="31" slack="1"/>
<pin id="135" dir="1" index="1" bw="62" slack="0"/>
</pin_list>
<bind>
<opcode="zext(34) " fcode="zext"/>
<opset="smax_cast/2 "/>
</bind>
</comp>

<comp id="137" class="1004" name="smax1_cast_fu_137">
<pin_list>
<pin id="138" dir="0" index="0" bw="31" slack="1"/>
<pin id="139" dir="1" index="1" bw="62" slack="0"/>
</pin_list>
<bind>
<opcode="zext(34) " fcode="zext"/>
<opset="smax1_cast/2 "/>
</bind>
</comp>

<comp id="141" class="1004" name="icmp_ln276_fu_141">
<pin_list>
<pin id="142" dir="0" index="0" bw="32" slack="2"/>
<pin id="143" dir="0" index="1" bw="3" slack="0"/>
<pin id="144" dir="1" index="2" bw="1" slack="0"/>
</pin_list>
<bind>
<opcode="icmp(45) " fcode="icmp"/>
<opset="icmp_ln276/3 "/>
</bind>
</comp>

<comp id="146" class="1004" name="or_ln276_fu_146">
<pin_list>
<pin id="147" dir="0" index="0" bw="1" slack="0"/>
<pin id="148" dir="0" index="1" bw="1" slack="2"/>
<pin id="149" dir="1" index="2" bw="1" slack="1"/>
</pin_list>
<bind>
<opcode="or(24) " fcode="or"/>
<opset="or_ln276/3 "/>
</bind>
</comp>

<comp id="151" class="1004" name="zext_ln280_fu_151">
<pin_list>
<pin id="152" dir="0" index="0" bw="31" slack="3"/>
<pin id="153" dir="1" index="1" bw="62" slack="0"/>
</pin_list>
<bind>
<opcode="zext(34) " fcode="zext"/>
<opset="zext_ln280/4 "/>
</bind>
</comp>

<comp id="155" class="1004" name="zext_ln280_1_fu_155">
<pin_list>
<pin id="156" dir="0" index="0" bw="31" slack="3"/>
<pin id="157" dir="1" index="1" bw="62" slack="0"/>
</pin_list>
<bind>
<opcode="zext(34) " fcode="zext"/>
<opset="zext_ln280_1/4 "/>
</bind>
</comp>

<comp id="159" class="1005" name="width_read_reg_159">
<pin_list>
<pin id="160" dir="0" index="0" bw="32" slack="2"/>
<pin id="161" dir="1" index="1" bw="32" slack="2"/>
</pin_list>
<bind>
<opset="width_read "/>
</bind>
</comp>

<comp id="165" class="1005" name="empty_reg_165">
<pin_list>
<pin id="166" dir="0" index="0" bw="31" slack="3"/>
<pin id="167" dir="1" index="1" bw="31" slack="3"/>
</pin_list>
<bind>
<opset="empty "/>
</bind>
</comp>

<comp id="171" class="1005" name="empty_21_reg_171">
<pin_list>
<pin id="172" dir="0" index="0" bw="31" slack="3"/>
<pin id="173" dir="1" index="1" bw="31" slack="3"/>
</pin_list>
<bind>
<opset="empty_21 "/>
</bind>
</comp>

<comp id="176" class="1005" name="smax_reg_176">
<pin_list>
<pin id="177" dir="0" index="0" bw="31" slack="1"/>
<pin id="178" dir="1" index="1" bw="31" slack="1"/>
</pin_list>
<bind>
<opset="smax "/>
</bind>
</comp>

<comp id="181" class="1005" name="smax1_reg_181">
<pin_list>
<pin id="182" dir="0" index="0" bw="31" slack="1"/>
<pin id="183" dir="1" index="1" bw="31" slack="1"/>
</pin_list>
<bind>
<opset="smax1 "/>
</bind>
</comp>

<comp id="186" class="1005" name="icmp_ln276_1_reg_186">
<pin_list>
<pin id="187" dir="0" index="0" bw="1" slack="2"/>
<pin id="188" dir="1" index="1" bw="1" slack="2"/>
</pin_list>
<bind>
<opset="icmp_ln276_1 "/>
</bind>
</comp>

<comp id="191" class="1005" name="smax_cast_reg_191">
<pin_list>
<pin id="192" dir="0" index="0" bw="62" slack="1"/>
<pin id="193" dir="1" index="1" bw="62" slack="1"/>
</pin_list>
<bind>
<opset="smax_cast "/>
</bind>
</comp>

<comp id="196" class="1005" name="smax1_cast_reg_196">
<pin_list>
<pin id="197" dir="0" index="0" bw="62" slack="1"/>
<pin id="198" dir="1" index="1" bw="62" slack="1"/>
</pin_list>
<bind>
<opset="smax1_cast "/>
</bind>
</comp>

<comp id="201" class="1005" name="or_ln276_reg_201">
<pin_list>
<pin id="202" dir="0" index="0" bw="1" slack="1"/>
<pin id="203" dir="1" index="1" bw="1" slack="2147483647"/>
</pin_list>
<bind>
<opset="or_ln276 "/>
</bind>
</comp>

<comp id="205" class="1005" name="zext_ln280_reg_205">
<pin_list>
<pin id="206" dir="0" index="0" bw="62" slack="1"/>
<pin id="207" dir="1" index="1" bw="62" slack="1"/>
</pin_list>
<bind>
<opset="zext_ln280 "/>
</bind>
</comp>

<comp id="210" class="1005" name="zext_ln280_1_reg_210">
<pin_list>
<pin id="211" dir="0" index="0" bw="62" slack="1"/>
<pin id="212" dir="1" index="1" bw="62" slack="1"/>
</pin_list>
<bind>
<opset="zext_ln280_1 "/>
</bind>
</comp>

</comp_list>

<net_list>
<net id="35"><net_src comp="10" pin="0"/><net_sink comp="32" pin=0"/></net>

<net id="39"><net_src comp="10" pin="0"/><net_sink comp="36" pin=0"/></net>

<net id="44"><net_src comp="8" pin="0"/><net_sink comp="40" pin=0"/></net>

<net id="45"><net_src comp="6" pin="0"/><net_sink comp="40" pin=1"/></net>

<net id="50"><net_src comp="8" pin="0"/><net_sink comp="46" pin=0"/></net>

<net id="51"><net_src comp="4" pin="0"/><net_sink comp="46" pin=1"/></net>

<net id="57"><net_src comp="18" pin="0"/><net_sink comp="52" pin=0"/></net>

<net id="65"><net_src comp="20" pin="0"/><net_sink comp="58" pin=0"/></net>

<net id="66"><net_src comp="0" pin="0"/><net_sink comp="58" pin=3"/></net>

<net id="67"><net_src comp="2" pin="0"/><net_sink comp="58" pin=4"/></net>

<net id="77"><net_src comp="30" pin="0"/><net_sink comp="68" pin=0"/></net>

<net id="78"><net_src comp="0" pin="0"/><net_sink comp="68" pin=3"/></net>

<net id="79"><net_src comp="2" pin="0"/><net_sink comp="68" pin=6"/></net>

<net id="84"><net_src comp="80" pin="2"/><net_sink comp="58" pin=2"/></net>

<net id="88"><net_src comp="80" pin="2"/><net_sink comp="85" pin=0"/></net>

<net id="89"><net_src comp="85" pin="1"/><net_sink comp="58" pin=2"/></net>

<net id="90"><net_src comp="85" pin="1"/><net_sink comp="68" pin=2"/></net>

<net id="94"><net_src comp="46" pin="2"/><net_sink comp="91" pin=0"/></net>

<net id="98"><net_src comp="40" pin="2"/><net_sink comp="95" pin=0"/></net>

<net id="103"><net_src comp="40" pin="2"/><net_sink comp="99" pin=0"/></net>

<net id="104"><net_src comp="12" pin="0"/><net_sink comp="99" pin=1"/></net>

<net id="110"><net_src comp="99" pin="2"/><net_sink comp="105" pin=0"/></net>

<net id="111"><net_src comp="95" pin="1"/><net_sink comp="105" pin=1"/></net>

<net id="112"><net_src comp="14" pin="0"/><net_sink comp="105" pin=2"/></net>

<net id="117"><net_src comp="46" pin="2"/><net_sink comp="113" pin=0"/></net>

<net id="118"><net_src comp="12" pin="0"/><net_sink comp="113" pin=1"/></net>

<net id="124"><net_src comp="113" pin="2"/><net_sink comp="119" pin=0"/></net>

<net id="125"><net_src comp="91" pin="1"/><net_sink comp="119" pin=1"/></net>

<net id="126"><net_src comp="14" pin="0"/><net_sink comp="119" pin=2"/></net>

<net id="131"><net_src comp="40" pin="2"/><net_sink comp="127" pin=0"/></net>

<net id="132"><net_src comp="16" pin="0"/><net_sink comp="127" pin=1"/></net>

<net id="136"><net_src comp="133" pin="1"/><net_sink comp="80" pin=0"/></net>

<net id="140"><net_src comp="137" pin="1"/><net_sink comp="80" pin=1"/></net>

<net id="145"><net_src comp="16" pin="0"/><net_sink comp="141" pin=1"/></net>

<net id="150"><net_src comp="141" pin="2"/><net_sink comp="146" pin=0"/></net>

<net id="154"><net_src comp="151" pin="1"/><net_sink comp="80" pin=0"/></net>

<net id="158"><net_src comp="155" pin="1"/><net_sink comp="80" pin=1"/></net>

<net id="162"><net_src comp="46" pin="2"/><net_sink comp="159" pin=0"/></net>

<net id="163"><net_src comp="159" pin="1"/><net_sink comp="58" pin=1"/></net>

<net id="164"><net_src comp="159" pin="1"/><net_sink comp="141" pin=0"/></net>

<net id="168"><net_src comp="91" pin="1"/><net_sink comp="165" pin=0"/></net>

<net id="169"><net_src comp="165" pin="1"/><net_sink comp="155" pin=0"/></net>

<net id="170"><net_src comp="165" pin="1"/><net_sink comp="68" pin=1"/></net>

<net id="174"><net_src comp="95" pin="1"/><net_sink comp="171" pin=0"/></net>

<net id="175"><net_src comp="171" pin="1"/><net_sink comp="151" pin=0"/></net>

<net id="179"><net_src comp="105" pin="3"/><net_sink comp="176" pin=0"/></net>

<net id="180"><net_src comp="176" pin="1"/><net_sink comp="133" pin=0"/></net>

<net id="184"><net_src comp="119" pin="3"/><net_sink comp="181" pin=0"/></net>

<net id="185"><net_src comp="181" pin="1"/><net_sink comp="137" pin=0"/></net>

<net id="189"><net_src comp="127" pin="2"/><net_sink comp="186" pin=0"/></net>

<net id="190"><net_src comp="186" pin="1"/><net_sink comp="146" pin=1"/></net>

<net id="194"><net_src comp="133" pin="1"/><net_sink comp="191" pin=0"/></net>

<net id="195"><net_src comp="191" pin="1"/><net_sink comp="80" pin=0"/></net>

<net id="199"><net_src comp="137" pin="1"/><net_sink comp="196" pin=0"/></net>

<net id="200"><net_src comp="196" pin="1"/><net_sink comp="80" pin=1"/></net>

<net id="204"><net_src comp="146" pin="2"/><net_sink comp="201" pin=0"/></net>

<net id="208"><net_src comp="151" pin="1"/><net_sink comp="205" pin=0"/></net>

<net id="209"><net_src comp="205" pin="1"/><net_sink comp="80" pin=0"/></net>

<net id="213"><net_src comp="155" pin="1"/><net_sink comp="210" pin=0"/></net>

<net id="214"><net_src comp="210" pin="1"/><net_sink comp="80" pin=1"/></net>

</net_list>

</model> 
---------------- Datapath Model END ------------------

* FSMD analyzer results:
  - Output states:
	Port: output_r | {3 4 6 7 }
 - Input state : 
	Port: linebuffer_box3_final : input_r | {3 4 6 7 }
	Port: linebuffer_box3_final : width | {1 }
	Port: linebuffer_box3_final : height | {1 }
  - Chain level:
	State 1
		smax : 1
		smax1 : 1
	State 2
		bound : 1
	State 3
		call_ln0 : 1
		or_ln276 : 1
	State 4
		mul_ln280 : 1
	State 5
	State 6
	State 7


============================================================
+ Verbose Summary: Datapath Resource usage 
============================================================

* Functional unit list:
|----------|----------------------------------------------------------------------------|---------|---------|---------|---------|
| Operation|                               Functional Unit                              |   DSP   |  Delay  |    FF   |   LUT   |
|----------|----------------------------------------------------------------------------|---------|---------|---------|---------|
|          |                 grp_linebuffer_box3_final_Pipeline_1_fu_52                 |    0    |    0    |    12   |    34   |
|   call   | grp_linebuffer_box3_final_Pipeline_VITIS_LOOP_245_1_VITIS_LOOP_246_2_fu_58 |    0    |  1.588  |   293   |   331   |
|          | grp_linebuffer_box3_final_Pipeline_VITIS_LOOP_280_1_VITIS_LOOP_281_2_fu_68 |    1    |  3.176  |   496   |   676   |
|----------|----------------------------------------------------------------------------|---------|---------|---------|---------|
|    mul   |                                  grp_fu_80                                 |    4    |    0    |   141   |    48   |
|----------|----------------------------------------------------------------------------|---------|---------|---------|---------|
|          |                               empty_22_fu_99                               |    0    |    0    |    0    |    39   |
|   icmp   |                               empty_23_fu_113                              |    0    |    0    |    0    |    39   |
|          |                             icmp_ln276_1_fu_127                            |    0    |    0    |    0    |    39   |
|          |                              icmp_ln276_fu_141                             |    0    |    0    |    0    |    39   |
|----------|----------------------------------------------------------------------------|---------|---------|---------|---------|
|  select  |                                 smax_fu_105                                |    0    |    0    |    0    |    31   |
|          |                                smax1_fu_119                                |    0    |    0    |    0    |    31   |
|----------|----------------------------------------------------------------------------|---------|---------|---------|---------|
|    or    |                               or_ln276_fu_146                              |    0    |    0    |    0    |    2    |
|----------|----------------------------------------------------------------------------|---------|---------|---------|---------|
|   read   |                           height_read_read_fu_40                           |    0    |    0    |    0    |    0    |
|          |                            width_read_read_fu_46                           |    0    |    0    |    0    |    0    |
|----------|----------------------------------------------------------------------------|---------|---------|---------|---------|
|   trunc  |                                 empty_fu_91                                |    0    |    0    |    0    |    0    |
|          |                               empty_21_fu_95                               |    0    |    0    |    0    |    0    |
|----------|----------------------------------------------------------------------------|---------|---------|---------|---------|
|          |                              smax_cast_fu_133                              |    0    |    0    |    0    |    0    |
|   zext   |                              smax1_cast_fu_137                             |    0    |    0    |    0    |    0    |
|          |                              zext_ln280_fu_151                             |    0    |    0    |    0    |    0    |
|          |                             zext_ln280_1_fu_155                            |    0    |    0    |    0    |    0    |
|----------|----------------------------------------------------------------------------|---------|---------|---------|---------|
|   Total  |                                                                            |    5    |  4.764  |   942   |   1309  |
|----------|----------------------------------------------------------------------------|---------|---------|---------|---------|

Memories:
+---------+--------+--------+--------+--------+
|         |  BRAM  |   FF   |   LUT  |  URAM  |
+---------+--------+--------+--------+--------+
| linebuf |    1   |    0   |    0   |    0   |
|linebuf_1|    1   |    0   |    0   |    0   |
+---------+--------+--------+--------+--------+
|  Total  |    2   |    0   |    0   |    0   |
+---------+--------+--------+--------+--------+

* Register list:
+--------------------+--------+
|                    |   FF   |
+--------------------+--------+
|  empty_21_reg_171  |   31   |
|    empty_reg_165   |   31   |
|icmp_ln276_1_reg_186|    1   |
|  or_ln276_reg_201  |    1   |
|       reg_85       |   62   |
| smax1_cast_reg_196 |   62   |
|    smax1_reg_181   |   31   |
|  smax_cast_reg_191 |   62   |
|    smax_reg_176    |   31   |
| width_read_reg_159 |   32   |
|zext_ln280_1_reg_210|   62   |
| zext_ln280_reg_205 |   62   |
+--------------------+--------+
|        Total       |   468  |
+--------------------+--------+

* Multiplexer (MUX) list: 
|----------------------------------------------------------------------------|------|------|------|--------||---------||---------||---------|
|                                    Comp                                    |  Pin | Size |  BW  | S x BW ||  Delay  ||    FF   ||   LUT   |
|----------------------------------------------------------------------------|------|------|------|--------||---------||---------||---------|
| grp_linebuffer_box3_final_Pipeline_VITIS_LOOP_245_1_VITIS_LOOP_246_2_fu_58 |  p2  |   2  |  62  |   124  ||    0    ||    9    |
|                                  grp_fu_80                                 |  p0  |   4  |  31  |   124  ||    0    ||    20   |
|                                  grp_fu_80                                 |  p1  |   4  |  31  |   124  ||    0    ||    20   |
|----------------------------------------------------------------------------|------|------|------|--------||---------||---------||---------|
|                                    Total                                   |      |      |      |   372  ||  5.2412 ||    0    ||    49   |
|----------------------------------------------------------------------------|------|------|------|--------||---------||---------||---------|



* Summary:
+-----------+--------+--------+--------+--------+--------+--------+
|           |  BRAM  |   DSP  |  Delay |   FF   |   LUT  |  URAM  |
+-----------+--------+--------+--------+--------+--------+--------+
|  Function |    -   |    5   |    4   |   942  |  1309  |    -   |
|   Memory  |    2   |    -   |    -   |    0   |    0   |    0   |
|Multiplexer|    -   |    -   |    5   |    0   |   49   |    -   |
|  Register |    -   |    -   |    -   |   468  |    -   |    -   |
+-----------+--------+--------+--------+--------+--------+--------+
|   Total   |    2   |    5   |   10   |  1410  |  1358  |    0   |
+-----------+--------+--------+--------+--------+--------+--------+
