

================================================================
== Vitis HLS Report for 'linebuffer_box3_base_int_Pipeline_2'
================================================================
* Date:           Fri Apr 24 19:29:48 2026

* Version:        2025.2 (Build 6295257 on Nov 14 2025)
* Project:        blur_opt_base_proj
* Solution:       solution1 (Vivado IP Flow Target)
* Product family: zynq
* Target device:  xc7z020-clg400-1


================================================================
== Performance Estimates
================================================================
+ Timing: 
    * Summary: 
    +--------+----------+----------+------------+
    |  Clock |  Target  | Estimated| Uncertainty|
    +--------+----------+----------+------------+
    |ap_clk  |  10.00 ns|  5.935 ns|     2.70 ns|
    +--------+----------+----------+------------+

+ Latency: 
    * Summary: 
    +---------+---------+----------+----------+-----+-----+-------------------+
    |  Latency (cycles) |  Latency (absolute) |  Interval |      Pipeline     |
    |   min   |   max   |    min   |    max   | min | max |        Type       |
    +---------+---------+----------+----------+-----+-----+-------------------+
    |       11|       11|  0.110 us|  0.110 us|    0|    0|  loop pipeline stp|
    +---------+---------+----------+----------+-----+-----+-------------------+

    + Detail: 
        * Instance: 
        N/A

        * Loop: 
        +----------+---------+---------+----------+-----------+-----------+------+----------+
        |          |  Latency (cycles) | Iteration|  Initiation Interval  | Trip |          |
        | Loop Name|   min   |   max   |  Latency |  achieved |   target  | Count| Pipelined|
        +----------+---------+---------+----------+-----------+-----------+------+----------+
        |- Loop 1  |        9|        9|         1|          1|          1|     9|       yes|
        +----------+---------+---------+----------+-----------+-----------+------+----------+



================================================================
== Utilization Estimates
================================================================
* Summary: 
+-----------------+---------+-----+--------+-------+-----+
|       Name      | BRAM_18K| DSP |   FF   |  LUT  | URAM|
+-----------------+---------+-----+--------+-------+-----+
|DSP              |        -|    -|       -|      -|    -|
|Expression       |        -|    -|       0|     71|    -|
|FIFO             |        -|    -|       -|      -|    -|
|Instance         |        -|    -|       -|      -|    -|
|Memory           |        -|    -|       -|      -|    -|
|Multiplexer      |        -|    -|       0|     63|    -|
|Register         |        -|    -|      18|      -|    -|
+-----------------+---------+-----+--------+-------+-----+
|Total            |        0|    0|      18|    134|    0|
+-----------------+---------+-----+--------+-------+-----+
|Available        |      280|  220|  106400|  53200|    0|
+-----------------+---------+-----+--------+-------+-----+
|Utilization (%)  |        0|    0|      ~0|     ~0|    0|
+-----------------+---------+-----+--------+-------+-----+

+ Detail: 
    * Instance: 
    N/A

    * DSP: 
    N/A

    * Memory: 
    N/A

    * FIFO: 
    N/A

    * Expression: 
    +-----------------------+----------+----+---+----+------------+------------+
    |     Variable Name     | Operation| DSP| FF| LUT| Bitwidth P0| Bitwidth P1|
    +-----------------------+----------+----+---+----+------------+------------+
    |add_ln30_fu_230_p2     |         +|   0|  0|  13|           4|           1|
    |empty_16_fu_162_p2     |         +|   0|  0|  13|           4|           1|
    |next_mul_fu_171_p2     |         +|   0|  0|  15|           8|           5|
    |exitcond486_fu_156_p2  |      icmp|   0|  0|  13|           4|           4|
    |icmp_ln30_fu_236_p2    |      icmp|   0|  0|  13|           4|           2|
    |select_ln30_fu_242_p3  |    select|   0|  0|   4|           1|           1|
    +-----------------------+----------+----+---+----+------------+------------+
    |Total                  |          |   0|  0|  71|          25|          14|
    +-----------------------+----------+----+---+----+------------+------------+

    * Multiplexer: 
    +--------------------------------+----+-----------+-----+-----------+
    |              Name              | LUT| Input Size| Bits| Total Bits|
    +--------------------------------+----+-----------+-----+-----------+
    |ap_done_int                     |   9|          2|    1|          2|
    |ap_sig_allocacmp_p_load         |   9|          2|    4|          8|
    |ap_sig_allocacmp_phi_mul_load   |   9|          2|    8|         16|
    |ap_sig_allocacmp_phi_urem_load  |   9|          2|    4|          8|
    |empty_fu_58                     |   9|          2|    4|          8|
    |phi_mul_fu_54                   |   9|          2|    8|         16|
    |phi_urem_fu_50                  |   9|          2|    4|          8|
    +--------------------------------+----+-----------+-----+-----------+
    |Total                           |  63|         14|   33|         66|
    +--------------------------------+----+-----------+-----+-----------+

    * Register: 
    +----------------+---+----+-----+-----------+
    |      Name      | FF| LUT| Bits| Const Bits|
    +----------------+---+----+-----+-----------+
    |ap_CS_fsm       |  1|   0|    1|          0|
    |ap_done_reg     |  1|   0|    1|          0|
    |empty_fu_58     |  4|   0|    4|          0|
    |phi_mul_fu_54   |  8|   0|    8|          0|
    |phi_urem_fu_50  |  4|   0|    4|          0|
    +----------------+---+----+-----+-----------+
    |Total           | 18|   0|   18|          0|
    +----------------+---+----+-----+-----------+



================================================================
== Interface
================================================================
* Summary: 
+---------------------+-----+-----+------------+--------------------------------------+--------------+
|      RTL Ports      | Dir | Bits|  Protocol  |             Source Object            |    C Type    |
+---------------------+-----+-----+------------+--------------------------------------+--------------+
|ap_clk               |   in|    1|  ap_ctrl_hs|  linebuffer_box3_base<int>_Pipeline_2|  return value|
|ap_rst               |   in|    1|  ap_ctrl_hs|  linebuffer_box3_base<int>_Pipeline_2|  return value|
|ap_start             |   in|    1|  ap_ctrl_hs|  linebuffer_box3_base<int>_Pipeline_2|  return value|
|ap_done              |  out|    1|  ap_ctrl_hs|  linebuffer_box3_base<int>_Pipeline_2|  return value|
|ap_idle              |  out|    1|  ap_ctrl_hs|  linebuffer_box3_base<int>_Pipeline_2|  return value|
|ap_ready             |  out|    1|  ap_ctrl_hs|  linebuffer_box3_base<int>_Pipeline_2|  return value|
|window_5_out         |  out|    8|      ap_vld|                          window_5_out|       pointer|
|window_5_out_ap_vld  |  out|    1|      ap_vld|                          window_5_out|       pointer|
|window_4_out         |  out|    8|      ap_vld|                          window_4_out|       pointer|
|window_4_out_ap_vld  |  out|    1|      ap_vld|                          window_4_out|       pointer|
|window_3_out         |  out|    8|      ap_vld|                          window_3_out|       pointer|
|window_3_out_ap_vld  |  out|    1|      ap_vld|                          window_3_out|       pointer|
|window_2_out         |  out|    8|      ap_vld|                          window_2_out|       pointer|
|window_2_out_ap_vld  |  out|    1|      ap_vld|                          window_2_out|       pointer|
|window_1_out         |  out|    8|      ap_vld|                          window_1_out|       pointer|
|window_1_out_ap_vld  |  out|    1|      ap_vld|                          window_1_out|       pointer|
|window_out           |  out|    8|      ap_vld|                            window_out|       pointer|
|window_out_ap_vld    |  out|    1|      ap_vld|                            window_out|       pointer|
+---------------------+-----+-----+------------+--------------------------------------+--------------+

