

================================================================
== Vitis HLS Report for 'linebuffer_box3_base_int_Pipeline_VITIS_LOOP_15_1_VITIS_LOOP_16_2'
================================================================
* Date:           Fri Apr 24 19:29:45 2026

* Version:        2025.2 (Build 6295257 on Nov 14 2025)
* Project:        blur_opt_base_proj
* Solution:       solution1 (Vivado IP Flow Target)
* Product family: zynq
* Target device:  xc7z020-clg400-1


================================================================
== Performance Estimates
================================================================
+ Timing: 
    * Summary: 
    +--------+----------+----------+------------+
    |  Clock |  Target  | Estimated| Uncertainty|
    +--------+----------+----------+------------+
    |ap_clk  |  10.00 ns|  7.070 ns|     2.70 ns|
    +--------+----------+----------+------------+

+ Latency: 
    * Summary: 
    +---------+---------+----------+----------+-----+-----+-------------------+
    |  Latency (cycles) |  Latency (absolute) |  Interval |      Pipeline     |
    |   min   |   max   |    min   |    max   | min | max |        Type       |
    +---------+---------+----------+----------+-----+-----+-------------------+
    |        ?|        ?|         ?|         ?|    0|    0|  loop pipeline stp|
    +---------+---------+----------+----------+-----+-----+-------------------+

    + Detail: 
        * Instance: 
        N/A

        * Loop: 
        +-----------------------------------+---------+---------+----------+-----------+-----------+------+----------+
        |                                   |  Latency (cycles) | Iteration|  Initiation Interval  | Trip |          |
        |             Loop Name             |   min   |   max   |  Latency |  achieved |   target  | Count| Pipelined|
        +-----------------------------------+---------+---------+----------+-----------+-----------+------+----------+
        |- VITIS_LOOP_15_1_VITIS_LOOP_16_2  |        ?|        ?|         3|          1|          1|     ?|       yes|
        +-----------------------------------+---------+---------+----------+-----------+-----------+------+----------+

============================================================
+ Verbose Summary: Synthesis Manager
============================================================
InlineROM: 1
ExposeGlobal: 0
============================================================
+ Verbose Summary: CDFG Model
============================================================
IsTopModel: 0
ResetActiveHigh: 1
IsCombinational: 0
IsDatapathOnly: 0
HasWiredReturn: 1
HasMFsm: 2
HasVarLatency: 1
IsPipeline: 0
IsRtlPipelined: 0
IsInstanceOverlapped: 0
IsDontTouch: 0
HasImplIP: 0
IsGatedGlobalClock: 0

+ Individual pipeline summary: 
  * Pipeline-0: initiation interval (II) = 1, depth = 4


============================================================
+ Verbose Summary: Schedule
============================================================
* Number of FSM states : 4
* Pipeline : 1
  Pipeline-0 : II = 1, D = 4, States = { 1 2 3 4 }
* Dataflow Pipeline: 0

* FSM state transitions: 
1 --> 2 
2 --> 3 
3 --> 4 
4 --> 

* FSM state operations: 

State 1 <SV = 0> <Delay = 1.58>
ST_1 : Operation 6 [1/1] (0.00ns)   --->   "%x = alloca i32 1" [blur_opt.cpp:16->blur_opt.cpp:32]   --->   Operation 6 'alloca' 'x' <Predicate = true> <Delay = 0.00>
ST_1 : Operation 7 [1/1] (0.00ns)   --->   "%y = alloca i32 1" [blur_opt.cpp:15->blur_opt.cpp:32]   --->   Operation 7 'alloca' 'y' <Predicate = true> <Delay = 0.00>
ST_1 : Operation 8 [1/1] (0.00ns)   --->   "%indvar_flatten = alloca i32 1"   --->   Operation 8 'alloca' 'indvar_flatten' <Predicate = true> <Delay = 0.00>
ST_1 : Operation 9 [1/1] (0.00ns)   --->   "%specinterface_ln0 = specinterface void @_ssdm_op_SpecInterface, i8 %input_r, void @empty, i32 0, i32 0, void @empty_0, i32 4294967295, i32 0, void @empty_0, void @empty_0, void @empty_0, i32 0, i32 0, i32 0, i32 0, void @empty_0, void @empty_0, i32 4294967295, i32 0, i32 0, i32 0"   --->   Operation 9 'specinterface' 'specinterface_ln0' <Predicate = true> <Delay = 0.00>
ST_1 : Operation 10 [1/1] (0.00ns)   --->   "%specinterface_ln0 = specinterface void @_ssdm_op_SpecInterface, i8 %output_r, void @empty, i32 0, i32 0, void @empty_0, i32 4294967295, i32 0, void @empty_0, void @empty_0, void @empty_0, i32 0, i32 0, i32 0, i32 0, void @empty_0, void @empty_0, i32 4294967295, i32 0, i32 0, i32 0"   --->   Operation 10 'specinterface' 'specinterface_ln0' <Predicate = true> <Delay = 0.00>
ST_1 : Operation 11 [1/1] (0.00ns)   --->   "%mul_ln10_read = read i62 @_ssdm_op_Read.ap_auto.i62, i62 %mul_ln10"   --->   Operation 11 'read' 'mul_ln10_read' <Predicate = true> <Delay = 0.00>
ST_1 : Operation 12 [1/1] (0.00ns)   --->   "%width_read = read i32 @_ssdm_op_Read.ap_auto.i32, i32 %width"   --->   Operation 12 'read' 'width_read' <Predicate = true> <Delay = 0.00>
ST_1 : Operation 13 [1/1] (1.58ns)   --->   "%store_ln0 = store i62 0, i62 %indvar_flatten"   --->   Operation 13 'store' 'store_ln0' <Predicate = true> <Delay = 1.58>
ST_1 : Operation 14 [1/1] (1.58ns)   --->   "%store_ln15 = store i31 0, i31 %y" [blur_opt.cpp:15->blur_opt.cpp:32]   --->   Operation 14 'store' 'store_ln15' <Predicate = true> <Delay = 1.58>
ST_1 : Operation 15 [1/1] (1.58ns)   --->   "%store_ln16 = store i21 0, i21 %x" [blur_opt.cpp:16->blur_opt.cpp:32]   --->   Operation 15 'store' 'store_ln16' <Predicate = true> <Delay = 1.58>
ST_1 : Operation 16 [1/1] (0.00ns)   --->   "%br_ln0 = br void %for.inc.i"   --->   Operation 16 'br' 'br_ln0' <Predicate = true> <Delay = 0.00>

State 2 <SV = 1> <Delay = 5.05>
ST_2 : Operation 17 [1/1] (0.00ns)   --->   "%indvar_flatten_load = load i62 %indvar_flatten" [blur_opt.cpp:15->blur_opt.cpp:32]   --->   Operation 17 'load' 'indvar_flatten_load' <Predicate = true> <Delay = 0.00>
ST_2 : Operation 18 [1/1] (3.46ns)   --->   "%icmp_ln15 = icmp_eq  i62 %indvar_flatten_load, i62 %mul_ln10_read" [blur_opt.cpp:15->blur_opt.cpp:32]   --->   Operation 18 'icmp' 'icmp_ln15' <Predicate = true> <Delay = 3.46> <CoreInst = "Cmp">   --->   Core 9 'Cmp' <Latency = 0> <II = 1> <Delay = 3.46> <FuncUnit> <Opcode : 'seteq' 'setne' 'setle' 'setge' 'setlt' 'setgt'> <InPorts = 2> <OutPorts = 1>
ST_2 : Operation 19 [1/1] (3.46ns)   --->   "%add_ln15_1 = add i62 %indvar_flatten_load, i62 1" [blur_opt.cpp:15->blur_opt.cpp:32]   --->   Operation 19 'add' 'add_ln15_1' <Predicate = true> <Delay = 3.46> <CoreInst = "Adder">   --->   Core 1 'Adder' <Latency = 0> <II = 1> <Delay = 3.46> <FuncUnit> <Opcode : 'add' 'sub'> <InPorts = 2> <OutPorts = 1>
ST_2 : Operation 20 [1/1] (0.00ns)   --->   "%br_ln15 = br i1 %icmp_ln15, void %for.inc11.i, void %_ZL16copy_image_plainPA1024_hS0_ii.exit.exitStub" [blur_opt.cpp:15->blur_opt.cpp:32]   --->   Operation 20 'br' 'br_ln15' <Predicate = true> <Delay = 0.00>
ST_2 : Operation 21 [1/1] (1.58ns)   --->   "%store_ln15 = store i62 %add_ln15_1, i62 %indvar_flatten" [blur_opt.cpp:15->blur_opt.cpp:32]   --->   Operation 21 'store' 'store_ln15' <Predicate = (!icmp_ln15)> <Delay = 1.58>

State 3 <SV = 2> <Delay = 7.06>
ST_3 : Operation 22 [1/1] (0.00ns)   --->   "%x_2 = load i21 %x" [blur_opt.cpp:16->blur_opt.cpp:32]   --->   Operation 22 'load' 'x_2' <Predicate = true> <Delay = 0.00>
ST_3 : Operation 23 [1/1] (0.00ns)   --->   "%zext_ln16 = zext i21 %x_2" [blur_opt.cpp:16->blur_opt.cpp:32]   --->   Operation 23 'zext' 'zext_ln16' <Predicate = true> <Delay = 0.00>
ST_3 : Operation 24 [1/1] (2.55ns)   --->   "%icmp_ln16 = icmp_slt  i32 %zext_ln16, i32 %width_read" [blur_opt.cpp:16->blur_opt.cpp:32]   --->   Operation 24 'icmp' 'icmp_ln16' <Predicate = true> <Delay = 2.55> <CoreInst = "Cmp">   --->   Core 9 'Cmp' <Latency = 0> <II = 1> <Delay = 2.55> <FuncUnit> <Opcode : 'seteq' 'setne' 'setle' 'setge' 'setlt' 'setgt'> <InPorts = 2> <OutPorts = 1>
ST_3 : Operation 25 [1/1] (0.00ns)   --->   "%y_load = load i31 %y" [blur_opt.cpp:15->blur_opt.cpp:32]   --->   Operation 25 'load' 'y_load' <Predicate = (!icmp_ln15)> <Delay = 0.00>
ST_3 : Operation 26 [1/1] (2.52ns)   --->   "%add_ln15 = add i31 %y_load, i31 1" [blur_opt.cpp:15->blur_opt.cpp:32]   --->   Operation 26 'add' 'add_ln15' <Predicate = (!icmp_ln15)> <Delay = 2.52> <CoreInst = "Adder">   --->   Core 1 'Adder' <Latency = 0> <II = 1> <Delay = 2.52> <FuncUnit> <Opcode : 'add' 'sub'> <InPorts = 2> <OutPorts = 1>
ST_3 : Operation 27 [1/1] (0.70ns)   --->   "%select_ln15 = select i1 %icmp_ln16, i21 %x_2, i21 0" [blur_opt.cpp:15->blur_opt.cpp:32]   --->   Operation 27 'select' 'select_ln15' <Predicate = (!icmp_ln15)> <Delay = 0.70> <CoreInst = "Sel">   --->   Core 73 'Sel' <Latency = 0> <II = 1> <Delay = 0.70> <FuncUnit> <Opcode : 'select'> <InPorts = 3> <OutPorts = 1>
ST_3 : Operation 28 [1/1] (0.73ns)   --->   "%select_ln15_1 = select i1 %icmp_ln16, i31 %y_load, i31 %add_ln15" [blur_opt.cpp:15->blur_opt.cpp:32]   --->   Operation 28 'select' 'select_ln15_1' <Predicate = (!icmp_ln15)> <Delay = 0.73> <CoreInst = "Sel">   --->   Core 73 'Sel' <Latency = 0> <II = 1> <Delay = 0.73> <FuncUnit> <Opcode : 'select'> <InPorts = 3> <OutPorts = 1>
ST_3 : Operation 29 [1/1] (0.00ns)   --->   "%trunc_ln17 = trunc i31 %select_ln15_1" [blur_opt.cpp:17->blur_opt.cpp:32]   --->   Operation 29 'trunc' 'trunc_ln17' <Predicate = (!icmp_ln15)> <Delay = 0.00>
ST_3 : Operation 30 [1/1] (0.00ns)   --->   "%tmp = bitconcatenate i20 @_ssdm_op_BitConcatenate.i20.i10.i10, i10 %trunc_ln17, i10 0" [blur_opt.cpp:17->blur_opt.cpp:32]   --->   Operation 30 'bitconcatenate' 'tmp' <Predicate = (!icmp_ln15)> <Delay = 0.00>
ST_3 : Operation 31 [1/1] (0.00ns)   --->   "%trunc_ln17_1 = trunc i21 %select_ln15" [blur_opt.cpp:17->blur_opt.cpp:32]   --->   Operation 31 'trunc' 'trunc_ln17_1' <Predicate = (!icmp_ln15)> <Delay = 0.00>
ST_3 : Operation 32 [1/1] (2.19ns)   --->   "%add_ln17 = add i20 %tmp, i20 %trunc_ln17_1" [blur_opt.cpp:17->blur_opt.cpp:32]   --->   Operation 32 'add' 'add_ln17' <Predicate = (!icmp_ln15)> <Delay = 2.19> <CoreInst = "Adder">   --->   Core 1 'Adder' <Latency = 0> <II = 1> <Delay = 2.19> <FuncUnit> <Opcode : 'add' 'sub'> <InPorts = 2> <OutPorts = 1>
ST_3 : Operation 33 [1/1] (0.00ns)   --->   "%zext_ln17 = zext i20 %add_ln17" [blur_opt.cpp:17->blur_opt.cpp:32]   --->   Operation 33 'zext' 'zext_ln17' <Predicate = (!icmp_ln15)> <Delay = 0.00>
ST_3 : Operation 34 [1/1] (0.00ns)   --->   "%input_r_addr = getelementptr i8 %input_r, i64 0, i64 %zext_ln17" [blur_opt.cpp:17->blur_opt.cpp:32]   --->   Operation 34 'getelementptr' 'input_r_addr' <Predicate = (!icmp_ln15)> <Delay = 0.00>
ST_3 : Operation 35 [2/2] (0.00ns)   --->   "%input_r_load = load i20 %input_r_addr" [blur_opt.cpp:17->blur_opt.cpp:32]   --->   Operation 35 'load' 'input_r_load' <Predicate = (!icmp_ln15)> <Delay = 0.00> <CoreInst = "RAM">   --->   Core 81 'RAM' <Latency = 1> <II = 1> <Delay = 3.25> <Storage> <Opcode : 'load' 'store'> <Ports = 2> <Width = 8> <Depth = 1048576> <RAM>
ST_3 : Operation 36 [1/1] (2.22ns)   --->   "%add_ln16 = add i21 %select_ln15, i21 1" [blur_opt.cpp:16->blur_opt.cpp:32]   --->   Operation 36 'add' 'add_ln16' <Predicate = (!icmp_ln15)> <Delay = 2.22> <CoreInst = "Adder">   --->   Core 1 'Adder' <Latency = 0> <II = 1> <Delay = 2.22> <FuncUnit> <Opcode : 'add' 'sub'> <InPorts = 2> <OutPorts = 1>
ST_3 : Operation 37 [1/1] (1.58ns)   --->   "%store_ln15 = store i31 %select_ln15_1, i31 %y" [blur_opt.cpp:15->blur_opt.cpp:32]   --->   Operation 37 'store' 'store_ln15' <Predicate = (!icmp_ln15)> <Delay = 1.58>
ST_3 : Operation 38 [1/1] (1.58ns)   --->   "%store_ln16 = store i21 %add_ln16, i21 %x" [blur_opt.cpp:16->blur_opt.cpp:32]   --->   Operation 38 'store' 'store_ln16' <Predicate = (!icmp_ln15)> <Delay = 1.58>
ST_3 : Operation 45 [1/1] (1.58ns)   --->   "%ret_ln0 = ret"   --->   Operation 45 'ret' 'ret_ln0' <Predicate = (icmp_ln15)> <Delay = 1.58>

State 4 <SV = 3> <Delay = 0.00>
ST_4 : Operation 39 [1/1] (0.00ns)   --->   "%specloopname_ln0 = specloopname void @_ssdm_op_SpecLoopName, void @VITIS_LOOP_15_1_VITIS_LOOP_16_2_str"   --->   Operation 39 'specloopname' 'specloopname_ln0' <Predicate = true> <Delay = 0.00>
ST_4 : Operation 40 [1/1] (0.00ns)   --->   "%output_r_addr = getelementptr i8 %output_r, i64 0, i64 %zext_ln17" [blur_opt.cpp:17->blur_opt.cpp:32]   --->   Operation 40 'getelementptr' 'output_r_addr' <Predicate = true> <Delay = 0.00>
ST_4 : Operation 41 [1/1] (0.00ns)   --->   "%specpipeline_ln16 = specpipeline void @_ssdm_op_SpecPipeline, i32 4294967295, i32 0, i32 0, i32 0, i32 4294967295, void @empty_0" [blur_opt.cpp:16->blur_opt.cpp:32]   --->   Operation 41 'specpipeline' 'specpipeline_ln16' <Predicate = true> <Delay = 0.00>
ST_4 : Operation 42 [1/2] ( I:0.00ns O:0.00ns )   --->   "%input_r_load = load i20 %input_r_addr" [blur_opt.cpp:17->blur_opt.cpp:32]   --->   Operation 42 'load' 'input_r_load' <Predicate = true> <Delay = 0.00> <CoreInst = "RAM">   --->   Core 81 'RAM' <Latency = 1> <II = 1> <Delay = 3.25> <Storage> <Opcode : 'load' 'store'> <Ports = 2> <Width = 8> <Depth = 1048576> <RAM>
ST_4 : Operation 43 [1/1] ( I:0.00ns O:0.00ns )   --->   "%store_ln17 = store i8 %input_r_load, i20 %output_r_addr" [blur_opt.cpp:17->blur_opt.cpp:32]   --->   Operation 43 'store' 'store_ln17' <Predicate = true> <Delay = 0.00> <CoreInst = "RAM">   --->   Core 81 'RAM' <Latency = 1> <II = 1> <Delay = 3.25> <Storage> <Opcode : 'load' 'store'> <Ports = 2> <Width = 8> <Depth = 1048576> <RAM>
ST_4 : Operation 44 [1/1] (0.00ns)   --->   "%br_ln16 = br void %for.inc.i" [blur_opt.cpp:16->blur_opt.cpp:32]   --->   Operation 44 'br' 'br_ln16' <Predicate = true> <Delay = 0.00>


============================================================
+ Verbose Summary: Timing violations
============================================================
Target clock period: 10.000ns, clock uncertainty: 2.700ns.

 <State 1>: 1.588ns
The critical path consists of the following:
	'alloca' operation 62 bit ('indvar_flatten') [7]  (0.000 ns)
	'store' operation ('store_ln0') of constant 0 62 bit on local variable 'indvar_flatten' [12]  (1.588 ns)

 <State 2>: 5.056ns
The critical path consists of the following:
	'load' operation 62 bit ('indvar_flatten_load', blur_opt.cpp:15->blur_opt.cpp:32) on local variable 'indvar_flatten' [18]  (0.000 ns)
	'icmp' operation 1 bit ('icmp_ln15', blur_opt.cpp:15->blur_opt.cpp:32) [21]  (3.469 ns)
	'store' operation ('store_ln15', blur_opt.cpp:15->blur_opt.cpp:32) of variable 'add_ln15_1', blur_opt.cpp:15->blur_opt.cpp:32 62 bit on local variable 'indvar_flatten' [41]  (1.588 ns)

 <State 3>: 7.070ns
The critical path consists of the following:
	'load' operation 21 bit ('x', blur_opt.cpp:16->blur_opt.cpp:32) on local variable 'x', blur_opt.cpp:16->blur_opt.cpp:32 [17]  (0.000 ns)
	'icmp' operation 1 bit ('icmp_ln16', blur_opt.cpp:16->blur_opt.cpp:32) [20]  (2.552 ns)
	'select' operation 21 bit ('select_ln15', blur_opt.cpp:15->blur_opt.cpp:32) [28]  (0.704 ns)
	'add' operation 21 bit ('add_ln16', blur_opt.cpp:16->blur_opt.cpp:32) [40]  (2.225 ns)
	'store' operation ('store_ln16', blur_opt.cpp:16->blur_opt.cpp:32) of variable 'add_ln16', blur_opt.cpp:16->blur_opt.cpp:32 21 bit on local variable 'x', blur_opt.cpp:16->blur_opt.cpp:32 [43]  (1.588 ns)

 <State 4>: 0.000ns
The critical path consists of the following:


============================================================
+ Verbose Summary: Binding
============================================================
N/A
* FSMD analyzer results:
  - Output states:
 - Input state : 
  - Chain level:
	State 1
	State 2
	State 3
	State 4


============================================================
+ Verbose Summary: Datapath Resource usage 
============================================================
N/A
