

================================================================
== Vitis HLS Report for 'linebuffer_box3_base_int_Pipeline_VITIS_LOOP_37_1_VITIS_LOOP_38_2'
================================================================
* Date:           Fri Apr 24 19:29:46 2026

* Version:        2025.2 (Build 6295257 on Nov 14 2025)
* Project:        blur_opt_base_proj
* Solution:       solution1 (Vivado IP Flow Target)
* Product family: zynq
* Target device:  xc7z020-clg400-1


================================================================
== Performance Estimates
================================================================
+ Timing: 
    * Summary: 
    +--------+----------+----------+------------+
    |  Clock |  Target  | Estimated| Uncertainty|
    +--------+----------+----------+------------+
    |ap_clk  |  10.00 ns|  7.038 ns|     2.70 ns|
    +--------+----------+----------+------------+

+ Latency: 
    * Summary: 
    +---------+---------+----------+----------+-----+-----+-------------------+
    |  Latency (cycles) |  Latency (absolute) |  Interval |      Pipeline     |
    |   min   |   max   |    min   |    max   | min | max |        Type       |
    +---------+---------+----------+----------+-----+-----+-------------------+
    |       17|        ?|  0.170 us|         ?|    0|    0|  loop pipeline stp|
    +---------+---------+----------+----------+-----+-----+-------------------+

    + Detail: 
        * Instance: 
        N/A

        * Loop: 
        +-----------------------------------+---------+---------+----------+-----------+-----------+-------+----------+
        |                                   |  Latency (cycles) | Iteration|  Initiation Interval  |  Trip |          |
        |             Loop Name             |   min   |   max   |  Latency |  achieved |   target  | Count | Pipelined|
        +-----------------------------------+---------+---------+----------+-----------+-----------+-------+----------+
        |- VITIS_LOOP_37_1_VITIS_LOOP_38_2  |       15|        ?|         8|          1|          1|  9 ~ ?|       yes|
        +-----------------------------------+---------+---------+----------+-----------+-----------+-------+----------+

============================================================
+ Verbose Summary: Synthesis Manager
============================================================
InlineROM: 1
ExposeGlobal: 0
============================================================
+ Verbose Summary: CDFG Model
============================================================
IsTopModel: 0
ResetActiveHigh: 1
IsCombinational: 0
IsDatapathOnly: 0
HasWiredReturn: 1
HasMFsm: 2
HasVarLatency: 1
IsPipeline: 0
IsRtlPipelined: 0
IsInstanceOverlapped: 0
IsDontTouch: 0
HasImplIP: 0
IsGatedGlobalClock: 0

+ Individual pipeline summary: 
  * Pipeline-0: initiation interval (II) = 1, depth = 9


============================================================
+ Verbose Summary: Schedule
============================================================
* Number of FSM states : 9
* Pipeline : 1
  Pipeline-0 : II = 1, D = 9, States = { 1 2 3 4 5 6 7 8 9 }
* Dataflow Pipeline: 0

* FSM state transitions: 
1 --> 2 
2 --> 3 
3 --> 4 
4 --> 5 
5 --> 6 
6 --> 7 
7 --> 8 
8 --> 9 
9 --> 

* FSM state operations: 

State 1 <SV = 0> <Delay = 1.58>
ST_1 : Operation 11 [1/1] (0.00ns)   --->   "%reuse_addr_reg20 = alloca i32 1"   --->   Operation 11 'alloca' 'reuse_addr_reg20' <Predicate = true> <Delay = 0.00>
ST_1 : Operation 12 [1/1] (0.00ns)   --->   "%reuse_reg19 = alloca i32 1"   --->   Operation 12 'alloca' 'reuse_reg19' <Predicate = true> <Delay = 0.00>
ST_1 : Operation 13 [1/1] (0.00ns)   --->   "%reuse_addr_reg = alloca i32 1"   --->   Operation 13 'alloca' 'reuse_addr_reg' <Predicate = true> <Delay = 0.00>
ST_1 : Operation 14 [1/1] (0.00ns)   --->   "%reuse_reg = alloca i32 1"   --->   Operation 14 'alloca' 'reuse_reg' <Predicate = true> <Delay = 0.00>
ST_1 : Operation 15 [1/1] (0.00ns)   --->   "%x = alloca i32 1" [blur_opt.cpp:38]   --->   Operation 15 'alloca' 'x' <Predicate = true> <Delay = 0.00>
ST_1 : Operation 16 [1/1] (0.00ns)   --->   "%sum = alloca i32 1" [blur_opt.cpp:53]   --->   Operation 16 'alloca' 'sum' <Predicate = true> <Delay = 0.00>
ST_1 : Operation 17 [1/1] (0.00ns)   --->   "%window = alloca i32 1" [blur_opt.cpp:30]   --->   Operation 17 'alloca' 'window' <Predicate = true> <Delay = 0.00>
ST_1 : Operation 18 [1/1] (0.00ns)   --->   "%window_1 = alloca i32 1" [blur_opt.cpp:30]   --->   Operation 18 'alloca' 'window_1' <Predicate = true> <Delay = 0.00>
ST_1 : Operation 19 [1/1] (0.00ns)   --->   "%y = alloca i32 1" [blur_opt.cpp:37]   --->   Operation 19 'alloca' 'y' <Predicate = true> <Delay = 0.00>
ST_1 : Operation 20 [1/1] (0.00ns)   --->   "%indvar_flatten7 = alloca i32 1"   --->   Operation 20 'alloca' 'indvar_flatten7' <Predicate = true> <Delay = 0.00>
ST_1 : Operation 21 [1/1] (0.00ns)   --->   "%window_2 = alloca i32 1" [blur_opt.cpp:30]   --->   Operation 21 'alloca' 'window_2' <Predicate = true> <Delay = 0.00>
ST_1 : Operation 22 [1/1] (0.00ns)   --->   "%window_3 = alloca i32 1" [blur_opt.cpp:30]   --->   Operation 22 'alloca' 'window_3' <Predicate = true> <Delay = 0.00>
ST_1 : Operation 23 [1/1] (0.00ns)   --->   "%window_4 = alloca i32 1" [blur_opt.cpp:30]   --->   Operation 23 'alloca' 'window_4' <Predicate = true> <Delay = 0.00>
ST_1 : Operation 24 [1/1] (0.00ns)   --->   "%specinterface_ln0 = specinterface void @_ssdm_op_SpecInterface, i8 %input_r, void @empty, i32 0, i32 0, void @empty_0, i32 4294967295, i32 0, void @empty_0, void @empty_0, void @empty_0, i32 0, i32 0, i32 0, i32 0, void @empty_0, void @empty_0, i32 4294967295, i32 0, i32 0, i32 0"   --->   Operation 24 'specinterface' 'specinterface_ln0' <Predicate = true> <Delay = 0.00>
ST_1 : Operation 25 [1/1] (0.00ns)   --->   "%specinterface_ln0 = specinterface void @_ssdm_op_SpecInterface, i8 %output_r, void @empty, i32 0, i32 0, void @empty_0, i32 4294967295, i32 0, void @empty_0, void @empty_0, void @empty_0, i32 0, i32 0, i32 0, i32 0, void @empty_0, void @empty_0, i32 4294967295, i32 0, i32 0, i32 0"   --->   Operation 25 'specinterface' 'specinterface_ln0' <Predicate = true> <Delay = 0.00>
ST_1 : Operation 26 [1/1] (0.00ns)   --->   "%mul_ln37_read = read i62 @_ssdm_op_Read.ap_auto.i62, i62 %mul_ln37"   --->   Operation 26 'read' 'mul_ln37_read' <Predicate = true> <Delay = 0.00>
ST_1 : Operation 27 [1/1] (0.00ns)   --->   "%tmp = read i31 @_ssdm_op_Read.ap_auto.i31, i31 %empty"   --->   Operation 27 'read' 'tmp' <Predicate = true> <Delay = 0.00>
ST_1 : Operation 28 [1/1] (0.00ns)   --->   "%window_reload_read = read i8 @_ssdm_op_Read.ap_auto.i8, i8 %window_reload"   --->   Operation 28 'read' 'window_reload_read' <Predicate = true> <Delay = 0.00>
ST_1 : Operation 29 [1/1] (0.00ns)   --->   "%window_1_reload_read = read i8 @_ssdm_op_Read.ap_auto.i8, i8 %window_1_reload"   --->   Operation 29 'read' 'window_1_reload_read' <Predicate = true> <Delay = 0.00>
ST_1 : Operation 30 [1/1] (0.00ns)   --->   "%window_2_reload_read = read i8 @_ssdm_op_Read.ap_auto.i8, i8 %window_2_reload"   --->   Operation 30 'read' 'window_2_reload_read' <Predicate = true> <Delay = 0.00>
ST_1 : Operation 31 [1/1] (0.00ns)   --->   "%window_3_reload_read = read i8 @_ssdm_op_Read.ap_auto.i8, i8 %window_3_reload"   --->   Operation 31 'read' 'window_3_reload_read' <Predicate = true> <Delay = 0.00>
ST_1 : Operation 32 [1/1] (0.00ns)   --->   "%window_4_reload_read = read i8 @_ssdm_op_Read.ap_auto.i8, i8 %window_4_reload"   --->   Operation 32 'read' 'window_4_reload_read' <Predicate = true> <Delay = 0.00>
ST_1 : Operation 33 [1/1] (0.00ns)   --->   "%window_5_reload_read = read i8 @_ssdm_op_Read.ap_auto.i8, i8 %window_5_reload"   --->   Operation 33 'read' 'window_5_reload_read' <Predicate = true> <Delay = 0.00>
ST_1 : Operation 34 [1/1] (1.58ns)   --->   "%store_ln30 = store i8 %window_5_reload_read, i8 %window_4" [blur_opt.cpp:30]   --->   Operation 34 'store' 'store_ln30' <Predicate = true> <Delay = 1.58>
ST_1 : Operation 35 [1/1] (1.58ns)   --->   "%store_ln30 = store i8 %window_3_reload_read, i8 %window_3" [blur_opt.cpp:30]   --->   Operation 35 'store' 'store_ln30' <Predicate = true> <Delay = 1.58>
ST_1 : Operation 36 [1/1] (1.58ns)   --->   "%store_ln30 = store i8 %window_1_reload_read, i8 %window_2" [blur_opt.cpp:30]   --->   Operation 36 'store' 'store_ln30' <Predicate = true> <Delay = 1.58>
ST_1 : Operation 37 [1/1] (1.58ns)   --->   "%store_ln0 = store i62 0, i62 %indvar_flatten7"   --->   Operation 37 'store' 'store_ln0' <Predicate = true> <Delay = 1.58>
ST_1 : Operation 38 [1/1] (1.58ns)   --->   "%store_ln37 = store i31 0, i31 %y" [blur_opt.cpp:37]   --->   Operation 38 'store' 'store_ln37' <Predicate = true> <Delay = 1.58>
ST_1 : Operation 39 [1/1] (1.58ns)   --->   "%store_ln30 = store i8 %window_4_reload_read, i8 %window_1" [blur_opt.cpp:30]   --->   Operation 39 'store' 'store_ln30' <Predicate = true> <Delay = 1.58>
ST_1 : Operation 40 [1/1] (1.58ns)   --->   "%store_ln30 = store i8 %window_2_reload_read, i8 %window" [blur_opt.cpp:30]   --->   Operation 40 'store' 'store_ln30' <Predicate = true> <Delay = 1.58>
ST_1 : Operation 41 [1/1] (1.58ns)   --->   "%store_ln53 = store i8 %window_reload_read, i8 %sum" [blur_opt.cpp:53]   --->   Operation 41 'store' 'store_ln53' <Predicate = true> <Delay = 1.58>
ST_1 : Operation 42 [1/1] (1.58ns)   --->   "%store_ln38 = store i11 0, i11 %x" [blur_opt.cpp:38]   --->   Operation 42 'store' 'store_ln38' <Predicate = true> <Delay = 1.58>
ST_1 : Operation 43 [1/1] (1.58ns)   --->   "%store_ln0 = store i8 0, i8 %reuse_reg"   --->   Operation 43 'store' 'store_ln0' <Predicate = true> <Delay = 1.58>
ST_1 : Operation 44 [1/1] (1.58ns)   --->   "%store_ln0 = store i64 18446744073709551615, i64 %reuse_addr_reg"   --->   Operation 44 'store' 'store_ln0' <Predicate = true> <Delay = 1.58>
ST_1 : Operation 45 [1/1] (1.58ns)   --->   "%store_ln0 = store i8 0, i8 %reuse_reg19"   --->   Operation 45 'store' 'store_ln0' <Predicate = true> <Delay = 1.58>
ST_1 : Operation 46 [1/1] (1.58ns)   --->   "%store_ln0 = store i64 18446744073709551615, i64 %reuse_addr_reg20"   --->   Operation 46 'store' 'store_ln0' <Predicate = true> <Delay = 1.58>
ST_1 : Operation 47 [1/1] (0.00ns)   --->   "%br_ln0 = br void %VITIS_LOOP_39_3"   --->   Operation 47 'br' 'br_ln0' <Predicate = true> <Delay = 0.00>

State 2 <SV = 1> <Delay = 5.05>
ST_2 : Operation 48 [1/1] (0.00ns)   --->   "%indvar_flatten7_load = load i62 %indvar_flatten7" [blur_opt.cpp:37]   --->   Operation 48 'load' 'indvar_flatten7_load' <Predicate = true> <Delay = 0.00>
ST_2 : Operation 49 [1/1] (3.46ns)   --->   "%icmp_ln37 = icmp_eq  i62 %indvar_flatten7_load, i62 %mul_ln37_read" [blur_opt.cpp:37]   --->   Operation 49 'icmp' 'icmp_ln37' <Predicate = true> <Delay = 3.46> <CoreInst = "Cmp">   --->   Core 9 'Cmp' <Latency = 0> <II = 1> <Delay = 3.46> <FuncUnit> <Opcode : 'seteq' 'setne' 'setle' 'setge' 'setlt' 'setgt'> <InPorts = 2> <OutPorts = 1>
ST_2 : Operation 50 [1/1] (3.46ns)   --->   "%add_ln37_1 = add i62 %indvar_flatten7_load, i62 1" [blur_opt.cpp:37]   --->   Operation 50 'add' 'add_ln37_1' <Predicate = true> <Delay = 3.46> <CoreInst = "Adder">   --->   Core 1 'Adder' <Latency = 0> <II = 1> <Delay = 3.46> <FuncUnit> <Opcode : 'add' 'sub'> <InPorts = 2> <OutPorts = 1>
ST_2 : Operation 51 [1/1] (0.00ns)   --->   "%br_ln37 = br i1 %icmp_ln37, void %for.inc89, void %cleanup.loopexit.exitStub" [blur_opt.cpp:37]   --->   Operation 51 'br' 'br_ln37' <Predicate = true> <Delay = 0.00>
ST_2 : Operation 52 [1/1] (1.58ns)   --->   "%store_ln37 = store i62 %add_ln37_1, i62 %indvar_flatten7" [blur_opt.cpp:37]   --->   Operation 52 'store' 'store_ln37' <Predicate = (!icmp_ln37)> <Delay = 1.58>

State 3 <SV = 2> <Delay = 6.73>
ST_3 : Operation 53 [1/1] (0.00ns)   --->   "%x_1 = load i11 %x" [blur_opt.cpp:38]   --->   Operation 53 'load' 'x_1' <Predicate = true> <Delay = 0.00>
ST_3 : Operation 54 [1/1] (0.00ns)   --->   "%zext_ln38 = zext i11 %x_1" [blur_opt.cpp:38]   --->   Operation 54 'zext' 'zext_ln38' <Predicate = true> <Delay = 0.00>
ST_3 : Operation 55 [1/1] (2.52ns)   --->   "%icmp_ln38 = icmp_eq  i31 %zext_ln38, i31 %tmp" [blur_opt.cpp:38]   --->   Operation 55 'icmp' 'icmp_ln38' <Predicate = true> <Delay = 2.52> <CoreInst = "Cmp">   --->   Core 9 'Cmp' <Latency = 0> <II = 1> <Delay = 2.52> <FuncUnit> <Opcode : 'seteq' 'setne' 'setle' 'setge' 'setlt' 'setgt'> <InPorts = 2> <OutPorts = 1>
ST_3 : Operation 56 [1/1] (0.00ns)   --->   "%y_load = load i31 %y" [blur_opt.cpp:37]   --->   Operation 56 'load' 'y_load' <Predicate = (!icmp_ln37)> <Delay = 0.00>
ST_3 : Operation 57 [1/1] (2.52ns)   --->   "%add_ln37 = add i31 %y_load, i31 1" [blur_opt.cpp:37]   --->   Operation 57 'add' 'add_ln37' <Predicate = (!icmp_ln37)> <Delay = 2.52> <CoreInst = "Adder">   --->   Core 1 'Adder' <Latency = 0> <II = 1> <Delay = 2.52> <FuncUnit> <Opcode : 'add' 'sub'> <InPorts = 2> <OutPorts = 1>
ST_3 : Operation 58 [1/1] (0.69ns)   --->   "%select_ln30 = select i1 %icmp_ln38, i11 0, i11 %x_1" [blur_opt.cpp:30]   --->   Operation 58 'select' 'select_ln30' <Predicate = (!icmp_ln37)> <Delay = 0.69> <CoreInst = "Sel">   --->   Core 73 'Sel' <Latency = 0> <II = 1> <Delay = 0.69> <FuncUnit> <Opcode : 'select'> <InPorts = 3> <OutPorts = 1>
ST_3 : Operation 59 [1/1] (0.73ns)   --->   "%select_ln37 = select i1 %icmp_ln38, i31 %add_ln37, i31 %y_load" [blur_opt.cpp:37]   --->   Operation 59 'select' 'select_ln37' <Predicate = (!icmp_ln37)> <Delay = 0.73> <CoreInst = "Sel">   --->   Core 73 'Sel' <Latency = 0> <II = 1> <Delay = 0.73> <FuncUnit> <Opcode : 'select'> <InPorts = 3> <OutPorts = 1>
ST_3 : Operation 60 [1/1] (0.00ns)   --->   "%trunc_ln47 = trunc i31 %select_ln37" [blur_opt.cpp:47]   --->   Operation 60 'trunc' 'trunc_ln47' <Predicate = (!icmp_ln37)> <Delay = 0.00>
ST_3 : Operation 61 [1/1] (0.00ns)   --->   "%tmp_1 = bitconcatenate i20 @_ssdm_op_BitConcatenate.i20.i10.i10, i10 %trunc_ln47, i10 0" [blur_opt.cpp:47]   --->   Operation 61 'bitconcatenate' 'tmp_1' <Predicate = (!icmp_ln37)> <Delay = 0.00>
ST_3 : Operation 62 [1/1] (0.00ns)   --->   "%tmp_3 = partselect i30 @_ssdm_op_PartSelect.i30.i31.i32.i32, i31 %select_ln37, i32 1, i32 30" [blur_opt.cpp:52]   --->   Operation 62 'partselect' 'tmp_3' <Predicate = (!icmp_ln37)> <Delay = 0.00>
ST_3 : Operation 63 [1/1] (2.49ns)   --->   "%icmp_ln52 = icmp_ne  i30 %tmp_3, i30 0" [blur_opt.cpp:52]   --->   Operation 63 'icmp' 'icmp_ln52' <Predicate = (!icmp_ln37)> <Delay = 2.49> <CoreInst = "Cmp">   --->   Core 9 'Cmp' <Latency = 0> <II = 1> <Delay = 2.49> <FuncUnit> <Opcode : 'seteq' 'setne' 'setle' 'setge' 'setlt' 'setgt'> <InPorts = 2> <OutPorts = 1>
ST_3 : Operation 64 [1/1] (0.00ns)   --->   "%zext_ln38_1 = zext i11 %select_ln30" [blur_opt.cpp:38]   --->   Operation 64 'zext' 'zext_ln38_1' <Predicate = (!icmp_ln37)> <Delay = 0.00>
ST_3 : Operation 65 [1/1] (0.00ns)   --->   "%zext_ln47 = zext i11 %select_ln30" [blur_opt.cpp:47]   --->   Operation 65 'zext' 'zext_ln47' <Predicate = (!icmp_ln37)> <Delay = 0.00>
ST_3 : Operation 66 [1/1] (2.19ns)   --->   "%add_ln47 = add i20 %tmp_1, i20 %zext_ln47" [blur_opt.cpp:47]   --->   Operation 66 'add' 'add_ln47' <Predicate = (!icmp_ln37)> <Delay = 2.19> <CoreInst = "Adder">   --->   Core 1 'Adder' <Latency = 0> <II = 1> <Delay = 2.19> <FuncUnit> <Opcode : 'add' 'sub'> <InPorts = 2> <OutPorts = 1>
ST_3 : Operation 67 [1/1] (0.00ns)   --->   "%zext_ln47_1 = zext i20 %add_ln47" [blur_opt.cpp:47]   --->   Operation 67 'zext' 'zext_ln47_1' <Predicate = (!icmp_ln37)> <Delay = 0.00>
ST_3 : Operation 68 [1/1] (0.00ns)   --->   "%input_r_addr = getelementptr i8 %input_r, i64 0, i64 %zext_ln47_1" [blur_opt.cpp:47]   --->   Operation 68 'getelementptr' 'input_r_addr' <Predicate = (!icmp_ln37)> <Delay = 0.00>
ST_3 : Operation 69 [1/1] (0.00ns)   --->   "%linebuf_1_addr = getelementptr i8 %linebuf_1, i64 0, i64 %zext_ln38_1" [blur_opt.cpp:45]   --->   Operation 69 'getelementptr' 'linebuf_1_addr' <Predicate = (!icmp_ln37)> <Delay = 0.00>
ST_3 : Operation 70 [1/1] (0.00ns)   --->   "%linebuf_addr = getelementptr i8 %linebuf, i64 0, i64 %zext_ln38_1" [blur_opt.cpp:46]   --->   Operation 70 'getelementptr' 'linebuf_addr' <Predicate = (!icmp_ln37)> <Delay = 0.00>
ST_3 : Operation 71 [2/2] (0.00ns)   --->   "%window_8 = load i20 %input_r_addr" [blur_opt.cpp:47]   --->   Operation 71 'load' 'window_8' <Predicate = (!icmp_ln37)> <Delay = 0.00> <CoreInst = "RAM">   --->   Core 81 'RAM' <Latency = 1> <II = 1> <Delay = 3.25> <Storage> <Opcode : 'load' 'store'> <Ports = 2> <Width = 8> <Depth = 1048576> <RAM>
ST_3 : Operation 72 [1/1] (0.00ns)   --->   "%reuse_addr_reg20_load = load i64 %reuse_addr_reg20"   --->   Operation 72 'load' 'reuse_addr_reg20_load' <Predicate = (!icmp_ln37)> <Delay = 0.00>
ST_3 : Operation 73 [1/1] (3.52ns)   --->   "%addr_cmp23 = icmp_eq  i64 %reuse_addr_reg20_load, i64 %zext_ln38_1" [blur_opt.cpp:38]   --->   Operation 73 'icmp' 'addr_cmp23' <Predicate = (!icmp_ln37)> <Delay = 3.52> <CoreInst = "Cmp">   --->   Core 9 'Cmp' <Latency = 0> <II = 1> <Delay = 3.52> <FuncUnit> <Opcode : 'seteq' 'setne' 'setle' 'setge' 'setlt' 'setgt'> <InPorts = 2> <OutPorts = 1>
ST_3 : Operation 74 [1/1] (0.00ns)   --->   "%reuse_addr_reg_load = load i64 %reuse_addr_reg"   --->   Operation 74 'load' 'reuse_addr_reg_load' <Predicate = (!icmp_ln37)> <Delay = 0.00>
ST_3 : Operation 75 [2/2] (3.25ns)   --->   "%linebuf_load = load i10 %linebuf_addr" [blur_opt.cpp:46]   --->   Operation 75 'load' 'linebuf_load' <Predicate = (!icmp_ln37)> <Delay = 3.25> <CoreInst = "RAM">   --->   Core 81 'RAM' <Latency = 1> <II = 1> <Delay = 3.25> <Storage> <Opcode : 'load' 'store'> <Ports = 2> <Width = 8> <Depth = 1024> <RAM>
ST_3 : Operation 76 [1/1] (3.52ns)   --->   "%addr_cmp = icmp_eq  i64 %reuse_addr_reg_load, i64 %zext_ln38_1" [blur_opt.cpp:38]   --->   Operation 76 'icmp' 'addr_cmp' <Predicate = (!icmp_ln37)> <Delay = 3.52> <CoreInst = "Cmp">   --->   Core 9 'Cmp' <Latency = 0> <II = 1> <Delay = 3.52> <FuncUnit> <Opcode : 'seteq' 'setne' 'setle' 'setge' 'setlt' 'setgt'> <InPorts = 2> <OutPorts = 1>
ST_3 : Operation 77 [1/1] (1.58ns)   --->   "%store_ln38 = store i64 %zext_ln38_1, i64 %reuse_addr_reg20" [blur_opt.cpp:38]   --->   Operation 77 'store' 'store_ln38' <Predicate = (!icmp_ln37)> <Delay = 1.58>
ST_3 : Operation 78 [1/1] (1.58ns)   --->   "%store_ln38 = store i64 %zext_ln38_1, i64 %reuse_addr_reg" [blur_opt.cpp:38]   --->   Operation 78 'store' 'store_ln38' <Predicate = (!icmp_ln37)> <Delay = 1.58>
ST_3 : Operation 79 [1/1] (0.00ns)   --->   "%tmp_4 = partselect i10 @_ssdm_op_PartSelect.i10.i11.i32.i32, i11 %select_ln30, i32 1, i32 10" [blur_opt.cpp:52]   --->   Operation 79 'partselect' 'tmp_4' <Predicate = (!icmp_ln37)> <Delay = 0.00>
ST_3 : Operation 80 [1/1] (1.73ns)   --->   "%icmp_ln52_1 = icmp_ne  i10 %tmp_4, i10 0" [blur_opt.cpp:52]   --->   Operation 80 'icmp' 'icmp_ln52_1' <Predicate = (!icmp_ln37)> <Delay = 1.73> <CoreInst = "Cmp">   --->   Core 9 'Cmp' <Latency = 0> <II = 1> <Delay = 1.73> <FuncUnit> <Opcode : 'seteq' 'setne' 'setle' 'setge' 'setlt' 'setgt'> <InPorts = 2> <OutPorts = 1>
ST_3 : Operation 81 [1/1] (0.97ns)   --->   "%and_ln52 = and i1 %icmp_ln52, i1 %icmp_ln52_1" [blur_opt.cpp:52]   --->   Operation 81 'and' 'and_ln52' <Predicate = (!icmp_ln37)> <Delay = 0.97> <CoreInst = "LogicGate">   --->   Core 74 'LogicGate' <Latency = 0> <II = 1> <Delay = 0.97> <FuncUnit> <Opcode : 'and' 'or' 'xor'> <InPorts = 2> <OutPorts = 1>
ST_3 : Operation 82 [1/1] (0.00ns)   --->   "%br_ln52 = br i1 %and_ln52, void %for.inc86, void %for.inc73" [blur_opt.cpp:52]   --->   Operation 82 'br' 'br_ln52' <Predicate = (!icmp_ln37)> <Delay = 0.00>
ST_3 : Operation 83 [1/1] (1.63ns)   --->   "%add_ln38 = add i11 %select_ln30, i11 1" [blur_opt.cpp:38]   --->   Operation 83 'add' 'add_ln38' <Predicate = (!icmp_ln37)> <Delay = 1.63> <CoreInst = "Adder">   --->   Core 1 'Adder' <Latency = 0> <II = 1> <Delay = 1.63> <FuncUnit> <Opcode : 'add' 'sub'> <InPorts = 2> <OutPorts = 1>
ST_3 : Operation 84 [1/1] (1.58ns)   --->   "%store_ln37 = store i31 %select_ln37, i31 %y" [blur_opt.cpp:37]   --->   Operation 84 'store' 'store_ln37' <Predicate = (!icmp_ln37)> <Delay = 1.58>
ST_3 : Operation 85 [1/1] (1.58ns)   --->   "%store_ln38 = store i11 %add_ln38, i11 %x" [blur_opt.cpp:38]   --->   Operation 85 'store' 'store_ln38' <Predicate = (!icmp_ln37)> <Delay = 1.58>

State 4 <SV = 3> <Delay = 3.25>
ST_4 : Operation 86 [1/2] ( I:0.00ns O:0.00ns )   --->   "%window_8 = load i20 %input_r_addr" [blur_opt.cpp:47]   --->   Operation 86 'load' 'window_8' <Predicate = (!icmp_ln37)> <Delay = 0.00> <CoreInst = "RAM">   --->   Core 81 'RAM' <Latency = 1> <II = 1> <Delay = 3.25> <Storage> <Opcode : 'load' 'store'> <Ports = 2> <Width = 8> <Depth = 1048576> <RAM>
ST_4 : Operation 87 [2/2] (3.25ns)   --->   "%linebuf_1_load = load i10 %linebuf_1_addr" [blur_opt.cpp:45]   --->   Operation 87 'load' 'linebuf_1_load' <Predicate = (!icmp_ln37 & !addr_cmp23)> <Delay = 3.25> <CoreInst = "RAM">   --->   Core 81 'RAM' <Latency = 1> <II = 1> <Delay = 3.25> <Storage> <Opcode : 'load' 'store'> <Ports = 2> <Width = 8> <Depth = 1024> <RAM>
ST_4 : Operation 88 [1/2] ( I:3.25ns O:3.25ns )   --->   "%linebuf_load = load i10 %linebuf_addr" [blur_opt.cpp:46]   --->   Operation 88 'load' 'linebuf_load' <Predicate = (!icmp_ln37)> <Delay = 3.25> <CoreInst = "RAM">   --->   Core 81 'RAM' <Latency = 1> <II = 1> <Delay = 3.25> <Storage> <Opcode : 'load' 'store'> <Ports = 2> <Width = 8> <Depth = 1024> <RAM>
ST_4 : Operation 89 [1/1] ( I:3.25ns O:3.25ns )   --->   "%store_ln50 = store i8 %window_8, i10 %linebuf_addr" [blur_opt.cpp:50]   --->   Operation 89 'store' 'store_ln50' <Predicate = (!icmp_ln37)> <Delay = 3.25> <CoreInst = "RAM">   --->   Core 81 'RAM' <Latency = 1> <II = 1> <Delay = 3.25> <Storage> <Opcode : 'load' 'store'> <Ports = 2> <Width = 8> <Depth = 1024> <RAM>

State 5 <SV = 4> <Delay = 6.41>
ST_5 : Operation 90 [1/1] (0.00ns)   --->   "%reuse_reg19_load = load i8 %reuse_reg19"   --->   Operation 90 'load' 'reuse_reg19_load' <Predicate = (!icmp_ln37 & addr_cmp23)> <Delay = 0.00>
ST_5 : Operation 91 [1/2] ( I:3.25ns O:3.25ns )   --->   "%linebuf_1_load = load i10 %linebuf_1_addr" [blur_opt.cpp:45]   --->   Operation 91 'load' 'linebuf_1_load' <Predicate = (!icmp_ln37 & !addr_cmp23)> <Delay = 3.25> <CoreInst = "RAM">   --->   Core 81 'RAM' <Latency = 1> <II = 1> <Delay = 3.25> <Storage> <Opcode : 'load' 'store'> <Ports = 2> <Width = 8> <Depth = 1024> <RAM>
ST_5 : Operation 92 [1/1] (1.24ns)   --->   "%window_9 = select i1 %addr_cmp23, i8 %reuse_reg19_load, i8 %linebuf_1_load" [blur_opt.cpp:38]   --->   Operation 92 'select' 'window_9' <Predicate = (!icmp_ln37)> <Delay = 1.24> <CoreInst = "Sel">   --->   Core 73 'Sel' <Latency = 0> <II = 1> <Delay = 1.24> <FuncUnit> <Opcode : 'select'> <InPorts = 3> <OutPorts = 1>
ST_5 : Operation 93 [1/1] (0.00ns)   --->   "%reuse_reg_load = load i8 %reuse_reg"   --->   Operation 93 'load' 'reuse_reg_load' <Predicate = (!icmp_ln37 & addr_cmp)> <Delay = 0.00>
ST_5 : Operation 94 [1/1] (1.24ns)   --->   "%window_10 = select i1 %addr_cmp, i8 %reuse_reg_load, i8 %linebuf_load" [blur_opt.cpp:38]   --->   Operation 94 'select' 'window_10' <Predicate = (!icmp_ln37)> <Delay = 1.24> <CoreInst = "Sel">   --->   Core 73 'Sel' <Latency = 0> <II = 1> <Delay = 1.24> <FuncUnit> <Opcode : 'select'> <InPorts = 3> <OutPorts = 1>
ST_5 : Operation 95 [1/1] ( I:3.25ns O:3.25ns )   --->   "%store_ln49 = store i8 %window_10, i10 %linebuf_1_addr" [blur_opt.cpp:49]   --->   Operation 95 'store' 'store_ln49' <Predicate = (!icmp_ln37)> <Delay = 3.25> <CoreInst = "RAM">   --->   Core 81 'RAM' <Latency = 1> <II = 1> <Delay = 3.25> <Storage> <Opcode : 'load' 'store'> <Ports = 2> <Width = 8> <Depth = 1024> <RAM>
ST_5 : Operation 96 [1/1] (1.58ns)   --->   "%store_ln38 = store i8 %window_10, i8 %reuse_reg19" [blur_opt.cpp:38]   --->   Operation 96 'store' 'store_ln38' <Predicate = (!icmp_ln37)> <Delay = 1.58>
ST_5 : Operation 97 [1/1] (1.58ns)   --->   "%store_ln47 = store i8 %window_8, i8 %reuse_reg" [blur_opt.cpp:47]   --->   Operation 97 'store' 'store_ln47' <Predicate = (!icmp_ln37)> <Delay = 1.58>
ST_5 : Operation 98 [1/1] (0.00ns)   --->   "%zext_ln56_1 = zext i8 %window_9" [blur_opt.cpp:56]   --->   Operation 98 'zext' 'zext_ln56_1' <Predicate = (!icmp_ln37 & and_ln52)> <Delay = 0.00>
ST_5 : Operation 99 [1/1] (0.00ns)   --->   "%zext_ln56_4 = zext i8 %window_10" [blur_opt.cpp:56]   --->   Operation 99 'zext' 'zext_ln56_4' <Predicate = (!icmp_ln37 & and_ln52)> <Delay = 0.00>
ST_5 : Operation 100 [1/1] (1.91ns)   --->   "%add_ln56_4 = add i9 %zext_ln56_1, i9 %zext_ln56_4" [blur_opt.cpp:56]   --->   Operation 100 'add' 'add_ln56_4' <Predicate = (!icmp_ln37 & and_ln52)> <Delay = 1.91> <CoreInst = "Adder">   --->   Core 1 'Adder' <Latency = 0> <II = 1> <Delay = 1.91> <FuncUnit> <Opcode : 'add' 'sub'> <InPorts = 2> <OutPorts = 1>

State 6 <SV = 5> <Delay = 7.03>
ST_6 : Operation 101 [1/1] (0.00ns)   --->   "%window_5 = load i8 %window_2" [blur_opt.cpp:56]   --->   Operation 101 'load' 'window_5' <Predicate = true> <Delay = 0.00>
ST_6 : Operation 102 [1/1] (0.00ns)   --->   "%window_6 = load i8 %window_3" [blur_opt.cpp:56]   --->   Operation 102 'load' 'window_6' <Predicate = true> <Delay = 0.00>
ST_6 : Operation 103 [1/1] (0.00ns)   --->   "%window_7 = load i8 %window_4" [blur_opt.cpp:56]   --->   Operation 103 'load' 'window_7' <Predicate = true> <Delay = 0.00>
ST_6 : Operation 104 [1/1] (0.00ns)   --->   "%speclooptripcount_ln0 = speclooptripcount void @_ssdm_op_SpecLoopTripCount, i64 9, i64 18446744073709551615, i64 0"   --->   Operation 104 'speclooptripcount' 'speclooptripcount_ln0' <Predicate = true> <Delay = 0.00>
ST_6 : Operation 105 [1/1] (0.00ns)   --->   "%specloopname_ln0 = specloopname void @_ssdm_op_SpecLoopName, void @VITIS_LOOP_37_1_VITIS_LOOP_38_2_str"   --->   Operation 105 'specloopname' 'specloopname_ln0' <Predicate = (!icmp_ln37)> <Delay = 0.00>
ST_6 : Operation 106 [1/1] (1.73ns)   --->   "%add_ln60 = add i10 %trunc_ln47, i10 1023" [blur_opt.cpp:60]   --->   Operation 106 'add' 'add_ln60' <Predicate = (!icmp_ln37)> <Delay = 1.73> <CoreInst = "Adder">   --->   Core 1 'Adder' <Latency = 0> <II = 1> <Delay = 1.73> <FuncUnit> <Opcode : 'add' 'sub'> <InPorts = 2> <OutPorts = 1>
ST_6 : Operation 107 [1/1] (0.00ns)   --->   "%tmp_2 = bitconcatenate i20 @_ssdm_op_BitConcatenate.i20.i10.i10, i10 %add_ln60, i10 0" [blur_opt.cpp:60]   --->   Operation 107 'bitconcatenate' 'tmp_2' <Predicate = (!icmp_ln37)> <Delay = 0.00>
ST_6 : Operation 108 [1/1] (0.00ns)   --->   "%specpipeline_ln30 = specpipeline void @_ssdm_op_SpecPipeline, i32 4294967295, i32 0, i32 0, i32 0, i32 4294967295, void @empty_0" [blur_opt.cpp:30]   --->   Operation 108 'specpipeline' 'specpipeline_ln30' <Predicate = (!icmp_ln37)> <Delay = 0.00>
ST_6 : Operation 109 [1/1] (0.00ns)   --->   "%sum_load = load i8 %sum" [blur_opt.cpp:53]   --->   Operation 109 'load' 'sum_load' <Predicate = (!icmp_ln37 & and_ln52)> <Delay = 0.00>
ST_6 : Operation 110 [1/1] (0.00ns)   --->   "%window_load = load i8 %window" [blur_opt.cpp:56]   --->   Operation 110 'load' 'window_load' <Predicate = (!icmp_ln37 & and_ln52)> <Delay = 0.00>
ST_6 : Operation 111 [1/1] (0.00ns)   --->   "%window_1_load = load i8 %window_1" [blur_opt.cpp:56]   --->   Operation 111 'load' 'window_1_load' <Predicate = (!icmp_ln37 & and_ln52)> <Delay = 0.00>
ST_6 : Operation 112 [1/1] (0.00ns)   --->   "%zext_ln53 = zext i8 %sum_load" [blur_opt.cpp:53]   --->   Operation 112 'zext' 'zext_ln53' <Predicate = (!icmp_ln37 & and_ln52)> <Delay = 0.00>
ST_6 : Operation 113 [1/1] (0.00ns)   --->   "%zext_ln56 = zext i8 %window_5" [blur_opt.cpp:56]   --->   Operation 113 'zext' 'zext_ln56' <Predicate = (!icmp_ln37 & and_ln52)> <Delay = 0.00>
ST_6 : Operation 114 [1/1] (0.00ns)   --->   "%zext_ln56_2 = zext i8 %window_load" [blur_opt.cpp:56]   --->   Operation 114 'zext' 'zext_ln56_2' <Predicate = (!icmp_ln37 & and_ln52)> <Delay = 0.00>
ST_6 : Operation 115 [1/1] (0.00ns)   --->   "%zext_ln56_3 = zext i8 %window_6" [blur_opt.cpp:56]   --->   Operation 115 'zext' 'zext_ln56_3' <Predicate = (!icmp_ln37 & and_ln52)> <Delay = 0.00>
ST_6 : Operation 116 [1/1] (0.00ns)   --->   "%zext_ln56_5 = zext i8 %window_1_load" [blur_opt.cpp:56]   --->   Operation 116 'zext' 'zext_ln56_5' <Predicate = (!icmp_ln37 & and_ln52)> <Delay = 0.00>
ST_6 : Operation 117 [1/1] (0.00ns)   --->   "%zext_ln56_6 = zext i8 %window_7" [blur_opt.cpp:56]   --->   Operation 117 'zext' 'zext_ln56_6' <Predicate = (!icmp_ln37 & and_ln52)> <Delay = 0.00>
ST_6 : Operation 118 [1/1] (0.00ns)   --->   "%zext_ln56_7 = zext i8 %window_8" [blur_opt.cpp:56]   --->   Operation 118 'zext' 'zext_ln56_7' <Predicate = (!icmp_ln37 & and_ln52)> <Delay = 0.00>
ST_6 : Operation 119 [1/1] (1.91ns)   --->   "%add_ln56 = add i9 %zext_ln56_5, i9 %zext_ln56_6" [blur_opt.cpp:56]   --->   Operation 119 'add' 'add_ln56' <Predicate = (!icmp_ln37 & and_ln52)> <Delay = 1.91> <CoreInst = "Adder">   --->   Core 1 'Adder' <Latency = 0> <II = 1> <Delay = 1.91> <FuncUnit> <Opcode : 'add' 'sub'> <InPorts = 2> <OutPorts = 1>
ST_6 : Operation 120 [1/1] (0.00ns)   --->   "%zext_ln56_8 = zext i9 %add_ln56" [blur_opt.cpp:56]   --->   Operation 120 'zext' 'zext_ln56_8' <Predicate = (!icmp_ln37 & and_ln52)> <Delay = 0.00>
ST_6 : Operation 121 [1/1] (1.91ns)   --->   "%add_ln56_1 = add i9 %zext_ln56_3, i9 %zext_ln56_2" [blur_opt.cpp:56]   --->   Operation 121 'add' 'add_ln56_1' <Predicate = (!icmp_ln37 & and_ln52)> <Delay = 1.91> <CoreInst = "Adder">   --->   Core 1 'Adder' <Latency = 0> <II = 1> <Delay = 1.91> <FuncUnit> <Opcode : 'add' 'sub'> <InPorts = 2> <OutPorts = 1>
ST_6 : Operation 122 [1/1] (0.00ns)   --->   "%zext_ln56_9 = zext i9 %add_ln56_1" [blur_opt.cpp:56]   --->   Operation 122 'zext' 'zext_ln56_9' <Predicate = (!icmp_ln37 & and_ln52)> <Delay = 0.00>
ST_6 : Operation 123 [1/1] (1.82ns)   --->   "%add_ln56_2 = add i10 %zext_ln56_9, i10 %zext_ln56_8" [blur_opt.cpp:56]   --->   Operation 123 'add' 'add_ln56_2' <Predicate = (!icmp_ln37 & and_ln52)> <Delay = 1.82> <CoreInst = "Adder">   --->   Core 1 'Adder' <Latency = 0> <II = 1> <Delay = 1.82> <FuncUnit> <Opcode : 'add' 'sub'> <InPorts = 2> <OutPorts = 1>
ST_6 : Operation 124 [1/1] (0.00ns)   --->   "%zext_ln56_10 = zext i10 %add_ln56_2" [blur_opt.cpp:56]   --->   Operation 124 'zext' 'zext_ln56_10' <Predicate = (!icmp_ln37 & and_ln52)> <Delay = 0.00>
ST_6 : Operation 125 [1/1] (1.91ns)   --->   "%add_ln56_3 = add i9 %zext_ln56, i9 %zext_ln53" [blur_opt.cpp:56]   --->   Operation 125 'add' 'add_ln56_3' <Predicate = (!icmp_ln37 & and_ln52)> <Delay = 1.91> <CoreInst = "Adder">   --->   Core 1 'Adder' <Latency = 0> <II = 1> <Delay = 1.91> <FuncUnit> <Opcode : 'add' 'sub'> <InPorts = 2> <OutPorts = 1>
ST_6 : Operation 126 [1/1] (0.00ns)   --->   "%zext_ln56_11 = zext i9 %add_ln56_3" [blur_opt.cpp:56]   --->   Operation 126 'zext' 'zext_ln56_11' <Predicate = (!icmp_ln37 & and_ln52)> <Delay = 0.00>
ST_6 : Operation 127 [1/1] (0.00ns)   --->   "%zext_ln56_12 = zext i9 %add_ln56_4" [blur_opt.cpp:56]   --->   Operation 127 'zext' 'zext_ln56_12' <Predicate = (!icmp_ln37 & and_ln52)> <Delay = 0.00>
ST_6 : Operation 128 [1/1] (1.82ns)   --->   "%add_ln56_5 = add i10 %zext_ln56_12, i10 %zext_ln56_7" [blur_opt.cpp:56]   --->   Operation 128 'add' 'add_ln56_5' <Predicate = (!icmp_ln37 & and_ln52)> <Delay = 1.82> <CoreInst = "Adder">   --->   Core 1 'Adder' <Latency = 0> <II = 1> <Delay = 1.82> <FuncUnit> <Opcode : 'add' 'sub'> <InPorts = 2> <OutPorts = 1>
ST_6 : Operation 129 [1/1] (0.00ns)   --->   "%zext_ln56_13 = zext i10 %add_ln56_5" [blur_opt.cpp:56]   --->   Operation 129 'zext' 'zext_ln56_13' <Predicate = (!icmp_ln37 & and_ln52)> <Delay = 0.00>
ST_6 : Operation 130 [1/1] (1.73ns)   --->   "%add_ln56_6 = add i11 %zext_ln56_13, i11 %zext_ln56_11" [blur_opt.cpp:56]   --->   Operation 130 'add' 'add_ln56_6' <Predicate = (!icmp_ln37 & and_ln52)> <Delay = 1.73> <CoreInst = "Adder">   --->   Core 1 'Adder' <Latency = 0> <II = 1> <Delay = 1.73> <FuncUnit> <Opcode : 'add' 'sub'> <InPorts = 2> <OutPorts = 1>
ST_6 : Operation 131 [1/1] (0.00ns)   --->   "%zext_ln56_14 = zext i11 %add_ln56_6" [blur_opt.cpp:56]   --->   Operation 131 'zext' 'zext_ln56_14' <Predicate = (!icmp_ln37 & and_ln52)> <Delay = 0.00>
ST_6 : Operation 132 [1/1] (2.25ns) (grouped into DSP with root node mul_ln60)   --->   "%sum_1 = add i12 %zext_ln56_14, i12 %zext_ln56_10" [blur_opt.cpp:56]   --->   Operation 132 'add' 'sum_1' <Predicate = (!icmp_ln37 & and_ln52)> <Delay = 2.25> <CoreInst = "DSP48">   --->   Core 116 'DSP48' <Latency = 3> <II = 1> <Delay = 2.15> <IPBlock> <Opcode : 'add' 'sub' 'mul' 'select'> <InPorts = 0> <OutPorts = 1> <Sync> <CReg>
ST_6 : Operation 133 [1/1] (0.00ns) (grouped into DSP with root node mul_ln60)   --->   "%zext_ln60 = zext i12 %sum_1" [blur_opt.cpp:60]   --->   Operation 133 'zext' 'zext_ln60' <Predicate = (!icmp_ln37 & and_ln52)> <Delay = 0.00>
ST_6 : Operation 134 [4/4] (1.05ns) (root node of the DSP)   --->   "%mul_ln60 = mul i25 %zext_ln60, i25 7282" [blur_opt.cpp:60]   --->   Operation 134 'mul' 'mul_ln60' <Predicate = (!icmp_ln37 & and_ln52)> <Delay = 1.05> <CoreInst = "DSP48">   --->   Core 116 'DSP48' <Latency = 3> <II = 1> <Delay = 2.15> <IPBlock> <Opcode : 'add' 'sub' 'mul' 'select'> <InPorts = 0> <OutPorts = 1> <Sync> <CReg>
ST_6 : Operation 135 [1/1] (1.63ns)   --->   "%add_ln60_1 = add i11 %select_ln30, i11 2047" [blur_opt.cpp:60]   --->   Operation 135 'add' 'add_ln60_1' <Predicate = (!icmp_ln37 & and_ln52)> <Delay = 1.63> <CoreInst = "Adder">   --->   Core 1 'Adder' <Latency = 0> <II = 1> <Delay = 1.63> <FuncUnit> <Opcode : 'add' 'sub'> <InPorts = 2> <OutPorts = 1>
ST_6 : Operation 136 [1/1] (0.00ns)   --->   "%zext_ln60_1 = zext i11 %add_ln60_1" [blur_opt.cpp:60]   --->   Operation 136 'zext' 'zext_ln60_1' <Predicate = (!icmp_ln37 & and_ln52)> <Delay = 0.00>
ST_6 : Operation 137 [1/1] (2.19ns)   --->   "%add_ln60_2 = add i20 %tmp_2, i20 %zext_ln60_1" [blur_opt.cpp:60]   --->   Operation 137 'add' 'add_ln60_2' <Predicate = (!icmp_ln37 & and_ln52)> <Delay = 2.19> <CoreInst = "Adder">   --->   Core 1 'Adder' <Latency = 0> <II = 1> <Delay = 2.19> <FuncUnit> <Opcode : 'add' 'sub'> <InPorts = 2> <OutPorts = 1>
ST_6 : Operation 138 [1/1] (1.58ns)   --->   "%store_ln30 = store i8 %window_8, i8 %window_4" [blur_opt.cpp:30]   --->   Operation 138 'store' 'store_ln30' <Predicate = (!icmp_ln37)> <Delay = 1.58>
ST_6 : Operation 139 [1/1] (1.58ns)   --->   "%store_ln30 = store i8 %window_10, i8 %window_3" [blur_opt.cpp:30]   --->   Operation 139 'store' 'store_ln30' <Predicate = (!icmp_ln37)> <Delay = 1.58>
ST_6 : Operation 140 [1/1] (1.58ns)   --->   "%store_ln30 = store i8 %window_9, i8 %window_2" [blur_opt.cpp:30]   --->   Operation 140 'store' 'store_ln30' <Predicate = (!icmp_ln37)> <Delay = 1.58>
ST_6 : Operation 141 [1/1] (1.58ns)   --->   "%store_ln30 = store i8 %window_7, i8 %window_1" [blur_opt.cpp:30]   --->   Operation 141 'store' 'store_ln30' <Predicate = (!icmp_ln37)> <Delay = 1.58>
ST_6 : Operation 142 [1/1] (1.58ns)   --->   "%store_ln30 = store i8 %window_6, i8 %window" [blur_opt.cpp:30]   --->   Operation 142 'store' 'store_ln30' <Predicate = (!icmp_ln37)> <Delay = 1.58>
ST_6 : Operation 143 [1/1] (1.58ns)   --->   "%store_ln53 = store i8 %window_5, i8 %sum" [blur_opt.cpp:53]   --->   Operation 143 'store' 'store_ln53' <Predicate = (!icmp_ln37)> <Delay = 1.58>
ST_6 : Operation 144 [1/1] (0.00ns)   --->   "%br_ln38 = br void %VITIS_LOOP_39_3" [blur_opt.cpp:38]   --->   Operation 144 'br' 'br_ln38' <Predicate = (!icmp_ln37)> <Delay = 0.00>

State 7 <SV = 6> <Delay = 1.05>
ST_7 : Operation 145 [3/4] (1.05ns) (root node of the DSP)   --->   "%mul_ln60 = mul i25 %zext_ln60, i25 7282" [blur_opt.cpp:60]   --->   Operation 145 'mul' 'mul_ln60' <Predicate = (and_ln52)> <Delay = 1.05> <CoreInst = "DSP48">   --->   Core 116 'DSP48' <Latency = 3> <II = 1> <Delay = 2.15> <IPBlock> <Opcode : 'add' 'sub' 'mul' 'select'> <InPorts = 0> <OutPorts = 1> <Sync> <CReg>

State 8 <SV = 7> <Delay = 1.58>
ST_8 : Operation 146 [2/4] (1.05ns) (root node of the DSP)   --->   "%mul_ln60 = mul i25 %zext_ln60, i25 7282" [blur_opt.cpp:60]   --->   Operation 146 'mul' 'mul_ln60' <Predicate = (and_ln52)> <Delay = 1.05> <CoreInst = "DSP48">   --->   Core 116 'DSP48' <Latency = 3> <II = 1> <Delay = 2.15> <IPBlock> <Opcode : 'add' 'sub' 'mul' 'select'> <InPorts = 0> <OutPorts = 1> <Sync> <CReg>
ST_8 : Operation 153 [1/1] (1.58ns)   --->   "%ret_ln0 = ret"   --->   Operation 153 'ret' 'ret_ln0' <Predicate = (icmp_ln37)> <Delay = 1.58>

State 9 <SV = 8> <Delay = 0.00>
ST_9 : Operation 147 [1/4] (0.00ns) (root node of the DSP)   --->   "%mul_ln60 = mul i25 %zext_ln60, i25 7282" [blur_opt.cpp:60]   --->   Operation 147 'mul' 'mul_ln60' <Predicate = (and_ln52)> <Delay = 0.00> <CoreInst = "DSP48">   --->   Core 116 'DSP48' <Latency = 3> <II = 1> <Delay = 2.15> <IPBlock> <Opcode : 'add' 'sub' 'mul' 'select'> <InPorts = 0> <OutPorts = 1> <Sync> <CReg>
ST_9 : Operation 148 [1/1] (0.00ns)   --->   "%trunc_ln1 = partselect i8 @_ssdm_op_PartSelect.i8.i25.i32.i32, i25 %mul_ln60, i32 16, i32 23" [blur_opt.cpp:60]   --->   Operation 148 'partselect' 'trunc_ln1' <Predicate = (and_ln52)> <Delay = 0.00>
ST_9 : Operation 149 [1/1] (0.00ns)   --->   "%zext_ln60_2 = zext i20 %add_ln60_2" [blur_opt.cpp:60]   --->   Operation 149 'zext' 'zext_ln60_2' <Predicate = (and_ln52)> <Delay = 0.00>
ST_9 : Operation 150 [1/1] (0.00ns)   --->   "%output_r_addr = getelementptr i8 %output_r, i64 0, i64 %zext_ln60_2" [blur_opt.cpp:60]   --->   Operation 150 'getelementptr' 'output_r_addr' <Predicate = (and_ln52)> <Delay = 0.00>
ST_9 : Operation 151 [1/1] ( I:0.00ns O:0.00ns )   --->   "%store_ln60 = store i8 %trunc_ln1, i20 %output_r_addr" [blur_opt.cpp:60]   --->   Operation 151 'store' 'store_ln60' <Predicate = (and_ln52)> <Delay = 0.00> <CoreInst = "RAM">   --->   Core 81 'RAM' <Latency = 1> <II = 1> <Delay = 3.25> <Storage> <Opcode : 'load' 'store'> <Ports = 2> <Width = 8> <Depth = 1048576> <RAM>
ST_9 : Operation 152 [1/1] (0.00ns)   --->   "%br_ln61 = br void %for.inc86" [blur_opt.cpp:61]   --->   Operation 152 'br' 'br_ln61' <Predicate = (and_ln52)> <Delay = 0.00>


============================================================
+ Verbose Summary: Timing violations
============================================================
Target clock period: 10.000ns, clock uncertainty: 2.700ns.

 <State 1>: 1.588ns
The critical path consists of the following:
	'alloca' operation 8 bit ('window', blur_opt.cpp:30) [25]  (0.000 ns)
	'store' operation ('store_ln30', blur_opt.cpp:30) of variable 'window_5_reload_read' 8 bit on local variable 'window', blur_opt.cpp:30 [36]  (1.588 ns)

 <State 2>: 5.056ns
The critical path consists of the following:
	'load' operation 62 bit ('indvar_flatten7_load', blur_opt.cpp:37) on local variable 'indvar_flatten7' [52]  (0.000 ns)
	'add' operation 62 bit ('add_ln37_1', blur_opt.cpp:37) [60]  (3.469 ns)
	'store' operation ('store_ln37', blur_opt.cpp:37) of variable 'add_ln37_1', blur_opt.cpp:37 62 bit on local variable 'indvar_flatten7' [146]  (1.588 ns)

 <State 3>: 6.734ns
The critical path consists of the following:
	'load' operation 11 bit ('x', blur_opt.cpp:38) on local variable 'x', blur_opt.cpp:38 [51]  (0.000 ns)
	'icmp' operation 1 bit ('icmp_ln38', blur_opt.cpp:38) [57]  (2.522 ns)
	'select' operation 11 bit ('select_ln30', blur_opt.cpp:30) [66]  (0.692 ns)
	'icmp' operation 1 bit ('addr_cmp23', blur_opt.cpp:38) [86]  (3.520 ns)

 <State 4>: 3.254ns
The critical path consists of the following:
	'load' operation 8 bit ('linebuf_load', blur_opt.cpp:46) on array 'linebuf' [90]  (3.254 ns)

 <State 5>: 6.417ns
The critical path consists of the following:
	'load' operation 8 bit ('linebuf_1_load', blur_opt.cpp:45) on array 'linebuf_1' [85]  (3.254 ns)
	'select' operation 8 bit ('window', blur_opt.cpp:38) [87]  (1.248 ns)
	'add' operation 9 bit ('add_ln56_4', blur_opt.cpp:56) [124]  (1.915 ns)

 <State 6>: 7.038ns
The critical path consists of the following:
	'load' operation 8 bit ('window', blur_opt.cpp:56) on local variable 'window', blur_opt.cpp:30 [54]  (0.000 ns)
	'add' operation 9 bit ('add_ln56_1', blur_opt.cpp:56) [118]  (1.915 ns)
	'add' operation 10 bit ('add_ln56_2', blur_opt.cpp:56) [120]  (1.823 ns)
	'add' operation 12 bit of DSP[132] ('sum', blur_opt.cpp:56) [130]  (2.250 ns)
	'mul' operation 25 bit of DSP[132] ('mul_ln60', blur_opt.cpp:60) [132]  (1.050 ns)

 <State 7>: 1.050ns
The critical path consists of the following:
	'mul' operation 25 bit of DSP[132] ('mul_ln60', blur_opt.cpp:60) [132]  (1.050 ns)

 <State 8>: 1.588ns
The critical path consists of the following:

 <State 9>: 0.000ns
The critical path consists of the following:


============================================================
+ Verbose Summary: Binding
============================================================
N/A
* FSMD analyzer results:
  - Output states:
 - Input state : 
  - Chain level:
	State 1
	State 2
	State 3
	State 4
	State 5
	State 6
	State 7
	State 8
	State 9


============================================================
+ Verbose Summary: Datapath Resource usage 
============================================================
N/A
