

================================================================
== Vitis HLS Report for 'linebuffer_box3_base_int_s'
================================================================
* Date:           Fri Apr 24 19:29:48 2026

* Version:        2025.2 (Build 6295257 on Nov 14 2025)
* Project:        blur_opt_base_proj
* Solution:       solution1 (Vivado IP Flow Target)
* Product family: zynq
* Target device:  xc7z020-clg400-1


================================================================
== Performance Estimates
================================================================
+ Timing: 
    * Summary: 
    +--------+----------+----------+------------+
    |  Clock |  Target  | Estimated| Uncertainty|
    +--------+----------+----------+------------+
    |ap_clk  |  10.00 ns|  7.070 ns|     2.70 ns|
    +--------+----------+----------+------------+

+ Latency: 
    * Summary: 
    +---------+---------+----------+----------+-----+-----+---------+
    |  Latency (cycles) |  Latency (absolute) |  Interval | Pipeline|
    |   min   |   max   |    min   |    max   | min | max |   Type  |
    +---------+---------+----------+----------+-----+-----+---------+
    |        ?|        ?|         ?|         ?|    ?|    ?|       no|
    +---------+---------+----------+----------+-----+-----+---------+

    + Detail: 
        * Instance: 
        +------------------------------------------------------------------------------+-------------------------------------------------------------------+---------+---------+-----------+-----------+-----+-----+-------------------+
        |                                                                              |                                                                   |  Latency (cycles) |   Latency (absolute)  |  Interval |      Pipeline     |
        |                                   Instance                                   |                               Module                              |   min   |   max   |    min    |    max    | min | max |        Type       |
        +------------------------------------------------------------------------------+-------------------------------------------------------------------+---------+---------+-----------+-----------+-----+-----+-------------------+
        |grp_linebuffer_box3_base_int_Pipeline_1_fu_78                                 |linebuffer_box3_base_int_Pipeline_1                                |     2050|     2050|  20.500 us|  20.500 us|    0|    0|  loop pipeline stp|
        |grp_linebuffer_box3_base_int_Pipeline_2_fu_84                                 |linebuffer_box3_base_int_Pipeline_2                                |       11|       11|   0.110 us|   0.110 us|    0|    0|  loop pipeline stp|
        |grp_linebuffer_box3_base_int_Pipeline_VITIS_LOOP_15_1_VITIS_LOOP_16_2_fu_94   |linebuffer_box3_base_int_Pipeline_VITIS_LOOP_15_1_VITIS_LOOP_16_2  |        ?|        ?|          ?|          ?|    0|    0|  loop pipeline stp|
        |grp_linebuffer_box3_base_int_Pipeline_VITIS_LOOP_37_1_VITIS_LOOP_38_2_fu_104  |linebuffer_box3_base_int_Pipeline_VITIS_LOOP_37_1_VITIS_LOOP_38_2  |       17|        ?|   0.170 us|          ?|    0|    0|  loop pipeline stp|
        +------------------------------------------------------------------------------+-------------------------------------------------------------------+---------+---------+-----------+-----------+-----+-----+-------------------+

        * Loop: 
        N/A



================================================================
== Utilization Estimates
================================================================
* Summary: 
+-----------------+---------+-----+--------+-------+-----+
|       Name      | BRAM_18K| DSP |   FF   |  LUT  | URAM|
+-----------------+---------+-----+--------+-------+-----+
|DSP              |        -|    -|       -|      -|    -|
|Expression       |        -|    -|       0|    224|    -|
|FIFO             |        -|    -|       -|      -|    -|
|Instance         |        -|    5|    1072|   1580|    -|
|Memory           |        2|    -|       0|      0|    0|
|Multiplexer      |        -|    -|       0|    290|    -|
|Register         |        -|    -|     200|      -|    -|
+-----------------+---------+-----+--------+-------+-----+
|Total            |        2|    5|    1272|   2094|    0|
+-----------------+---------+-----+--------+-------+-----+
|Available        |      280|  220|  106400|  53200|    0|
+-----------------+---------+-----+--------+-------+-----+
|Utilization (%)  |       ~0|    2|       1|      3|    0|
+-----------------+---------+-----+--------+-------+-----+

+ Detail: 
    * Instance: 
    +------------------------------------------------------------------------------+-------------------------------------------------------------------+---------+----+-----+-----+-----+
    |                                   Instance                                   |                               Module                              | BRAM_18K| DSP|  FF | LUT | URAM|
    +------------------------------------------------------------------------------+-------------------------------------------------------------------+---------+----+-----+-----+-----+
    |grp_linebuffer_box3_base_int_Pipeline_1_fu_78                                 |linebuffer_box3_base_int_Pipeline_1                                |        0|   0|   14|   63|    0|
    |grp_linebuffer_box3_base_int_Pipeline_2_fu_84                                 |linebuffer_box3_base_int_Pipeline_2                                |        0|   0|   18|  134|    0|
    |grp_linebuffer_box3_base_int_Pipeline_VITIS_LOOP_15_1_VITIS_LOOP_16_2_fu_94   |linebuffer_box3_base_int_Pipeline_VITIS_LOOP_15_1_VITIS_LOOP_16_2  |        0|   0|  141|  378|    0|
    |grp_linebuffer_box3_base_int_Pipeline_VITIS_LOOP_37_1_VITIS_LOOP_38_2_fu_104  |linebuffer_box3_base_int_Pipeline_VITIS_LOOP_37_1_VITIS_LOOP_38_2  |        0|   1|  758|  957|    0|
    |mul_31ns_31ns_62_2_1_U27                                                      |mul_31ns_31ns_62_2_1                                               |        0|   4|  141|   48|    0|
    +------------------------------------------------------------------------------+-------------------------------------------------------------------+---------+----+-----+-----+-----+
    |Total                                                                         |                                                                   |        0|   5| 1072| 1580|    0|
    +------------------------------------------------------------------------------+-------------------------------------------------------------------+---------+----+-----+-----+-----+

    * DSP: 
    N/A

    * Memory: 
    +-------------+--------------------------------------------------+---------+---+----+-----+------+-----+------+-------------+
    |    Memory   |                      Module                      | BRAM_18K| FF| LUT| URAM| Words| Bits| Banks| W*Bits*Banks|
    +-------------+--------------------------------------------------+---------+---+----+-----+------+-----+------+-------------+
    |linebuf_U    |linebuffer_box3_base_int_s_linebuf_RAM_AUTO_1R1W  |        1|  0|   0|    0|  1024|    8|     1|         8192|
    |linebuf_1_U  |linebuffer_box3_base_int_s_linebuf_RAM_AUTO_1R1W  |        1|  0|   0|    0|  1024|    8|     1|         8192|
    +-------------+--------------------------------------------------+---------+---+----+-----+------+-----+------+-------------+
    |Total        |                                                  |        2|  0|   0|    0|  2048|   16|     2|        16384|
    +-------------+--------------------------------------------------+---------+---+----+-----+------+-----+------+-------------+

    * FIFO: 
    N/A

    * Expression: 
    +---------------------------------+----------+----+---+----+------------+------------+
    |          Variable Name          | Operation| DSP| FF| LUT| Bitwidth P0| Bitwidth P1|
    +---------------------------------+----------+----+---+----+------------+------------+
    |ap_block_state8_on_subcall_done  |       and|   0|  0|   2|           1|           1|
    |empty_26_fu_141_p2               |      icmp|   0|  0|  39|          32|           1|
    |empty_27_fu_155_p2               |      icmp|   0|  0|  39|          32|           1|
    |icmp_ln33_1_fu_169_p2            |      icmp|   0|  0|  39|          32|           2|
    |icmp_ln33_fu_183_p2              |      icmp|   0|  0|  39|          32|           2|
    |ap_block_state4_on_subcall_done  |        or|   0|  0|   2|           1|           1|
    |or_ln33_fu_188_p2                |        or|   0|  0|   2|           1|           1|
    |smax1_fu_161_p3                  |    select|   0|  0|  31|           1|          31|
    |smax_fu_147_p3                   |    select|   0|  0|  31|           1|          31|
    +---------------------------------+----------+----+---+----+------------+------------+
    |Total                            |          |   0|  0| 224|         133|          71|
    +---------------------------------+----------+----+---+----+------------+------------+

    * Multiplexer: 
    +--------------------+----+-----------+-----+-----------+
    |        Name        | LUT| Input Size| Bits| Total Bits|
    +--------------------+----+-----------+-----+-----------+
    |ap_NS_fsm           |  48|          9|    1|          9|
    |grp_fu_122_p0       |  14|          3|   31|         93|
    |grp_fu_122_p1       |  14|          3|   31|         93|
    |input_r_address0    |  14|          3|   20|         60|
    |input_r_ce0         |  14|          3|    1|          3|
    |linebuf_1_address0  |  14|          3|   10|         30|
    |linebuf_1_ce0       |  14|          3|    1|          3|
    |linebuf_1_ce1       |   9|          2|    1|          2|
    |linebuf_1_d0        |  14|          3|    8|         24|
    |linebuf_1_we0       |  14|          3|    1|          3|
    |linebuf_address0    |  14|          3|   10|         30|
    |linebuf_ce0         |  14|          3|    1|          3|
    |linebuf_ce1         |   9|          2|    1|          2|
    |linebuf_d0          |  14|          3|    8|         24|
    |linebuf_we0         |  14|          3|    1|          3|
    |output_r_address0   |  14|          3|   20|         60|
    |output_r_ce0        |  14|          3|    1|          3|
    |output_r_d0         |  14|          3|    8|         24|
    |output_r_we0        |  14|          3|    1|          3|
    +--------------------+----+-----------+-----+-----------+
    |Total               | 290|         61|  156|        472|
    +--------------------+----+-----------+-----+-----------+

    * Register: 
    +-------------------------------------------------------------------------------------------+----+----+-----+-----------+
    |                                            Name                                           | FF | LUT| Bits| Const Bits|
    +-------------------------------------------------------------------------------------------+----+----+-----+-----------+
    |ap_CS_fsm                                                                                  |   8|   0|    8|          0|
    |empty_25_reg_231                                                                           |  31|   0|   31|          0|
    |empty_reg_225                                                                              |  31|   0|   31|          0|
    |grp_linebuffer_box3_base_int_Pipeline_1_fu_78_ap_start_reg                                 |   1|   0|    1|          0|
    |grp_linebuffer_box3_base_int_Pipeline_2_fu_84_ap_start_reg                                 |   1|   0|    1|          0|
    |grp_linebuffer_box3_base_int_Pipeline_VITIS_LOOP_15_1_VITIS_LOOP_16_2_fu_94_ap_start_reg   |   1|   0|    1|          0|
    |grp_linebuffer_box3_base_int_Pipeline_VITIS_LOOP_37_1_VITIS_LOOP_38_2_fu_104_ap_start_reg  |   1|   0|    1|          0|
    |icmp_ln33_1_reg_282                                                                        |   1|   0|    1|          0|
    |or_ln33_reg_297                                                                            |   1|   0|    1|          0|
    |reg_127                                                                                    |  62|   0|   62|          0|
    |smax1_reg_277                                                                              |  31|   0|   31|          0|
    |smax_reg_272                                                                               |  31|   0|   31|          0|
    +-------------------------------------------------------------------------------------------+----+----+-----+-----------+
    |Total                                                                                      | 200|   0|  200|          0|
    +-------------------------------------------------------------------------------------------+----+----+-----+-----------+



================================================================
== Interface
================================================================
* Summary: 
+-------------------+-----+-----+------------+---------------------------+--------------+
|     RTL Ports     | Dir | Bits|  Protocol  |       Source Object       |    C Type    |
+-------------------+-----+-----+------------+---------------------------+--------------+
|ap_clk             |   in|    1|  ap_ctrl_hs|  linebuffer_box3_base<int>|  return value|
|ap_rst             |   in|    1|  ap_ctrl_hs|  linebuffer_box3_base<int>|  return value|
|ap_start           |   in|    1|  ap_ctrl_hs|  linebuffer_box3_base<int>|  return value|
|ap_done            |  out|    1|  ap_ctrl_hs|  linebuffer_box3_base<int>|  return value|
|ap_idle            |  out|    1|  ap_ctrl_hs|  linebuffer_box3_base<int>|  return value|
|ap_ready           |  out|    1|  ap_ctrl_hs|  linebuffer_box3_base<int>|  return value|
|input_r_address0   |  out|   20|   ap_memory|                    input_r|         array|
|input_r_ce0        |  out|    1|   ap_memory|                    input_r|         array|
|input_r_q0         |   in|    8|   ap_memory|                    input_r|         array|
|output_r_address0  |  out|   20|   ap_memory|                   output_r|         array|
|output_r_ce0       |  out|    1|   ap_memory|                   output_r|         array|
|output_r_we0       |  out|    1|   ap_memory|                   output_r|         array|
|output_r_d0        |  out|    8|   ap_memory|                   output_r|         array|
|width              |   in|   32|     ap_none|                      width|        scalar|
|height             |   in|   32|     ap_none|                     height|        scalar|
+-------------------+-----+-----+------------+---------------------------+--------------+

============================================================
+ Verbose Summary: Synthesis Manager
============================================================
InlineROM: 1
ExposeGlobal: 0
============================================================
+ Verbose Summary: CDFG Model
============================================================
IsTopModel: 0
ResetActiveHigh: 1
IsCombinational: 2
IsDatapathOnly: 2
HasWiredReturn: 1
HasMFsm: 0
HasVarLatency: 1
IsPipeline: 0
IsRtlPipelined: 0
IsInstanceOverlapped: 0
IsDontTouch: 0
HasImplIP: 0
IsGatedGlobalClock: 0


============================================================
+ Verbose Summary: Schedule
============================================================
* Number of FSM states : 8
* Pipeline : 0
* Dataflow Pipeline: 0

* FSM state transitions: 
1 --> 2 
2 --> 3 
3 --> 4 
4 --> 5 
5 --> 6 8 
6 --> 7 
7 --> 8 
8 --> 

* FSM state operations: 

State 1 <SV = 0> <Delay = 3.28>
ST_1 : Operation 9 [1/1] (0.00ns)   --->   "%height_read = read i32 @_ssdm_op_Read.ap_auto.i32, i32 %height"   --->   Operation 9 'read' 'height_read' <Predicate = true> <Delay = 0.00>
ST_1 : Operation 10 [1/1] (0.00ns)   --->   "%width_read = read i32 @_ssdm_op_Read.ap_auto.i32, i32 %width"   --->   Operation 10 'read' 'width_read' <Predicate = true> <Delay = 0.00>
ST_1 : Operation 11 [1/1] (0.00ns)   --->   "%empty = trunc i32 %width_read"   --->   Operation 11 'trunc' 'empty' <Predicate = true> <Delay = 0.00>
ST_1 : Operation 12 [1/1] (0.00ns)   --->   "%empty_25 = trunc i32 %height_read"   --->   Operation 12 'trunc' 'empty_25' <Predicate = true> <Delay = 0.00>
ST_1 : Operation 13 [1/1] (0.00ns)   --->   "%window_loc = alloca i64 1"   --->   Operation 13 'alloca' 'window_loc' <Predicate = true> <Delay = 0.00>
ST_1 : Operation 14 [1/1] (0.00ns)   --->   "%window_1_loc = alloca i64 1"   --->   Operation 14 'alloca' 'window_1_loc' <Predicate = true> <Delay = 0.00>
ST_1 : Operation 15 [1/1] (0.00ns)   --->   "%window_2_loc = alloca i64 1"   --->   Operation 15 'alloca' 'window_2_loc' <Predicate = true> <Delay = 0.00>
ST_1 : Operation 16 [1/1] (0.00ns)   --->   "%window_3_loc = alloca i64 1"   --->   Operation 16 'alloca' 'window_3_loc' <Predicate = true> <Delay = 0.00>
ST_1 : Operation 17 [1/1] (0.00ns)   --->   "%window_4_loc = alloca i64 1"   --->   Operation 17 'alloca' 'window_4_loc' <Predicate = true> <Delay = 0.00>
ST_1 : Operation 18 [1/1] (0.00ns)   --->   "%window_5_loc = alloca i64 1"   --->   Operation 18 'alloca' 'window_5_loc' <Predicate = true> <Delay = 0.00>
ST_1 : Operation 19 [1/1] (3.25ns)   --->   "%linebuf = alloca i64 1" [blur_opt.cpp:29]   --->   Operation 19 'alloca' 'linebuf' <Predicate = true> <Delay = 3.25>
ST_1 : Operation 20 [1/1] (3.25ns)   --->   "%linebuf_1 = alloca i64 1" [blur_opt.cpp:29]   --->   Operation 20 'alloca' 'linebuf_1' <Predicate = true> <Delay = 3.25>
ST_1 : Operation 21 [1/1] (2.55ns)   --->   "%empty_26 = icmp_sgt  i32 %height_read, i32 0"   --->   Operation 21 'icmp' 'empty_26' <Predicate = true> <Delay = 2.55> <CoreInst = "Cmp">   --->   Core 9 'Cmp' <Latency = 0> <II = 1> <Delay = 2.55> <FuncUnit> <Opcode : 'seteq' 'setne' 'setle' 'setge' 'setlt' 'setgt'> <InPorts = 2> <OutPorts = 1>
ST_1 : Operation 22 [1/1] (0.73ns)   --->   "%smax = select i1 %empty_26, i31 %empty_25, i31 0"   --->   Operation 22 'select' 'smax' <Predicate = true> <Delay = 0.73> <CoreInst = "Sel">   --->   Core 73 'Sel' <Latency = 0> <II = 1> <Delay = 0.73> <FuncUnit> <Opcode : 'select'> <InPorts = 3> <OutPorts = 1>
ST_1 : Operation 23 [1/1] (2.55ns)   --->   "%empty_27 = icmp_sgt  i32 %width_read, i32 0"   --->   Operation 23 'icmp' 'empty_27' <Predicate = true> <Delay = 2.55> <CoreInst = "Cmp">   --->   Core 9 'Cmp' <Latency = 0> <II = 1> <Delay = 2.55> <FuncUnit> <Opcode : 'seteq' 'setne' 'setle' 'setge' 'setlt' 'setgt'> <InPorts = 2> <OutPorts = 1>
ST_1 : Operation 24 [1/1] (0.73ns)   --->   "%smax1 = select i1 %empty_27, i31 %empty, i31 0"   --->   Operation 24 'select' 'smax1' <Predicate = true> <Delay = 0.73> <CoreInst = "Sel">   --->   Core 73 'Sel' <Latency = 0> <II = 1> <Delay = 0.73> <FuncUnit> <Opcode : 'select'> <InPorts = 3> <OutPorts = 1>
ST_1 : Operation 25 [1/1] (2.55ns)   --->   "%icmp_ln33_1 = icmp_slt  i32 %height_read, i32 3" [blur_opt.cpp:33]   --->   Operation 25 'icmp' 'icmp_ln33_1' <Predicate = true> <Delay = 2.55> <CoreInst = "Cmp">   --->   Core 9 'Cmp' <Latency = 0> <II = 1> <Delay = 2.55> <FuncUnit> <Opcode : 'seteq' 'setne' 'setle' 'setge' 'setlt' 'setgt'> <InPorts = 2> <OutPorts = 1>

State 2 <SV = 1> <Delay = 6.91>
ST_2 : Operation 26 [1/1] (0.00ns)   --->   "%zext_ln10 = zext i31 %smax" [blur_opt.cpp:10->blur_opt.cpp:32]   --->   Operation 26 'zext' 'zext_ln10' <Predicate = true> <Delay = 0.00>
ST_2 : Operation 27 [1/1] (0.00ns)   --->   "%zext_ln10_1 = zext i31 %smax1" [blur_opt.cpp:10->blur_opt.cpp:32]   --->   Operation 27 'zext' 'zext_ln10_1' <Predicate = true> <Delay = 0.00>
ST_2 : Operation 28 [2/2] (6.91ns)   --->   "%mul_ln10 = mul i62 %zext_ln10, i62 %zext_ln10_1" [blur_opt.cpp:10->blur_opt.cpp:32]   --->   Operation 28 'mul' 'mul_ln10' <Predicate = true> <Delay = 6.91> <CoreInst = "Multiplier">   --->   Core 3 'Multiplier' <Latency = 1> <II = 1> <Delay = 6.91> <FuncUnit> <Opcode : 'mul'> <InPorts = 2> <OutPorts = 1>

State 3 <SV = 2> <Delay = 6.91>
ST_3 : Operation 29 [2/2] (0.00ns)   --->   "%call_ln0 = call void @linebuffer_box3_base<int>_Pipeline_1, i8 %linebuf_1, i8 %linebuf"   --->   Operation 29 'call' 'call_ln0' <Predicate = true> <Delay = 0.00> <CoreType = "Generic">   --->   Generic Core
ST_3 : Operation 30 [2/2] (0.00ns)   --->   "%call_ln0 = call void @linebuffer_box3_base<int>_Pipeline_2, i8 %window_5_loc, i8 %window_4_loc, i8 %window_3_loc, i8 %window_2_loc, i8 %window_1_loc, i8 %window_loc"   --->   Operation 30 'call' 'call_ln0' <Predicate = true> <Delay = 0.00> <CoreType = "Generic">   --->   Generic Core
ST_3 : Operation 31 [1/2] (6.91ns)   --->   "%mul_ln10 = mul i62 %zext_ln10, i62 %zext_ln10_1" [blur_opt.cpp:10->blur_opt.cpp:32]   --->   Operation 31 'mul' 'mul_ln10' <Predicate = true> <Delay = 6.91> <CoreInst = "Multiplier">   --->   Core 3 'Multiplier' <Latency = 1> <II = 1> <Delay = 6.91> <FuncUnit> <Opcode : 'mul'> <InPorts = 2> <OutPorts = 1>
ST_3 : Operation 32 [2/2] (0.00ns)   --->   "%call_ln10 = call void @linebuffer_box3_base<int>_Pipeline_VITIS_LOOP_15_1_VITIS_LOOP_16_2, i32 %width_read, i62 %mul_ln10, i8 %input_r, i8 %output_r" [blur_opt.cpp:10->blur_opt.cpp:32]   --->   Operation 32 'call' 'call_ln10' <Predicate = true> <Delay = 0.00> <CoreType = "Generic">   --->   Generic Core
ST_3 : Operation 33 [1/1] (2.55ns)   --->   "%icmp_ln33 = icmp_slt  i32 %width_read, i32 3" [blur_opt.cpp:33]   --->   Operation 33 'icmp' 'icmp_ln33' <Predicate = true> <Delay = 2.55> <CoreInst = "Cmp">   --->   Core 9 'Cmp' <Latency = 0> <II = 1> <Delay = 2.55> <FuncUnit> <Opcode : 'seteq' 'setne' 'setle' 'setge' 'setlt' 'setgt'> <InPorts = 2> <OutPorts = 1>
ST_3 : Operation 34 [1/1] (0.97ns)   --->   "%or_ln33 = or i1 %icmp_ln33, i1 %icmp_ln33_1" [blur_opt.cpp:33]   --->   Operation 34 'or' 'or_ln33' <Predicate = true> <Delay = 0.97> <CoreInst = "LogicGate">   --->   Core 74 'LogicGate' <Latency = 0> <II = 1> <Delay = 0.97> <FuncUnit> <Opcode : 'and' 'or' 'xor'> <InPorts = 2> <OutPorts = 1>

State 4 <SV = 3> <Delay = 4.91>
ST_4 : Operation 35 [1/2] (4.72ns)   --->   "%call_ln0 = call void @linebuffer_box3_base<int>_Pipeline_1, i8 %linebuf_1, i8 %linebuf"   --->   Operation 35 'call' 'call_ln0' <Predicate = true> <Delay = 4.72> <CoreType = "Generic">   --->   Generic Core
ST_4 : Operation 36 [1/2] (4.91ns)   --->   "%call_ln0 = call void @linebuffer_box3_base<int>_Pipeline_2, i8 %window_5_loc, i8 %window_4_loc, i8 %window_3_loc, i8 %window_2_loc, i8 %window_1_loc, i8 %window_loc"   --->   Operation 36 'call' 'call_ln0' <Predicate = true> <Delay = 4.91> <CoreType = "Generic">   --->   Generic Core
ST_4 : Operation 37 [1/2] (0.00ns)   --->   "%call_ln10 = call void @linebuffer_box3_base<int>_Pipeline_VITIS_LOOP_15_1_VITIS_LOOP_16_2, i32 %width_read, i62 %mul_ln10, i8 %input_r, i8 %output_r" [blur_opt.cpp:10->blur_opt.cpp:32]   --->   Operation 37 'call' 'call_ln10' <Predicate = true> <Delay = 0.00> <CoreType = "Generic">   --->   Generic Core

State 5 <SV = 4> <Delay = 6.91>
ST_5 : Operation 38 [1/1] (0.00ns)   --->   "%specinterface_ln0 = specinterface void @_ssdm_op_SpecInterface, i8 %output_r, void @empty, i32 0, i32 0, void @empty_0, i32 4294967295, i32 0, void @empty_0, void @empty_0, void @empty_0, i32 0, i32 0, i32 0, i32 0, void @empty_0, void @empty_0, i32 4294967295, i32 0, i32 0, i32 0"   --->   Operation 38 'specinterface' 'specinterface_ln0' <Predicate = true> <Delay = 0.00>
ST_5 : Operation 39 [1/1] (0.00ns)   --->   "%specinterface_ln0 = specinterface void @_ssdm_op_SpecInterface, i8 %input_r, void @empty, i32 0, i32 0, void @empty_0, i32 4294967295, i32 0, void @empty_0, void @empty_0, void @empty_0, i32 0, i32 0, i32 0, i32 0, void @empty_0, void @empty_0, i32 4294967295, i32 0, i32 0, i32 0"   --->   Operation 39 'specinterface' 'specinterface_ln0' <Predicate = true> <Delay = 0.00>
ST_5 : Operation 40 [1/1] (0.00ns)   --->   "%window_5_loc_load = load i8 %window_5_loc"   --->   Operation 40 'load' 'window_5_loc_load' <Predicate = true> <Delay = 0.00>
ST_5 : Operation 41 [1/1] (0.00ns)   --->   "%window_4_loc_load = load i8 %window_4_loc"   --->   Operation 41 'load' 'window_4_loc_load' <Predicate = true> <Delay = 0.00>
ST_5 : Operation 42 [1/1] (0.00ns)   --->   "%window_3_loc_load = load i8 %window_3_loc"   --->   Operation 42 'load' 'window_3_loc_load' <Predicate = true> <Delay = 0.00>
ST_5 : Operation 43 [1/1] (0.00ns)   --->   "%window_2_loc_load = load i8 %window_2_loc"   --->   Operation 43 'load' 'window_2_loc_load' <Predicate = true> <Delay = 0.00>
ST_5 : Operation 44 [1/1] (0.00ns)   --->   "%window_1_loc_load = load i8 %window_1_loc"   --->   Operation 44 'load' 'window_1_loc_load' <Predicate = true> <Delay = 0.00>
ST_5 : Operation 45 [1/1] (0.00ns)   --->   "%window_loc_load = load i8 %window_loc"   --->   Operation 45 'load' 'window_loc_load' <Predicate = true> <Delay = 0.00>
ST_5 : Operation 46 [1/1] (0.00ns)   --->   "%br_ln33 = br i1 %or_ln33, void %VITIS_LOOP_37_1, void %cleanup" [blur_opt.cpp:33]   --->   Operation 46 'br' 'br_ln33' <Predicate = true> <Delay = 0.00>
ST_5 : Operation 47 [1/1] (0.00ns)   --->   "%zext_ln37 = zext i31 %empty_25" [blur_opt.cpp:37]   --->   Operation 47 'zext' 'zext_ln37' <Predicate = (!or_ln33)> <Delay = 0.00>
ST_5 : Operation 48 [1/1] (0.00ns)   --->   "%zext_ln37_1 = zext i31 %empty" [blur_opt.cpp:37]   --->   Operation 48 'zext' 'zext_ln37_1' <Predicate = (!or_ln33)> <Delay = 0.00>
ST_5 : Operation 49 [2/2] (6.91ns)   --->   "%mul_ln37 = mul i62 %zext_ln37, i62 %zext_ln37_1" [blur_opt.cpp:37]   --->   Operation 49 'mul' 'mul_ln37' <Predicate = (!or_ln33)> <Delay = 6.91> <CoreInst = "Multiplier">   --->   Core 3 'Multiplier' <Latency = 1> <II = 1> <Delay = 6.91> <FuncUnit> <Opcode : 'mul'> <InPorts = 2> <OutPorts = 1>

State 6 <SV = 5> <Delay = 6.91>
ST_6 : Operation 50 [1/2] (6.91ns)   --->   "%mul_ln37 = mul i62 %zext_ln37, i62 %zext_ln37_1" [blur_opt.cpp:37]   --->   Operation 50 'mul' 'mul_ln37' <Predicate = true> <Delay = 6.91> <CoreInst = "Multiplier">   --->   Core 3 'Multiplier' <Latency = 1> <II = 1> <Delay = 6.91> <FuncUnit> <Opcode : 'mul'> <InPorts = 2> <OutPorts = 1>

State 7 <SV = 6> <Delay = 1.58>
ST_7 : Operation 51 [2/2] (1.58ns)   --->   "%call_ln37 = call void @linebuffer_box3_base<int>_Pipeline_VITIS_LOOP_37_1_VITIS_LOOP_38_2, i8 %window_5_loc_load, i8 %window_4_loc_load, i8 %window_3_loc_load, i8 %window_2_loc_load, i8 %window_1_loc_load, i8 %window_loc_load, i31 %empty, i62 %mul_ln37, i8 %input_r, i8 %linebuf_1, i8 %linebuf, i8 %output_r" [blur_opt.cpp:37]   --->   Operation 51 'call' 'call_ln37' <Predicate = true> <Delay = 1.58> <CoreType = "Generic">   --->   Generic Core

State 8 <SV = 7> <Delay = 0.00>
ST_8 : Operation 52 [1/2] (0.00ns)   --->   "%call_ln37 = call void @linebuffer_box3_base<int>_Pipeline_VITIS_LOOP_37_1_VITIS_LOOP_38_2, i8 %window_5_loc_load, i8 %window_4_loc_load, i8 %window_3_loc_load, i8 %window_2_loc_load, i8 %window_1_loc_load, i8 %window_loc_load, i31 %empty, i62 %mul_ln37, i8 %input_r, i8 %linebuf_1, i8 %linebuf, i8 %output_r" [blur_opt.cpp:37]   --->   Operation 52 'call' 'call_ln37' <Predicate = (!or_ln33)> <Delay = 0.00> <CoreType = "Generic">   --->   Generic Core
ST_8 : Operation 53 [1/1] (0.00ns)   --->   "%br_ln0 = br void %cleanup"   --->   Operation 53 'br' 'br_ln0' <Predicate = (!or_ln33)> <Delay = 0.00>
ST_8 : Operation 54 [1/1] (0.00ns)   --->   "%ret_ln64 = ret" [blur_opt.cpp:64]   --->   Operation 54 'ret' 'ret_ln64' <Predicate = true> <Delay = 0.00>


============================================================
+ Verbose Summary: Binding
============================================================
STG Binding: 
---------------- STG Properties BEGIN ----------------
- Is combinational: 0
- Is one-state seq: 0
- Is datapath-only: 0
- Is pipelined: 0
- Is top level: 0
Port [ Return ] is wired: 1; IO mode=ap_ctrl_hs:ce=0
Port [ input_r]:  wired=1; compound=1; hidden=0; nouse=0; global=0; static=0; extern=0; dir=0; type=1; pingpong=0; private_global=0; MemPort=[13]; IO mode=ap_memory:ce=0
Port [ output_r]:  wired=1; compound=1; hidden=0; nouse=0; global=0; static=0; extern=0; dir=1; type=1; pingpong=0; private_global=0; MemPort=[03]; IO mode=ap_memory:ce=0
Port [ width]:  wired=1; compound=0; hidden=0; nouse=0; global=0; static=0; extern=0; dir=0; type=0; pingpong=0; private_global=0; IO mode=ap_none:ce=0
Port [ height]:  wired=1; compound=0; hidden=0; nouse=0; global=0; static=0; extern=0; dir=0; type=0; pingpong=0; private_global=0; IO mode=ap_none:ce=0
---------------- STG Properties END ------------------

---------------- Datapath Model BEGIN ----------------

<LifeTime>
<method=bitvector/>
height_read       (read         ) [ 000000000]
width_read        (read         ) [ 001110000]
empty             (trunc        ) [ 001111111]
empty_25          (trunc        ) [ 001111000]
window_loc        (alloca       ) [ 001111000]
window_1_loc      (alloca       ) [ 001111000]
window_2_loc      (alloca       ) [ 001111000]
window_3_loc      (alloca       ) [ 001111000]
window_4_loc      (alloca       ) [ 001111000]
window_5_loc      (alloca       ) [ 001111000]
linebuf           (alloca       ) [ 001111111]
linebuf_1         (alloca       ) [ 001111111]
empty_26          (icmp         ) [ 000000000]
smax              (select       ) [ 001000000]
empty_27          (icmp         ) [ 000000000]
smax1             (select       ) [ 001000000]
icmp_ln33_1       (icmp         ) [ 001100000]
zext_ln10         (zext         ) [ 000100000]
zext_ln10_1       (zext         ) [ 000100000]
mul_ln10          (mul          ) [ 000010000]
icmp_ln33         (icmp         ) [ 000000000]
or_ln33           (or           ) [ 000011111]
call_ln0          (call         ) [ 000000000]
call_ln0          (call         ) [ 000000000]
call_ln10         (call         ) [ 000000000]
specinterface_ln0 (specinterface) [ 000000000]
specinterface_ln0 (specinterface) [ 000000000]
window_5_loc_load (load         ) [ 000000111]
window_4_loc_load (load         ) [ 000000111]
window_3_loc_load (load         ) [ 000000111]
window_2_loc_load (load         ) [ 000000111]
window_1_loc_load (load         ) [ 000000111]
window_loc_load   (load         ) [ 000000111]
br_ln33           (br           ) [ 000000000]
zext_ln37         (zext         ) [ 000000100]
zext_ln37_1       (zext         ) [ 000000100]
mul_ln37          (mul          ) [ 000000011]
call_ln37         (call         ) [ 000000000]
br_ln0            (br           ) [ 000000000]
ret_ln64          (ret          ) [ 000000000]
</LifeTime>

<model>

<comp_list>
<comp id="0" class="1000" name="input_r">
<pin_list>
<pin id="1" dir="1" index="0" bw="1" slack="0"/>
</pin_list>
<bind>
<StgValue><ssdm name="input_r"/><MemPortTyVec>1 3 </MemPortTyVec>
</StgValue>
</bind>
</comp>

<comp id="2" class="1000" name="output_r">
<pin_list>
<pin id="3" dir="1" index="0" bw="1" slack="0"/>
</pin_list>
<bind>
<StgValue><ssdm name="output_r"/><MemPortTyVec>0 3 </MemPortTyVec>
</StgValue>
</bind>
</comp>

<comp id="4" class="1000" name="width">
<pin_list>
<pin id="5" dir="1" index="0" bw="1" slack="0"/>
</pin_list>
<bind>
<StgValue><ssdm name="width"/></StgValue>
</bind>
</comp>

<comp id="6" class="1000" name="height">
<pin_list>
<pin id="7" dir="1" index="0" bw="1" slack="0"/>
</pin_list>
<bind>
<StgValue><ssdm name="height"/></StgValue>
</bind>
</comp>

<comp id="8" class="1001" name="const_8">
<pin_list>
<pin id="9" dir="1" index="0" bw="1" slack="0"/>
</pin_list>
<bind>
<StgValue><ssdm name="_ssdm_op_Read.ap_auto.i32"/></StgValue>
</bind>
</comp>

<comp id="10" class="1001" name="const_10">
<pin_list>
<pin id="11" dir="1" index="0" bw="1" slack="0"/>
</pin_list>
<bind>
<StgValue><ssdm name=""/></StgValue>
</bind>
</comp>

<comp id="12" class="1001" name="const_12">
<pin_list>
<pin id="13" dir="1" index="0" bw="1" slack="0"/>
</pin_list>
<bind>
<StgValue><ssdm name=""/></StgValue>
</bind>
</comp>

<comp id="14" class="1001" name="const_14">
<pin_list>
<pin id="15" dir="1" index="0" bw="1" slack="0"/>
</pin_list>
<bind>
<StgValue><ssdm name=""/></StgValue>
</bind>
</comp>

<comp id="16" class="1001" name="const_16">
<pin_list>
<pin id="17" dir="1" index="0" bw="1" slack="0"/>
</pin_list>
<bind>
<StgValue><ssdm name=""/></StgValue>
</bind>
</comp>

<comp id="18" class="1001" name="const_18">
<pin_list>
<pin id="19" dir="1" index="0" bw="1" slack="0"/>
</pin_list>
<bind>
<StgValue><ssdm name="linebuffer_box3_base<int>_Pipeline_1"/></StgValue>
</bind>
</comp>

<comp id="20" class="1001" name="const_20">
<pin_list>
<pin id="21" dir="1" index="0" bw="1" slack="0"/>
</pin_list>
<bind>
<StgValue><ssdm name="linebuffer_box3_base<int>_Pipeline_2"/></StgValue>
</bind>
</comp>

<comp id="22" class="1001" name="const_22">
<pin_list>
<pin id="23" dir="1" index="0" bw="1" slack="0"/>
</pin_list>
<bind>
<StgValue><ssdm name="linebuffer_box3_base<int>_Pipeline_VITIS_LOOP_15_1_VITIS_LOOP_16_2"/></StgValue>
</bind>
</comp>

<comp id="24" class="1001" name="const_24">
<pin_list>
<pin id="25" dir="1" index="0" bw="1" slack="2147483647"/>
</pin_list>
<bind>
<StgValue><ssdm name="_ssdm_op_SpecInterface"/></StgValue>
</bind>
</comp>

<comp id="26" class="1001" name="const_26">
<pin_list>
<pin id="27" dir="1" index="0" bw="1" slack="2147483647"/>
</pin_list>
<bind>
<StgValue><ssdm name="empty"/></StgValue>
</bind>
</comp>

<comp id="28" class="1001" name="const_28">
<pin_list>
<pin id="29" dir="1" index="0" bw="1" slack="2147483647"/>
</pin_list>
<bind>
<StgValue><ssdm name="empty_0"/></StgValue>
</bind>
</comp>

<comp id="30" class="1001" name="const_30">
<pin_list>
<pin id="31" dir="1" index="0" bw="1" slack="2147483647"/>
</pin_list>
<bind>
<StgValue><ssdm name=""/></StgValue>
</bind>
</comp>

<comp id="32" class="1001" name="const_32">
<pin_list>
<pin id="33" dir="1" index="0" bw="1" slack="0"/>
</pin_list>
<bind>
<StgValue><ssdm name="linebuffer_box3_base<int>_Pipeline_VITIS_LOOP_37_1_VITIS_LOOP_38_2"/></StgValue>
</bind>
</comp>

<comp id="34" class="1004" name="window_loc_fu_34">
<pin_list>
<pin id="35" dir="0" index="0" bw="1" slack="0"/>
<pin id="36" dir="1" index="1" bw="8" slack="2"/>
</pin_list>
<bind>
<opcode="alloca(26) " fcode="alloca"/>
<opset="window_loc/1 "/>
</bind>
</comp>

<comp id="38" class="1004" name="window_1_loc_fu_38">
<pin_list>
<pin id="39" dir="0" index="0" bw="1" slack="0"/>
<pin id="40" dir="1" index="1" bw="8" slack="2"/>
</pin_list>
<bind>
<opcode="alloca(26) " fcode="alloca"/>
<opset="window_1_loc/1 "/>
</bind>
</comp>

<comp id="42" class="1004" name="window_2_loc_fu_42">
<pin_list>
<pin id="43" dir="0" index="0" bw="1" slack="0"/>
<pin id="44" dir="1" index="1" bw="8" slack="2"/>
</pin_list>
<bind>
<opcode="alloca(26) " fcode="alloca"/>
<opset="window_2_loc/1 "/>
</bind>
</comp>

<comp id="46" class="1004" name="window_3_loc_fu_46">
<pin_list>
<pin id="47" dir="0" index="0" bw="1" slack="0"/>
<pin id="48" dir="1" index="1" bw="8" slack="2"/>
</pin_list>
<bind>
<opcode="alloca(26) " fcode="alloca"/>
<opset="window_3_loc/1 "/>
</bind>
</comp>

<comp id="50" class="1004" name="window_4_loc_fu_50">
<pin_list>
<pin id="51" dir="0" index="0" bw="1" slack="0"/>
<pin id="52" dir="1" index="1" bw="8" slack="2"/>
</pin_list>
<bind>
<opcode="alloca(26) " fcode="alloca"/>
<opset="window_4_loc/1 "/>
</bind>
</comp>

<comp id="54" class="1004" name="window_5_loc_fu_54">
<pin_list>
<pin id="55" dir="0" index="0" bw="1" slack="0"/>
<pin id="56" dir="1" index="1" bw="8" slack="2"/>
</pin_list>
<bind>
<opcode="alloca(26) " fcode="alloca"/>
<opset="window_5_loc/1 "/>
</bind>
</comp>

<comp id="58" class="1004" name="linebuf_alloca_fu_58">
<pin_list>
<pin id="59" dir="0" index="0" bw="1" slack="0"/>
<pin id="60" dir="1" index="1" bw="8" slack="2147483647"/>
</pin_list>
<bind>
<opcode="alloca(26) " fcode="alloca"/>
<opset="linebuf/1 "/>
</bind>
</comp>

<comp id="62" class="1004" name="linebuf_1_alloca_fu_62">
<pin_list>
<pin id="63" dir="0" index="0" bw="1" slack="0"/>
<pin id="64" dir="1" index="1" bw="8" slack="2147483647"/>
</pin_list>
<bind>
<opcode="alloca(26) " fcode="alloca"/>
<opset="linebuf_1/1 "/>
</bind>
</comp>

<comp id="66" class="1004" name="height_read_read_fu_66">
<pin_list>
<pin id="67" dir="0" index="0" bw="32" slack="0"/>
<pin id="68" dir="0" index="1" bw="32" slack="0"/>
<pin id="69" dir="1" index="2" bw="32" slack="0"/>
</pin_list>
<bind>
<opcode="read(1150) " fcode="read"/>
<opset="height_read/1 "/>
</bind>
</comp>

<comp id="72" class="1004" name="width_read_read_fu_72">
<pin_list>
<pin id="73" dir="0" index="0" bw="32" slack="0"/>
<pin id="74" dir="0" index="1" bw="32" slack="0"/>
<pin id="75" dir="1" index="2" bw="32" slack="0"/>
</pin_list>
<bind>
<opcode="read(1150) " fcode="read"/>
<opset="width_read/1 "/>
</bind>
</comp>

<comp id="78" class="1004" name="grp_linebuffer_box3_base_int_Pipeline_1_fu_78">
<pin_list>
<pin id="79" dir="0" index="0" bw="0" slack="0"/>
<pin id="80" dir="0" index="1" bw="8" slack="2147483647"/>
<pin id="81" dir="0" index="2" bw="8" slack="2147483647"/>
<pin id="82" dir="1" index="3" bw="0" slack="2147483647"/>
</pin_list>
<bind>
<opcode="call(48) " fcode="call"/>
<opset="call_ln0/3 "/>
</bind>
</comp>

<comp id="84" class="1004" name="grp_linebuffer_box3_base_int_Pipeline_2_fu_84">
<pin_list>
<pin id="85" dir="0" index="0" bw="0" slack="0"/>
<pin id="86" dir="0" index="1" bw="8" slack="2"/>
<pin id="87" dir="0" index="2" bw="8" slack="2"/>
<pin id="88" dir="0" index="3" bw="8" slack="2"/>
<pin id="89" dir="0" index="4" bw="8" slack="2"/>
<pin id="90" dir="0" index="5" bw="8" slack="2"/>
<pin id="91" dir="0" index="6" bw="8" slack="2"/>
<pin id="92" dir="1" index="7" bw="0" slack="2147483647"/>
</pin_list>
<bind>
<opcode="call(48) " fcode="call"/>
<opset="call_ln0/3 "/>
</bind>
</comp>

<comp id="94" class="1004" name="grp_linebuffer_box3_base_int_Pipeline_VITIS_LOOP_15_1_VITIS_LOOP_16_2_fu_94">
<pin_list>
<pin id="95" dir="0" index="0" bw="0" slack="0"/>
<pin id="96" dir="0" index="1" bw="32" slack="2"/>
<pin id="97" dir="0" index="2" bw="62" slack="0"/>
<pin id="98" dir="0" index="3" bw="8" slack="0"/>
<pin id="99" dir="0" index="4" bw="8" slack="0"/>
<pin id="100" dir="1" index="5" bw="0" slack="2147483647"/>
</pin_list>
<bind>
<opcode="call(48) " fcode="call"/>
<opset="call_ln10/3 "/>
</bind>
</comp>

<comp id="104" class="1004" name="grp_linebuffer_box3_base_int_Pipeline_VITIS_LOOP_37_1_VITIS_LOOP_38_2_fu_104">
<pin_list>
<pin id="105" dir="0" index="0" bw="0" slack="0"/>
<pin id="106" dir="0" index="1" bw="8" slack="2147483647"/>
<pin id="107" dir="0" index="2" bw="8" slack="2147483647"/>
<pin id="108" dir="0" index="3" bw="8" slack="2147483647"/>
<pin id="109" dir="0" index="4" bw="8" slack="2147483647"/>
<pin id="110" dir="0" index="5" bw="8" slack="2147483647"/>
<pin id="111" dir="0" index="6" bw="8" slack="2147483647"/>
<pin id="112" dir="0" index="7" bw="31" slack="6"/>
<pin id="113" dir="0" index="8" bw="62" slack="1"/>
<pin id="114" dir="0" index="9" bw="8" slack="0"/>
<pin id="115" dir="0" index="10" bw="8" slack="2147483647"/>
<pin id="116" dir="0" index="11" bw="8" slack="2147483647"/>
<pin id="117" dir="0" index="12" bw="8" slack="0"/>
<pin id="118" dir="1" index="13" bw="0" slack="2147483647"/>
</pin_list>
<bind>
<opcode="call(48) " fcode="call"/>
<opset="call_ln37/7 "/>
</bind>
</comp>

<comp id="122" class="1004" name="grp_fu_122">
<pin_list>
<pin id="123" dir="0" index="0" bw="31" slack="0"/>
<pin id="124" dir="0" index="1" bw="31" slack="0"/>
<pin id="125" dir="1" index="2" bw="62" slack="0"/>
</pin_list>
<bind>
<opcode="mul(12) " fcode="mul"/>
<opset="mul_ln10/2 mul_ln37/5 "/>
</bind>
</comp>

<comp id="127" class="1005" name="reg_127">
<pin_list>
<pin id="128" dir="0" index="0" bw="62" slack="1"/>
<pin id="129" dir="1" index="1" bw="62" slack="1"/>
</pin_list>
<bind>
<opset="mul_ln10 mul_ln37 "/>
</bind>
</comp>

<comp id="133" class="1004" name="empty_fu_133">
<pin_list>
<pin id="134" dir="0" index="0" bw="32" slack="0"/>
<pin id="135" dir="1" index="1" bw="31" slack="0"/>
</pin_list>
<bind>
<opcode="trunc(33) " fcode="trunc"/>
<opset="empty/1 "/>
</bind>
</comp>

<comp id="137" class="1004" name="empty_25_fu_137">
<pin_list>
<pin id="138" dir="0" index="0" bw="32" slack="0"/>
<pin id="139" dir="1" index="1" bw="31" slack="0"/>
</pin_list>
<bind>
<opcode="trunc(33) " fcode="trunc"/>
<opset="empty_25/1 "/>
</bind>
</comp>

<comp id="141" class="1004" name="empty_26_fu_141">
<pin_list>
<pin id="142" dir="0" index="0" bw="32" slack="0"/>
<pin id="143" dir="0" index="1" bw="32" slack="0"/>
<pin id="144" dir="1" index="2" bw="1" slack="0"/>
</pin_list>
<bind>
<opcode="icmp(45) " fcode="icmp"/>
<opset="empty_26/1 "/>
</bind>
</comp>

<comp id="147" class="1004" name="smax_fu_147">
<pin_list>
<pin id="148" dir="0" index="0" bw="1" slack="0"/>
<pin id="149" dir="0" index="1" bw="31" slack="0"/>
<pin id="150" dir="0" index="2" bw="31" slack="0"/>
<pin id="151" dir="1" index="3" bw="31" slack="1"/>
</pin_list>
<bind>
<opcode="select(49) " fcode="select"/>
<opset="smax/1 "/>
</bind>
</comp>

<comp id="155" class="1004" name="empty_27_fu_155">
<pin_list>
<pin id="156" dir="0" index="0" bw="32" slack="0"/>
<pin id="157" dir="0" index="1" bw="32" slack="0"/>
<pin id="158" dir="1" index="2" bw="1" slack="0"/>
</pin_list>
<bind>
<opcode="icmp(45) " fcode="icmp"/>
<opset="empty_27/1 "/>
</bind>
</comp>

<comp id="161" class="1004" name="smax1_fu_161">
<pin_list>
<pin id="162" dir="0" index="0" bw="1" slack="0"/>
<pin id="163" dir="0" index="1" bw="31" slack="0"/>
<pin id="164" dir="0" index="2" bw="31" slack="0"/>
<pin id="165" dir="1" index="3" bw="31" slack="1"/>
</pin_list>
<bind>
<opcode="select(49) " fcode="select"/>
<opset="smax1/1 "/>
</bind>
</comp>

<comp id="169" class="1004" name="icmp_ln33_1_fu_169">
<pin_list>
<pin id="170" dir="0" index="0" bw="32" slack="0"/>
<pin id="171" dir="0" index="1" bw="32" slack="0"/>
<pin id="172" dir="1" index="2" bw="1" slack="2"/>
</pin_list>
<bind>
<opcode="icmp(45) " fcode="icmp"/>
<opset="icmp_ln33_1/1 "/>
</bind>
</comp>

<comp id="175" class="1004" name="zext_ln10_fu_175">
<pin_list>
<pin id="176" dir="0" index="0" bw="31" slack="1"/>
<pin id="177" dir="1" index="1" bw="62" slack="0"/>
</pin_list>
<bind>
<opcode="zext(34) " fcode="zext"/>
<opset="zext_ln10/2 "/>
</bind>
</comp>

<comp id="179" class="1004" name="zext_ln10_1_fu_179">
<pin_list>
<pin id="180" dir="0" index="0" bw="31" slack="1"/>
<pin id="181" dir="1" index="1" bw="62" slack="0"/>
</pin_list>
<bind>
<opcode="zext(34) " fcode="zext"/>
<opset="zext_ln10_1/2 "/>
</bind>
</comp>

<comp id="183" class="1004" name="icmp_ln33_fu_183">
<pin_list>
<pin id="184" dir="0" index="0" bw="32" slack="2"/>
<pin id="185" dir="0" index="1" bw="32" slack="0"/>
<pin id="186" dir="1" index="2" bw="1" slack="0"/>
</pin_list>
<bind>
<opcode="icmp(45) " fcode="icmp"/>
<opset="icmp_ln33/3 "/>
</bind>
</comp>

<comp id="188" class="1004" name="or_ln33_fu_188">
<pin_list>
<pin id="189" dir="0" index="0" bw="1" slack="0"/>
<pin id="190" dir="0" index="1" bw="1" slack="2"/>
<pin id="191" dir="1" index="2" bw="1" slack="2"/>
</pin_list>
<bind>
<opcode="or(24) " fcode="or"/>
<opset="or_ln33/3 "/>
</bind>
</comp>

<comp id="193" class="1004" name="window_5_loc_load_load_fu_193">
<pin_list>
<pin id="194" dir="0" index="0" bw="8" slack="4"/>
<pin id="195" dir="1" index="1" bw="8" slack="2147483647"/>
</pin_list>
<bind>
<opcode="load(27) " fcode="load"/>
<opset="window_5_loc_load/5 "/>
</bind>
</comp>

<comp id="196" class="1004" name="window_4_loc_load_load_fu_196">
<pin_list>
<pin id="197" dir="0" index="0" bw="8" slack="4"/>
<pin id="198" dir="1" index="1" bw="8" slack="2147483647"/>
</pin_list>
<bind>
<opcode="load(27) " fcode="load"/>
<opset="window_4_loc_load/5 "/>
</bind>
</comp>

<comp id="199" class="1004" name="window_3_loc_load_load_fu_199">
<pin_list>
<pin id="200" dir="0" index="0" bw="8" slack="4"/>
<pin id="201" dir="1" index="1" bw="8" slack="2147483647"/>
</pin_list>
<bind>
<opcode="load(27) " fcode="load"/>
<opset="window_3_loc_load/5 "/>
</bind>
</comp>

<comp id="202" class="1004" name="window_2_loc_load_load_fu_202">
<pin_list>
<pin id="203" dir="0" index="0" bw="8" slack="4"/>
<pin id="204" dir="1" index="1" bw="8" slack="2147483647"/>
</pin_list>
<bind>
<opcode="load(27) " fcode="load"/>
<opset="window_2_loc_load/5 "/>
</bind>
</comp>

<comp id="205" class="1004" name="window_1_loc_load_load_fu_205">
<pin_list>
<pin id="206" dir="0" index="0" bw="8" slack="4"/>
<pin id="207" dir="1" index="1" bw="8" slack="2147483647"/>
</pin_list>
<bind>
<opcode="load(27) " fcode="load"/>
<opset="window_1_loc_load/5 "/>
</bind>
</comp>

<comp id="208" class="1004" name="window_loc_load_load_fu_208">
<pin_list>
<pin id="209" dir="0" index="0" bw="8" slack="4"/>
<pin id="210" dir="1" index="1" bw="8" slack="2147483647"/>
</pin_list>
<bind>
<opcode="load(27) " fcode="load"/>
<opset="window_loc_load/5 "/>
</bind>
</comp>

<comp id="211" class="1004" name="zext_ln37_fu_211">
<pin_list>
<pin id="212" dir="0" index="0" bw="31" slack="4"/>
<pin id="213" dir="1" index="1" bw="62" slack="0"/>
</pin_list>
<bind>
<opcode="zext(34) " fcode="zext"/>
<opset="zext_ln37/5 "/>
</bind>
</comp>

<comp id="215" class="1004" name="zext_ln37_1_fu_215">
<pin_list>
<pin id="216" dir="0" index="0" bw="31" slack="4"/>
<pin id="217" dir="1" index="1" bw="62" slack="0"/>
</pin_list>
<bind>
<opcode="zext(34) " fcode="zext"/>
<opset="zext_ln37_1/5 "/>
</bind>
</comp>

<comp id="219" class="1005" name="width_read_reg_219">
<pin_list>
<pin id="220" dir="0" index="0" bw="32" slack="2"/>
<pin id="221" dir="1" index="1" bw="32" slack="2"/>
</pin_list>
<bind>
<opset="width_read "/>
</bind>
</comp>

<comp id="225" class="1005" name="empty_reg_225">
<pin_list>
<pin id="226" dir="0" index="0" bw="31" slack="4"/>
<pin id="227" dir="1" index="1" bw="31" slack="4"/>
</pin_list>
<bind>
<opset="empty "/>
</bind>
</comp>

<comp id="231" class="1005" name="empty_25_reg_231">
<pin_list>
<pin id="232" dir="0" index="0" bw="31" slack="4"/>
<pin id="233" dir="1" index="1" bw="31" slack="4"/>
</pin_list>
<bind>
<opset="empty_25 "/>
</bind>
</comp>

<comp id="236" class="1005" name="window_loc_reg_236">
<pin_list>
<pin id="237" dir="0" index="0" bw="8" slack="2"/>
<pin id="238" dir="1" index="1" bw="8" slack="2"/>
</pin_list>
<bind>
<opset="window_loc "/>
</bind>
</comp>

<comp id="242" class="1005" name="window_1_loc_reg_242">
<pin_list>
<pin id="243" dir="0" index="0" bw="8" slack="2"/>
<pin id="244" dir="1" index="1" bw="8" slack="2"/>
</pin_list>
<bind>
<opset="window_1_loc "/>
</bind>
</comp>

<comp id="248" class="1005" name="window_2_loc_reg_248">
<pin_list>
<pin id="249" dir="0" index="0" bw="8" slack="2"/>
<pin id="250" dir="1" index="1" bw="8" slack="2"/>
</pin_list>
<bind>
<opset="window_2_loc "/>
</bind>
</comp>

<comp id="254" class="1005" name="window_3_loc_reg_254">
<pin_list>
<pin id="255" dir="0" index="0" bw="8" slack="2"/>
<pin id="256" dir="1" index="1" bw="8" slack="2"/>
</pin_list>
<bind>
<opset="window_3_loc "/>
</bind>
</comp>

<comp id="260" class="1005" name="window_4_loc_reg_260">
<pin_list>
<pin id="261" dir="0" index="0" bw="8" slack="2"/>
<pin id="262" dir="1" index="1" bw="8" slack="2"/>
</pin_list>
<bind>
<opset="window_4_loc "/>
</bind>
</comp>

<comp id="266" class="1005" name="window_5_loc_reg_266">
<pin_list>
<pin id="267" dir="0" index="0" bw="8" slack="2"/>
<pin id="268" dir="1" index="1" bw="8" slack="2"/>
</pin_list>
<bind>
<opset="window_5_loc "/>
</bind>
</comp>

<comp id="272" class="1005" name="smax_reg_272">
<pin_list>
<pin id="273" dir="0" index="0" bw="31" slack="1"/>
<pin id="274" dir="1" index="1" bw="31" slack="1"/>
</pin_list>
<bind>
<opset="smax "/>
</bind>
</comp>

<comp id="277" class="1005" name="smax1_reg_277">
<pin_list>
<pin id="278" dir="0" index="0" bw="31" slack="1"/>
<pin id="279" dir="1" index="1" bw="31" slack="1"/>
</pin_list>
<bind>
<opset="smax1 "/>
</bind>
</comp>

<comp id="282" class="1005" name="icmp_ln33_1_reg_282">
<pin_list>
<pin id="283" dir="0" index="0" bw="1" slack="2"/>
<pin id="284" dir="1" index="1" bw="1" slack="2"/>
</pin_list>
<bind>
<opset="icmp_ln33_1 "/>
</bind>
</comp>

<comp id="287" class="1005" name="zext_ln10_reg_287">
<pin_list>
<pin id="288" dir="0" index="0" bw="62" slack="1"/>
<pin id="289" dir="1" index="1" bw="62" slack="1"/>
</pin_list>
<bind>
<opset="zext_ln10 "/>
</bind>
</comp>

<comp id="292" class="1005" name="zext_ln10_1_reg_292">
<pin_list>
<pin id="293" dir="0" index="0" bw="62" slack="1"/>
<pin id="294" dir="1" index="1" bw="62" slack="1"/>
</pin_list>
<bind>
<opset="zext_ln10_1 "/>
</bind>
</comp>

<comp id="297" class="1005" name="or_ln33_reg_297">
<pin_list>
<pin id="298" dir="0" index="0" bw="1" slack="2"/>
<pin id="299" dir="1" index="1" bw="1" slack="2147483647"/>
</pin_list>
<bind>
<opset="or_ln33 "/>
</bind>
</comp>

<comp id="319" class="1005" name="zext_ln37_reg_319">
<pin_list>
<pin id="320" dir="0" index="0" bw="62" slack="1"/>
<pin id="321" dir="1" index="1" bw="62" slack="1"/>
</pin_list>
<bind>
<opset="zext_ln37 "/>
</bind>
</comp>

<comp id="324" class="1005" name="zext_ln37_1_reg_324">
<pin_list>
<pin id="325" dir="0" index="0" bw="62" slack="1"/>
<pin id="326" dir="1" index="1" bw="62" slack="1"/>
</pin_list>
<bind>
<opset="zext_ln37_1 "/>
</bind>
</comp>

</comp_list>

<net_list>
<net id="37"><net_src comp="10" pin="0"/><net_sink comp="34" pin=0"/></net>

<net id="41"><net_src comp="10" pin="0"/><net_sink comp="38" pin=0"/></net>

<net id="45"><net_src comp="10" pin="0"/><net_sink comp="42" pin=0"/></net>

<net id="49"><net_src comp="10" pin="0"/><net_sink comp="46" pin=0"/></net>

<net id="53"><net_src comp="10" pin="0"/><net_sink comp="50" pin=0"/></net>

<net id="57"><net_src comp="10" pin="0"/><net_sink comp="54" pin=0"/></net>

<net id="61"><net_src comp="10" pin="0"/><net_sink comp="58" pin=0"/></net>

<net id="65"><net_src comp="10" pin="0"/><net_sink comp="62" pin=0"/></net>

<net id="70"><net_src comp="8" pin="0"/><net_sink comp="66" pin=0"/></net>

<net id="71"><net_src comp="6" pin="0"/><net_sink comp="66" pin=1"/></net>

<net id="76"><net_src comp="8" pin="0"/><net_sink comp="72" pin=0"/></net>

<net id="77"><net_src comp="4" pin="0"/><net_sink comp="72" pin=1"/></net>

<net id="83"><net_src comp="18" pin="0"/><net_sink comp="78" pin=0"/></net>

<net id="93"><net_src comp="20" pin="0"/><net_sink comp="84" pin=0"/></net>

<net id="101"><net_src comp="22" pin="0"/><net_sink comp="94" pin=0"/></net>

<net id="102"><net_src comp="0" pin="0"/><net_sink comp="94" pin=3"/></net>

<net id="103"><net_src comp="2" pin="0"/><net_sink comp="94" pin=4"/></net>

<net id="119"><net_src comp="32" pin="0"/><net_sink comp="104" pin=0"/></net>

<net id="120"><net_src comp="0" pin="0"/><net_sink comp="104" pin=9"/></net>

<net id="121"><net_src comp="2" pin="0"/><net_sink comp="104" pin=12"/></net>

<net id="126"><net_src comp="122" pin="2"/><net_sink comp="94" pin=2"/></net>

<net id="130"><net_src comp="122" pin="2"/><net_sink comp="127" pin=0"/></net>

<net id="131"><net_src comp="127" pin="1"/><net_sink comp="94" pin=2"/></net>

<net id="132"><net_src comp="127" pin="1"/><net_sink comp="104" pin=8"/></net>

<net id="136"><net_src comp="72" pin="2"/><net_sink comp="133" pin=0"/></net>

<net id="140"><net_src comp="66" pin="2"/><net_sink comp="137" pin=0"/></net>

<net id="145"><net_src comp="66" pin="2"/><net_sink comp="141" pin=0"/></net>

<net id="146"><net_src comp="12" pin="0"/><net_sink comp="141" pin=1"/></net>

<net id="152"><net_src comp="141" pin="2"/><net_sink comp="147" pin=0"/></net>

<net id="153"><net_src comp="137" pin="1"/><net_sink comp="147" pin=1"/></net>

<net id="154"><net_src comp="14" pin="0"/><net_sink comp="147" pin=2"/></net>

<net id="159"><net_src comp="72" pin="2"/><net_sink comp="155" pin=0"/></net>

<net id="160"><net_src comp="12" pin="0"/><net_sink comp="155" pin=1"/></net>

<net id="166"><net_src comp="155" pin="2"/><net_sink comp="161" pin=0"/></net>

<net id="167"><net_src comp="133" pin="1"/><net_sink comp="161" pin=1"/></net>

<net id="168"><net_src comp="14" pin="0"/><net_sink comp="161" pin=2"/></net>

<net id="173"><net_src comp="66" pin="2"/><net_sink comp="169" pin=0"/></net>

<net id="174"><net_src comp="16" pin="0"/><net_sink comp="169" pin=1"/></net>

<net id="178"><net_src comp="175" pin="1"/><net_sink comp="122" pin=0"/></net>

<net id="182"><net_src comp="179" pin="1"/><net_sink comp="122" pin=1"/></net>

<net id="187"><net_src comp="16" pin="0"/><net_sink comp="183" pin=1"/></net>

<net id="192"><net_src comp="183" pin="2"/><net_sink comp="188" pin=0"/></net>

<net id="214"><net_src comp="211" pin="1"/><net_sink comp="122" pin=0"/></net>

<net id="218"><net_src comp="215" pin="1"/><net_sink comp="122" pin=1"/></net>

<net id="222"><net_src comp="72" pin="2"/><net_sink comp="219" pin=0"/></net>

<net id="223"><net_src comp="219" pin="1"/><net_sink comp="94" pin=1"/></net>

<net id="224"><net_src comp="219" pin="1"/><net_sink comp="183" pin=0"/></net>

<net id="228"><net_src comp="133" pin="1"/><net_sink comp="225" pin=0"/></net>

<net id="229"><net_src comp="225" pin="1"/><net_sink comp="215" pin=0"/></net>

<net id="230"><net_src comp="225" pin="1"/><net_sink comp="104" pin=7"/></net>

<net id="234"><net_src comp="137" pin="1"/><net_sink comp="231" pin=0"/></net>

<net id="235"><net_src comp="231" pin="1"/><net_sink comp="211" pin=0"/></net>

<net id="239"><net_src comp="34" pin="1"/><net_sink comp="236" pin=0"/></net>

<net id="240"><net_src comp="236" pin="1"/><net_sink comp="84" pin=6"/></net>

<net id="241"><net_src comp="236" pin="1"/><net_sink comp="208" pin=0"/></net>

<net id="245"><net_src comp="38" pin="1"/><net_sink comp="242" pin=0"/></net>

<net id="246"><net_src comp="242" pin="1"/><net_sink comp="84" pin=5"/></net>

<net id="247"><net_src comp="242" pin="1"/><net_sink comp="205" pin=0"/></net>

<net id="251"><net_src comp="42" pin="1"/><net_sink comp="248" pin=0"/></net>

<net id="252"><net_src comp="248" pin="1"/><net_sink comp="84" pin=4"/></net>

<net id="253"><net_src comp="248" pin="1"/><net_sink comp="202" pin=0"/></net>

<net id="257"><net_src comp="46" pin="1"/><net_sink comp="254" pin=0"/></net>

<net id="258"><net_src comp="254" pin="1"/><net_sink comp="84" pin=3"/></net>

<net id="259"><net_src comp="254" pin="1"/><net_sink comp="199" pin=0"/></net>

<net id="263"><net_src comp="50" pin="1"/><net_sink comp="260" pin=0"/></net>

<net id="264"><net_src comp="260" pin="1"/><net_sink comp="84" pin=2"/></net>

<net id="265"><net_src comp="260" pin="1"/><net_sink comp="196" pin=0"/></net>

<net id="269"><net_src comp="54" pin="1"/><net_sink comp="266" pin=0"/></net>

<net id="270"><net_src comp="266" pin="1"/><net_sink comp="84" pin=1"/></net>

<net id="271"><net_src comp="266" pin="1"/><net_sink comp="193" pin=0"/></net>

<net id="275"><net_src comp="147" pin="3"/><net_sink comp="272" pin=0"/></net>

<net id="276"><net_src comp="272" pin="1"/><net_sink comp="175" pin=0"/></net>

<net id="280"><net_src comp="161" pin="3"/><net_sink comp="277" pin=0"/></net>

<net id="281"><net_src comp="277" pin="1"/><net_sink comp="179" pin=0"/></net>

<net id="285"><net_src comp="169" pin="2"/><net_sink comp="282" pin=0"/></net>

<net id="286"><net_src comp="282" pin="1"/><net_sink comp="188" pin=1"/></net>

<net id="290"><net_src comp="175" pin="1"/><net_sink comp="287" pin=0"/></net>

<net id="291"><net_src comp="287" pin="1"/><net_sink comp="122" pin=0"/></net>

<net id="295"><net_src comp="179" pin="1"/><net_sink comp="292" pin=0"/></net>

<net id="296"><net_src comp="292" pin="1"/><net_sink comp="122" pin=1"/></net>

<net id="300"><net_src comp="188" pin="2"/><net_sink comp="297" pin=0"/></net>

<net id="322"><net_src comp="211" pin="1"/><net_sink comp="319" pin=0"/></net>

<net id="323"><net_src comp="319" pin="1"/><net_sink comp="122" pin=0"/></net>

<net id="327"><net_src comp="215" pin="1"/><net_sink comp="324" pin=0"/></net>

<net id="328"><net_src comp="324" pin="1"/><net_sink comp="122" pin=1"/></net>

</net_list>

</model> 
---------------- Datapath Model END ------------------

* FSMD analyzer results:
  - Output states:
	Port: input_r | {}
	Port: output_r | {3 4 7 8 }
 - Input state : 
	Port: linebuffer_box3_base<int> : input_r | {3 4 7 8 }
	Port: linebuffer_box3_base<int> : output_r | {}
	Port: linebuffer_box3_base<int> : width | {1 }
	Port: linebuffer_box3_base<int> : height | {1 }
  - Chain level:
	State 1
		smax : 1
		smax1 : 1
	State 2
		mul_ln10 : 1
	State 3
		call_ln10 : 1
		or_ln33 : 1
	State 4
	State 5
		mul_ln37 : 1
	State 6
	State 7
	State 8


============================================================
+ Verbose Summary: Datapath Resource usage 
============================================================

* Functional unit list:
|----------|------------------------------------------------------------------------------|---------|---------|---------|---------|
| Operation|                                Functional Unit                               |   DSP   |  Delay  |    FF   |   LUT   |
|----------|------------------------------------------------------------------------------|---------|---------|---------|---------|
|          |                 grp_linebuffer_box3_base_int_Pipeline_1_fu_78                |    0    |    0    |    12   |    34   |
|   call   |                 grp_linebuffer_box3_base_int_Pipeline_2_fu_84                |    0    |    0    |    64   |    71   |
|          |  grp_linebuffer_box3_base_int_Pipeline_VITIS_LOOP_15_1_VITIS_LOOP_16_2_fu_94 |    0    |  1.588  |   293   |   331   |
|          | grp_linebuffer_box3_base_int_Pipeline_VITIS_LOOP_37_1_VITIS_LOOP_38_2_fu_104 |    1    |  3.176  |   515   |   676   |
|----------|------------------------------------------------------------------------------|---------|---------|---------|---------|
|    mul   |                                  grp_fu_122                                  |    4    |    0    |   141   |    48   |
|----------|------------------------------------------------------------------------------|---------|---------|---------|---------|
|          |                                empty_26_fu_141                               |    0    |    0    |    0    |    39   |
|   icmp   |                                empty_27_fu_155                               |    0    |    0    |    0    |    39   |
|          |                              icmp_ln33_1_fu_169                              |    0    |    0    |    0    |    39   |
|          |                               icmp_ln33_fu_183                               |    0    |    0    |    0    |    39   |
|----------|------------------------------------------------------------------------------|---------|---------|---------|---------|
|  select  |                                  smax_fu_147                                 |    0    |    0    |    0    |    31   |
|          |                                 smax1_fu_161                                 |    0    |    0    |    0    |    31   |
|----------|------------------------------------------------------------------------------|---------|---------|---------|---------|
|    or    |                                or_ln33_fu_188                                |    0    |    0    |    0    |    2    |
|----------|------------------------------------------------------------------------------|---------|---------|---------|---------|
|   read   |                            height_read_read_fu_66                            |    0    |    0    |    0    |    0    |
|          |                             width_read_read_fu_72                            |    0    |    0    |    0    |    0    |
|----------|------------------------------------------------------------------------------|---------|---------|---------|---------|
|   trunc  |                                 empty_fu_133                                 |    0    |    0    |    0    |    0    |
|          |                                empty_25_fu_137                               |    0    |    0    |    0    |    0    |
|----------|------------------------------------------------------------------------------|---------|---------|---------|---------|
|          |                               zext_ln10_fu_175                               |    0    |    0    |    0    |    0    |
|   zext   |                              zext_ln10_1_fu_179                              |    0    |    0    |    0    |    0    |
|          |                               zext_ln37_fu_211                               |    0    |    0    |    0    |    0    |
|          |                              zext_ln37_1_fu_215                              |    0    |    0    |    0    |    0    |
|----------|------------------------------------------------------------------------------|---------|---------|---------|---------|
|   Total  |                                                                              |    5    |  4.764  |   1025  |   1380  |
|----------|------------------------------------------------------------------------------|---------|---------|---------|---------|

Memories:
+---------+--------+--------+--------+--------+
|         |  BRAM  |   FF   |   LUT  |  URAM  |
+---------+--------+--------+--------+--------+
| linebuf |    1   |    0   |    0   |    0   |
|linebuf_1|    1   |    0   |    0   |    0   |
+---------+--------+--------+--------+--------+
|  Total  |    2   |    0   |    0   |    0   |
+---------+--------+--------+--------+--------+

* Register list:
+--------------------+--------+
|                    |   FF   |
+--------------------+--------+
|  empty_25_reg_231  |   31   |
|    empty_reg_225   |   31   |
| icmp_ln33_1_reg_282|    1   |
|   or_ln33_reg_297  |    1   |
|       reg_127      |   62   |
|    smax1_reg_277   |   31   |
|    smax_reg_272    |   31   |
| width_read_reg_219 |   32   |
|window_1_loc_reg_242|    8   |
|window_2_loc_reg_248|    8   |
|window_3_loc_reg_254|    8   |
|window_4_loc_reg_260|    8   |
|window_5_loc_reg_266|    8   |
| window_loc_reg_236 |    8   |
| zext_ln10_1_reg_292|   62   |
|  zext_ln10_reg_287 |   62   |
| zext_ln37_1_reg_324|   62   |
|  zext_ln37_reg_319 |   62   |
+--------------------+--------+
|        Total       |   516  |
+--------------------+--------+

* Multiplexer (MUX) list: 
|-----------------------------------------------------------------------------|------|------|------|--------||---------||---------||---------|
|                                     Comp                                    |  Pin | Size |  BW  | S x BW ||  Delay  ||    FF   ||   LUT   |
|-----------------------------------------------------------------------------|------|------|------|--------||---------||---------||---------|
| grp_linebuffer_box3_base_int_Pipeline_VITIS_LOOP_15_1_VITIS_LOOP_16_2_fu_94 |  p2  |   2  |  62  |   124  ||    0    ||    9    |
|                                  grp_fu_122                                 |  p0  |   4  |  31  |   124  ||    0    ||    20   |
|                                  grp_fu_122                                 |  p1  |   4  |  31  |   124  ||    0    ||    20   |
|-----------------------------------------------------------------------------|------|------|------|--------||---------||---------||---------|
|                                    Total                                    |      |      |      |   372  ||  5.2412 ||    0    ||    49   |
|-----------------------------------------------------------------------------|------|------|------|--------||---------||---------||---------|



* Summary:
+-----------+--------+--------+--------+--------+--------+--------+
|           |  BRAM  |   DSP  |  Delay |   FF   |   LUT  |  URAM  |
+-----------+--------+--------+--------+--------+--------+--------+
|  Function |    -   |    5   |    4   |  1025  |  1380  |    -   |
|   Memory  |    2   |    -   |    -   |    0   |    0   |    0   |
|Multiplexer|    -   |    -   |    5   |    0   |   49   |    -   |
|  Register |    -   |    -   |    -   |   516  |    -   |    -   |
+-----------+--------+--------+--------+--------+--------+--------+
|   Total   |    2   |    5   |   10   |  1541  |  1429  |    0   |
+-----------+--------+--------+--------+--------+--------+--------+
