

================================================================
== Vitis HLS Report for 'linebuffer_box3_pipeline_unroll_partition_Pipeline_VITIS_LOOP_180_1_VITIS_LOOP_1'
================================================================
* Date:           Fri Apr 24 19:31:14 2026

* Version:        2025.2 (Build 6295257 on Nov 14 2025)
* Project:        blur_opt_pipeline_unroll_partition_proj
* Solution:       solution1 (Vivado IP Flow Target)
* Product family: zynq
* Target device:  xc7z020-clg400-1


================================================================
== Performance Estimates
================================================================
+ Timing: 
    * Summary: 
    +--------+----------+----------+------------+
    |  Clock |  Target  | Estimated| Uncertainty|
    +--------+----------+----------+------------+
    |ap_clk  |  10.00 ns|  7.182 ns|     2.70 ns|
    +--------+----------+----------+------------+

+ Latency: 
    * Summary: 
    +---------+---------+----------+----------+-----+-----+-------------------+
    |  Latency (cycles) |  Latency (absolute) |  Interval |      Pipeline     |
    |   min   |   max   |    min   |    max   | min | max |        Type       |
    +---------+---------+----------+----------+-----+-----+-------------------+
    |       17|        ?|  0.170 us|         ?|    0|    0|  loop pipeline stp|
    +---------+---------+----------+----------+-----+-----+-------------------+

    + Detail: 
        * Instance: 
        N/A

        * Loop: 
        +-------------------------------------+---------+---------+----------+-----------+-----------+-------+----------+
        |                                     |  Latency (cycles) | Iteration|  Initiation Interval  |  Trip |          |
        |              Loop Name              |   min   |   max   |  Latency |  achieved |   target  | Count | Pipelined|
        +-------------------------------------+---------+---------+----------+-----------+-----------+-------+----------+
        |- VITIS_LOOP_180_1_VITIS_LOOP_181_2  |       15|        ?|         8|          1|          1|  9 ~ ?|       yes|
        +-------------------------------------+---------+---------+----------+-----------+-----------+-------+----------+



================================================================
== Utilization Estimates
================================================================
* Summary: 
+-----------------+---------+-----+--------+-------+-----+
|       Name      | BRAM_18K| DSP |   FF   |  LUT  | URAM|
+-----------------+---------+-----+--------+-------+-----+
|DSP              |        -|    1|       -|      -|    -|
|Expression       |        -|    -|       0|    653|    -|
|FIFO             |        -|    -|       -|      -|    -|
|Instance         |        -|    -|       -|      -|    -|
|Memory           |        -|    -|       -|      -|    -|
|Multiplexer      |        -|    -|       0|    144|    -|
|Register         |        -|    -|     602|     96|    -|
+-----------------+---------+-----+--------+-------+-----+
|Total            |        0|    1|     602|    893|    0|
+-----------------+---------+-----+--------+-------+-----+
|Available        |      280|  220|  106400|  53200|    0|
+-----------------+---------+-----+--------+-------+-----+
|Utilization (%)  |        0|   ~0|      ~0|      1|    0|
+-----------------+---------+-----+--------+-------+-----+

+ Detail: 
    * Instance: 
    N/A

    * DSP: 
    +------------------------------------+---------------------------------+----------------+
    |              Instance              |              Module             |   Expression   |
    +------------------------------------+---------------------------------+----------------+
    |am_addmul_11ns_10ns_13ns_25_4_1_U7  |am_addmul_11ns_10ns_13ns_25_4_1  |  (i0 + i1) * i2|
    +------------------------------------+---------------------------------+----------------+

    * Memory: 
    N/A

    * FIFO: 
    N/A

    * Expression: 
    +--------------------------+----------+----+---+----+------------+------------+
    |       Variable Name      | Operation| DSP| FF| LUT| Bitwidth P0| Bitwidth P1|
    +--------------------------+----------+----+---+----+------------+------------+
    |add_ln180_1_fu_279_p2     |         +|   0|  0|  69|          62|           1|
    |add_ln180_fu_305_p2       |         +|   0|  0|  38|          31|           1|
    |add_ln181_fu_456_p2       |         +|   0|  0|  12|          11|           1|
    |add_ln193_fu_379_p2       |         +|   0|  0|  27|          20|          20|
    |add_ln204_1_fu_545_p2     |         +|   0|  0|  14|           9|           9|
    |add_ln204_2_fu_555_p2     |         +|   0|  0|  13|          10|          10|
    |add_ln204_3_fu_605_p2     |         +|   0|  0|  14|           9|           9|
    |add_ln204_4_fu_561_p2     |         +|   0|  0|  14|           9|           9|
    |add_ln204_5_fu_618_p2     |         +|   0|  0|  13|          10|          10|
    |add_ln204_6_fu_628_p2     |         +|   0|  0|  12|          11|          11|
    |add_ln204_fu_535_p2       |         +|   0|  0|  14|           9|           9|
    |add_ln208_1_fu_440_p2     |         +|   0|  0|  12|          11|           2|
    |add_ln208_2_fu_450_p2     |         +|   0|  0|  27|          20|          20|
    |add_ln208_fu_355_p2       |         +|   0|  0|  13|          10|           2|
    |and_ln198_fu_434_p2       |       and|   0|  0|   2|           1|           1|
    |addr_cmp21_fu_393_p2      |      icmp|   0|  0|  71|          64|          64|
    |addr_cmp_fu_402_p2        |      icmp|   0|  0|  71|          64|          64|
    |icmp_ln180_fu_274_p2      |      icmp|   0|  0|  69|          62|          62|
    |icmp_ln181_fu_297_p2      |      icmp|   0|  0|  38|          31|          31|
    |icmp_ln198_1_fu_428_p2    |      icmp|   0|  0|  13|          10|           1|
    |icmp_ln198_fu_349_p2      |      icmp|   0|  0|  37|          30|           1|
    |reuse_select22_fu_496_p3  |    select|   0|  0|   8|           1|           8|
    |reuse_select_fu_475_p3    |    select|   0|  0|   8|           1|           8|
    |select_ln180_1_fu_319_p3  |    select|   0|  0|  31|           1|          31|
    |select_ln180_fu_311_p3    |    select|   0|  0|  11|           1|           1|
    |ap_enable_pp0             |       xor|   0|  0|   2|           1|           2|
    +--------------------------+----------+----+---+----+------------+------------+
    |Total                     |          |   0|  0| 653|         499|         388|
    +--------------------------+----------+----+---+----+------------+------------+

    * Multiplexer: 
    +-------------------------+----+-----------+-----+-----------+
    |           Name          | LUT| Input Size| Bits| Total Bits|
    +-------------------------+----+-----------+-----+-----------+
    |ap_done_int              |   9|          2|    1|          2|
    |ap_enable_reg_pp0_iter1  |   9|          2|    1|          2|
    |ap_enable_reg_pp0_iter6  |   9|          2|    1|          2|
    |empty_14_fu_102          |   9|          2|    8|         16|
    |empty_15_fu_106          |   9|          2|    8|         16|
    |empty_16_fu_122          |   9|          2|    8|         16|
    |empty_17_fu_126          |   9|          2|    8|         16|
    |empty_18_fu_130          |   9|          2|    8|         16|
    |indvar_flatten14_fu_118  |   9|          2|   62|        124|
    |reuse_addr_reg18_fu_82   |   9|          2|   64|        128|
    |reuse_addr_reg_fu_90     |   9|          2|   64|        128|
    |reuse_reg17_fu_86        |   9|          2|    8|         16|
    |reuse_reg_fu_94          |   9|          2|    8|         16|
    |sum_fu_98                |   9|          2|    8|         16|
    |x_fu_110                 |   9|          2|   11|         22|
    |y_fu_114                 |   9|          2|   31|         62|
    +-------------------------+----+-----------+-----+-----------+
    |Total                    | 144|         32|  299|        598|
    +-------------------------+----+-----------+-----+-----------+

    * Register: 
    +--------------------------------------+----+----+-----+-----------+
    |                 Name                 | FF | LUT| Bits| Const Bits|
    +--------------------------------------+----+----+-----+-----------+
    |add_ln204_2_reg_831                   |  10|   0|   10|          0|
    |add_ln204_4_reg_836                   |   9|   0|    9|          0|
    |add_ln208_2_reg_806                   |  20|   0|   20|          0|
    |addr_cmp21_reg_786                    |   1|   0|    1|          0|
    |addr_cmp21_reg_786_pp0_iter3_reg      |   1|   0|    1|          0|
    |addr_cmp_reg_797                      |   1|   0|    1|          0|
    |and_ln198_reg_802                     |   1|   0|    1|          0|
    |ap_CS_fsm                             |   1|   0|    1|          0|
    |ap_done_reg                           |   1|   0|    1|          0|
    |ap_enable_reg_pp0_iter1               |   1|   0|    1|          0|
    |ap_enable_reg_pp0_iter2               |   1|   0|    1|          0|
    |ap_enable_reg_pp0_iter3               |   1|   0|    1|          0|
    |ap_enable_reg_pp0_iter4               |   1|   0|    1|          0|
    |ap_enable_reg_pp0_iter5               |   1|   0|    1|          0|
    |ap_enable_reg_pp0_iter6               |   1|   0|    1|          0|
    |ap_enable_reg_pp0_iter7               |   1|   0|    1|          0|
    |ap_enable_reg_pp0_iter8               |   1|   0|    1|          0|
    |ap_loop_exit_ready_pp0_iter2_reg      |   1|   0|    1|          0|
    |ap_loop_exit_ready_pp0_iter3_reg      |   1|   0|    1|          0|
    |ap_loop_exit_ready_pp0_iter4_reg      |   1|   0|    1|          0|
    |ap_loop_exit_ready_pp0_iter5_reg      |   1|   0|    1|          0|
    |ap_loop_exit_ready_pp0_iter6_reg      |   1|   0|    1|          0|
    |ap_loop_exit_ready_pp0_iter7_reg      |   1|   0|    1|          0|
    |empty_14_fu_102                       |   8|   0|    8|          0|
    |empty_15_fu_106                       |   8|   0|    8|          0|
    |empty_16_fu_122                       |   8|   0|    8|          0|
    |empty_17_fu_126                       |   8|   0|    8|          0|
    |empty_18_fu_130                       |   8|   0|    8|          0|
    |icmp_ln180_reg_771                    |   1|   0|    1|          0|
    |indvar_flatten14_fu_118               |  62|   0|   62|          0|
    |input_r_load_reg_819                  |   8|   0|    8|          0|
    |linebuf_1_addr_reg_780                |  10|   0|   10|          0|
    |linebuf_1_addr_reg_780_pp0_iter3_reg  |  10|   0|   10|          0|
    |linebuf_addr_reg_791                  |  10|   0|   10|          0|
    |reuse_addr_reg18_fu_82                |  64|   0|   64|          0|
    |reuse_addr_reg_fu_90                  |  64|   0|   64|          0|
    |reuse_reg17_fu_86                     |   8|   0|    8|          0|
    |reuse_reg_fu_94                       |   8|   0|    8|          0|
    |reuse_select22_reg_825                |   8|   0|    8|          0|
    |reuse_select_reg_811                  |   8|   0|    8|          0|
    |sum_fu_98                             |   8|   0|    8|          0|
    |x_fu_110                              |  11|   0|   11|          0|
    |y_fu_114                              |  31|   0|   31|          0|
    |add_ln208_2_reg_806                   |  64|  32|   20|          0|
    |and_ln198_reg_802                     |  64|  32|    1|          0|
    |icmp_ln180_reg_771                    |  64|  32|    1|          0|
    +--------------------------------------+----+----+-----+-----------+
    |Total                                 | 602|  96|  432|          0|
    +--------------------------------------+----+----+-----+-----------+



================================================================
== Interface
================================================================
* Summary: 
+--------------------+-----+-----+------------+----------------------------------------------------------------------------------+--------------+
|      RTL Ports     | Dir | Bits|  Protocol  |                                   Source Object                                  |    C Type    |
+--------------------+-----+-----+------------+----------------------------------------------------------------------------------+--------------+
|ap_clk              |   in|    1|  ap_ctrl_hs|  linebuffer_box3_pipeline_unroll_partition_Pipeline_VITIS_LOOP_180_1_VITIS_LOOP_1|  return value|
|ap_rst              |   in|    1|  ap_ctrl_hs|  linebuffer_box3_pipeline_unroll_partition_Pipeline_VITIS_LOOP_180_1_VITIS_LOOP_1|  return value|
|ap_start            |   in|    1|  ap_ctrl_hs|  linebuffer_box3_pipeline_unroll_partition_Pipeline_VITIS_LOOP_180_1_VITIS_LOOP_1|  return value|
|ap_done             |  out|    1|  ap_ctrl_hs|  linebuffer_box3_pipeline_unroll_partition_Pipeline_VITIS_LOOP_180_1_VITIS_LOOP_1|  return value|
|ap_idle             |  out|    1|  ap_ctrl_hs|  linebuffer_box3_pipeline_unroll_partition_Pipeline_VITIS_LOOP_180_1_VITIS_LOOP_1|  return value|
|ap_ready            |  out|    1|  ap_ctrl_hs|  linebuffer_box3_pipeline_unroll_partition_Pipeline_VITIS_LOOP_180_1_VITIS_LOOP_1|  return value|
|empty               |   in|   31|     ap_none|                                                                             empty|        scalar|
|mul_ln180           |   in|   62|     ap_none|                                                                         mul_ln180|        scalar|
|input_r_address0    |  out|   20|   ap_memory|                                                                           input_r|         array|
|input_r_ce0         |  out|    1|   ap_memory|                                                                           input_r|         array|
|input_r_q0          |   in|    8|   ap_memory|                                                                           input_r|         array|
|linebuf_1_address0  |  out|   10|   ap_memory|                                                                         linebuf_1|         array|
|linebuf_1_ce0       |  out|    1|   ap_memory|                                                                         linebuf_1|         array|
|linebuf_1_we0       |  out|    1|   ap_memory|                                                                         linebuf_1|         array|
|linebuf_1_d0        |  out|    8|   ap_memory|                                                                         linebuf_1|         array|
|linebuf_1_address1  |  out|   10|   ap_memory|                                                                         linebuf_1|         array|
|linebuf_1_ce1       |  out|    1|   ap_memory|                                                                         linebuf_1|         array|
|linebuf_1_q1        |   in|    8|   ap_memory|                                                                         linebuf_1|         array|
|linebuf_address0    |  out|   10|   ap_memory|                                                                           linebuf|         array|
|linebuf_ce0         |  out|    1|   ap_memory|                                                                           linebuf|         array|
|linebuf_we0         |  out|    1|   ap_memory|                                                                           linebuf|         array|
|linebuf_d0          |  out|    8|   ap_memory|                                                                           linebuf|         array|
|linebuf_address1    |  out|   10|   ap_memory|                                                                           linebuf|         array|
|linebuf_ce1         |  out|    1|   ap_memory|                                                                           linebuf|         array|
|linebuf_q1          |   in|    8|   ap_memory|                                                                           linebuf|         array|
|output_r_address0   |  out|   20|   ap_memory|                                                                          output_r|         array|
|output_r_ce0        |  out|    1|   ap_memory|                                                                          output_r|         array|
|output_r_we0        |  out|    1|   ap_memory|                                                                          output_r|         array|
|output_r_d0         |  out|    8|   ap_memory|                                                                          output_r|         array|
+--------------------+-----+-----+------------+----------------------------------------------------------------------------------+--------------+

