

================================================================
== Vitis HLS Report for 'linebuffer_box3_pipeline_unroll_partition_Pipeline_VITIS_LOOP_180_1_VITIS_LOOP_1'
================================================================
* Date:           Fri Apr 24 19:31:12 2026

* Version:        2025.2 (Build 6295257 on Nov 14 2025)
* Project:        blur_opt_pipeline_unroll_partition_proj
* Solution:       solution1 (Vivado IP Flow Target)
* Product family: zynq
* Target device:  xc7z020-clg400-1


================================================================
== Performance Estimates
================================================================
+ Timing: 
    * Summary: 
    +--------+----------+----------+------------+
    |  Clock |  Target  | Estimated| Uncertainty|
    +--------+----------+----------+------------+
    |ap_clk  |  10.00 ns|  7.182 ns|     2.70 ns|
    +--------+----------+----------+------------+

+ Latency: 
    * Summary: 
    +---------+---------+----------+----------+-----+-----+-------------------+
    |  Latency (cycles) |  Latency (absolute) |  Interval |      Pipeline     |
    |   min   |   max   |    min   |    max   | min | max |        Type       |
    +---------+---------+----------+----------+-----+-----+-------------------+
    |       17|        ?|  0.170 us|         ?|    0|    0|  loop pipeline stp|
    +---------+---------+----------+----------+-----+-----+-------------------+

    + Detail: 
        * Instance: 
        N/A

        * Loop: 
        +-------------------------------------+---------+---------+----------+-----------+-----------+-------+----------+
        |                                     |  Latency (cycles) | Iteration|  Initiation Interval  |  Trip |          |
        |              Loop Name              |   min   |   max   |  Latency |  achieved |   target  | Count | Pipelined|
        +-------------------------------------+---------+---------+----------+-----------+-----------+-------+----------+
        |- VITIS_LOOP_180_1_VITIS_LOOP_181_2  |       15|        ?|         8|          1|          1|  9 ~ ?|       yes|
        +-------------------------------------+---------+---------+----------+-----------+-----------+-------+----------+

============================================================
+ Verbose Summary: Synthesis Manager
============================================================
InlineROM: 1
ExposeGlobal: 0
============================================================
+ Verbose Summary: CDFG Model
============================================================
IsTopModel: 0
ResetActiveHigh: 1
IsCombinational: 0
IsDatapathOnly: 0
HasWiredReturn: 1
HasMFsm: 2
HasVarLatency: 1
IsPipeline: 0
IsRtlPipelined: 0
IsInstanceOverlapped: 0
IsDontTouch: 0
HasImplIP: 0
IsGatedGlobalClock: 0

+ Individual pipeline summary: 
  * Pipeline-0: initiation interval (II) = 1, depth = 9


============================================================
+ Verbose Summary: Schedule
============================================================
* Number of FSM states : 9
* Pipeline : 1
  Pipeline-0 : II = 1, D = 9, States = { 1 2 3 4 5 6 7 8 9 }
* Dataflow Pipeline: 0

* FSM state transitions: 
1 --> 2 
2 --> 3 
3 --> 4 
4 --> 5 
5 --> 6 
6 --> 7 
7 --> 8 
8 --> 9 
9 --> 

* FSM state operations: 

State 1 <SV = 0> <Delay = 1.58>
ST_1 : Operation 11 [1/1] (0.00ns)   --->   "%reuse_addr_reg18 = alloca i32 1"   --->   Operation 11 'alloca' 'reuse_addr_reg18' <Predicate = true> <Delay = 0.00>
ST_1 : Operation 12 [1/1] (0.00ns)   --->   "%reuse_reg17 = alloca i32 1"   --->   Operation 12 'alloca' 'reuse_reg17' <Predicate = true> <Delay = 0.00>
ST_1 : Operation 13 [1/1] (0.00ns)   --->   "%reuse_addr_reg = alloca i32 1"   --->   Operation 13 'alloca' 'reuse_addr_reg' <Predicate = true> <Delay = 0.00>
ST_1 : Operation 14 [1/1] (0.00ns)   --->   "%reuse_reg = alloca i32 1"   --->   Operation 14 'alloca' 'reuse_reg' <Predicate = true> <Delay = 0.00>
ST_1 : Operation 15 [1/1] (0.00ns)   --->   "%sum = alloca i32 1" [blur_opt.cpp:199]   --->   Operation 15 'alloca' 'sum' <Predicate = true> <Delay = 0.00>
ST_1 : Operation 16 [1/1] (0.00ns)   --->   "%empty_14 = alloca i32 1"   --->   Operation 16 'alloca' 'empty_14' <Predicate = true> <Delay = 0.00>
ST_1 : Operation 17 [1/1] (0.00ns)   --->   "%empty_15 = alloca i32 1"   --->   Operation 17 'alloca' 'empty_15' <Predicate = true> <Delay = 0.00>
ST_1 : Operation 18 [1/1] (0.00ns)   --->   "%x = alloca i32 1" [blur_opt.cpp:181]   --->   Operation 18 'alloca' 'x' <Predicate = true> <Delay = 0.00>
ST_1 : Operation 19 [1/1] (0.00ns)   --->   "%y = alloca i32 1" [blur_opt.cpp:180]   --->   Operation 19 'alloca' 'y' <Predicate = true> <Delay = 0.00>
ST_1 : Operation 20 [1/1] (0.00ns)   --->   "%indvar_flatten14 = alloca i32 1"   --->   Operation 20 'alloca' 'indvar_flatten14' <Predicate = true> <Delay = 0.00>
ST_1 : Operation 21 [1/1] (0.00ns)   --->   "%empty_16 = alloca i32 1"   --->   Operation 21 'alloca' 'empty_16' <Predicate = true> <Delay = 0.00>
ST_1 : Operation 22 [1/1] (0.00ns)   --->   "%empty_17 = alloca i32 1"   --->   Operation 22 'alloca' 'empty_17' <Predicate = true> <Delay = 0.00>
ST_1 : Operation 23 [1/1] (0.00ns)   --->   "%empty_18 = alloca i32 1"   --->   Operation 23 'alloca' 'empty_18' <Predicate = true> <Delay = 0.00>
ST_1 : Operation 24 [1/1] (0.00ns)   --->   "%specinterface_ln0 = specinterface void @_ssdm_op_SpecInterface, i8 %input_r, void @empty, i32 0, i32 0, void @empty_0, i32 4294967295, i32 0, void @empty_0, void @empty_0, void @empty_0, i32 0, i32 0, i32 0, i32 0, void @empty_0, void @empty_0, i32 4294967295, i32 0, i32 0, i32 0"   --->   Operation 24 'specinterface' 'specinterface_ln0' <Predicate = true> <Delay = 0.00>
ST_1 : Operation 25 [1/1] (0.00ns)   --->   "%specinterface_ln0 = specinterface void @_ssdm_op_SpecInterface, i8 %output_r, void @empty, i32 0, i32 0, void @empty_0, i32 4294967295, i32 0, void @empty_0, void @empty_0, void @empty_0, i32 0, i32 0, i32 0, i32 0, void @empty_0, void @empty_0, i32 4294967295, i32 0, i32 0, i32 0"   --->   Operation 25 'specinterface' 'specinterface_ln0' <Predicate = true> <Delay = 0.00>
ST_1 : Operation 26 [1/1] (0.00ns)   --->   "%mul_ln180_read = read i62 @_ssdm_op_Read.ap_auto.i62, i62 %mul_ln180"   --->   Operation 26 'read' 'mul_ln180_read' <Predicate = true> <Delay = 0.00>
ST_1 : Operation 27 [1/1] (0.00ns)   --->   "%tmp = read i31 @_ssdm_op_Read.ap_auto.i31, i31 %empty"   --->   Operation 27 'read' 'tmp' <Predicate = true> <Delay = 0.00>
ST_1 : Operation 28 [1/1] (1.58ns)   --->   "%store_ln0 = store i8 0, i8 %empty_18"   --->   Operation 28 'store' 'store_ln0' <Predicate = true> <Delay = 1.58>
ST_1 : Operation 29 [1/1] (1.58ns)   --->   "%store_ln0 = store i8 0, i8 %empty_17"   --->   Operation 29 'store' 'store_ln0' <Predicate = true> <Delay = 1.58>
ST_1 : Operation 30 [1/1] (1.58ns)   --->   "%store_ln0 = store i8 0, i8 %empty_16"   --->   Operation 30 'store' 'store_ln0' <Predicate = true> <Delay = 1.58>
ST_1 : Operation 31 [1/1] (1.58ns)   --->   "%store_ln0 = store i62 0, i62 %indvar_flatten14"   --->   Operation 31 'store' 'store_ln0' <Predicate = true> <Delay = 1.58>
ST_1 : Operation 32 [1/1] (1.58ns)   --->   "%store_ln180 = store i31 0, i31 %y" [blur_opt.cpp:180]   --->   Operation 32 'store' 'store_ln180' <Predicate = true> <Delay = 1.58>
ST_1 : Operation 33 [1/1] (1.58ns)   --->   "%store_ln181 = store i11 0, i11 %x" [blur_opt.cpp:181]   --->   Operation 33 'store' 'store_ln181' <Predicate = true> <Delay = 1.58>
ST_1 : Operation 34 [1/1] (1.58ns)   --->   "%store_ln0 = store i8 0, i8 %empty_15"   --->   Operation 34 'store' 'store_ln0' <Predicate = true> <Delay = 1.58>
ST_1 : Operation 35 [1/1] (1.58ns)   --->   "%store_ln0 = store i8 0, i8 %empty_14"   --->   Operation 35 'store' 'store_ln0' <Predicate = true> <Delay = 1.58>
ST_1 : Operation 36 [1/1] (1.58ns)   --->   "%store_ln199 = store i8 0, i8 %sum" [blur_opt.cpp:199]   --->   Operation 36 'store' 'store_ln199' <Predicate = true> <Delay = 1.58>
ST_1 : Operation 37 [1/1] (1.58ns)   --->   "%store_ln0 = store i8 0, i8 %reuse_reg"   --->   Operation 37 'store' 'store_ln0' <Predicate = true> <Delay = 1.58>
ST_1 : Operation 38 [1/1] (1.58ns)   --->   "%store_ln0 = store i64 18446744073709551615, i64 %reuse_addr_reg"   --->   Operation 38 'store' 'store_ln0' <Predicate = true> <Delay = 1.58>
ST_1 : Operation 39 [1/1] (1.58ns)   --->   "%store_ln0 = store i8 0, i8 %reuse_reg17"   --->   Operation 39 'store' 'store_ln0' <Predicate = true> <Delay = 1.58>
ST_1 : Operation 40 [1/1] (1.58ns)   --->   "%store_ln0 = store i64 18446744073709551615, i64 %reuse_addr_reg18"   --->   Operation 40 'store' 'store_ln0' <Predicate = true> <Delay = 1.58>
ST_1 : Operation 41 [1/1] (0.00ns)   --->   "%br_ln0 = br void %VITIS_LOOP_183_3"   --->   Operation 41 'br' 'br_ln0' <Predicate = true> <Delay = 0.00>

State 2 <SV = 1> <Delay = 5.05>
ST_2 : Operation 42 [1/1] (0.00ns)   --->   "%indvar_flatten14_load = load i62 %indvar_flatten14" [blur_opt.cpp:180]   --->   Operation 42 'load' 'indvar_flatten14_load' <Predicate = true> <Delay = 0.00>
ST_2 : Operation 43 [1/1] (3.46ns)   --->   "%icmp_ln180 = icmp_eq  i62 %indvar_flatten14_load, i62 %mul_ln180_read" [blur_opt.cpp:180]   --->   Operation 43 'icmp' 'icmp_ln180' <Predicate = true> <Delay = 3.46> <CoreInst = "Cmp">   --->   Core 9 'Cmp' <Latency = 0> <II = 1> <Delay = 3.46> <FuncUnit> <Opcode : 'seteq' 'setne' 'setle' 'setge' 'setlt' 'setgt'> <InPorts = 2> <OutPorts = 1>
ST_2 : Operation 44 [1/1] (3.46ns)   --->   "%add_ln180_1 = add i62 %indvar_flatten14_load, i62 1" [blur_opt.cpp:180]   --->   Operation 44 'add' 'add_ln180_1' <Predicate = true> <Delay = 3.46> <CoreInst = "Adder">   --->   Core 1 'Adder' <Latency = 0> <II = 1> <Delay = 3.46> <FuncUnit> <Opcode : 'add' 'sub'> <InPorts = 2> <OutPorts = 1>
ST_2 : Operation 45 [1/1] (0.00ns)   --->   "%br_ln180 = br i1 %icmp_ln180, void %for.inc95, void %cleanup.loopexit.exitStub" [blur_opt.cpp:180]   --->   Operation 45 'br' 'br_ln180' <Predicate = true> <Delay = 0.00>
ST_2 : Operation 46 [1/1] (1.58ns)   --->   "%store_ln180 = store i62 %add_ln180_1, i62 %indvar_flatten14" [blur_opt.cpp:180]   --->   Operation 46 'store' 'store_ln180' <Predicate = (!icmp_ln180)> <Delay = 1.58>

State 3 <SV = 2> <Delay = 7.18>
ST_3 : Operation 47 [1/1] (0.00ns)   --->   "%x_1 = load i11 %x" [blur_opt.cpp:181]   --->   Operation 47 'load' 'x_1' <Predicate = true> <Delay = 0.00>
ST_3 : Operation 48 [1/1] (0.00ns)   --->   "%zext_ln181 = zext i11 %x_1" [blur_opt.cpp:181]   --->   Operation 48 'zext' 'zext_ln181' <Predicate = true> <Delay = 0.00>
ST_3 : Operation 49 [1/1] (2.52ns)   --->   "%icmp_ln181 = icmp_eq  i31 %zext_ln181, i31 %tmp" [blur_opt.cpp:181]   --->   Operation 49 'icmp' 'icmp_ln181' <Predicate = true> <Delay = 2.52> <CoreInst = "Cmp">   --->   Core 9 'Cmp' <Latency = 0> <II = 1> <Delay = 2.52> <FuncUnit> <Opcode : 'seteq' 'setne' 'setle' 'setge' 'setlt' 'setgt'> <InPorts = 2> <OutPorts = 1>
ST_3 : Operation 50 [1/1] (0.00ns)   --->   "%y_load = load i31 %y" [blur_opt.cpp:180]   --->   Operation 50 'load' 'y_load' <Predicate = (!icmp_ln180)> <Delay = 0.00>
ST_3 : Operation 51 [1/1] (2.52ns)   --->   "%add_ln180 = add i31 %y_load, i31 1" [blur_opt.cpp:180]   --->   Operation 51 'add' 'add_ln180' <Predicate = (!icmp_ln180)> <Delay = 2.52> <CoreInst = "Adder">   --->   Core 1 'Adder' <Latency = 0> <II = 1> <Delay = 2.52> <FuncUnit> <Opcode : 'add' 'sub'> <InPorts = 2> <OutPorts = 1>
ST_3 : Operation 52 [1/1] (0.69ns)   --->   "%select_ln180 = select i1 %icmp_ln181, i11 0, i11 %x_1" [blur_opt.cpp:180]   --->   Operation 52 'select' 'select_ln180' <Predicate = (!icmp_ln180)> <Delay = 0.69> <CoreInst = "Sel">   --->   Core 73 'Sel' <Latency = 0> <II = 1> <Delay = 0.69> <FuncUnit> <Opcode : 'select'> <InPorts = 3> <OutPorts = 1>
ST_3 : Operation 53 [1/1] (0.73ns)   --->   "%select_ln180_1 = select i1 %icmp_ln181, i31 %add_ln180, i31 %y_load" [blur_opt.cpp:180]   --->   Operation 53 'select' 'select_ln180_1' <Predicate = (!icmp_ln180)> <Delay = 0.73> <CoreInst = "Sel">   --->   Core 73 'Sel' <Latency = 0> <II = 1> <Delay = 0.73> <FuncUnit> <Opcode : 'select'> <InPorts = 3> <OutPorts = 1>
ST_3 : Operation 54 [1/1] (0.00ns)   --->   "%trunc_ln193 = trunc i31 %select_ln180_1" [blur_opt.cpp:193]   --->   Operation 54 'trunc' 'trunc_ln193' <Predicate = (!icmp_ln180)> <Delay = 0.00>
ST_3 : Operation 55 [1/1] (0.00ns)   --->   "%tmp_1 = bitconcatenate i20 @_ssdm_op_BitConcatenate.i20.i10.i10, i10 %trunc_ln193, i10 0" [blur_opt.cpp:193]   --->   Operation 55 'bitconcatenate' 'tmp_1' <Predicate = (!icmp_ln180)> <Delay = 0.00>
ST_3 : Operation 56 [1/1] (0.00ns)   --->   "%tmp_3 = partselect i30 @_ssdm_op_PartSelect.i30.i31.i32.i32, i31 %select_ln180_1, i32 1, i32 30" [blur_opt.cpp:198]   --->   Operation 56 'partselect' 'tmp_3' <Predicate = (!icmp_ln180)> <Delay = 0.00>
ST_3 : Operation 57 [1/1] (2.49ns)   --->   "%icmp_ln198 = icmp_ne  i30 %tmp_3, i30 0" [blur_opt.cpp:198]   --->   Operation 57 'icmp' 'icmp_ln198' <Predicate = (!icmp_ln180)> <Delay = 2.49> <CoreInst = "Cmp">   --->   Core 9 'Cmp' <Latency = 0> <II = 1> <Delay = 2.49> <FuncUnit> <Opcode : 'seteq' 'setne' 'setle' 'setge' 'setlt' 'setgt'> <InPorts = 2> <OutPorts = 1>
ST_3 : Operation 58 [1/1] (1.73ns)   --->   "%add_ln208 = add i10 %trunc_ln193, i10 1023" [blur_opt.cpp:208]   --->   Operation 58 'add' 'add_ln208' <Predicate = (!icmp_ln180)> <Delay = 1.73> <CoreInst = "Adder">   --->   Core 1 'Adder' <Latency = 0> <II = 1> <Delay = 1.73> <FuncUnit> <Opcode : 'add' 'sub'> <InPorts = 2> <OutPorts = 1>
ST_3 : Operation 59 [1/1] (0.00ns)   --->   "%tmp_2 = bitconcatenate i20 @_ssdm_op_BitConcatenate.i20.i10.i10, i10 %add_ln208, i10 0" [blur_opt.cpp:208]   --->   Operation 59 'bitconcatenate' 'tmp_2' <Predicate = (!icmp_ln180)> <Delay = 0.00>
ST_3 : Operation 60 [1/1] (0.00ns)   --->   "%zext_ln181_1 = zext i11 %select_ln180" [blur_opt.cpp:181]   --->   Operation 60 'zext' 'zext_ln181_1' <Predicate = (!icmp_ln180)> <Delay = 0.00>
ST_3 : Operation 61 [1/1] (0.00ns)   --->   "%zext_ln193 = zext i11 %select_ln180" [blur_opt.cpp:193]   --->   Operation 61 'zext' 'zext_ln193' <Predicate = (!icmp_ln180)> <Delay = 0.00>
ST_3 : Operation 62 [1/1] (2.19ns)   --->   "%add_ln193 = add i20 %tmp_1, i20 %zext_ln193" [blur_opt.cpp:193]   --->   Operation 62 'add' 'add_ln193' <Predicate = (!icmp_ln180)> <Delay = 2.19> <CoreInst = "Adder">   --->   Core 1 'Adder' <Latency = 0> <II = 1> <Delay = 2.19> <FuncUnit> <Opcode : 'add' 'sub'> <InPorts = 2> <OutPorts = 1>
ST_3 : Operation 63 [1/1] (0.00ns)   --->   "%zext_ln193_1 = zext i20 %add_ln193" [blur_opt.cpp:193]   --->   Operation 63 'zext' 'zext_ln193_1' <Predicate = (!icmp_ln180)> <Delay = 0.00>
ST_3 : Operation 64 [1/1] (0.00ns)   --->   "%input_r_addr = getelementptr i8 %input_r, i64 0, i64 %zext_ln193_1" [blur_opt.cpp:193]   --->   Operation 64 'getelementptr' 'input_r_addr' <Predicate = (!icmp_ln180)> <Delay = 0.00>
ST_3 : Operation 65 [1/1] (0.00ns)   --->   "%linebuf_1_addr = getelementptr i8 %linebuf_1, i64 0, i64 %zext_ln181_1" [blur_opt.cpp:191]   --->   Operation 65 'getelementptr' 'linebuf_1_addr' <Predicate = (!icmp_ln180)> <Delay = 0.00>
ST_3 : Operation 66 [1/1] (0.00ns)   --->   "%reuse_addr_reg18_load = load i64 %reuse_addr_reg18"   --->   Operation 66 'load' 'reuse_addr_reg18_load' <Predicate = (!icmp_ln180)> <Delay = 0.00>
ST_3 : Operation 67 [1/1] (3.52ns)   --->   "%addr_cmp21 = icmp_eq  i64 %reuse_addr_reg18_load, i64 %zext_ln181_1" [blur_opt.cpp:181]   --->   Operation 67 'icmp' 'addr_cmp21' <Predicate = (!icmp_ln180)> <Delay = 3.52> <CoreInst = "Cmp">   --->   Core 9 'Cmp' <Latency = 0> <II = 1> <Delay = 3.52> <FuncUnit> <Opcode : 'seteq' 'setne' 'setle' 'setge' 'setlt' 'setgt'> <InPorts = 2> <OutPorts = 1>
ST_3 : Operation 68 [1/1] (0.00ns)   --->   "%linebuf_addr = getelementptr i8 %linebuf, i64 0, i64 %zext_ln181_1" [blur_opt.cpp:192]   --->   Operation 68 'getelementptr' 'linebuf_addr' <Predicate = (!icmp_ln180)> <Delay = 0.00>
ST_3 : Operation 69 [1/1] (0.00ns)   --->   "%reuse_addr_reg_load = load i64 %reuse_addr_reg"   --->   Operation 69 'load' 'reuse_addr_reg_load' <Predicate = (!icmp_ln180)> <Delay = 0.00>
ST_3 : Operation 70 [2/2] (3.25ns)   --->   "%linebuf_load = load i10 %linebuf_addr" [blur_opt.cpp:192]   --->   Operation 70 'load' 'linebuf_load' <Predicate = (!icmp_ln180)> <Delay = 3.25> <CoreInst = "RAM">   --->   Core 81 'RAM' <Latency = 1> <II = 1> <Delay = 3.25> <Storage> <Opcode : 'load' 'store'> <Ports = 2> <Width = 8> <Depth = 1024> <RAM>
ST_3 : Operation 71 [1/1] (3.52ns)   --->   "%addr_cmp = icmp_eq  i64 %reuse_addr_reg_load, i64 %zext_ln181_1" [blur_opt.cpp:181]   --->   Operation 71 'icmp' 'addr_cmp' <Predicate = (!icmp_ln180)> <Delay = 3.52> <CoreInst = "Cmp">   --->   Core 9 'Cmp' <Latency = 0> <II = 1> <Delay = 3.52> <FuncUnit> <Opcode : 'seteq' 'setne' 'setle' 'setge' 'setlt' 'setgt'> <InPorts = 2> <OutPorts = 1>
ST_3 : Operation 72 [2/2] (0.00ns)   --->   "%input_r_load = load i20 %input_r_addr" [blur_opt.cpp:193]   --->   Operation 72 'load' 'input_r_load' <Predicate = (!icmp_ln180)> <Delay = 0.00> <CoreInst = "RAM">   --->   Core 81 'RAM' <Latency = 1> <II = 1> <Delay = 3.25> <Storage> <Opcode : 'load' 'store'> <Ports = 2> <Width = 8> <Depth = 1048576> <RAM>
ST_3 : Operation 73 [1/1] (1.58ns)   --->   "%store_ln181 = store i64 %zext_ln181_1, i64 %reuse_addr_reg18" [blur_opt.cpp:181]   --->   Operation 73 'store' 'store_ln181' <Predicate = (!icmp_ln180)> <Delay = 1.58>
ST_3 : Operation 74 [1/1] (1.58ns)   --->   "%store_ln181 = store i64 %zext_ln181_1, i64 %reuse_addr_reg" [blur_opt.cpp:181]   --->   Operation 74 'store' 'store_ln181' <Predicate = (!icmp_ln180)> <Delay = 1.58>
ST_3 : Operation 75 [1/1] (0.00ns)   --->   "%tmp_4 = partselect i10 @_ssdm_op_PartSelect.i10.i11.i32.i32, i11 %select_ln180, i32 1, i32 10" [blur_opt.cpp:198]   --->   Operation 75 'partselect' 'tmp_4' <Predicate = (!icmp_ln180)> <Delay = 0.00>
ST_3 : Operation 76 [1/1] (1.73ns)   --->   "%icmp_ln198_1 = icmp_ne  i10 %tmp_4, i10 0" [blur_opt.cpp:198]   --->   Operation 76 'icmp' 'icmp_ln198_1' <Predicate = (!icmp_ln180)> <Delay = 1.73> <CoreInst = "Cmp">   --->   Core 9 'Cmp' <Latency = 0> <II = 1> <Delay = 1.73> <FuncUnit> <Opcode : 'seteq' 'setne' 'setle' 'setge' 'setlt' 'setgt'> <InPorts = 2> <OutPorts = 1>
ST_3 : Operation 77 [1/1] (0.97ns)   --->   "%and_ln198 = and i1 %icmp_ln198, i1 %icmp_ln198_1" [blur_opt.cpp:198]   --->   Operation 77 'and' 'and_ln198' <Predicate = (!icmp_ln180)> <Delay = 0.97> <CoreInst = "LogicGate">   --->   Core 74 'LogicGate' <Latency = 0> <II = 1> <Delay = 0.97> <FuncUnit> <Opcode : 'and' 'or' 'xor'> <InPorts = 2> <OutPorts = 1>
ST_3 : Operation 78 [1/1] (0.00ns)   --->   "%br_ln198 = br i1 %and_ln198, void %for.inc92, void %for.inc78" [blur_opt.cpp:198]   --->   Operation 78 'br' 'br_ln198' <Predicate = (!icmp_ln180)> <Delay = 0.00>
ST_3 : Operation 79 [1/1] (1.63ns)   --->   "%add_ln208_1 = add i11 %select_ln180, i11 2047" [blur_opt.cpp:208]   --->   Operation 79 'add' 'add_ln208_1' <Predicate = (!icmp_ln180 & and_ln198)> <Delay = 1.63> <CoreInst = "Adder">   --->   Core 1 'Adder' <Latency = 0> <II = 1> <Delay = 1.63> <FuncUnit> <Opcode : 'add' 'sub'> <InPorts = 2> <OutPorts = 1>
ST_3 : Operation 80 [1/1] (0.00ns)   --->   "%zext_ln208_1 = zext i11 %add_ln208_1" [blur_opt.cpp:208]   --->   Operation 80 'zext' 'zext_ln208_1' <Predicate = (!icmp_ln180 & and_ln198)> <Delay = 0.00>
ST_3 : Operation 81 [1/1] (2.19ns)   --->   "%add_ln208_2 = add i20 %tmp_2, i20 %zext_ln208_1" [blur_opt.cpp:208]   --->   Operation 81 'add' 'add_ln208_2' <Predicate = (!icmp_ln180 & and_ln198)> <Delay = 2.19> <CoreInst = "Adder">   --->   Core 1 'Adder' <Latency = 0> <II = 1> <Delay = 2.19> <FuncUnit> <Opcode : 'add' 'sub'> <InPorts = 2> <OutPorts = 1>
ST_3 : Operation 82 [1/1] (1.63ns)   --->   "%add_ln181 = add i11 %select_ln180, i11 1" [blur_opt.cpp:181]   --->   Operation 82 'add' 'add_ln181' <Predicate = (!icmp_ln180)> <Delay = 1.63> <CoreInst = "Adder">   --->   Core 1 'Adder' <Latency = 0> <II = 1> <Delay = 1.63> <FuncUnit> <Opcode : 'add' 'sub'> <InPorts = 2> <OutPorts = 1>
ST_3 : Operation 83 [1/1] (1.58ns)   --->   "%store_ln180 = store i31 %select_ln180_1, i31 %y" [blur_opt.cpp:180]   --->   Operation 83 'store' 'store_ln180' <Predicate = (!icmp_ln180)> <Delay = 1.58>
ST_3 : Operation 84 [1/1] (1.58ns)   --->   "%store_ln181 = store i11 %add_ln181, i11 %x" [blur_opt.cpp:181]   --->   Operation 84 'store' 'store_ln181' <Predicate = (!icmp_ln180)> <Delay = 1.58>

State 4 <SV = 3> <Delay = 4.50>
ST_4 : Operation 85 [2/2] (3.25ns)   --->   "%linebuf_1_load = load i10 %linebuf_1_addr" [blur_opt.cpp:191]   --->   Operation 85 'load' 'linebuf_1_load' <Predicate = (!icmp_ln180 & !addr_cmp21)> <Delay = 3.25> <CoreInst = "RAM">   --->   Core 81 'RAM' <Latency = 1> <II = 1> <Delay = 3.25> <Storage> <Opcode : 'load' 'store'> <Ports = 2> <Width = 8> <Depth = 1024> <RAM>
ST_4 : Operation 86 [1/1] (0.00ns)   --->   "%reuse_reg_load = load i8 %reuse_reg"   --->   Operation 86 'load' 'reuse_reg_load' <Predicate = (!icmp_ln180 & addr_cmp)> <Delay = 0.00>
ST_4 : Operation 87 [1/2] ( I:3.25ns O:3.25ns )   --->   "%linebuf_load = load i10 %linebuf_addr" [blur_opt.cpp:192]   --->   Operation 87 'load' 'linebuf_load' <Predicate = (!icmp_ln180)> <Delay = 3.25> <CoreInst = "RAM">   --->   Core 81 'RAM' <Latency = 1> <II = 1> <Delay = 3.25> <Storage> <Opcode : 'load' 'store'> <Ports = 2> <Width = 8> <Depth = 1024> <RAM>
ST_4 : Operation 88 [1/1] (1.24ns)   --->   "%reuse_select = select i1 %addr_cmp, i8 %reuse_reg_load, i8 %linebuf_load" [blur_opt.cpp:181]   --->   Operation 88 'select' 'reuse_select' <Predicate = (!icmp_ln180)> <Delay = 1.24> <CoreInst = "Sel">   --->   Core 73 'Sel' <Latency = 0> <II = 1> <Delay = 1.24> <FuncUnit> <Opcode : 'select'> <InPorts = 3> <OutPorts = 1>
ST_4 : Operation 89 [1/2] ( I:0.00ns O:0.00ns )   --->   "%input_r_load = load i20 %input_r_addr" [blur_opt.cpp:193]   --->   Operation 89 'load' 'input_r_load' <Predicate = (!icmp_ln180)> <Delay = 0.00> <CoreInst = "RAM">   --->   Core 81 'RAM' <Latency = 1> <II = 1> <Delay = 3.25> <Storage> <Opcode : 'load' 'store'> <Ports = 2> <Width = 8> <Depth = 1048576> <RAM>
ST_4 : Operation 90 [1/1] ( I:3.25ns O:3.25ns )   --->   "%store_ln196 = store i8 %input_r_load, i10 %linebuf_addr" [blur_opt.cpp:196]   --->   Operation 90 'store' 'store_ln196' <Predicate = (!icmp_ln180)> <Delay = 3.25> <CoreInst = "RAM">   --->   Core 81 'RAM' <Latency = 1> <II = 1> <Delay = 3.25> <Storage> <Opcode : 'load' 'store'> <Ports = 2> <Width = 8> <Depth = 1024> <RAM>
ST_4 : Operation 91 [1/1] (1.58ns)   --->   "%store_ln193 = store i8 %input_r_load, i8 %reuse_reg" [blur_opt.cpp:193]   --->   Operation 91 'store' 'store_ln193' <Predicate = (!icmp_ln180)> <Delay = 1.58>

State 5 <SV = 4> <Delay = 4.50>
ST_5 : Operation 92 [1/1] (0.00ns)   --->   "%p_load13 = load i8 %empty_17" [blur_opt.cpp:204]   --->   Operation 92 'load' 'p_load13' <Predicate = true> <Delay = 0.00>
ST_5 : Operation 93 [1/1] (0.00ns)   --->   "%p_load = load i8 %empty_18" [blur_opt.cpp:204]   --->   Operation 93 'load' 'p_load' <Predicate = true> <Delay = 0.00>
ST_5 : Operation 94 [1/1] (0.00ns)   --->   "%specloopname_ln0 = specloopname void @_ssdm_op_SpecLoopName, void @VITIS_LOOP_180_1_VITIS_LOOP_181_2_str"   --->   Operation 94 'specloopname' 'specloopname_ln0' <Predicate = (!icmp_ln180)> <Delay = 0.00>
ST_5 : Operation 95 [1/1] (0.00ns)   --->   "%specpipeline_ln182 = specpipeline void @_ssdm_op_SpecPipeline, i32 1, i32 0, i32 0, i32 0, i32 4294967295, void @empty_0" [blur_opt.cpp:182]   --->   Operation 95 'specpipeline' 'specpipeline_ln182' <Predicate = (!icmp_ln180)> <Delay = 0.00>
ST_5 : Operation 96 [1/1] (0.00ns)   --->   "%reuse_reg17_load = load i8 %reuse_reg17"   --->   Operation 96 'load' 'reuse_reg17_load' <Predicate = (!icmp_ln180 & addr_cmp21)> <Delay = 0.00>
ST_5 : Operation 97 [1/2] ( I:3.25ns O:3.25ns )   --->   "%linebuf_1_load = load i10 %linebuf_1_addr" [blur_opt.cpp:191]   --->   Operation 97 'load' 'linebuf_1_load' <Predicate = (!icmp_ln180 & !addr_cmp21)> <Delay = 3.25> <CoreInst = "RAM">   --->   Core 81 'RAM' <Latency = 1> <II = 1> <Delay = 3.25> <Storage> <Opcode : 'load' 'store'> <Ports = 2> <Width = 8> <Depth = 1024> <RAM>
ST_5 : Operation 98 [1/1] (1.24ns)   --->   "%reuse_select22 = select i1 %addr_cmp21, i8 %reuse_reg17_load, i8 %linebuf_1_load" [blur_opt.cpp:181]   --->   Operation 98 'select' 'reuse_select22' <Predicate = (!icmp_ln180)> <Delay = 1.24> <CoreInst = "Sel">   --->   Core 73 'Sel' <Latency = 0> <II = 1> <Delay = 1.24> <FuncUnit> <Opcode : 'select'> <InPorts = 3> <OutPorts = 1>
ST_5 : Operation 99 [1/1] ( I:3.25ns O:3.25ns )   --->   "%store_ln195 = store i8 %reuse_select, i10 %linebuf_1_addr" [blur_opt.cpp:195]   --->   Operation 99 'store' 'store_ln195' <Predicate = (!icmp_ln180)> <Delay = 3.25> <CoreInst = "RAM">   --->   Core 81 'RAM' <Latency = 1> <II = 1> <Delay = 3.25> <Storage> <Opcode : 'load' 'store'> <Ports = 2> <Width = 8> <Depth = 1024> <RAM>
ST_5 : Operation 100 [1/1] (1.58ns)   --->   "%store_ln181 = store i8 %reuse_select, i8 %reuse_reg17" [blur_opt.cpp:181]   --->   Operation 100 'store' 'store_ln181' <Predicate = (!icmp_ln180)> <Delay = 1.58>
ST_5 : Operation 101 [1/1] (0.00ns)   --->   "%p_load16 = load i8 %empty_14" [blur_opt.cpp:204]   --->   Operation 101 'load' 'p_load16' <Predicate = (!icmp_ln180 & and_ln198)> <Delay = 0.00>
ST_5 : Operation 102 [1/1] (0.00ns)   --->   "%p_load15 = load i8 %empty_15" [blur_opt.cpp:204]   --->   Operation 102 'load' 'p_load15' <Predicate = (!icmp_ln180 & and_ln198)> <Delay = 0.00>
ST_5 : Operation 103 [1/1] (0.00ns)   --->   "%zext_ln204_2 = zext i8 %p_load16" [blur_opt.cpp:204]   --->   Operation 103 'zext' 'zext_ln204_2' <Predicate = (!icmp_ln180 & and_ln198)> <Delay = 0.00>
ST_5 : Operation 104 [1/1] (0.00ns)   --->   "%zext_ln204_3 = zext i8 %p_load13" [blur_opt.cpp:204]   --->   Operation 104 'zext' 'zext_ln204_3' <Predicate = (!icmp_ln180 & and_ln198)> <Delay = 0.00>
ST_5 : Operation 105 [1/1] (0.00ns)   --->   "%zext_ln204_4 = zext i8 %reuse_select" [blur_opt.cpp:204]   --->   Operation 105 'zext' 'zext_ln204_4' <Predicate = (!icmp_ln180 & and_ln198)> <Delay = 0.00>
ST_5 : Operation 106 [1/1] (0.00ns)   --->   "%zext_ln204_5 = zext i8 %p_load15" [blur_opt.cpp:204]   --->   Operation 106 'zext' 'zext_ln204_5' <Predicate = (!icmp_ln180 & and_ln198)> <Delay = 0.00>
ST_5 : Operation 107 [1/1] (0.00ns)   --->   "%zext_ln204_6 = zext i8 %p_load" [blur_opt.cpp:204]   --->   Operation 107 'zext' 'zext_ln204_6' <Predicate = (!icmp_ln180 & and_ln198)> <Delay = 0.00>
ST_5 : Operation 108 [1/1] (0.00ns)   --->   "%zext_ln204_7 = zext i8 %input_r_load" [blur_opt.cpp:204]   --->   Operation 108 'zext' 'zext_ln204_7' <Predicate = (!icmp_ln180 & and_ln198)> <Delay = 0.00>
ST_5 : Operation 109 [1/1] (1.91ns)   --->   "%add_ln204 = add i9 %zext_ln204_5, i9 %zext_ln204_6" [blur_opt.cpp:204]   --->   Operation 109 'add' 'add_ln204' <Predicate = (!icmp_ln180 & and_ln198)> <Delay = 1.91> <CoreInst = "Adder">   --->   Core 1 'Adder' <Latency = 0> <II = 1> <Delay = 1.91> <FuncUnit> <Opcode : 'add' 'sub'> <InPorts = 2> <OutPorts = 1>
ST_5 : Operation 110 [1/1] (0.00ns)   --->   "%zext_ln204_8 = zext i9 %add_ln204" [blur_opt.cpp:204]   --->   Operation 110 'zext' 'zext_ln204_8' <Predicate = (!icmp_ln180 & and_ln198)> <Delay = 0.00>
ST_5 : Operation 111 [1/1] (1.91ns)   --->   "%add_ln204_1 = add i9 %zext_ln204_3, i9 %zext_ln204_2" [blur_opt.cpp:204]   --->   Operation 111 'add' 'add_ln204_1' <Predicate = (!icmp_ln180 & and_ln198)> <Delay = 1.91> <CoreInst = "Adder">   --->   Core 1 'Adder' <Latency = 0> <II = 1> <Delay = 1.91> <FuncUnit> <Opcode : 'add' 'sub'> <InPorts = 2> <OutPorts = 1>
ST_5 : Operation 112 [1/1] (0.00ns)   --->   "%zext_ln204_9 = zext i9 %add_ln204_1" [blur_opt.cpp:204]   --->   Operation 112 'zext' 'zext_ln204_9' <Predicate = (!icmp_ln180 & and_ln198)> <Delay = 0.00>
ST_5 : Operation 113 [1/1] (1.82ns)   --->   "%add_ln204_2 = add i10 %zext_ln204_9, i10 %zext_ln204_8" [blur_opt.cpp:204]   --->   Operation 113 'add' 'add_ln204_2' <Predicate = (!icmp_ln180 & and_ln198)> <Delay = 1.82> <CoreInst = "Adder">   --->   Core 1 'Adder' <Latency = 0> <II = 1> <Delay = 1.82> <FuncUnit> <Opcode : 'add' 'sub'> <InPorts = 2> <OutPorts = 1>
ST_5 : Operation 114 [1/1] (1.91ns)   --->   "%add_ln204_4 = add i9 %zext_ln204_4, i9 %zext_ln204_7" [blur_opt.cpp:204]   --->   Operation 114 'add' 'add_ln204_4' <Predicate = (!icmp_ln180 & and_ln198)> <Delay = 1.91> <CoreInst = "Adder">   --->   Core 1 'Adder' <Latency = 0> <II = 1> <Delay = 1.91> <FuncUnit> <Opcode : 'add' 'sub'> <InPorts = 2> <OutPorts = 1>
ST_5 : Operation 115 [1/1] (1.58ns)   --->   "%store_ln193 = store i8 %input_r_load, i8 %empty_18" [blur_opt.cpp:193]   --->   Operation 115 'store' 'store_ln193' <Predicate = (!icmp_ln180)> <Delay = 1.58>
ST_5 : Operation 116 [1/1] (1.58ns)   --->   "%store_ln181 = store i8 %reuse_select, i8 %empty_17" [blur_opt.cpp:181]   --->   Operation 116 'store' 'store_ln181' <Predicate = (!icmp_ln180)> <Delay = 1.58>
ST_5 : Operation 117 [1/1] (1.58ns)   --->   "%store_ln204 = store i8 %p_load, i8 %empty_15" [blur_opt.cpp:204]   --->   Operation 117 'store' 'store_ln204' <Predicate = (!icmp_ln180)> <Delay = 1.58>
ST_5 : Operation 118 [1/1] (1.58ns)   --->   "%store_ln204 = store i8 %p_load13, i8 %empty_14" [blur_opt.cpp:204]   --->   Operation 118 'store' 'store_ln204' <Predicate = (!icmp_ln180)> <Delay = 1.58>

State 6 <SV = 5> <Delay = 6.94>
ST_6 : Operation 119 [1/1] (0.00ns)   --->   "%p_load14 = load i8 %empty_16" [blur_opt.cpp:204]   --->   Operation 119 'load' 'p_load14' <Predicate = true> <Delay = 0.00>
ST_6 : Operation 120 [1/1] (0.00ns)   --->   "%speclooptripcount_ln0 = speclooptripcount void @_ssdm_op_SpecLoopTripCount, i64 9, i64 18446744073709551615, i64 0"   --->   Operation 120 'speclooptripcount' 'speclooptripcount_ln0' <Predicate = true> <Delay = 0.00>
ST_6 : Operation 121 [1/1] (0.00ns)   --->   "%sum_load = load i8 %sum" [blur_opt.cpp:199]   --->   Operation 121 'load' 'sum_load' <Predicate = (!icmp_ln180 & and_ln198)> <Delay = 0.00>
ST_6 : Operation 122 [1/1] (0.00ns)   --->   "%zext_ln199 = zext i8 %sum_load" [blur_opt.cpp:199]   --->   Operation 122 'zext' 'zext_ln199' <Predicate = (!icmp_ln180 & and_ln198)> <Delay = 0.00>
ST_6 : Operation 123 [1/1] (0.00ns)   --->   "%zext_ln204 = zext i8 %p_load14" [blur_opt.cpp:204]   --->   Operation 123 'zext' 'zext_ln204' <Predicate = (!icmp_ln180 & and_ln198)> <Delay = 0.00>
ST_6 : Operation 124 [1/1] (0.00ns)   --->   "%zext_ln204_1 = zext i8 %reuse_select22" [blur_opt.cpp:204]   --->   Operation 124 'zext' 'zext_ln204_1' <Predicate = (!icmp_ln180 & and_ln198)> <Delay = 0.00>
ST_6 : Operation 125 [1/1] (0.00ns)   --->   "%zext_ln204_10 = zext i10 %add_ln204_2" [blur_opt.cpp:204]   --->   Operation 125 'zext' 'zext_ln204_10' <Predicate = (!icmp_ln180 & and_ln198)> <Delay = 0.00>
ST_6 : Operation 126 [1/1] (1.91ns)   --->   "%add_ln204_3 = add i9 %zext_ln204, i9 %zext_ln199" [blur_opt.cpp:204]   --->   Operation 126 'add' 'add_ln204_3' <Predicate = (!icmp_ln180 & and_ln198)> <Delay = 1.91> <CoreInst = "Adder">   --->   Core 1 'Adder' <Latency = 0> <II = 1> <Delay = 1.91> <FuncUnit> <Opcode : 'add' 'sub'> <InPorts = 2> <OutPorts = 1>
ST_6 : Operation 127 [1/1] (0.00ns)   --->   "%zext_ln204_11 = zext i9 %add_ln204_3" [blur_opt.cpp:204]   --->   Operation 127 'zext' 'zext_ln204_11' <Predicate = (!icmp_ln180 & and_ln198)> <Delay = 0.00>
ST_6 : Operation 128 [1/1] (0.00ns)   --->   "%zext_ln204_12 = zext i9 %add_ln204_4" [blur_opt.cpp:204]   --->   Operation 128 'zext' 'zext_ln204_12' <Predicate = (!icmp_ln180 & and_ln198)> <Delay = 0.00>
ST_6 : Operation 129 [1/1] (1.82ns)   --->   "%add_ln204_5 = add i10 %zext_ln204_12, i10 %zext_ln204_1" [blur_opt.cpp:204]   --->   Operation 129 'add' 'add_ln204_5' <Predicate = (!icmp_ln180 & and_ln198)> <Delay = 1.82> <CoreInst = "Adder">   --->   Core 1 'Adder' <Latency = 0> <II = 1> <Delay = 1.82> <FuncUnit> <Opcode : 'add' 'sub'> <InPorts = 2> <OutPorts = 1>
ST_6 : Operation 130 [1/1] (0.00ns)   --->   "%zext_ln204_13 = zext i10 %add_ln204_5" [blur_opt.cpp:204]   --->   Operation 130 'zext' 'zext_ln204_13' <Predicate = (!icmp_ln180 & and_ln198)> <Delay = 0.00>
ST_6 : Operation 131 [1/1] (1.73ns)   --->   "%add_ln204_6 = add i11 %zext_ln204_13, i11 %zext_ln204_11" [blur_opt.cpp:204]   --->   Operation 131 'add' 'add_ln204_6' <Predicate = (!icmp_ln180 & and_ln198)> <Delay = 1.73> <CoreInst = "Adder">   --->   Core 1 'Adder' <Latency = 0> <II = 1> <Delay = 1.73> <FuncUnit> <Opcode : 'add' 'sub'> <InPorts = 2> <OutPorts = 1>
ST_6 : Operation 132 [1/1] (0.00ns)   --->   "%zext_ln204_14 = zext i11 %add_ln204_6" [blur_opt.cpp:204]   --->   Operation 132 'zext' 'zext_ln204_14' <Predicate = (!icmp_ln180 & and_ln198)> <Delay = 0.00>
ST_6 : Operation 133 [1/1] (2.25ns) (grouped into DSP with root node mul_ln208)   --->   "%sum_1 = add i12 %zext_ln204_14, i12 %zext_ln204_10" [blur_opt.cpp:204]   --->   Operation 133 'add' 'sum_1' <Predicate = (!icmp_ln180 & and_ln198)> <Delay = 2.25> <CoreInst = "DSP48">   --->   Core 116 'DSP48' <Latency = 3> <II = 1> <Delay = 2.15> <IPBlock> <Opcode : 'add' 'sub' 'mul' 'select'> <InPorts = 0> <OutPorts = 1> <Sync> <CReg>
ST_6 : Operation 134 [1/1] (0.00ns) (grouped into DSP with root node mul_ln208)   --->   "%zext_ln208 = zext i12 %sum_1" [blur_opt.cpp:208]   --->   Operation 134 'zext' 'zext_ln208' <Predicate = (!icmp_ln180 & and_ln198)> <Delay = 0.00>
ST_6 : Operation 135 [4/4] (1.05ns) (root node of the DSP)   --->   "%mul_ln208 = mul i25 %zext_ln208, i25 7282" [blur_opt.cpp:208]   --->   Operation 135 'mul' 'mul_ln208' <Predicate = (!icmp_ln180 & and_ln198)> <Delay = 1.05> <CoreInst = "DSP48">   --->   Core 116 'DSP48' <Latency = 3> <II = 1> <Delay = 2.15> <IPBlock> <Opcode : 'add' 'sub' 'mul' 'select'> <InPorts = 0> <OutPorts = 1> <Sync> <CReg>
ST_6 : Operation 136 [1/1] (1.58ns)   --->   "%store_ln181 = store i8 %reuse_select22, i8 %empty_16" [blur_opt.cpp:181]   --->   Operation 136 'store' 'store_ln181' <Predicate = (!icmp_ln180)> <Delay = 1.58>
ST_6 : Operation 137 [1/1] (1.58ns)   --->   "%store_ln199 = store i8 %p_load14, i8 %sum" [blur_opt.cpp:199]   --->   Operation 137 'store' 'store_ln199' <Predicate = (!icmp_ln180)> <Delay = 1.58>
ST_6 : Operation 138 [1/1] (0.00ns)   --->   "%br_ln181 = br void %VITIS_LOOP_183_3" [blur_opt.cpp:181]   --->   Operation 138 'br' 'br_ln181' <Predicate = (!icmp_ln180)> <Delay = 0.00>

State 7 <SV = 6> <Delay = 1.05>
ST_7 : Operation 139 [3/4] (1.05ns) (root node of the DSP)   --->   "%mul_ln208 = mul i25 %zext_ln208, i25 7282" [blur_opt.cpp:208]   --->   Operation 139 'mul' 'mul_ln208' <Predicate = (and_ln198)> <Delay = 1.05> <CoreInst = "DSP48">   --->   Core 116 'DSP48' <Latency = 3> <II = 1> <Delay = 2.15> <IPBlock> <Opcode : 'add' 'sub' 'mul' 'select'> <InPorts = 0> <OutPorts = 1> <Sync> <CReg>

State 8 <SV = 7> <Delay = 1.58>
ST_8 : Operation 140 [2/4] (1.05ns) (root node of the DSP)   --->   "%mul_ln208 = mul i25 %zext_ln208, i25 7282" [blur_opt.cpp:208]   --->   Operation 140 'mul' 'mul_ln208' <Predicate = (and_ln198)> <Delay = 1.05> <CoreInst = "DSP48">   --->   Core 116 'DSP48' <Latency = 3> <II = 1> <Delay = 2.15> <IPBlock> <Opcode : 'add' 'sub' 'mul' 'select'> <InPorts = 0> <OutPorts = 1> <Sync> <CReg>
ST_8 : Operation 147 [1/1] (1.58ns)   --->   "%ret_ln0 = ret"   --->   Operation 147 'ret' 'ret_ln0' <Predicate = (icmp_ln180)> <Delay = 1.58>

State 9 <SV = 8> <Delay = 0.00>
ST_9 : Operation 141 [1/4] (0.00ns) (root node of the DSP)   --->   "%mul_ln208 = mul i25 %zext_ln208, i25 7282" [blur_opt.cpp:208]   --->   Operation 141 'mul' 'mul_ln208' <Predicate = (and_ln198)> <Delay = 0.00> <CoreInst = "DSP48">   --->   Core 116 'DSP48' <Latency = 3> <II = 1> <Delay = 2.15> <IPBlock> <Opcode : 'add' 'sub' 'mul' 'select'> <InPorts = 0> <OutPorts = 1> <Sync> <CReg>
ST_9 : Operation 142 [1/1] (0.00ns)   --->   "%trunc_ln1 = partselect i8 @_ssdm_op_PartSelect.i8.i25.i32.i32, i25 %mul_ln208, i32 16, i32 23" [blur_opt.cpp:208]   --->   Operation 142 'partselect' 'trunc_ln1' <Predicate = (and_ln198)> <Delay = 0.00>
ST_9 : Operation 143 [1/1] (0.00ns)   --->   "%zext_ln208_2 = zext i20 %add_ln208_2" [blur_opt.cpp:208]   --->   Operation 143 'zext' 'zext_ln208_2' <Predicate = (and_ln198)> <Delay = 0.00>
ST_9 : Operation 144 [1/1] (0.00ns)   --->   "%output_r_addr = getelementptr i8 %output_r, i64 0, i64 %zext_ln208_2" [blur_opt.cpp:208]   --->   Operation 144 'getelementptr' 'output_r_addr' <Predicate = (and_ln198)> <Delay = 0.00>
ST_9 : Operation 145 [1/1] ( I:0.00ns O:0.00ns )   --->   "%store_ln208 = store i8 %trunc_ln1, i20 %output_r_addr" [blur_opt.cpp:208]   --->   Operation 145 'store' 'store_ln208' <Predicate = (and_ln198)> <Delay = 0.00> <CoreInst = "RAM">   --->   Core 81 'RAM' <Latency = 1> <II = 1> <Delay = 3.25> <Storage> <Opcode : 'load' 'store'> <Ports = 2> <Width = 8> <Depth = 1048576> <RAM>
ST_9 : Operation 146 [1/1] (0.00ns)   --->   "%br_ln209 = br void %for.inc92" [blur_opt.cpp:209]   --->   Operation 146 'br' 'br_ln209' <Predicate = (and_ln198)> <Delay = 0.00>


============================================================
+ Verbose Summary: Timing violations
============================================================
Target clock period: 10.000ns, clock uncertainty: 2.700ns.

 <State 1>: 1.588ns
The critical path consists of the following:
	'alloca' operation 8 bit ('empty_18') [19]  (0.000 ns)
	'store' operation ('store_ln0') of constant 0 8 bit on local variable 'empty_18' [24]  (1.588 ns)

 <State 2>: 5.056ns
The critical path consists of the following:
	'load' operation 62 bit ('indvar_flatten14_load', blur_opt.cpp:180) on local variable 'indvar_flatten14' [40]  (0.000 ns)
	'add' operation 62 bit ('add_ln180_1', blur_opt.cpp:180) [48]  (3.469 ns)
	'store' operation ('store_ln180', blur_opt.cpp:180) of variable 'add_ln180_1', blur_opt.cpp:180 62 bit on local variable 'indvar_flatten14' [134]  (1.588 ns)

 <State 3>: 7.182ns
The critical path consists of the following:
	'load' operation 11 bit ('x', blur_opt.cpp:181) on local variable 'x', blur_opt.cpp:181 [39]  (0.000 ns)
	'icmp' operation 1 bit ('icmp_ln181', blur_opt.cpp:181) [45]  (2.522 ns)
	'select' operation 31 bit ('select_ln180_1', blur_opt.cpp:180) [55]  (0.733 ns)
	'add' operation 10 bit ('add_ln208', blur_opt.cpp:208) [60]  (1.731 ns)
	'add' operation 20 bit ('add_ln208_2', blur_opt.cpp:208) [124]  (2.196 ns)

 <State 4>: 4.502ns
The critical path consists of the following:
	'load' operation 8 bit ('linebuf_load', blur_opt.cpp:192) on array 'linebuf' [77]  (3.254 ns)
	'select' operation 8 bit ('reuse_select', blur_opt.cpp:181) [79]  (1.248 ns)

 <State 5>: 4.502ns
The critical path consists of the following:
	'load' operation 8 bit ('linebuf_1_load', blur_opt.cpp:191) on array 'linebuf_1' [71]  (3.254 ns)
	'select' operation 8 bit ('reuse_select22', blur_opt.cpp:181) [73]  (1.248 ns)

 <State 6>: 6.946ns
The critical path consists of the following:
	'load' operation 8 bit ('p_load14', blur_opt.cpp:204) on local variable 'empty_16' [41]  (0.000 ns)
	'add' operation 9 bit ('add_ln204_3', blur_opt.cpp:204) [110]  (1.915 ns)
	'add' operation 11 bit ('add_ln204_6', blur_opt.cpp:204) [116]  (1.731 ns)
	'add' operation 12 bit of DSP[120] ('sum', blur_opt.cpp:204) [118]  (2.250 ns)
	'mul' operation 25 bit of DSP[120] ('mul_ln208', blur_opt.cpp:208) [120]  (1.050 ns)

 <State 7>: 1.050ns
The critical path consists of the following:
	'mul' operation 25 bit of DSP[120] ('mul_ln208', blur_opt.cpp:208) [120]  (1.050 ns)

 <State 8>: 1.588ns
The critical path consists of the following:

 <State 9>: 0.000ns
The critical path consists of the following:


============================================================
+ Verbose Summary: Binding
============================================================
N/A
* FSMD analyzer results:
  - Output states:
 - Input state : 
  - Chain level:
	State 1
	State 2
	State 3
	State 4
	State 5
	State 6
	State 7
	State 8
	State 9


============================================================
+ Verbose Summary: Datapath Resource usage 
============================================================
N/A
