================================================================
== Design Size Report
================================================================

* Total Instructions per Compilation Phase
+---------------+----------------------------+--------------+----------------------------------------------------------------------------------------+
| Phase         | Step                       | Instructions | Description                                                                            |
+---------------+----------------------------+--------------+----------------------------------------------------------------------------------------+
| Compile/Link  |                            | 207          | After all functions are compiled and linked into a single design                       |
|               |                            |              |                                                                                        |
| Unroll/Inline |                            |              | After user unroll and inline pragmas are applied                                       |
|               | (1) unroll                 | 204          | user unroll pragmas are applied                                                        |
|               | (2) simplification         | 130          | simplification of applied user unroll pragmas                                          |
|               | (3) inline                 | 143          | user inline pragmas are applied                                                        |
|               | (4) simplification         | 143          | simplification of applied user inline pragmas                                          |
|               |                            |              |                                                                                        |
| Array/Struct  |                            |              | After user array partition and struct aggregate/disaggregate pragmas are applied       |
|               | (1) array partition        | 213          | user array partition pragmas are applied                                               |
|               | (2) simplification         | 163          | simplification of applied user array partition & struct aggregate/disaggregate pragmas |
|               | (3) aggregate/disaggregate | 163          | user struct aggregate/disaggregate pragmas are applied                                 |
|               | (4) array reshape          | 163          | apply array reshape pragmas                                                            |
|               | (5) access patterns        | 160          | array access pattern optmizations                                                      |
|               |                            |              |                                                                                        |
| Performance   |                            |              | After transformations are applied to meet performance pragma targets                   |
|               | (1) loop simplification    | 158          | loop and instruction simplification                                                    |
|               | (2) parallelization        | 152          | loops are unrolled or pipelined to meet performance targets                            |
|               | (3) array partition        | 149          | arrays are partitioned to meet performance targets                                     |
|               | (4) simplification         | 149          | simplification of design after performance transformations                             |
|               |                            |              |                                                                                        |
| HW Transforms |                            |              | After hardware transfomations                                                          |
|               | (1) lowering               | 157          | initial conversion to HW specific instructions                                         |
|               | (2) optimizations          | 164          | high level synthesis optimizations                                                     |
+---------------+----------------------------+--------------+----------------------------------------------------------------------------------------+

* Instructions per Function for each Compilation Phase
+--------------------------+------------------+--------------+---------------+--------------+-------------+---------------+
| Function                 | Location         | Compile/Link | Unroll/Inline | Array/Struct | Performance | HW Transforms |
+--------------------------+------------------+--------------+---------------+--------------+-------------+---------------+
| + blur_opt_final         | blur_opt.cpp:367 | 207          | 143           | 160          | 149         | 164           |
|  + linebuffer_box3_final | blur_opt.cpp:264 | 205          | 141           | 158          | 147         | 153           |
|     copy_image_inline    | blur_opt.cpp:238 |  29          |               |              |             |               |
|     mac_inline           | blur_opt.cpp:252 |  39          |               |              |             |               |
+--------------------------+------------------+--------------+---------------+--------------+-------------+---------------+

* Design Size Message Settings
+---------------------------------------------+--------+------------------------------------------------------------------+
| Message Setting                             | Value  | Description                                                      |
+---------------------------------------------+--------+------------------------------------------------------------------+
| config_compile -design_size_maximum_warning | 100000 | Show a warning when total design instructions exceeds this value |
+---------------------------------------------+--------+------------------------------------------------------------------+


