

================================================================
== Vitis HLS Report for 'linebuffer_box3_pipeline'
================================================================
* Date:           Fri Apr 24 19:30:30 2026

* Version:        2025.2 (Build 6295257 on Nov 14 2025)
* Project:        blur_opt_pipeline_proj
* Solution:       solution1 (Vivado IP Flow Target)
* Product family: zynq
* Target device:  xc7z020-clg400-1


================================================================
== Performance Estimates
================================================================
+ Timing: 
    * Summary: 
    +--------+----------+----------+------------+
    |  Clock |  Target  | Estimated| Uncertainty|
    +--------+----------+----------+------------+
    |ap_clk  |  10.00 ns|  7.182 ns|     2.70 ns|
    +--------+----------+----------+------------+

+ Latency: 
    * Summary: 
    +---------+---------+----------+----------+-----+-----+---------+
    |  Latency (cycles) |  Latency (absolute) |  Interval | Pipeline|
    |   min   |   max   |    min   |    max   | min | max |   Type  |
    +---------+---------+----------+----------+-----+-----+---------+
    |        ?|        ?|         ?|         ?|    ?|    ?|       no|
    +---------+---------+----------+----------+-----+-----+---------+

    + Detail: 
        * Instance: 
        +------------------------------------------------------------------------------+-------------------------------------------------------------------+---------+---------+-----------+-----------+-----+-----+-------------------+
        |                                                                              |                                                                   |  Latency (cycles) |   Latency (absolute)  |  Interval |      Pipeline     |
        |                                   Instance                                   |                               Module                              |   min   |   max   |    min    |    max    | min | max |        Type       |
        +------------------------------------------------------------------------------+-------------------------------------------------------------------+---------+---------+-----------+-----------+-----+-----+-------------------+
        |grp_linebuffer_box3_pipeline_Pipeline_1_fu_184                                |linebuffer_box3_pipeline_Pipeline_1                                |     2050|     2050|  20.500 us|  20.500 us|    0|    0|  loop pipeline stp|
        |grp_linebuffer_box3_pipeline_Pipeline_2_fu_190                                |linebuffer_box3_pipeline_Pipeline_2                                |       11|       11|   0.110 us|   0.110 us|    0|    0|  loop pipeline stp|
        |grp_linebuffer_box3_pipeline_Pipeline_VITIS_LOOP_15_1_VITIS_LOOP_16_2_fu_195  |linebuffer_box3_pipeline_Pipeline_VITIS_LOOP_15_1_VITIS_LOOP_16_2  |        ?|        ?|          ?|          ?|    0|    0|  loop pipeline stp|
        |grp_linebuffer_box3_pipeline_Pipeline_VITIS_LOOP_80_1_VITIS_LOOP_81_2_fu_205  |linebuffer_box3_pipeline_Pipeline_VITIS_LOOP_80_1_VITIS_LOOP_81_2  |       17|        ?|   0.170 us|          ?|    0|    0|  loop pipeline stp|
        +------------------------------------------------------------------------------+-------------------------------------------------------------------+---------+---------+-----------+-----------+-----+-----+-------------------+

        * Loop: 
        N/A

============================================================
+ Verbose Summary: Synthesis Manager
============================================================
InlineROM: 1
ExposeGlobal: 0
============================================================
+ Verbose Summary: CDFG Model
============================================================
IsTopModel: 0
ResetActiveHigh: 1
IsCombinational: 0
IsDatapathOnly: 0
HasWiredReturn: 1
HasMFsm: 0
HasVarLatency: 1
IsPipeline: 0
IsRtlPipelined: 0
IsInstanceOverlapped: 0
IsDontTouch: 0
HasImplIP: 0
IsGatedGlobalClock: 0


============================================================
+ Verbose Summary: Schedule
============================================================
* Number of FSM states : 14
* Pipeline : 0
* Dataflow Pipeline: 0

* FSM state transitions: 
1 --> 2 
2 --> 3 
3 --> 4 
4 --> 5 
5 --> 6 14 
6 --> 7 
7 --> 8 
8 --> 9 
9 --> 10 
10 --> 11 
11 --> 12 
12 --> 13 
13 --> 14 
14 --> 

* FSM state operations: 

State 1 <SV = 0> <Delay = 3.28>
ST_1 : Operation 15 [1/1] (0.00ns)   --->   "%height_read = read i32 @_ssdm_op_Read.ap_auto.i32, i32 %height"   --->   Operation 15 'read' 'height_read' <Predicate = true> <Delay = 0.00>
ST_1 : Operation 16 [1/1] (0.00ns)   --->   "%width_read = read i32 @_ssdm_op_Read.ap_auto.i32, i32 %width"   --->   Operation 16 'read' 'width_read' <Predicate = true> <Delay = 0.00>
ST_1 : Operation 17 [1/1] (0.00ns)   --->   "%empty = trunc i32 %width_read"   --->   Operation 17 'trunc' 'empty' <Predicate = true> <Delay = 0.00>
ST_1 : Operation 18 [1/1] (0.00ns)   --->   "%empty_22 = trunc i32 %height_read"   --->   Operation 18 'trunc' 'empty_22' <Predicate = true> <Delay = 0.00>
ST_1 : Operation 19 [1/1] (0.00ns)   --->   "%p_phi23_loc = alloca i64 1"   --->   Operation 19 'alloca' 'p_phi23_loc' <Predicate = true> <Delay = 0.00>
ST_1 : Operation 20 [1/1] (0.00ns)   --->   "%p_phi22_loc = alloca i64 1"   --->   Operation 20 'alloca' 'p_phi22_loc' <Predicate = true> <Delay = 0.00>
ST_1 : Operation 21 [1/1] (0.00ns)   --->   "%p_phi_loc = alloca i64 1"   --->   Operation 21 'alloca' 'p_phi_loc' <Predicate = true> <Delay = 0.00>
ST_1 : Operation 22 [1/1] (0.00ns)   --->   "%sum_loc = alloca i64 1"   --->   Operation 22 'alloca' 'sum_loc' <Predicate = true> <Delay = 0.00>
ST_1 : Operation 23 [1/1] (0.00ns)   --->   "%p_loc18 = alloca i64 1"   --->   Operation 23 'alloca' 'p_loc18' <Predicate = true> <Delay = 0.00>
ST_1 : Operation 24 [1/1] (0.00ns)   --->   "%p_loc17 = alloca i64 1"   --->   Operation 24 'alloca' 'p_loc17' <Predicate = true> <Delay = 0.00>
ST_1 : Operation 25 [1/1] (0.00ns)   --->   "%p_loc16 = alloca i64 1"   --->   Operation 25 'alloca' 'p_loc16' <Predicate = true> <Delay = 0.00>
ST_1 : Operation 26 [1/1] (0.00ns)   --->   "%p_loc15 = alloca i64 1"   --->   Operation 26 'alloca' 'p_loc15' <Predicate = true> <Delay = 0.00>
ST_1 : Operation 27 [1/1] (0.00ns)   --->   "%p_loc = alloca i64 1"   --->   Operation 27 'alloca' 'p_loc' <Predicate = true> <Delay = 0.00>
ST_1 : Operation 28 [1/1] (3.25ns)   --->   "%linebuf = alloca i64 1" [blur_opt.cpp:72]   --->   Operation 28 'alloca' 'linebuf' <Predicate = true> <Delay = 3.25>
ST_1 : Operation 29 [1/1] (3.25ns)   --->   "%linebuf_1 = alloca i64 1" [blur_opt.cpp:72]   --->   Operation 29 'alloca' 'linebuf_1' <Predicate = true> <Delay = 3.25>
ST_1 : Operation 30 [1/1] (2.32ns)   --->   "%window = alloca i64 1" [blur_opt.cpp:73]   --->   Operation 30 'alloca' 'window' <Predicate = true> <Delay = 2.32> <CoreInst = "RAM">   --->   Core 81 'RAM' <Latency = 1> <II = 1> <Delay = 2.32> <Storage> <Opcode : 'load' 'store'> <Ports = 2> <Width = 8> <Depth = 9> <RAM>
ST_1 : Operation 31 [1/1] (2.55ns)   --->   "%empty_23 = icmp_sgt  i32 %height_read, i32 0"   --->   Operation 31 'icmp' 'empty_23' <Predicate = true> <Delay = 2.55> <CoreInst = "Cmp">   --->   Core 9 'Cmp' <Latency = 0> <II = 1> <Delay = 2.55> <FuncUnit> <Opcode : 'seteq' 'setne' 'setle' 'setge' 'setlt' 'setgt'> <InPorts = 2> <OutPorts = 1>
ST_1 : Operation 32 [1/1] (0.73ns)   --->   "%smax = select i1 %empty_23, i31 %empty_22, i31 0"   --->   Operation 32 'select' 'smax' <Predicate = true> <Delay = 0.73> <CoreInst = "Sel">   --->   Core 73 'Sel' <Latency = 0> <II = 1> <Delay = 0.73> <FuncUnit> <Opcode : 'select'> <InPorts = 3> <OutPorts = 1>
ST_1 : Operation 33 [1/1] (2.55ns)   --->   "%empty_24 = icmp_sgt  i32 %width_read, i32 0"   --->   Operation 33 'icmp' 'empty_24' <Predicate = true> <Delay = 2.55> <CoreInst = "Cmp">   --->   Core 9 'Cmp' <Latency = 0> <II = 1> <Delay = 2.55> <FuncUnit> <Opcode : 'seteq' 'setne' 'setle' 'setge' 'setlt' 'setgt'> <InPorts = 2> <OutPorts = 1>
ST_1 : Operation 34 [1/1] (0.73ns)   --->   "%smax1 = select i1 %empty_24, i31 %empty, i31 0"   --->   Operation 34 'select' 'smax1' <Predicate = true> <Delay = 0.73> <CoreInst = "Sel">   --->   Core 73 'Sel' <Latency = 0> <II = 1> <Delay = 0.73> <FuncUnit> <Opcode : 'select'> <InPorts = 3> <OutPorts = 1>
ST_1 : Operation 35 [1/1] (2.55ns)   --->   "%icmp_ln76_1 = icmp_slt  i32 %height_read, i32 3" [blur_opt.cpp:76]   --->   Operation 35 'icmp' 'icmp_ln76_1' <Predicate = true> <Delay = 2.55> <CoreInst = "Cmp">   --->   Core 9 'Cmp' <Latency = 0> <II = 1> <Delay = 2.55> <FuncUnit> <Opcode : 'seteq' 'setne' 'setle' 'setge' 'setlt' 'setgt'> <InPorts = 2> <OutPorts = 1>

State 2 <SV = 1> <Delay = 6.91>
ST_2 : Operation 36 [1/1] (0.00ns)   --->   "%zext_ln73 = zext i31 %smax" [blur_opt.cpp:73]   --->   Operation 36 'zext' 'zext_ln73' <Predicate = true> <Delay = 0.00>
ST_2 : Operation 37 [1/1] (0.00ns)   --->   "%zext_ln73_1 = zext i31 %smax1" [blur_opt.cpp:73]   --->   Operation 37 'zext' 'zext_ln73_1' <Predicate = true> <Delay = 0.00>
ST_2 : Operation 38 [2/2] (6.91ns)   --->   "%mul_ln73 = mul i62 %zext_ln73, i62 %zext_ln73_1" [blur_opt.cpp:73]   --->   Operation 38 'mul' 'mul_ln73' <Predicate = true> <Delay = 6.91> <CoreInst = "Multiplier">   --->   Core 3 'Multiplier' <Latency = 1> <II = 1> <Delay = 6.91> <FuncUnit> <Opcode : 'mul'> <InPorts = 2> <OutPorts = 1>

State 3 <SV = 2> <Delay = 6.91>
ST_3 : Operation 39 [2/2] (0.00ns)   --->   "%call_ln0 = call void @linebuffer_box3_pipeline_Pipeline_1, i8 %linebuf_1, i8 %linebuf"   --->   Operation 39 'call' 'call_ln0' <Predicate = true> <Delay = 0.00> <CoreType = "Generic">   --->   Generic Core
ST_3 : Operation 40 [2/2] (0.00ns)   --->   "%call_ln0 = call void @linebuffer_box3_pipeline_Pipeline_2, i8 %window"   --->   Operation 40 'call' 'call_ln0' <Predicate = true> <Delay = 0.00> <CoreType = "Generic">   --->   Generic Core
ST_3 : Operation 41 [1/2] (6.91ns)   --->   "%mul_ln73 = mul i62 %zext_ln73, i62 %zext_ln73_1" [blur_opt.cpp:73]   --->   Operation 41 'mul' 'mul_ln73' <Predicate = true> <Delay = 6.91> <CoreInst = "Multiplier">   --->   Core 3 'Multiplier' <Latency = 1> <II = 1> <Delay = 6.91> <FuncUnit> <Opcode : 'mul'> <InPorts = 2> <OutPorts = 1>
ST_3 : Operation 42 [2/2] (0.00ns)   --->   "%call_ln73 = call void @linebuffer_box3_pipeline_Pipeline_VITIS_LOOP_15_1_VITIS_LOOP_16_2, i32 %width_read, i62 %mul_ln73, i8 %input_r, i8 %output_r" [blur_opt.cpp:73]   --->   Operation 42 'call' 'call_ln73' <Predicate = true> <Delay = 0.00> <CoreType = "Generic">   --->   Generic Core
ST_3 : Operation 43 [1/1] (2.55ns)   --->   "%icmp_ln76 = icmp_slt  i32 %width_read, i32 3" [blur_opt.cpp:76]   --->   Operation 43 'icmp' 'icmp_ln76' <Predicate = true> <Delay = 2.55> <CoreInst = "Cmp">   --->   Core 9 'Cmp' <Latency = 0> <II = 1> <Delay = 2.55> <FuncUnit> <Opcode : 'seteq' 'setne' 'setle' 'setge' 'setlt' 'setgt'> <InPorts = 2> <OutPorts = 1>
ST_3 : Operation 44 [1/1] (0.97ns)   --->   "%or_ln76 = or i1 %icmp_ln76, i1 %icmp_ln76_1" [blur_opt.cpp:76]   --->   Operation 44 'or' 'or_ln76' <Predicate = true> <Delay = 0.97> <CoreInst = "LogicGate">   --->   Core 74 'LogicGate' <Latency = 0> <II = 1> <Delay = 0.97> <FuncUnit> <Opcode : 'and' 'or' 'xor'> <InPorts = 2> <OutPorts = 1>

State 4 <SV = 3> <Delay = 4.91>
ST_4 : Operation 45 [1/2] (4.72ns)   --->   "%call_ln0 = call void @linebuffer_box3_pipeline_Pipeline_1, i8 %linebuf_1, i8 %linebuf"   --->   Operation 45 'call' 'call_ln0' <Predicate = true> <Delay = 4.72> <CoreType = "Generic">   --->   Generic Core
ST_4 : Operation 46 [1/2] (4.91ns)   --->   "%call_ln0 = call void @linebuffer_box3_pipeline_Pipeline_2, i8 %window"   --->   Operation 46 'call' 'call_ln0' <Predicate = true> <Delay = 4.91> <CoreType = "Generic">   --->   Generic Core
ST_4 : Operation 47 [1/2] (0.00ns)   --->   "%call_ln73 = call void @linebuffer_box3_pipeline_Pipeline_VITIS_LOOP_15_1_VITIS_LOOP_16_2, i32 %width_read, i62 %mul_ln73, i8 %input_r, i8 %output_r" [blur_opt.cpp:73]   --->   Operation 47 'call' 'call_ln73' <Predicate = true> <Delay = 0.00> <CoreType = "Generic">   --->   Generic Core

State 5 <SV = 4> <Delay = 2.32>
ST_5 : Operation 48 [1/1] (0.00ns)   --->   "%specinterface_ln0 = specinterface void @_ssdm_op_SpecInterface, i8 %output_r, void @empty, i32 0, i32 0, void @empty_0, i32 4294967295, i32 0, void @empty_0, void @empty_0, void @empty_0, i32 0, i32 0, i32 0, i32 0, void @empty_0, void @empty_0, i32 4294967295, i32 0, i32 0, i32 0"   --->   Operation 48 'specinterface' 'specinterface_ln0' <Predicate = true> <Delay = 0.00>
ST_5 : Operation 49 [1/1] (0.00ns)   --->   "%specinterface_ln0 = specinterface void @_ssdm_op_SpecInterface, i8 %input_r, void @empty, i32 0, i32 0, void @empty_0, i32 4294967295, i32 0, void @empty_0, void @empty_0, void @empty_0, i32 0, i32 0, i32 0, i32 0, void @empty_0, void @empty_0, i32 4294967295, i32 0, i32 0, i32 0"   --->   Operation 49 'specinterface' 'specinterface_ln0' <Predicate = true> <Delay = 0.00>
ST_5 : Operation 50 [1/1] (0.00ns)   --->   "%window_addr = getelementptr i8 %window, i64 0, i64 0" [blur_opt.cpp:73]   --->   Operation 50 'getelementptr' 'window_addr' <Predicate = true> <Delay = 0.00>
ST_5 : Operation 51 [1/1] (0.00ns)   --->   "%window_addr_1 = getelementptr i8 %window, i64 0, i64 2" [blur_opt.cpp:89]   --->   Operation 51 'getelementptr' 'window_addr_1' <Predicate = true> <Delay = 0.00>
ST_5 : Operation 52 [1/1] (0.00ns)   --->   "%window_addr_2 = getelementptr i8 %window, i64 0, i64 5" [blur_opt.cpp:90]   --->   Operation 52 'getelementptr' 'window_addr_2' <Predicate = true> <Delay = 0.00>
ST_5 : Operation 53 [1/1] (0.00ns)   --->   "%window_addr_3 = getelementptr i8 %window, i64 0, i64 8" [blur_opt.cpp:91]   --->   Operation 53 'getelementptr' 'window_addr_3' <Predicate = true> <Delay = 0.00>
ST_5 : Operation 54 [1/1] (0.00ns)   --->   "%window_addr_4 = getelementptr i8 %window, i64 0, i64 1" [blur_opt.cpp:85]   --->   Operation 54 'getelementptr' 'window_addr_4' <Predicate = true> <Delay = 0.00>
ST_5 : Operation 55 [1/1] (0.00ns)   --->   "%window_addr_5 = getelementptr i8 %window, i64 0, i64 4" [blur_opt.cpp:85]   --->   Operation 55 'getelementptr' 'window_addr_5' <Predicate = true> <Delay = 0.00>
ST_5 : Operation 56 [1/1] (0.00ns)   --->   "%window_addr_6 = getelementptr i8 %window, i64 0, i64 7" [blur_opt.cpp:85]   --->   Operation 56 'getelementptr' 'window_addr_6' <Predicate = true> <Delay = 0.00>
ST_5 : Operation 57 [1/1] (0.00ns)   --->   "%window_addr_7 = getelementptr i8 %window, i64 0, i64 3" [blur_opt.cpp:85]   --->   Operation 57 'getelementptr' 'window_addr_7' <Predicate = true> <Delay = 0.00>
ST_5 : Operation 58 [1/1] (0.00ns)   --->   "%window_addr_8 = getelementptr i8 %window, i64 0, i64 6" [blur_opt.cpp:85]   --->   Operation 58 'getelementptr' 'window_addr_8' <Predicate = true> <Delay = 0.00>
ST_5 : Operation 59 [1/1] (0.00ns)   --->   "%br_ln76 = br i1 %or_ln76, void %VITIS_LOOP_80_1, void %cleanup" [blur_opt.cpp:76]   --->   Operation 59 'br' 'br_ln76' <Predicate = true> <Delay = 0.00>
ST_5 : Operation 60 [2/2] (2.32ns)   --->   "%window_load = load i4 %window_addr_4" [blur_opt.cpp:85]   --->   Operation 60 'load' 'window_load' <Predicate = (!or_ln76)> <Delay = 2.32> <CoreInst = "RAM">   --->   Core 81 'RAM' <Latency = 1> <II = 1> <Delay = 2.32> <Storage> <Opcode : 'load' 'store'> <Ports = 2> <Width = 8> <Depth = 9> <RAM>
ST_5 : Operation 61 [2/2] (2.32ns)   --->   "%window_load_1 = load i4 %window_addr_1" [blur_opt.cpp:85]   --->   Operation 61 'load' 'window_load_1' <Predicate = (!or_ln76)> <Delay = 2.32> <CoreInst = "RAM">   --->   Core 81 'RAM' <Latency = 1> <II = 1> <Delay = 2.32> <Storage> <Opcode : 'load' 'store'> <Ports = 2> <Width = 8> <Depth = 9> <RAM>

State 6 <SV = 5> <Delay = 6.91>
ST_6 : Operation 62 [1/2] ( I:2.32ns O:2.32ns )   --->   "%window_load = load i4 %window_addr_4" [blur_opt.cpp:85]   --->   Operation 62 'load' 'window_load' <Predicate = true> <Delay = 2.32> <CoreInst = "RAM">   --->   Core 81 'RAM' <Latency = 1> <II = 1> <Delay = 2.32> <Storage> <Opcode : 'load' 'store'> <Ports = 2> <Width = 8> <Depth = 9> <RAM>
ST_6 : Operation 63 [1/2] ( I:2.32ns O:2.32ns )   --->   "%window_load_1 = load i4 %window_addr_1" [blur_opt.cpp:85]   --->   Operation 63 'load' 'window_load_1' <Predicate = true> <Delay = 2.32> <CoreInst = "RAM">   --->   Core 81 'RAM' <Latency = 1> <II = 1> <Delay = 2.32> <Storage> <Opcode : 'load' 'store'> <Ports = 2> <Width = 8> <Depth = 9> <RAM>
ST_6 : Operation 64 [2/2] (2.32ns)   --->   "%window_load_2 = load i4 %window_addr_5" [blur_opt.cpp:85]   --->   Operation 64 'load' 'window_load_2' <Predicate = true> <Delay = 2.32> <CoreInst = "RAM">   --->   Core 81 'RAM' <Latency = 1> <II = 1> <Delay = 2.32> <Storage> <Opcode : 'load' 'store'> <Ports = 2> <Width = 8> <Depth = 9> <RAM>
ST_6 : Operation 65 [2/2] (2.32ns)   --->   "%window_load_3 = load i4 %window_addr_2" [blur_opt.cpp:85]   --->   Operation 65 'load' 'window_load_3' <Predicate = true> <Delay = 2.32> <CoreInst = "RAM">   --->   Core 81 'RAM' <Latency = 1> <II = 1> <Delay = 2.32> <Storage> <Opcode : 'load' 'store'> <Ports = 2> <Width = 8> <Depth = 9> <RAM>
ST_6 : Operation 66 [1/1] (0.00ns)   --->   "%zext_ln89 = zext i31 %empty_22" [blur_opt.cpp:89]   --->   Operation 66 'zext' 'zext_ln89' <Predicate = true> <Delay = 0.00>
ST_6 : Operation 67 [1/1] (0.00ns)   --->   "%zext_ln89_1 = zext i31 %empty" [blur_opt.cpp:89]   --->   Operation 67 'zext' 'zext_ln89_1' <Predicate = true> <Delay = 0.00>
ST_6 : Operation 68 [2/2] (6.91ns)   --->   "%mul_ln89 = mul i62 %zext_ln89, i62 %zext_ln89_1" [blur_opt.cpp:89]   --->   Operation 68 'mul' 'mul_ln89' <Predicate = true> <Delay = 6.91> <CoreInst = "Multiplier">   --->   Core 3 'Multiplier' <Latency = 1> <II = 1> <Delay = 6.91> <FuncUnit> <Opcode : 'mul'> <InPorts = 2> <OutPorts = 1>

State 7 <SV = 6> <Delay = 6.91>
ST_7 : Operation 69 [1/2] ( I:2.32ns O:2.32ns )   --->   "%window_load_2 = load i4 %window_addr_5" [blur_opt.cpp:85]   --->   Operation 69 'load' 'window_load_2' <Predicate = true> <Delay = 2.32> <CoreInst = "RAM">   --->   Core 81 'RAM' <Latency = 1> <II = 1> <Delay = 2.32> <Storage> <Opcode : 'load' 'store'> <Ports = 2> <Width = 8> <Depth = 9> <RAM>
ST_7 : Operation 70 [1/2] ( I:2.32ns O:2.32ns )   --->   "%window_load_3 = load i4 %window_addr_2" [blur_opt.cpp:85]   --->   Operation 70 'load' 'window_load_3' <Predicate = true> <Delay = 2.32> <CoreInst = "RAM">   --->   Core 81 'RAM' <Latency = 1> <II = 1> <Delay = 2.32> <Storage> <Opcode : 'load' 'store'> <Ports = 2> <Width = 8> <Depth = 9> <RAM>
ST_7 : Operation 71 [2/2] (2.32ns)   --->   "%window_load_4 = load i4 %window_addr_6" [blur_opt.cpp:85]   --->   Operation 71 'load' 'window_load_4' <Predicate = true> <Delay = 2.32> <CoreInst = "RAM">   --->   Core 81 'RAM' <Latency = 1> <II = 1> <Delay = 2.32> <Storage> <Opcode : 'load' 'store'> <Ports = 2> <Width = 8> <Depth = 9> <RAM>
ST_7 : Operation 72 [2/2] (2.32ns)   --->   "%window_load_5 = load i4 %window_addr_3" [blur_opt.cpp:85]   --->   Operation 72 'load' 'window_load_5' <Predicate = true> <Delay = 2.32> <CoreInst = "RAM">   --->   Core 81 'RAM' <Latency = 1> <II = 1> <Delay = 2.32> <Storage> <Opcode : 'load' 'store'> <Ports = 2> <Width = 8> <Depth = 9> <RAM>
ST_7 : Operation 73 [1/2] (6.91ns)   --->   "%mul_ln89 = mul i62 %zext_ln89, i62 %zext_ln89_1" [blur_opt.cpp:89]   --->   Operation 73 'mul' 'mul_ln89' <Predicate = true> <Delay = 6.91> <CoreInst = "Multiplier">   --->   Core 3 'Multiplier' <Latency = 1> <II = 1> <Delay = 6.91> <FuncUnit> <Opcode : 'mul'> <InPorts = 2> <OutPorts = 1>

State 8 <SV = 7> <Delay = 3.91>
ST_8 : Operation 74 [1/2] ( I:2.32ns O:2.32ns )   --->   "%window_load_4 = load i4 %window_addr_6" [blur_opt.cpp:85]   --->   Operation 74 'load' 'window_load_4' <Predicate = true> <Delay = 2.32> <CoreInst = "RAM">   --->   Core 81 'RAM' <Latency = 1> <II = 1> <Delay = 2.32> <Storage> <Opcode : 'load' 'store'> <Ports = 2> <Width = 8> <Depth = 9> <RAM>
ST_8 : Operation 75 [1/2] ( I:2.32ns O:2.32ns )   --->   "%window_load_5 = load i4 %window_addr_3" [blur_opt.cpp:85]   --->   Operation 75 'load' 'window_load_5' <Predicate = true> <Delay = 2.32> <CoreInst = "RAM">   --->   Core 81 'RAM' <Latency = 1> <II = 1> <Delay = 2.32> <Storage> <Opcode : 'load' 'store'> <Ports = 2> <Width = 8> <Depth = 9> <RAM>
ST_8 : Operation 76 [2/2] (1.58ns)   --->   "%call_ln85 = call void @linebuffer_box3_pipeline_Pipeline_VITIS_LOOP_80_1_VITIS_LOOP_81_2, i8 %window_load_5, i8 %window_load_4, i8 %window_load_3, i8 %window_load_2, i8 %window_load_1, i8 %window_load, i31 %empty, i62 %mul_ln89, i8 %input_r, i8 %linebuf_1, i8 %linebuf, i8 %output_r, i8 %p_loc, i8 %p_loc15, i8 %p_loc16, i8 %p_loc17, i8 %p_loc18, i8 %sum_loc, i8 %p_phi_loc, i8 %p_phi22_loc, i8 %p_phi23_loc" [blur_opt.cpp:85]   --->   Operation 76 'call' 'call_ln85' <Predicate = true> <Delay = 1.58> <CoreType = "Generic">   --->   Generic Core

State 9 <SV = 8> <Delay = 0.00>
ST_9 : Operation 77 [1/2] (0.00ns)   --->   "%call_ln85 = call void @linebuffer_box3_pipeline_Pipeline_VITIS_LOOP_80_1_VITIS_LOOP_81_2, i8 %window_load_5, i8 %window_load_4, i8 %window_load_3, i8 %window_load_2, i8 %window_load_1, i8 %window_load, i31 %empty, i62 %mul_ln89, i8 %input_r, i8 %linebuf_1, i8 %linebuf, i8 %output_r, i8 %p_loc, i8 %p_loc15, i8 %p_loc16, i8 %p_loc17, i8 %p_loc18, i8 %sum_loc, i8 %p_phi_loc, i8 %p_phi22_loc, i8 %p_phi23_loc" [blur_opt.cpp:85]   --->   Operation 77 'call' 'call_ln85' <Predicate = true> <Delay = 0.00> <CoreType = "Generic">   --->   Generic Core

State 10 <SV = 9> <Delay = 2.32>
ST_10 : Operation 78 [1/1] (0.00ns)   --->   "%sum_loc_load = load i8 %sum_loc"   --->   Operation 78 'load' 'sum_loc_load' <Predicate = true> <Delay = 0.00>
ST_10 : Operation 79 [1/1] (0.00ns)   --->   "%p_phi23_loc_load = load i8 %p_phi23_loc"   --->   Operation 79 'load' 'p_phi23_loc_load' <Predicate = true> <Delay = 0.00>
ST_10 : Operation 80 [1/1] ( I:2.32ns O:2.32ns )   --->   "%store_ln85 = store i8 %sum_loc_load, i4 %window_addr_4" [blur_opt.cpp:85]   --->   Operation 80 'store' 'store_ln85' <Predicate = true> <Delay = 2.32> <CoreInst = "RAM">   --->   Core 81 'RAM' <Latency = 1> <II = 1> <Delay = 2.32> <Storage> <Opcode : 'load' 'store'> <Ports = 2> <Width = 8> <Depth = 9> <RAM>
ST_10 : Operation 81 [1/1] ( I:2.32ns O:2.32ns )   --->   "%store_ln85 = store i8 %p_phi23_loc_load, i4 %window_addr" [blur_opt.cpp:85]   --->   Operation 81 'store' 'store_ln85' <Predicate = true> <Delay = 2.32> <CoreInst = "RAM">   --->   Core 81 'RAM' <Latency = 1> <II = 1> <Delay = 2.32> <Storage> <Opcode : 'load' 'store'> <Ports = 2> <Width = 8> <Depth = 9> <RAM>

State 11 <SV = 10> <Delay = 2.32>
ST_11 : Operation 82 [1/1] (0.00ns)   --->   "%p_loc17_load = load i8 %p_loc17"   --->   Operation 82 'load' 'p_loc17_load' <Predicate = true> <Delay = 0.00>
ST_11 : Operation 83 [1/1] (0.00ns)   --->   "%p_loc18_load = load i8 %p_loc18"   --->   Operation 83 'load' 'p_loc18_load' <Predicate = true> <Delay = 0.00>
ST_11 : Operation 84 [1/1] ( I:2.32ns O:2.32ns )   --->   "%store_ln85 = store i8 %p_loc18_load, i4 %window_addr_1" [blur_opt.cpp:85]   --->   Operation 84 'store' 'store_ln85' <Predicate = true> <Delay = 2.32> <CoreInst = "RAM">   --->   Core 81 'RAM' <Latency = 1> <II = 1> <Delay = 2.32> <Storage> <Opcode : 'load' 'store'> <Ports = 2> <Width = 8> <Depth = 9> <RAM>
ST_11 : Operation 85 [1/1] ( I:2.32ns O:2.32ns )   --->   "%store_ln85 = store i8 %p_loc17_load, i4 %window_addr_5" [blur_opt.cpp:85]   --->   Operation 85 'store' 'store_ln85' <Predicate = true> <Delay = 2.32> <CoreInst = "RAM">   --->   Core 81 'RAM' <Latency = 1> <II = 1> <Delay = 2.32> <Storage> <Opcode : 'load' 'store'> <Ports = 2> <Width = 8> <Depth = 9> <RAM>

State 12 <SV = 11> <Delay = 2.32>
ST_12 : Operation 86 [1/1] (0.00ns)   --->   "%p_loc16_load = load i8 %p_loc16"   --->   Operation 86 'load' 'p_loc16_load' <Predicate = true> <Delay = 0.00>
ST_12 : Operation 87 [1/1] (0.00ns)   --->   "%p_phi22_loc_load = load i8 %p_phi22_loc"   --->   Operation 87 'load' 'p_phi22_loc_load' <Predicate = true> <Delay = 0.00>
ST_12 : Operation 88 [1/1] ( I:2.32ns O:2.32ns )   --->   "%store_ln85 = store i8 %p_phi22_loc_load, i4 %window_addr_7" [blur_opt.cpp:85]   --->   Operation 88 'store' 'store_ln85' <Predicate = true> <Delay = 2.32> <CoreInst = "RAM">   --->   Core 81 'RAM' <Latency = 1> <II = 1> <Delay = 2.32> <Storage> <Opcode : 'load' 'store'> <Ports = 2> <Width = 8> <Depth = 9> <RAM>
ST_12 : Operation 89 [1/1] ( I:2.32ns O:2.32ns )   --->   "%store_ln85 = store i8 %p_loc16_load, i4 %window_addr_2" [blur_opt.cpp:85]   --->   Operation 89 'store' 'store_ln85' <Predicate = true> <Delay = 2.32> <CoreInst = "RAM">   --->   Core 81 'RAM' <Latency = 1> <II = 1> <Delay = 2.32> <Storage> <Opcode : 'load' 'store'> <Ports = 2> <Width = 8> <Depth = 9> <RAM>

State 13 <SV = 12> <Delay = 2.32>
ST_13 : Operation 90 [1/1] (0.00ns)   --->   "%p_loc15_load = load i8 %p_loc15"   --->   Operation 90 'load' 'p_loc15_load' <Predicate = true> <Delay = 0.00>
ST_13 : Operation 91 [1/1] (0.00ns)   --->   "%p_phi_loc_load = load i8 %p_phi_loc"   --->   Operation 91 'load' 'p_phi_loc_load' <Predicate = true> <Delay = 0.00>
ST_13 : Operation 92 [1/1] ( I:2.32ns O:2.32ns )   --->   "%store_ln85 = store i8 %p_loc15_load, i4 %window_addr_6" [blur_opt.cpp:85]   --->   Operation 92 'store' 'store_ln85' <Predicate = true> <Delay = 2.32> <CoreInst = "RAM">   --->   Core 81 'RAM' <Latency = 1> <II = 1> <Delay = 2.32> <Storage> <Opcode : 'load' 'store'> <Ports = 2> <Width = 8> <Depth = 9> <RAM>
ST_13 : Operation 93 [1/1] ( I:2.32ns O:2.32ns )   --->   "%store_ln85 = store i8 %p_phi_loc_load, i4 %window_addr_8" [blur_opt.cpp:85]   --->   Operation 93 'store' 'store_ln85' <Predicate = true> <Delay = 2.32> <CoreInst = "RAM">   --->   Core 81 'RAM' <Latency = 1> <II = 1> <Delay = 2.32> <Storage> <Opcode : 'load' 'store'> <Ports = 2> <Width = 8> <Depth = 9> <RAM>

State 14 <SV = 13> <Delay = 2.32>
ST_14 : Operation 94 [1/1] (0.00ns)   --->   "%p_loc_load = load i8 %p_loc"   --->   Operation 94 'load' 'p_loc_load' <Predicate = (!or_ln76)> <Delay = 0.00>
ST_14 : Operation 95 [1/1] ( I:2.32ns O:2.32ns )   --->   "%store_ln85 = store i8 %p_loc_load, i4 %window_addr_3" [blur_opt.cpp:85]   --->   Operation 95 'store' 'store_ln85' <Predicate = (!or_ln76)> <Delay = 2.32> <CoreInst = "RAM">   --->   Core 81 'RAM' <Latency = 1> <II = 1> <Delay = 2.32> <Storage> <Opcode : 'load' 'store'> <Ports = 2> <Width = 8> <Depth = 9> <RAM>
ST_14 : Operation 96 [1/1] (0.00ns)   --->   "%br_ln108 = br void %cleanup" [blur_opt.cpp:108]   --->   Operation 96 'br' 'br_ln108' <Predicate = (!or_ln76)> <Delay = 0.00>
ST_14 : Operation 97 [1/1] (0.00ns)   --->   "%ret_ln108 = ret" [blur_opt.cpp:108]   --->   Operation 97 'ret' 'ret_ln108' <Predicate = true> <Delay = 0.00>


============================================================
+ Verbose Summary: Binding
============================================================
STG Binding: 
---------------- STG Properties BEGIN ----------------
- Is combinational: 0
- Is one-state seq: 0
- Is datapath-only: 0
- Is pipelined: 0
- Is top level: 0
Port [ Return ] is wired: 1; IO mode=ap_ctrl_hs:ce=0
Port [ input_r]:  wired=1; compound=1; hidden=0; nouse=0; global=0; static=0; extern=0; dir=0; type=1; pingpong=0; private_global=0; MemPort=[13]; IO mode=ap_memory:ce=0
Port [ output_r]:  wired=1; compound=1; hidden=0; nouse=0; global=0; static=0; extern=0; dir=1; type=1; pingpong=0; private_global=0; MemPort=[03]; IO mode=ap_memory:ce=0
Port [ width]:  wired=1; compound=0; hidden=0; nouse=0; global=0; static=0; extern=0; dir=0; type=0; pingpong=0; private_global=0; IO mode=ap_none:ce=0
Port [ height]:  wired=1; compound=0; hidden=0; nouse=0; global=0; static=0; extern=0; dir=0; type=0; pingpong=0; private_global=0; IO mode=ap_none:ce=0
---------------- STG Properties END ------------------

---------------- Datapath Model BEGIN ----------------

<LifeTime>
<method=bitvector/>
height_read       (read         ) [ 000000000000000]
width_read        (read         ) [ 001110000000000]
empty             (trunc        ) [ 001111111100000]
empty_22          (trunc        ) [ 001111100000000]
p_phi23_loc       (alloca       ) [ 001111111110000]
p_phi22_loc       (alloca       ) [ 001111111111100]
p_phi_loc         (alloca       ) [ 001111111111110]
sum_loc           (alloca       ) [ 001111111110000]
p_loc18           (alloca       ) [ 001111111111000]
p_loc17           (alloca       ) [ 001111111111000]
p_loc16           (alloca       ) [ 001111111111100]
p_loc15           (alloca       ) [ 001111111111110]
p_loc             (alloca       ) [ 001111111111111]
linebuf           (alloca       ) [ 001111111100000]
linebuf_1         (alloca       ) [ 001111111100000]
window            (alloca       ) [ 001111000000000]
empty_23          (icmp         ) [ 000000000000000]
smax              (select       ) [ 001000000000000]
empty_24          (icmp         ) [ 000000000000000]
smax1             (select       ) [ 001000000000000]
icmp_ln76_1       (icmp         ) [ 001100000000000]
zext_ln73         (zext         ) [ 000100000000000]
zext_ln73_1       (zext         ) [ 000100000000000]
mul_ln73          (mul          ) [ 000010000000000]
icmp_ln76         (icmp         ) [ 000000000000000]
or_ln76           (or           ) [ 000011111111111]
call_ln0          (call         ) [ 000000000000000]
call_ln0          (call         ) [ 000000000000000]
call_ln73         (call         ) [ 000000000000000]
specinterface_ln0 (specinterface) [ 000000000000000]
specinterface_ln0 (specinterface) [ 000000000000000]
window_addr       (getelementptr) [ 000000111110000]
window_addr_1     (getelementptr) [ 000000111111000]
window_addr_2     (getelementptr) [ 000000111111100]
window_addr_3     (getelementptr) [ 000000111111111]
window_addr_4     (getelementptr) [ 000000111110000]
window_addr_5     (getelementptr) [ 000000111111000]
window_addr_6     (getelementptr) [ 000000111111110]
window_addr_7     (getelementptr) [ 000000111111100]
window_addr_8     (getelementptr) [ 000000111111110]
br_ln76           (br           ) [ 000000000000000]
window_load       (load         ) [ 000000011100000]
window_load_1     (load         ) [ 000000011100000]
zext_ln89         (zext         ) [ 000000010000000]
zext_ln89_1       (zext         ) [ 000000010000000]
window_load_2     (load         ) [ 000000001100000]
window_load_3     (load         ) [ 000000001100000]
mul_ln89          (mul          ) [ 000000001100000]
window_load_4     (load         ) [ 000000000100000]
window_load_5     (load         ) [ 000000000100000]
call_ln85         (call         ) [ 000000000000000]
sum_loc_load      (load         ) [ 000000000000000]
p_phi23_loc_load  (load         ) [ 000000000000000]
store_ln85        (store        ) [ 000000000000000]
store_ln85        (store        ) [ 000000000000000]
p_loc17_load      (load         ) [ 000000000000000]
p_loc18_load      (load         ) [ 000000000000000]
store_ln85        (store        ) [ 000000000000000]
store_ln85        (store        ) [ 000000000000000]
p_loc16_load      (load         ) [ 000000000000000]
p_phi22_loc_load  (load         ) [ 000000000000000]
store_ln85        (store        ) [ 000000000000000]
store_ln85        (store        ) [ 000000000000000]
p_loc15_load      (load         ) [ 000000000000000]
p_phi_loc_load    (load         ) [ 000000000000000]
store_ln85        (store        ) [ 000000000000000]
store_ln85        (store        ) [ 000000000000000]
p_loc_load        (load         ) [ 000000000000000]
store_ln85        (store        ) [ 000000000000000]
br_ln108          (br           ) [ 000000000000000]
ret_ln108         (ret          ) [ 000000000000000]
</LifeTime>

<model>

<comp_list>
<comp id="0" class="1000" name="input_r">
<pin_list>
<pin id="1" dir="1" index="0" bw="1" slack="0"/>
</pin_list>
<bind>
<StgValue><ssdm name="input_r"/><MemPortTyVec>1 3 </MemPortTyVec>
</StgValue>
</bind>
</comp>

<comp id="2" class="1000" name="output_r">
<pin_list>
<pin id="3" dir="1" index="0" bw="1" slack="0"/>
</pin_list>
<bind>
<StgValue><ssdm name="output_r"/><MemPortTyVec>0 3 </MemPortTyVec>
</StgValue>
</bind>
</comp>

<comp id="4" class="1000" name="width">
<pin_list>
<pin id="5" dir="1" index="0" bw="1" slack="0"/>
</pin_list>
<bind>
<StgValue><ssdm name="width"/></StgValue>
</bind>
</comp>

<comp id="6" class="1000" name="height">
<pin_list>
<pin id="7" dir="1" index="0" bw="1" slack="0"/>
</pin_list>
<bind>
<StgValue><ssdm name="height"/></StgValue>
</bind>
</comp>

<comp id="8" class="1001" name="const_8">
<pin_list>
<pin id="9" dir="1" index="0" bw="1" slack="0"/>
</pin_list>
<bind>
<StgValue><ssdm name="_ssdm_op_Read.ap_auto.i32"/></StgValue>
</bind>
</comp>

<comp id="10" class="1001" name="const_10">
<pin_list>
<pin id="11" dir="1" index="0" bw="1" slack="0"/>
</pin_list>
<bind>
<StgValue><ssdm name=""/></StgValue>
</bind>
</comp>

<comp id="12" class="1001" name="const_12">
<pin_list>
<pin id="13" dir="1" index="0" bw="1" slack="0"/>
</pin_list>
<bind>
<StgValue><ssdm name=""/></StgValue>
</bind>
</comp>

<comp id="14" class="1001" name="const_14">
<pin_list>
<pin id="15" dir="1" index="0" bw="1" slack="0"/>
</pin_list>
<bind>
<StgValue><ssdm name=""/></StgValue>
</bind>
</comp>

<comp id="16" class="1001" name="const_16">
<pin_list>
<pin id="17" dir="1" index="0" bw="1" slack="0"/>
</pin_list>
<bind>
<StgValue><ssdm name=""/></StgValue>
</bind>
</comp>

<comp id="18" class="1001" name="const_18">
<pin_list>
<pin id="19" dir="1" index="0" bw="1" slack="0"/>
</pin_list>
<bind>
<StgValue><ssdm name="linebuffer_box3_pipeline_Pipeline_1"/></StgValue>
</bind>
</comp>

<comp id="20" class="1001" name="const_20">
<pin_list>
<pin id="21" dir="1" index="0" bw="1" slack="0"/>
</pin_list>
<bind>
<StgValue><ssdm name="linebuffer_box3_pipeline_Pipeline_2"/></StgValue>
</bind>
</comp>

<comp id="22" class="1001" name="const_22">
<pin_list>
<pin id="23" dir="1" index="0" bw="1" slack="0"/>
</pin_list>
<bind>
<StgValue><ssdm name="linebuffer_box3_pipeline_Pipeline_VITIS_LOOP_15_1_VITIS_LOOP_16_2"/></StgValue>
</bind>
</comp>

<comp id="24" class="1001" name="const_24">
<pin_list>
<pin id="25" dir="1" index="0" bw="1" slack="2147483647"/>
</pin_list>
<bind>
<StgValue><ssdm name="_ssdm_op_SpecInterface"/></StgValue>
</bind>
</comp>

<comp id="26" class="1001" name="const_26">
<pin_list>
<pin id="27" dir="1" index="0" bw="1" slack="2147483647"/>
</pin_list>
<bind>
<StgValue><ssdm name="empty"/></StgValue>
</bind>
</comp>

<comp id="28" class="1001" name="const_28">
<pin_list>
<pin id="29" dir="1" index="0" bw="1" slack="2147483647"/>
</pin_list>
<bind>
<StgValue><ssdm name="empty_0"/></StgValue>
</bind>
</comp>

<comp id="30" class="1001" name="const_30">
<pin_list>
<pin id="31" dir="1" index="0" bw="1" slack="2147483647"/>
</pin_list>
<bind>
<StgValue><ssdm name=""/></StgValue>
</bind>
</comp>

<comp id="32" class="1001" name="const_32">
<pin_list>
<pin id="33" dir="1" index="0" bw="1" slack="0"/>
</pin_list>
<bind>
<StgValue><ssdm name=""/></StgValue>
</bind>
</comp>

<comp id="34" class="1001" name="const_34">
<pin_list>
<pin id="35" dir="1" index="0" bw="1" slack="0"/>
</pin_list>
<bind>
<StgValue><ssdm name=""/></StgValue>
</bind>
</comp>

<comp id="36" class="1001" name="const_36">
<pin_list>
<pin id="37" dir="1" index="0" bw="1" slack="0"/>
</pin_list>
<bind>
<StgValue><ssdm name=""/></StgValue>
</bind>
</comp>

<comp id="38" class="1001" name="const_38">
<pin_list>
<pin id="39" dir="1" index="0" bw="1" slack="0"/>
</pin_list>
<bind>
<StgValue><ssdm name=""/></StgValue>
</bind>
</comp>

<comp id="40" class="1001" name="const_40">
<pin_list>
<pin id="41" dir="1" index="0" bw="1" slack="0"/>
</pin_list>
<bind>
<StgValue><ssdm name=""/></StgValue>
</bind>
</comp>

<comp id="42" class="1001" name="const_42">
<pin_list>
<pin id="43" dir="1" index="0" bw="1" slack="0"/>
</pin_list>
<bind>
<StgValue><ssdm name=""/></StgValue>
</bind>
</comp>

<comp id="44" class="1001" name="const_44">
<pin_list>
<pin id="45" dir="1" index="0" bw="1" slack="0"/>
</pin_list>
<bind>
<StgValue><ssdm name=""/></StgValue>
</bind>
</comp>

<comp id="46" class="1001" name="const_46">
<pin_list>
<pin id="47" dir="1" index="0" bw="1" slack="0"/>
</pin_list>
<bind>
<StgValue><ssdm name=""/></StgValue>
</bind>
</comp>

<comp id="48" class="1001" name="const_48">
<pin_list>
<pin id="49" dir="1" index="0" bw="1" slack="0"/>
</pin_list>
<bind>
<StgValue><ssdm name="linebuffer_box3_pipeline_Pipeline_VITIS_LOOP_80_1_VITIS_LOOP_81_2"/></StgValue>
</bind>
</comp>

<comp id="50" class="1004" name="p_phi23_loc_fu_50">
<pin_list>
<pin id="51" dir="0" index="0" bw="1" slack="0"/>
<pin id="52" dir="1" index="1" bw="8" slack="7"/>
</pin_list>
<bind>
<opcode="alloca(26) " fcode="alloca"/>
<opset="p_phi23_loc/1 "/>
</bind>
</comp>

<comp id="54" class="1004" name="p_phi22_loc_fu_54">
<pin_list>
<pin id="55" dir="0" index="0" bw="1" slack="0"/>
<pin id="56" dir="1" index="1" bw="8" slack="7"/>
</pin_list>
<bind>
<opcode="alloca(26) " fcode="alloca"/>
<opset="p_phi22_loc/1 "/>
</bind>
</comp>

<comp id="58" class="1004" name="p_phi_loc_fu_58">
<pin_list>
<pin id="59" dir="0" index="0" bw="1" slack="0"/>
<pin id="60" dir="1" index="1" bw="8" slack="7"/>
</pin_list>
<bind>
<opcode="alloca(26) " fcode="alloca"/>
<opset="p_phi_loc/1 "/>
</bind>
</comp>

<comp id="62" class="1004" name="sum_loc_fu_62">
<pin_list>
<pin id="63" dir="0" index="0" bw="1" slack="0"/>
<pin id="64" dir="1" index="1" bw="8" slack="7"/>
</pin_list>
<bind>
<opcode="alloca(26) " fcode="alloca"/>
<opset="sum_loc/1 "/>
</bind>
</comp>

<comp id="66" class="1004" name="p_loc18_fu_66">
<pin_list>
<pin id="67" dir="0" index="0" bw="1" slack="0"/>
<pin id="68" dir="1" index="1" bw="8" slack="7"/>
</pin_list>
<bind>
<opcode="alloca(26) " fcode="alloca"/>
<opset="p_loc18/1 "/>
</bind>
</comp>

<comp id="70" class="1004" name="p_loc17_fu_70">
<pin_list>
<pin id="71" dir="0" index="0" bw="1" slack="0"/>
<pin id="72" dir="1" index="1" bw="8" slack="7"/>
</pin_list>
<bind>
<opcode="alloca(26) " fcode="alloca"/>
<opset="p_loc17/1 "/>
</bind>
</comp>

<comp id="74" class="1004" name="p_loc16_fu_74">
<pin_list>
<pin id="75" dir="0" index="0" bw="1" slack="0"/>
<pin id="76" dir="1" index="1" bw="8" slack="7"/>
</pin_list>
<bind>
<opcode="alloca(26) " fcode="alloca"/>
<opset="p_loc16/1 "/>
</bind>
</comp>

<comp id="78" class="1004" name="p_loc15_fu_78">
<pin_list>
<pin id="79" dir="0" index="0" bw="1" slack="0"/>
<pin id="80" dir="1" index="1" bw="8" slack="7"/>
</pin_list>
<bind>
<opcode="alloca(26) " fcode="alloca"/>
<opset="p_loc15/1 "/>
</bind>
</comp>

<comp id="82" class="1004" name="p_loc_fu_82">
<pin_list>
<pin id="83" dir="0" index="0" bw="1" slack="0"/>
<pin id="84" dir="1" index="1" bw="8" slack="7"/>
</pin_list>
<bind>
<opcode="alloca(26) " fcode="alloca"/>
<opset="p_loc/1 "/>
</bind>
</comp>

<comp id="86" class="1004" name="linebuf_alloca_fu_86">
<pin_list>
<pin id="87" dir="0" index="0" bw="1" slack="0"/>
<pin id="88" dir="1" index="1" bw="8" slack="2147483647"/>
</pin_list>
<bind>
<opcode="alloca(26) " fcode="alloca"/>
<opset="linebuf/1 "/>
</bind>
</comp>

<comp id="90" class="1004" name="linebuf_1_alloca_fu_90">
<pin_list>
<pin id="91" dir="0" index="0" bw="1" slack="0"/>
<pin id="92" dir="1" index="1" bw="8" slack="2147483647"/>
</pin_list>
<bind>
<opcode="alloca(26) " fcode="alloca"/>
<opset="linebuf_1/1 "/>
</bind>
</comp>

<comp id="94" class="1004" name="window_alloca_fu_94">
<pin_list>
<pin id="95" dir="0" index="0" bw="1" slack="0"/>
<pin id="96" dir="1" index="1" bw="8" slack="2147483647"/>
</pin_list>
<bind>
<opcode="alloca(26) " fcode="alloca"/>
<opset="window/1 "/>
</bind>
</comp>

<comp id="98" class="1004" name="height_read_read_fu_98">
<pin_list>
<pin id="99" dir="0" index="0" bw="32" slack="0"/>
<pin id="100" dir="0" index="1" bw="32" slack="0"/>
<pin id="101" dir="1" index="2" bw="32" slack="0"/>
</pin_list>
<bind>
<opcode="read(1150) " fcode="read"/>
<opset="height_read/1 "/>
</bind>
</comp>

<comp id="104" class="1004" name="width_read_read_fu_104">
<pin_list>
<pin id="105" dir="0" index="0" bw="32" slack="0"/>
<pin id="106" dir="0" index="1" bw="32" slack="0"/>
<pin id="107" dir="1" index="2" bw="32" slack="0"/>
</pin_list>
<bind>
<opcode="read(1150) " fcode="read"/>
<opset="width_read/1 "/>
</bind>
</comp>

<comp id="110" class="1004" name="window_addr_gep_fu_110">
<pin_list>
<pin id="111" dir="0" index="0" bw="8" slack="2147483647"/>
<pin id="112" dir="0" index="1" bw="1" slack="0"/>
<pin id="113" dir="0" index="2" bw="1" slack="0"/>
<pin id="114" dir="1" index="3" bw="4" slack="5"/>
</pin_list>
<bind>
<opcode="getelementptr(29) " fcode="getelementptr"/>
<opset="window_addr/5 "/>
</bind>
</comp>

<comp id="117" class="1004" name="window_addr_1_gep_fu_117">
<pin_list>
<pin id="118" dir="0" index="0" bw="8" slack="2147483647"/>
<pin id="119" dir="0" index="1" bw="1" slack="0"/>
<pin id="120" dir="0" index="2" bw="3" slack="0"/>
<pin id="121" dir="1" index="3" bw="4" slack="0"/>
</pin_list>
<bind>
<opcode="getelementptr(29) " fcode="getelementptr"/>
<opset="window_addr_1/5 "/>
</bind>
</comp>

<comp id="124" class="1004" name="window_addr_2_gep_fu_124">
<pin_list>
<pin id="125" dir="0" index="0" bw="8" slack="2147483647"/>
<pin id="126" dir="0" index="1" bw="1" slack="0"/>
<pin id="127" dir="0" index="2" bw="4" slack="0"/>
<pin id="128" dir="1" index="3" bw="4" slack="1"/>
</pin_list>
<bind>
<opcode="getelementptr(29) " fcode="getelementptr"/>
<opset="window_addr_2/5 "/>
</bind>
</comp>

<comp id="131" class="1004" name="window_addr_3_gep_fu_131">
<pin_list>
<pin id="132" dir="0" index="0" bw="8" slack="2147483647"/>
<pin id="133" dir="0" index="1" bw="1" slack="0"/>
<pin id="134" dir="0" index="2" bw="5" slack="0"/>
<pin id="135" dir="1" index="3" bw="4" slack="2"/>
</pin_list>
<bind>
<opcode="getelementptr(29) " fcode="getelementptr"/>
<opset="window_addr_3/5 "/>
</bind>
</comp>

<comp id="138" class="1004" name="window_addr_4_gep_fu_138">
<pin_list>
<pin id="139" dir="0" index="0" bw="8" slack="2147483647"/>
<pin id="140" dir="0" index="1" bw="1" slack="0"/>
<pin id="141" dir="0" index="2" bw="1" slack="0"/>
<pin id="142" dir="1" index="3" bw="4" slack="0"/>
</pin_list>
<bind>
<opcode="getelementptr(29) " fcode="getelementptr"/>
<opset="window_addr_4/5 "/>
</bind>
</comp>

<comp id="145" class="1004" name="window_addr_5_gep_fu_145">
<pin_list>
<pin id="146" dir="0" index="0" bw="8" slack="2147483647"/>
<pin id="147" dir="0" index="1" bw="1" slack="0"/>
<pin id="148" dir="0" index="2" bw="4" slack="0"/>
<pin id="149" dir="1" index="3" bw="4" slack="1"/>
</pin_list>
<bind>
<opcode="getelementptr(29) " fcode="getelementptr"/>
<opset="window_addr_5/5 "/>
</bind>
</comp>

<comp id="152" class="1004" name="window_addr_6_gep_fu_152">
<pin_list>
<pin id="153" dir="0" index="0" bw="8" slack="2147483647"/>
<pin id="154" dir="0" index="1" bw="1" slack="0"/>
<pin id="155" dir="0" index="2" bw="4" slack="0"/>
<pin id="156" dir="1" index="3" bw="4" slack="2"/>
</pin_list>
<bind>
<opcode="getelementptr(29) " fcode="getelementptr"/>
<opset="window_addr_6/5 "/>
</bind>
</comp>

<comp id="159" class="1004" name="window_addr_7_gep_fu_159">
<pin_list>
<pin id="160" dir="0" index="0" bw="8" slack="2147483647"/>
<pin id="161" dir="0" index="1" bw="1" slack="0"/>
<pin id="162" dir="0" index="2" bw="3" slack="0"/>
<pin id="163" dir="1" index="3" bw="4" slack="7"/>
</pin_list>
<bind>
<opcode="getelementptr(29) " fcode="getelementptr"/>
<opset="window_addr_7/5 "/>
</bind>
</comp>

<comp id="166" class="1004" name="window_addr_8_gep_fu_166">
<pin_list>
<pin id="167" dir="0" index="0" bw="8" slack="2147483647"/>
<pin id="168" dir="0" index="1" bw="1" slack="0"/>
<pin id="169" dir="0" index="2" bw="4" slack="0"/>
<pin id="170" dir="1" index="3" bw="4" slack="8"/>
</pin_list>
<bind>
<opcode="getelementptr(29) " fcode="getelementptr"/>
<opset="window_addr_8/5 "/>
</bind>
</comp>

<comp id="173" class="1004" name="grp_access_fu_173">
<pin_list>
<pin id="174" dir="0" index="0" bw="4" slack="0"/>
<pin id="175" dir="0" index="1" bw="8" slack="0"/>
<pin id="176" dir="0" index="2" bw="0" slack="0"/>
<pin id="178" dir="0" index="4" bw="4" slack="0"/>
<pin id="179" dir="0" index="5" bw="8" slack="2147483647"/>
<pin id="180" dir="0" index="6" bw="0" slack="2147483647"/>
<pin id="177" dir="1" index="3" bw="8" slack="0"/>
<pin id="181" dir="1" index="7" bw="8" slack="0"/>
</pin_list>
<bind>
<opcode="load(27) store(28) " fcode="store"/>
<opset="window_load/5 window_load_1/5 window_load_2/6 window_load_3/6 window_load_4/7 window_load_5/7 store_ln85/10 store_ln85/10 store_ln85/11 store_ln85/11 store_ln85/12 store_ln85/12 store_ln85/13 store_ln85/13 store_ln85/14 "/>
</bind>
</comp>

<comp id="184" class="1004" name="grp_linebuffer_box3_pipeline_Pipeline_1_fu_184">
<pin_list>
<pin id="185" dir="0" index="0" bw="0" slack="0"/>
<pin id="186" dir="0" index="1" bw="8" slack="2147483647"/>
<pin id="187" dir="0" index="2" bw="8" slack="2147483647"/>
<pin id="188" dir="1" index="3" bw="0" slack="2147483647"/>
</pin_list>
<bind>
<opcode="call(48) " fcode="call"/>
<opset="call_ln0/3 "/>
</bind>
</comp>

<comp id="190" class="1004" name="grp_linebuffer_box3_pipeline_Pipeline_2_fu_190">
<pin_list>
<pin id="191" dir="0" index="0" bw="0" slack="0"/>
<pin id="192" dir="0" index="1" bw="8" slack="2147483647"/>
<pin id="193" dir="1" index="2" bw="0" slack="2147483647"/>
</pin_list>
<bind>
<opcode="call(48) " fcode="call"/>
<opset="call_ln0/3 "/>
</bind>
</comp>

<comp id="195" class="1004" name="grp_linebuffer_box3_pipeline_Pipeline_VITIS_LOOP_15_1_VITIS_LOOP_16_2_fu_195">
<pin_list>
<pin id="196" dir="0" index="0" bw="0" slack="0"/>
<pin id="197" dir="0" index="1" bw="32" slack="2"/>
<pin id="198" dir="0" index="2" bw="62" slack="0"/>
<pin id="199" dir="0" index="3" bw="8" slack="0"/>
<pin id="200" dir="0" index="4" bw="8" slack="0"/>
<pin id="201" dir="1" index="5" bw="0" slack="2147483647"/>
</pin_list>
<bind>
<opcode="call(48) " fcode="call"/>
<opset="call_ln73/3 "/>
</bind>
</comp>

<comp id="205" class="1004" name="grp_linebuffer_box3_pipeline_Pipeline_VITIS_LOOP_80_1_VITIS_LOOP_81_2_fu_205">
<pin_list>
<pin id="206" dir="0" index="0" bw="0" slack="0"/>
<pin id="207" dir="0" index="1" bw="8" slack="0"/>
<pin id="208" dir="0" index="2" bw="8" slack="0"/>
<pin id="209" dir="0" index="3" bw="8" slack="1"/>
<pin id="210" dir="0" index="4" bw="8" slack="1"/>
<pin id="211" dir="0" index="5" bw="8" slack="2"/>
<pin id="212" dir="0" index="6" bw="8" slack="2"/>
<pin id="213" dir="0" index="7" bw="31" slack="7"/>
<pin id="214" dir="0" index="8" bw="62" slack="1"/>
<pin id="215" dir="0" index="9" bw="8" slack="0"/>
<pin id="216" dir="0" index="10" bw="8" slack="2147483647"/>
<pin id="217" dir="0" index="11" bw="8" slack="2147483647"/>
<pin id="218" dir="0" index="12" bw="8" slack="0"/>
<pin id="219" dir="0" index="13" bw="8" slack="7"/>
<pin id="220" dir="0" index="14" bw="8" slack="7"/>
<pin id="221" dir="0" index="15" bw="8" slack="7"/>
<pin id="222" dir="0" index="16" bw="8" slack="7"/>
<pin id="223" dir="0" index="17" bw="8" slack="7"/>
<pin id="224" dir="0" index="18" bw="8" slack="7"/>
<pin id="225" dir="0" index="19" bw="8" slack="7"/>
<pin id="226" dir="0" index="20" bw="8" slack="7"/>
<pin id="227" dir="0" index="21" bw="8" slack="7"/>
<pin id="228" dir="1" index="22" bw="0" slack="2147483647"/>
</pin_list>
<bind>
<opcode="call(48) " fcode="call"/>
<opset="call_ln85/8 "/>
</bind>
</comp>

<comp id="234" class="1004" name="grp_fu_234">
<pin_list>
<pin id="235" dir="0" index="0" bw="31" slack="0"/>
<pin id="236" dir="0" index="1" bw="31" slack="0"/>
<pin id="237" dir="1" index="2" bw="62" slack="0"/>
</pin_list>
<bind>
<opcode="mul(12) " fcode="mul"/>
<opset="mul_ln73/2 mul_ln89/6 "/>
</bind>
</comp>

<comp id="239" class="1005" name="reg_239">
<pin_list>
<pin id="240" dir="0" index="0" bw="62" slack="1"/>
<pin id="241" dir="1" index="1" bw="62" slack="1"/>
</pin_list>
<bind>
<opset="mul_ln73 mul_ln89 "/>
</bind>
</comp>

<comp id="245" class="1004" name="empty_fu_245">
<pin_list>
<pin id="246" dir="0" index="0" bw="32" slack="0"/>
<pin id="247" dir="1" index="1" bw="31" slack="0"/>
</pin_list>
<bind>
<opcode="trunc(33) " fcode="trunc"/>
<opset="empty/1 "/>
</bind>
</comp>

<comp id="249" class="1004" name="empty_22_fu_249">
<pin_list>
<pin id="250" dir="0" index="0" bw="32" slack="0"/>
<pin id="251" dir="1" index="1" bw="31" slack="0"/>
</pin_list>
<bind>
<opcode="trunc(33) " fcode="trunc"/>
<opset="empty_22/1 "/>
</bind>
</comp>

<comp id="253" class="1004" name="empty_23_fu_253">
<pin_list>
<pin id="254" dir="0" index="0" bw="32" slack="0"/>
<pin id="255" dir="0" index="1" bw="1" slack="0"/>
<pin id="256" dir="1" index="2" bw="1" slack="0"/>
</pin_list>
<bind>
<opcode="icmp(45) " fcode="icmp"/>
<opset="empty_23/1 "/>
</bind>
</comp>

<comp id="259" class="1004" name="smax_fu_259">
<pin_list>
<pin id="260" dir="0" index="0" bw="1" slack="0"/>
<pin id="261" dir="0" index="1" bw="31" slack="0"/>
<pin id="262" dir="0" index="2" bw="1" slack="0"/>
<pin id="263" dir="1" index="3" bw="31" slack="1"/>
</pin_list>
<bind>
<opcode="select(49) " fcode="select"/>
<opset="smax/1 "/>
</bind>
</comp>

<comp id="267" class="1004" name="empty_24_fu_267">
<pin_list>
<pin id="268" dir="0" index="0" bw="32" slack="0"/>
<pin id="269" dir="0" index="1" bw="1" slack="0"/>
<pin id="270" dir="1" index="2" bw="1" slack="0"/>
</pin_list>
<bind>
<opcode="icmp(45) " fcode="icmp"/>
<opset="empty_24/1 "/>
</bind>
</comp>

<comp id="273" class="1004" name="smax1_fu_273">
<pin_list>
<pin id="274" dir="0" index="0" bw="1" slack="0"/>
<pin id="275" dir="0" index="1" bw="31" slack="0"/>
<pin id="276" dir="0" index="2" bw="1" slack="0"/>
<pin id="277" dir="1" index="3" bw="31" slack="1"/>
</pin_list>
<bind>
<opcode="select(49) " fcode="select"/>
<opset="smax1/1 "/>
</bind>
</comp>

<comp id="281" class="1004" name="icmp_ln76_1_fu_281">
<pin_list>
<pin id="282" dir="0" index="0" bw="32" slack="0"/>
<pin id="283" dir="0" index="1" bw="3" slack="0"/>
<pin id="284" dir="1" index="2" bw="1" slack="2"/>
</pin_list>
<bind>
<opcode="icmp(45) " fcode="icmp"/>
<opset="icmp_ln76_1/1 "/>
</bind>
</comp>

<comp id="287" class="1004" name="zext_ln73_fu_287">
<pin_list>
<pin id="288" dir="0" index="0" bw="31" slack="1"/>
<pin id="289" dir="1" index="1" bw="62" slack="0"/>
</pin_list>
<bind>
<opcode="zext(34) " fcode="zext"/>
<opset="zext_ln73/2 "/>
</bind>
</comp>

<comp id="291" class="1004" name="zext_ln73_1_fu_291">
<pin_list>
<pin id="292" dir="0" index="0" bw="31" slack="1"/>
<pin id="293" dir="1" index="1" bw="62" slack="0"/>
</pin_list>
<bind>
<opcode="zext(34) " fcode="zext"/>
<opset="zext_ln73_1/2 "/>
</bind>
</comp>

<comp id="295" class="1004" name="icmp_ln76_fu_295">
<pin_list>
<pin id="296" dir="0" index="0" bw="32" slack="2"/>
<pin id="297" dir="0" index="1" bw="3" slack="0"/>
<pin id="298" dir="1" index="2" bw="1" slack="0"/>
</pin_list>
<bind>
<opcode="icmp(45) " fcode="icmp"/>
<opset="icmp_ln76/3 "/>
</bind>
</comp>

<comp id="300" class="1004" name="or_ln76_fu_300">
<pin_list>
<pin id="301" dir="0" index="0" bw="1" slack="0"/>
<pin id="302" dir="0" index="1" bw="1" slack="2"/>
<pin id="303" dir="1" index="2" bw="1" slack="2"/>
</pin_list>
<bind>
<opcode="or(24) " fcode="or"/>
<opset="or_ln76/3 "/>
</bind>
</comp>

<comp id="305" class="1004" name="zext_ln89_fu_305">
<pin_list>
<pin id="306" dir="0" index="0" bw="31" slack="5"/>
<pin id="307" dir="1" index="1" bw="62" slack="0"/>
</pin_list>
<bind>
<opcode="zext(34) " fcode="zext"/>
<opset="zext_ln89/6 "/>
</bind>
</comp>

<comp id="309" class="1004" name="zext_ln89_1_fu_309">
<pin_list>
<pin id="310" dir="0" index="0" bw="31" slack="5"/>
<pin id="311" dir="1" index="1" bw="62" slack="0"/>
</pin_list>
<bind>
<opcode="zext(34) " fcode="zext"/>
<opset="zext_ln89_1/6 "/>
</bind>
</comp>

<comp id="313" class="1004" name="sum_loc_load_load_fu_313">
<pin_list>
<pin id="314" dir="0" index="0" bw="8" slack="9"/>
<pin id="315" dir="1" index="1" bw="8" slack="0"/>
</pin_list>
<bind>
<opcode="load(27) " fcode="load"/>
<opset="sum_loc_load/10 "/>
</bind>
</comp>

<comp id="317" class="1004" name="p_phi23_loc_load_load_fu_317">
<pin_list>
<pin id="318" dir="0" index="0" bw="8" slack="9"/>
<pin id="319" dir="1" index="1" bw="8" slack="0"/>
</pin_list>
<bind>
<opcode="load(27) " fcode="load"/>
<opset="p_phi23_loc_load/10 "/>
</bind>
</comp>

<comp id="321" class="1004" name="p_loc17_load_load_fu_321">
<pin_list>
<pin id="322" dir="0" index="0" bw="8" slack="10"/>
<pin id="323" dir="1" index="1" bw="8" slack="0"/>
</pin_list>
<bind>
<opcode="load(27) " fcode="load"/>
<opset="p_loc17_load/11 "/>
</bind>
</comp>

<comp id="325" class="1004" name="p_loc18_load_load_fu_325">
<pin_list>
<pin id="326" dir="0" index="0" bw="8" slack="10"/>
<pin id="327" dir="1" index="1" bw="8" slack="0"/>
</pin_list>
<bind>
<opcode="load(27) " fcode="load"/>
<opset="p_loc18_load/11 "/>
</bind>
</comp>

<comp id="329" class="1004" name="p_loc16_load_load_fu_329">
<pin_list>
<pin id="330" dir="0" index="0" bw="8" slack="11"/>
<pin id="331" dir="1" index="1" bw="8" slack="0"/>
</pin_list>
<bind>
<opcode="load(27) " fcode="load"/>
<opset="p_loc16_load/12 "/>
</bind>
</comp>

<comp id="333" class="1004" name="p_phi22_loc_load_load_fu_333">
<pin_list>
<pin id="334" dir="0" index="0" bw="8" slack="11"/>
<pin id="335" dir="1" index="1" bw="8" slack="0"/>
</pin_list>
<bind>
<opcode="load(27) " fcode="load"/>
<opset="p_phi22_loc_load/12 "/>
</bind>
</comp>

<comp id="337" class="1004" name="p_loc15_load_load_fu_337">
<pin_list>
<pin id="338" dir="0" index="0" bw="8" slack="12"/>
<pin id="339" dir="1" index="1" bw="8" slack="0"/>
</pin_list>
<bind>
<opcode="load(27) " fcode="load"/>
<opset="p_loc15_load/13 "/>
</bind>
</comp>

<comp id="341" class="1004" name="p_phi_loc_load_load_fu_341">
<pin_list>
<pin id="342" dir="0" index="0" bw="8" slack="12"/>
<pin id="343" dir="1" index="1" bw="8" slack="0"/>
</pin_list>
<bind>
<opcode="load(27) " fcode="load"/>
<opset="p_phi_loc_load/13 "/>
</bind>
</comp>

<comp id="345" class="1004" name="p_loc_load_load_fu_345">
<pin_list>
<pin id="346" dir="0" index="0" bw="8" slack="13"/>
<pin id="347" dir="1" index="1" bw="8" slack="0"/>
</pin_list>
<bind>
<opcode="load(27) " fcode="load"/>
<opset="p_loc_load/14 "/>
</bind>
</comp>

<comp id="349" class="1005" name="width_read_reg_349">
<pin_list>
<pin id="350" dir="0" index="0" bw="32" slack="2"/>
<pin id="351" dir="1" index="1" bw="32" slack="2"/>
</pin_list>
<bind>
<opset="width_read "/>
</bind>
</comp>

<comp id="355" class="1005" name="empty_reg_355">
<pin_list>
<pin id="356" dir="0" index="0" bw="31" slack="5"/>
<pin id="357" dir="1" index="1" bw="31" slack="5"/>
</pin_list>
<bind>
<opset="empty "/>
</bind>
</comp>

<comp id="361" class="1005" name="empty_22_reg_361">
<pin_list>
<pin id="362" dir="0" index="0" bw="31" slack="5"/>
<pin id="363" dir="1" index="1" bw="31" slack="5"/>
</pin_list>
<bind>
<opset="empty_22 "/>
</bind>
</comp>

<comp id="366" class="1005" name="p_phi23_loc_reg_366">
<pin_list>
<pin id="367" dir="0" index="0" bw="8" slack="7"/>
<pin id="368" dir="1" index="1" bw="8" slack="7"/>
</pin_list>
<bind>
<opset="p_phi23_loc "/>
</bind>
</comp>

<comp id="372" class="1005" name="p_phi22_loc_reg_372">
<pin_list>
<pin id="373" dir="0" index="0" bw="8" slack="7"/>
<pin id="374" dir="1" index="1" bw="8" slack="7"/>
</pin_list>
<bind>
<opset="p_phi22_loc "/>
</bind>
</comp>

<comp id="378" class="1005" name="p_phi_loc_reg_378">
<pin_list>
<pin id="379" dir="0" index="0" bw="8" slack="7"/>
<pin id="380" dir="1" index="1" bw="8" slack="7"/>
</pin_list>
<bind>
<opset="p_phi_loc "/>
</bind>
</comp>

<comp id="384" class="1005" name="sum_loc_reg_384">
<pin_list>
<pin id="385" dir="0" index="0" bw="8" slack="7"/>
<pin id="386" dir="1" index="1" bw="8" slack="7"/>
</pin_list>
<bind>
<opset="sum_loc "/>
</bind>
</comp>

<comp id="390" class="1005" name="p_loc18_reg_390">
<pin_list>
<pin id="391" dir="0" index="0" bw="8" slack="7"/>
<pin id="392" dir="1" index="1" bw="8" slack="7"/>
</pin_list>
<bind>
<opset="p_loc18 "/>
</bind>
</comp>

<comp id="396" class="1005" name="p_loc17_reg_396">
<pin_list>
<pin id="397" dir="0" index="0" bw="8" slack="7"/>
<pin id="398" dir="1" index="1" bw="8" slack="7"/>
</pin_list>
<bind>
<opset="p_loc17 "/>
</bind>
</comp>

<comp id="402" class="1005" name="p_loc16_reg_402">
<pin_list>
<pin id="403" dir="0" index="0" bw="8" slack="7"/>
<pin id="404" dir="1" index="1" bw="8" slack="7"/>
</pin_list>
<bind>
<opset="p_loc16 "/>
</bind>
</comp>

<comp id="408" class="1005" name="p_loc15_reg_408">
<pin_list>
<pin id="409" dir="0" index="0" bw="8" slack="7"/>
<pin id="410" dir="1" index="1" bw="8" slack="7"/>
</pin_list>
<bind>
<opset="p_loc15 "/>
</bind>
</comp>

<comp id="414" class="1005" name="p_loc_reg_414">
<pin_list>
<pin id="415" dir="0" index="0" bw="8" slack="7"/>
<pin id="416" dir="1" index="1" bw="8" slack="7"/>
</pin_list>
<bind>
<opset="p_loc "/>
</bind>
</comp>

<comp id="420" class="1005" name="smax_reg_420">
<pin_list>
<pin id="421" dir="0" index="0" bw="31" slack="1"/>
<pin id="422" dir="1" index="1" bw="31" slack="1"/>
</pin_list>
<bind>
<opset="smax "/>
</bind>
</comp>

<comp id="425" class="1005" name="smax1_reg_425">
<pin_list>
<pin id="426" dir="0" index="0" bw="31" slack="1"/>
<pin id="427" dir="1" index="1" bw="31" slack="1"/>
</pin_list>
<bind>
<opset="smax1 "/>
</bind>
</comp>

<comp id="430" class="1005" name="icmp_ln76_1_reg_430">
<pin_list>
<pin id="431" dir="0" index="0" bw="1" slack="2"/>
<pin id="432" dir="1" index="1" bw="1" slack="2"/>
</pin_list>
<bind>
<opset="icmp_ln76_1 "/>
</bind>
</comp>

<comp id="435" class="1005" name="zext_ln73_reg_435">
<pin_list>
<pin id="436" dir="0" index="0" bw="62" slack="1"/>
<pin id="437" dir="1" index="1" bw="62" slack="1"/>
</pin_list>
<bind>
<opset="zext_ln73 "/>
</bind>
</comp>

<comp id="440" class="1005" name="zext_ln73_1_reg_440">
<pin_list>
<pin id="441" dir="0" index="0" bw="62" slack="1"/>
<pin id="442" dir="1" index="1" bw="62" slack="1"/>
</pin_list>
<bind>
<opset="zext_ln73_1 "/>
</bind>
</comp>

<comp id="445" class="1005" name="or_ln76_reg_445">
<pin_list>
<pin id="446" dir="0" index="0" bw="1" slack="2"/>
<pin id="447" dir="1" index="1" bw="1" slack="2147483647"/>
</pin_list>
<bind>
<opset="or_ln76 "/>
</bind>
</comp>

<comp id="449" class="1005" name="window_addr_reg_449">
<pin_list>
<pin id="450" dir="0" index="0" bw="4" slack="5"/>
<pin id="451" dir="1" index="1" bw="4" slack="5"/>
</pin_list>
<bind>
<opset="window_addr "/>
</bind>
</comp>

<comp id="454" class="1005" name="window_addr_1_reg_454">
<pin_list>
<pin id="455" dir="0" index="0" bw="4" slack="1"/>
<pin id="456" dir="1" index="1" bw="4" slack="1"/>
</pin_list>
<bind>
<opset="window_addr_1 "/>
</bind>
</comp>

<comp id="460" class="1005" name="window_addr_2_reg_460">
<pin_list>
<pin id="461" dir="0" index="0" bw="4" slack="1"/>
<pin id="462" dir="1" index="1" bw="4" slack="1"/>
</pin_list>
<bind>
<opset="window_addr_2 "/>
</bind>
</comp>

<comp id="465" class="1005" name="window_addr_3_reg_465">
<pin_list>
<pin id="466" dir="0" index="0" bw="4" slack="2"/>
<pin id="467" dir="1" index="1" bw="4" slack="2"/>
</pin_list>
<bind>
<opset="window_addr_3 "/>
</bind>
</comp>

<comp id="470" class="1005" name="window_addr_4_reg_470">
<pin_list>
<pin id="471" dir="0" index="0" bw="4" slack="1"/>
<pin id="472" dir="1" index="1" bw="4" slack="1"/>
</pin_list>
<bind>
<opset="window_addr_4 "/>
</bind>
</comp>

<comp id="475" class="1005" name="window_addr_5_reg_475">
<pin_list>
<pin id="476" dir="0" index="0" bw="4" slack="1"/>
<pin id="477" dir="1" index="1" bw="4" slack="1"/>
</pin_list>
<bind>
<opset="window_addr_5 "/>
</bind>
</comp>

<comp id="481" class="1005" name="window_addr_6_reg_481">
<pin_list>
<pin id="482" dir="0" index="0" bw="4" slack="2"/>
<pin id="483" dir="1" index="1" bw="4" slack="2"/>
</pin_list>
<bind>
<opset="window_addr_6 "/>
</bind>
</comp>

<comp id="486" class="1005" name="window_addr_7_reg_486">
<pin_list>
<pin id="487" dir="0" index="0" bw="4" slack="7"/>
<pin id="488" dir="1" index="1" bw="4" slack="7"/>
</pin_list>
<bind>
<opset="window_addr_7 "/>
</bind>
</comp>

<comp id="491" class="1005" name="window_addr_8_reg_491">
<pin_list>
<pin id="492" dir="0" index="0" bw="4" slack="8"/>
<pin id="493" dir="1" index="1" bw="4" slack="8"/>
</pin_list>
<bind>
<opset="window_addr_8 "/>
</bind>
</comp>

<comp id="496" class="1005" name="window_load_reg_496">
<pin_list>
<pin id="497" dir="0" index="0" bw="8" slack="2"/>
<pin id="498" dir="1" index="1" bw="8" slack="2"/>
</pin_list>
<bind>
<opset="window_load "/>
</bind>
</comp>

<comp id="501" class="1005" name="window_load_1_reg_501">
<pin_list>
<pin id="502" dir="0" index="0" bw="8" slack="2"/>
<pin id="503" dir="1" index="1" bw="8" slack="2"/>
</pin_list>
<bind>
<opset="window_load_1 "/>
</bind>
</comp>

<comp id="506" class="1005" name="zext_ln89_reg_506">
<pin_list>
<pin id="507" dir="0" index="0" bw="62" slack="1"/>
<pin id="508" dir="1" index="1" bw="62" slack="1"/>
</pin_list>
<bind>
<opset="zext_ln89 "/>
</bind>
</comp>

<comp id="511" class="1005" name="zext_ln89_1_reg_511">
<pin_list>
<pin id="512" dir="0" index="0" bw="62" slack="1"/>
<pin id="513" dir="1" index="1" bw="62" slack="1"/>
</pin_list>
<bind>
<opset="zext_ln89_1 "/>
</bind>
</comp>

<comp id="516" class="1005" name="window_load_2_reg_516">
<pin_list>
<pin id="517" dir="0" index="0" bw="8" slack="1"/>
<pin id="518" dir="1" index="1" bw="8" slack="1"/>
</pin_list>
<bind>
<opset="window_load_2 "/>
</bind>
</comp>

<comp id="521" class="1005" name="window_load_3_reg_521">
<pin_list>
<pin id="522" dir="0" index="0" bw="8" slack="1"/>
<pin id="523" dir="1" index="1" bw="8" slack="1"/>
</pin_list>
<bind>
<opset="window_load_3 "/>
</bind>
</comp>

<comp id="526" class="1005" name="window_load_4_reg_526">
<pin_list>
<pin id="527" dir="0" index="0" bw="8" slack="1"/>
<pin id="528" dir="1" index="1" bw="8" slack="1"/>
</pin_list>
<bind>
<opset="window_load_4 "/>
</bind>
</comp>

<comp id="531" class="1005" name="window_load_5_reg_531">
<pin_list>
<pin id="532" dir="0" index="0" bw="8" slack="1"/>
<pin id="533" dir="1" index="1" bw="8" slack="1"/>
</pin_list>
<bind>
<opset="window_load_5 "/>
</bind>
</comp>

</comp_list>

<net_list>
<net id="53"><net_src comp="10" pin="0"/><net_sink comp="50" pin=0"/></net>

<net id="57"><net_src comp="10" pin="0"/><net_sink comp="54" pin=0"/></net>

<net id="61"><net_src comp="10" pin="0"/><net_sink comp="58" pin=0"/></net>

<net id="65"><net_src comp="10" pin="0"/><net_sink comp="62" pin=0"/></net>

<net id="69"><net_src comp="10" pin="0"/><net_sink comp="66" pin=0"/></net>

<net id="73"><net_src comp="10" pin="0"/><net_sink comp="70" pin=0"/></net>

<net id="77"><net_src comp="10" pin="0"/><net_sink comp="74" pin=0"/></net>

<net id="81"><net_src comp="10" pin="0"/><net_sink comp="78" pin=0"/></net>

<net id="85"><net_src comp="10" pin="0"/><net_sink comp="82" pin=0"/></net>

<net id="89"><net_src comp="10" pin="0"/><net_sink comp="86" pin=0"/></net>

<net id="93"><net_src comp="10" pin="0"/><net_sink comp="90" pin=0"/></net>

<net id="97"><net_src comp="10" pin="0"/><net_sink comp="94" pin=0"/></net>

<net id="102"><net_src comp="8" pin="0"/><net_sink comp="98" pin=0"/></net>

<net id="103"><net_src comp="6" pin="0"/><net_sink comp="98" pin=1"/></net>

<net id="108"><net_src comp="8" pin="0"/><net_sink comp="104" pin=0"/></net>

<net id="109"><net_src comp="4" pin="0"/><net_sink comp="104" pin=1"/></net>

<net id="115"><net_src comp="32" pin="0"/><net_sink comp="110" pin=1"/></net>

<net id="116"><net_src comp="32" pin="0"/><net_sink comp="110" pin=2"/></net>

<net id="122"><net_src comp="32" pin="0"/><net_sink comp="117" pin=1"/></net>

<net id="123"><net_src comp="34" pin="0"/><net_sink comp="117" pin=2"/></net>

<net id="129"><net_src comp="32" pin="0"/><net_sink comp="124" pin=1"/></net>

<net id="130"><net_src comp="36" pin="0"/><net_sink comp="124" pin=2"/></net>

<net id="136"><net_src comp="32" pin="0"/><net_sink comp="131" pin=1"/></net>

<net id="137"><net_src comp="38" pin="0"/><net_sink comp="131" pin=2"/></net>

<net id="143"><net_src comp="32" pin="0"/><net_sink comp="138" pin=1"/></net>

<net id="144"><net_src comp="10" pin="0"/><net_sink comp="138" pin=2"/></net>

<net id="150"><net_src comp="32" pin="0"/><net_sink comp="145" pin=1"/></net>

<net id="151"><net_src comp="40" pin="0"/><net_sink comp="145" pin=2"/></net>

<net id="157"><net_src comp="32" pin="0"/><net_sink comp="152" pin=1"/></net>

<net id="158"><net_src comp="42" pin="0"/><net_sink comp="152" pin=2"/></net>

<net id="164"><net_src comp="32" pin="0"/><net_sink comp="159" pin=1"/></net>

<net id="165"><net_src comp="44" pin="0"/><net_sink comp="159" pin=2"/></net>

<net id="171"><net_src comp="32" pin="0"/><net_sink comp="166" pin=1"/></net>

<net id="172"><net_src comp="46" pin="0"/><net_sink comp="166" pin=2"/></net>

<net id="182"><net_src comp="138" pin="3"/><net_sink comp="173" pin=2"/></net>

<net id="183"><net_src comp="117" pin="3"/><net_sink comp="173" pin=0"/></net>

<net id="189"><net_src comp="18" pin="0"/><net_sink comp="184" pin=0"/></net>

<net id="194"><net_src comp="20" pin="0"/><net_sink comp="190" pin=0"/></net>

<net id="202"><net_src comp="22" pin="0"/><net_sink comp="195" pin=0"/></net>

<net id="203"><net_src comp="0" pin="0"/><net_sink comp="195" pin=3"/></net>

<net id="204"><net_src comp="2" pin="0"/><net_sink comp="195" pin=4"/></net>

<net id="229"><net_src comp="48" pin="0"/><net_sink comp="205" pin=0"/></net>

<net id="230"><net_src comp="173" pin="3"/><net_sink comp="205" pin=1"/></net>

<net id="231"><net_src comp="173" pin="7"/><net_sink comp="205" pin=2"/></net>

<net id="232"><net_src comp="0" pin="0"/><net_sink comp="205" pin=9"/></net>

<net id="233"><net_src comp="2" pin="0"/><net_sink comp="205" pin=12"/></net>

<net id="238"><net_src comp="234" pin="2"/><net_sink comp="195" pin=2"/></net>

<net id="242"><net_src comp="234" pin="2"/><net_sink comp="239" pin=0"/></net>

<net id="243"><net_src comp="239" pin="1"/><net_sink comp="195" pin=2"/></net>

<net id="244"><net_src comp="239" pin="1"/><net_sink comp="205" pin=8"/></net>

<net id="248"><net_src comp="104" pin="2"/><net_sink comp="245" pin=0"/></net>

<net id="252"><net_src comp="98" pin="2"/><net_sink comp="249" pin=0"/></net>

<net id="257"><net_src comp="98" pin="2"/><net_sink comp="253" pin=0"/></net>

<net id="258"><net_src comp="12" pin="0"/><net_sink comp="253" pin=1"/></net>

<net id="264"><net_src comp="253" pin="2"/><net_sink comp="259" pin=0"/></net>

<net id="265"><net_src comp="249" pin="1"/><net_sink comp="259" pin=1"/></net>

<net id="266"><net_src comp="14" pin="0"/><net_sink comp="259" pin=2"/></net>

<net id="271"><net_src comp="104" pin="2"/><net_sink comp="267" pin=0"/></net>

<net id="272"><net_src comp="12" pin="0"/><net_sink comp="267" pin=1"/></net>

<net id="278"><net_src comp="267" pin="2"/><net_sink comp="273" pin=0"/></net>

<net id="279"><net_src comp="245" pin="1"/><net_sink comp="273" pin=1"/></net>

<net id="280"><net_src comp="14" pin="0"/><net_sink comp="273" pin=2"/></net>

<net id="285"><net_src comp="98" pin="2"/><net_sink comp="281" pin=0"/></net>

<net id="286"><net_src comp="16" pin="0"/><net_sink comp="281" pin=1"/></net>

<net id="290"><net_src comp="287" pin="1"/><net_sink comp="234" pin=0"/></net>

<net id="294"><net_src comp="291" pin="1"/><net_sink comp="234" pin=1"/></net>

<net id="299"><net_src comp="16" pin="0"/><net_sink comp="295" pin=1"/></net>

<net id="304"><net_src comp="295" pin="2"/><net_sink comp="300" pin=0"/></net>

<net id="308"><net_src comp="305" pin="1"/><net_sink comp="234" pin=0"/></net>

<net id="312"><net_src comp="309" pin="1"/><net_sink comp="234" pin=1"/></net>

<net id="316"><net_src comp="313" pin="1"/><net_sink comp="173" pin=4"/></net>

<net id="320"><net_src comp="317" pin="1"/><net_sink comp="173" pin=1"/></net>

<net id="324"><net_src comp="321" pin="1"/><net_sink comp="173" pin=1"/></net>

<net id="328"><net_src comp="325" pin="1"/><net_sink comp="173" pin=4"/></net>

<net id="332"><net_src comp="329" pin="1"/><net_sink comp="173" pin=1"/></net>

<net id="336"><net_src comp="333" pin="1"/><net_sink comp="173" pin=4"/></net>

<net id="340"><net_src comp="337" pin="1"/><net_sink comp="173" pin=4"/></net>

<net id="344"><net_src comp="341" pin="1"/><net_sink comp="173" pin=1"/></net>

<net id="348"><net_src comp="345" pin="1"/><net_sink comp="173" pin=1"/></net>

<net id="352"><net_src comp="104" pin="2"/><net_sink comp="349" pin=0"/></net>

<net id="353"><net_src comp="349" pin="1"/><net_sink comp="195" pin=1"/></net>

<net id="354"><net_src comp="349" pin="1"/><net_sink comp="295" pin=0"/></net>

<net id="358"><net_src comp="245" pin="1"/><net_sink comp="355" pin=0"/></net>

<net id="359"><net_src comp="355" pin="1"/><net_sink comp="309" pin=0"/></net>

<net id="360"><net_src comp="355" pin="1"/><net_sink comp="205" pin=7"/></net>

<net id="364"><net_src comp="249" pin="1"/><net_sink comp="361" pin=0"/></net>

<net id="365"><net_src comp="361" pin="1"/><net_sink comp="305" pin=0"/></net>

<net id="369"><net_src comp="50" pin="1"/><net_sink comp="366" pin=0"/></net>

<net id="370"><net_src comp="366" pin="1"/><net_sink comp="205" pin=21"/></net>

<net id="371"><net_src comp="366" pin="1"/><net_sink comp="317" pin=0"/></net>

<net id="375"><net_src comp="54" pin="1"/><net_sink comp="372" pin=0"/></net>

<net id="376"><net_src comp="372" pin="1"/><net_sink comp="205" pin=20"/></net>

<net id="377"><net_src comp="372" pin="1"/><net_sink comp="333" pin=0"/></net>

<net id="381"><net_src comp="58" pin="1"/><net_sink comp="378" pin=0"/></net>

<net id="382"><net_src comp="378" pin="1"/><net_sink comp="205" pin=19"/></net>

<net id="383"><net_src comp="378" pin="1"/><net_sink comp="341" pin=0"/></net>

<net id="387"><net_src comp="62" pin="1"/><net_sink comp="384" pin=0"/></net>

<net id="388"><net_src comp="384" pin="1"/><net_sink comp="205" pin=18"/></net>

<net id="389"><net_src comp="384" pin="1"/><net_sink comp="313" pin=0"/></net>

<net id="393"><net_src comp="66" pin="1"/><net_sink comp="390" pin=0"/></net>

<net id="394"><net_src comp="390" pin="1"/><net_sink comp="205" pin=17"/></net>

<net id="395"><net_src comp="390" pin="1"/><net_sink comp="325" pin=0"/></net>

<net id="399"><net_src comp="70" pin="1"/><net_sink comp="396" pin=0"/></net>

<net id="400"><net_src comp="396" pin="1"/><net_sink comp="205" pin=16"/></net>

<net id="401"><net_src comp="396" pin="1"/><net_sink comp="321" pin=0"/></net>

<net id="405"><net_src comp="74" pin="1"/><net_sink comp="402" pin=0"/></net>

<net id="406"><net_src comp="402" pin="1"/><net_sink comp="205" pin=15"/></net>

<net id="407"><net_src comp="402" pin="1"/><net_sink comp="329" pin=0"/></net>

<net id="411"><net_src comp="78" pin="1"/><net_sink comp="408" pin=0"/></net>

<net id="412"><net_src comp="408" pin="1"/><net_sink comp="205" pin=14"/></net>

<net id="413"><net_src comp="408" pin="1"/><net_sink comp="337" pin=0"/></net>

<net id="417"><net_src comp="82" pin="1"/><net_sink comp="414" pin=0"/></net>

<net id="418"><net_src comp="414" pin="1"/><net_sink comp="205" pin=13"/></net>

<net id="419"><net_src comp="414" pin="1"/><net_sink comp="345" pin=0"/></net>

<net id="423"><net_src comp="259" pin="3"/><net_sink comp="420" pin=0"/></net>

<net id="424"><net_src comp="420" pin="1"/><net_sink comp="287" pin=0"/></net>

<net id="428"><net_src comp="273" pin="3"/><net_sink comp="425" pin=0"/></net>

<net id="429"><net_src comp="425" pin="1"/><net_sink comp="291" pin=0"/></net>

<net id="433"><net_src comp="281" pin="2"/><net_sink comp="430" pin=0"/></net>

<net id="434"><net_src comp="430" pin="1"/><net_sink comp="300" pin=1"/></net>

<net id="438"><net_src comp="287" pin="1"/><net_sink comp="435" pin=0"/></net>

<net id="439"><net_src comp="435" pin="1"/><net_sink comp="234" pin=0"/></net>

<net id="443"><net_src comp="291" pin="1"/><net_sink comp="440" pin=0"/></net>

<net id="444"><net_src comp="440" pin="1"/><net_sink comp="234" pin=1"/></net>

<net id="448"><net_src comp="300" pin="2"/><net_sink comp="445" pin=0"/></net>

<net id="452"><net_src comp="110" pin="3"/><net_sink comp="449" pin=0"/></net>

<net id="453"><net_src comp="449" pin="1"/><net_sink comp="173" pin=0"/></net>

<net id="457"><net_src comp="117" pin="3"/><net_sink comp="454" pin=0"/></net>

<net id="458"><net_src comp="454" pin="1"/><net_sink comp="173" pin=0"/></net>

<net id="459"><net_src comp="454" pin="1"/><net_sink comp="173" pin=2"/></net>

<net id="463"><net_src comp="124" pin="3"/><net_sink comp="460" pin=0"/></net>

<net id="464"><net_src comp="460" pin="1"/><net_sink comp="173" pin=0"/></net>

<net id="468"><net_src comp="131" pin="3"/><net_sink comp="465" pin=0"/></net>

<net id="469"><net_src comp="465" pin="1"/><net_sink comp="173" pin=0"/></net>

<net id="473"><net_src comp="138" pin="3"/><net_sink comp="470" pin=0"/></net>

<net id="474"><net_src comp="470" pin="1"/><net_sink comp="173" pin=2"/></net>

<net id="478"><net_src comp="145" pin="3"/><net_sink comp="475" pin=0"/></net>

<net id="479"><net_src comp="475" pin="1"/><net_sink comp="173" pin=2"/></net>

<net id="480"><net_src comp="475" pin="1"/><net_sink comp="173" pin=0"/></net>

<net id="484"><net_src comp="152" pin="3"/><net_sink comp="481" pin=0"/></net>

<net id="485"><net_src comp="481" pin="1"/><net_sink comp="173" pin=2"/></net>

<net id="489"><net_src comp="159" pin="3"/><net_sink comp="486" pin=0"/></net>

<net id="490"><net_src comp="486" pin="1"/><net_sink comp="173" pin=2"/></net>

<net id="494"><net_src comp="166" pin="3"/><net_sink comp="491" pin=0"/></net>

<net id="495"><net_src comp="491" pin="1"/><net_sink comp="173" pin=0"/></net>

<net id="499"><net_src comp="173" pin="7"/><net_sink comp="496" pin=0"/></net>

<net id="500"><net_src comp="496" pin="1"/><net_sink comp="205" pin=6"/></net>

<net id="504"><net_src comp="173" pin="3"/><net_sink comp="501" pin=0"/></net>

<net id="505"><net_src comp="501" pin="1"/><net_sink comp="205" pin=5"/></net>

<net id="509"><net_src comp="305" pin="1"/><net_sink comp="506" pin=0"/></net>

<net id="510"><net_src comp="506" pin="1"/><net_sink comp="234" pin=0"/></net>

<net id="514"><net_src comp="309" pin="1"/><net_sink comp="511" pin=0"/></net>

<net id="515"><net_src comp="511" pin="1"/><net_sink comp="234" pin=1"/></net>

<net id="519"><net_src comp="173" pin="7"/><net_sink comp="516" pin=0"/></net>

<net id="520"><net_src comp="516" pin="1"/><net_sink comp="205" pin=4"/></net>

<net id="524"><net_src comp="173" pin="3"/><net_sink comp="521" pin=0"/></net>

<net id="525"><net_src comp="521" pin="1"/><net_sink comp="205" pin=3"/></net>

<net id="529"><net_src comp="173" pin="7"/><net_sink comp="526" pin=0"/></net>

<net id="530"><net_src comp="526" pin="1"/><net_sink comp="205" pin=2"/></net>

<net id="534"><net_src comp="173" pin="3"/><net_sink comp="531" pin=0"/></net>

<net id="535"><net_src comp="531" pin="1"/><net_sink comp="205" pin=1"/></net>

</net_list>

</model> 
---------------- Datapath Model END ------------------

* FSMD analyzer results:
  - Output states:
	Port: output_r | {3 4 8 9 }
 - Input state : 
	Port: linebuffer_box3_pipeline : input_r | {3 4 8 9 }
	Port: linebuffer_box3_pipeline : width | {1 }
	Port: linebuffer_box3_pipeline : height | {1 }
  - Chain level:
	State 1
		smax : 1
		smax1 : 1
	State 2
		mul_ln73 : 1
	State 3
		call_ln73 : 1
		or_ln76 : 1
	State 4
	State 5
		window_load : 1
		window_load_1 : 1
	State 6
		mul_ln89 : 1
	State 7
	State 8
		call_ln85 : 1
	State 9
	State 10
		store_ln85 : 1
		store_ln85 : 1
	State 11
		store_ln85 : 1
		store_ln85 : 1
	State 12
		store_ln85 : 1
		store_ln85 : 1
	State 13
		store_ln85 : 1
		store_ln85 : 1
	State 14
		store_ln85 : 1


============================================================
+ Verbose Summary: Datapath Resource usage 
============================================================

* Functional unit list:
|----------|------------------------------------------------------------------------------|---------|---------|---------|---------|
| Operation|                                Functional Unit                               |   DSP   |  Delay  |    FF   |   LUT   |
|----------|------------------------------------------------------------------------------|---------|---------|---------|---------|
|          |                grp_linebuffer_box3_pipeline_Pipeline_1_fu_184                |    0    |    0    |    12   |    34   |
|   call   |                grp_linebuffer_box3_pipeline_Pipeline_2_fu_190                |    0    |    0    |    4    |    26   |
|          | grp_linebuffer_box3_pipeline_Pipeline_VITIS_LOOP_15_1_VITIS_LOOP_16_2_fu_195 |    0    |  1.588  |   293   |   331   |
|          | grp_linebuffer_box3_pipeline_Pipeline_VITIS_LOOP_80_1_VITIS_LOOP_81_2_fu_205 |    1    |  3.176  |   551   |   676   |
|----------|------------------------------------------------------------------------------|---------|---------|---------|---------|
|    mul   |                                  grp_fu_234                                  |    4    |    0    |   141   |    48   |
|----------|------------------------------------------------------------------------------|---------|---------|---------|---------|
|          |                                empty_23_fu_253                               |    0    |    0    |    0    |    39   |
|   icmp   |                                empty_24_fu_267                               |    0    |    0    |    0    |    39   |
|          |                              icmp_ln76_1_fu_281                              |    0    |    0    |    0    |    39   |
|          |                               icmp_ln76_fu_295                               |    0    |    0    |    0    |    39   |
|----------|------------------------------------------------------------------------------|---------|---------|---------|---------|
|  select  |                                  smax_fu_259                                 |    0    |    0    |    0    |    31   |
|          |                                 smax1_fu_273                                 |    0    |    0    |    0    |    31   |
|----------|------------------------------------------------------------------------------|---------|---------|---------|---------|
|    or    |                                or_ln76_fu_300                                |    0    |    0    |    0    |    2    |
|----------|------------------------------------------------------------------------------|---------|---------|---------|---------|
|   read   |                            height_read_read_fu_98                            |    0    |    0    |    0    |    0    |
|          |                            width_read_read_fu_104                            |    0    |    0    |    0    |    0    |
|----------|------------------------------------------------------------------------------|---------|---------|---------|---------|
|   trunc  |                                 empty_fu_245                                 |    0    |    0    |    0    |    0    |
|          |                                empty_22_fu_249                               |    0    |    0    |    0    |    0    |
|----------|------------------------------------------------------------------------------|---------|---------|---------|---------|
|          |                               zext_ln73_fu_287                               |    0    |    0    |    0    |    0    |
|   zext   |                              zext_ln73_1_fu_291                              |    0    |    0    |    0    |    0    |
|          |                               zext_ln89_fu_305                               |    0    |    0    |    0    |    0    |
|          |                              zext_ln89_1_fu_309                              |    0    |    0    |    0    |    0    |
|----------|------------------------------------------------------------------------------|---------|---------|---------|---------|
|   Total  |                                                                              |    5    |  4.764  |   1001  |   1335  |
|----------|------------------------------------------------------------------------------|---------|---------|---------|---------|

Memories:
+---------+--------+--------+--------+--------+
|         |  BRAM  |   FF   |   LUT  |  URAM  |
+---------+--------+--------+--------+--------+
| linebuf |    1   |    0   |    0   |    0   |
|linebuf_1|    1   |    0   |    0   |    0   |
|  window |    0   |   16   |    2   |    0   |
+---------+--------+--------+--------+--------+
|  Total  |    2   |   16   |    2   |    0   |
+---------+--------+--------+--------+--------+

* Register list:
+---------------------+--------+
|                     |   FF   |
+---------------------+--------+
|   empty_22_reg_361  |   31   |
|    empty_reg_355    |   31   |
| icmp_ln76_1_reg_430 |    1   |
|   or_ln76_reg_445   |    1   |
|   p_loc15_reg_408   |    8   |
|   p_loc16_reg_402   |    8   |
|   p_loc17_reg_396   |    8   |
|   p_loc18_reg_390   |    8   |
|    p_loc_reg_414    |    8   |
| p_phi22_loc_reg_372 |    8   |
| p_phi23_loc_reg_366 |    8   |
|  p_phi_loc_reg_378  |    8   |
|       reg_239       |   62   |
|    smax1_reg_425    |   31   |
|     smax_reg_420    |   31   |
|   sum_loc_reg_384   |    8   |
|  width_read_reg_349 |   32   |
|window_addr_1_reg_454|    4   |
|window_addr_2_reg_460|    4   |
|window_addr_3_reg_465|    4   |
|window_addr_4_reg_470|    4   |
|window_addr_5_reg_475|    4   |
|window_addr_6_reg_481|    4   |
|window_addr_7_reg_486|    4   |
|window_addr_8_reg_491|    4   |
| window_addr_reg_449 |    4   |
|window_load_1_reg_501|    8   |
|window_load_2_reg_516|    8   |
|window_load_3_reg_521|    8   |
|window_load_4_reg_526|    8   |
|window_load_5_reg_531|    8   |
| window_load_reg_496 |    8   |
| zext_ln73_1_reg_440 |   62   |
|  zext_ln73_reg_435  |   62   |
| zext_ln89_1_reg_511 |   62   |
|  zext_ln89_reg_506  |   62   |
+---------------------+--------+
|        Total        |   624  |
+---------------------+--------+

* Multiplexer (MUX) list: 
|------------------------------------------------------------------------------|------|------|------|--------||---------||---------||---------|
|                                     Comp                                     |  Pin | Size |  BW  | S x BW ||  Delay  ||    FF   ||   LUT   |
|------------------------------------------------------------------------------|------|------|------|--------||---------||---------||---------|
|                               grp_access_fu_173                              |  p0  |   7  |   4  |   28   ||    0    ||    37   |
|                               grp_access_fu_173                              |  p1  |   5  |   8  |   40   ||    0    ||    25   |
|                               grp_access_fu_173                              |  p2  |   6  |   0  |    0   ||    0    ||    31   |
|                               grp_access_fu_173                              |  p4  |   4  |   4  |   16   ||    0    ||    20   |
| grp_linebuffer_box3_pipeline_Pipeline_VITIS_LOOP_15_1_VITIS_LOOP_16_2_fu_195 |  p2  |   2  |  62  |   124  ||    0    ||    9    |
| grp_linebuffer_box3_pipeline_Pipeline_VITIS_LOOP_80_1_VITIS_LOOP_81_2_fu_205 |  p1  |   2  |   8  |   16   ||    0    ||    9    |
| grp_linebuffer_box3_pipeline_Pipeline_VITIS_LOOP_80_1_VITIS_LOOP_81_2_fu_205 |  p2  |   2  |   8  |   16   ||    0    ||    9    |
|                                  grp_fu_234                                  |  p0  |   4  |  31  |   124  ||    0    ||    20   |
|                                  grp_fu_234                                  |  p1  |   4  |  31  |   124  ||    0    ||    20   |
|------------------------------------------------------------------------------|------|------|------|--------||---------||---------||---------|
|                                     Total                                    |      |      |      |   488  || 16.4394 ||    0    ||   180   |
|------------------------------------------------------------------------------|------|------|------|--------||---------||---------||---------|



* Summary:
+-----------+--------+--------+--------+--------+--------+--------+
|           |  BRAM  |   DSP  |  Delay |   FF   |   LUT  |  URAM  |
+-----------+--------+--------+--------+--------+--------+--------+
|  Function |    -   |    5   |    4   |  1001  |  1335  |    -   |
|   Memory  |    2   |    -   |    -   |   16   |    2   |    0   |
|Multiplexer|    -   |    -   |   16   |    0   |   180  |    -   |
|  Register |    -   |    -   |    -   |   624  |    -   |    -   |
+-----------+--------+--------+--------+--------+--------+--------+
|   Total   |    2   |    5   |   21   |  1641  |  1517  |    0   |
+-----------+--------+--------+--------+--------+--------+--------+
