

================================================================
== Vitis HLS Report for 'linebuffer_box3_pipeline_Pipeline_VITIS_LOOP_80_1_VITIS_LOOP_81_2'
================================================================
* Date:           Fri Apr 24 19:30:28 2026

* Version:        2025.2 (Build 6295257 on Nov 14 2025)
* Project:        blur_opt_pipeline_proj
* Solution:       solution1 (Vivado IP Flow Target)
* Product family: zynq
* Target device:  xc7z020-clg400-1


================================================================
== Performance Estimates
================================================================
+ Timing: 
    * Summary: 
    +--------+----------+----------+------------+
    |  Clock |  Target  | Estimated| Uncertainty|
    +--------+----------+----------+------------+
    |ap_clk  |  10.00 ns|  7.182 ns|     2.70 ns|
    +--------+----------+----------+------------+

+ Latency: 
    * Summary: 
    +---------+---------+----------+----------+-----+-----+-------------------+
    |  Latency (cycles) |  Latency (absolute) |  Interval |      Pipeline     |
    |   min   |   max   |    min   |    max   | min | max |        Type       |
    +---------+---------+----------+----------+-----+-----+-------------------+
    |       17|        ?|  0.170 us|         ?|    0|    0|  loop pipeline stp|
    +---------+---------+----------+----------+-----+-----+-------------------+

    + Detail: 
        * Instance: 
        N/A

        * Loop: 
        +-----------------------------------+---------+---------+----------+-----------+-----------+-------+----------+
        |                                   |  Latency (cycles) | Iteration|  Initiation Interval  |  Trip |          |
        |             Loop Name             |   min   |   max   |  Latency |  achieved |   target  | Count | Pipelined|
        +-----------------------------------+---------+---------+----------+-----------+-----------+-------+----------+
        |- VITIS_LOOP_80_1_VITIS_LOOP_81_2  |       15|        ?|         8|          1|          1|  9 ~ ?|       yes|
        +-----------------------------------+---------+---------+----------+-----------+-----------+-------+----------+

============================================================
+ Verbose Summary: Synthesis Manager
============================================================
InlineROM: 1
ExposeGlobal: 0
============================================================
+ Verbose Summary: CDFG Model
============================================================
IsTopModel: 0
ResetActiveHigh: 1
IsCombinational: 0
IsDatapathOnly: 0
HasWiredReturn: 1
HasMFsm: 2
HasVarLatency: 1
IsPipeline: 0
IsRtlPipelined: 0
IsInstanceOverlapped: 0
IsDontTouch: 0
HasImplIP: 0
IsGatedGlobalClock: 0

+ Individual pipeline summary: 
  * Pipeline-0: initiation interval (II) = 1, depth = 9


============================================================
+ Verbose Summary: Schedule
============================================================
* Number of FSM states : 9
* Pipeline : 1
  Pipeline-0 : II = 1, D = 9, States = { 1 2 3 4 5 6 7 8 9 }
* Dataflow Pipeline: 0

* FSM state transitions: 
1 --> 2 
2 --> 3 
3 --> 4 
4 --> 5 
5 --> 6 
6 --> 7 
7 --> 8 
8 --> 9 
9 --> 

* FSM state operations: 

State 1 <SV = 0> <Delay = 1.58>
ST_1 : Operation 11 [1/1] (0.00ns)   --->   "%reuse_addr_reg28 = alloca i32 1"   --->   Operation 11 'alloca' 'reuse_addr_reg28' <Predicate = true> <Delay = 0.00>
ST_1 : Operation 12 [1/1] (0.00ns)   --->   "%reuse_reg27 = alloca i32 1"   --->   Operation 12 'alloca' 'reuse_reg27' <Predicate = true> <Delay = 0.00>
ST_1 : Operation 13 [1/1] (0.00ns)   --->   "%reuse_addr_reg = alloca i32 1"   --->   Operation 13 'alloca' 'reuse_addr_reg' <Predicate = true> <Delay = 0.00>
ST_1 : Operation 14 [1/1] (0.00ns)   --->   "%reuse_reg = alloca i32 1"   --->   Operation 14 'alloca' 'reuse_reg' <Predicate = true> <Delay = 0.00>
ST_1 : Operation 15 [1/1] (0.00ns)   --->   "%p_phi23 = alloca i32 1"   --->   Operation 15 'alloca' 'p_phi23' <Predicate = true> <Delay = 0.00>
ST_1 : Operation 16 [1/1] (0.00ns)   --->   "%p_phi22 = alloca i32 1"   --->   Operation 16 'alloca' 'p_phi22' <Predicate = true> <Delay = 0.00>
ST_1 : Operation 17 [1/1] (0.00ns)   --->   "%p_phi = alloca i32 1"   --->   Operation 17 'alloca' 'p_phi' <Predicate = true> <Delay = 0.00>
ST_1 : Operation 18 [1/1] (0.00ns)   --->   "%x = alloca i32 1" [blur_opt.cpp:81]   --->   Operation 18 'alloca' 'x' <Predicate = true> <Delay = 0.00>
ST_1 : Operation 19 [1/1] (0.00ns)   --->   "%y = alloca i32 1" [blur_opt.cpp:80]   --->   Operation 19 'alloca' 'y' <Predicate = true> <Delay = 0.00>
ST_1 : Operation 20 [1/1] (0.00ns)   --->   "%indvar_flatten16 = alloca i32 1"   --->   Operation 20 'alloca' 'indvar_flatten16' <Predicate = true> <Delay = 0.00>
ST_1 : Operation 21 [1/1] (0.00ns)   --->   "%sum = alloca i32 1" [blur_opt.cpp:97]   --->   Operation 21 'alloca' 'sum' <Predicate = true> <Delay = 0.00>
ST_1 : Operation 22 [1/1] (0.00ns)   --->   "%empty_14 = alloca i32 1"   --->   Operation 22 'alloca' 'empty_14' <Predicate = true> <Delay = 0.00>
ST_1 : Operation 23 [1/1] (0.00ns)   --->   "%empty_15 = alloca i32 1"   --->   Operation 23 'alloca' 'empty_15' <Predicate = true> <Delay = 0.00>
ST_1 : Operation 24 [1/1] (0.00ns)   --->   "%empty_16 = alloca i32 1"   --->   Operation 24 'alloca' 'empty_16' <Predicate = true> <Delay = 0.00>
ST_1 : Operation 25 [1/1] (0.00ns)   --->   "%empty_17 = alloca i32 1"   --->   Operation 25 'alloca' 'empty_17' <Predicate = true> <Delay = 0.00>
ST_1 : Operation 26 [1/1] (0.00ns)   --->   "%empty_18 = alloca i32 1"   --->   Operation 26 'alloca' 'empty_18' <Predicate = true> <Delay = 0.00>
ST_1 : Operation 27 [1/1] (0.00ns)   --->   "%specinterface_ln0 = specinterface void @_ssdm_op_SpecInterface, i8 %input_r, void @empty, i32 0, i32 0, void @empty_0, i32 4294967295, i32 0, void @empty_0, void @empty_0, void @empty_0, i32 0, i32 0, i32 0, i32 0, void @empty_0, void @empty_0, i32 4294967295, i32 0, i32 0, i32 0"   --->   Operation 27 'specinterface' 'specinterface_ln0' <Predicate = true> <Delay = 0.00>
ST_1 : Operation 28 [1/1] (0.00ns)   --->   "%specinterface_ln0 = specinterface void @_ssdm_op_SpecInterface, i8 %output_r, void @empty, i32 0, i32 0, void @empty_0, i32 4294967295, i32 0, void @empty_0, void @empty_0, void @empty_0, i32 0, i32 0, i32 0, i32 0, void @empty_0, void @empty_0, i32 4294967295, i32 0, i32 0, i32 0"   --->   Operation 28 'specinterface' 'specinterface_ln0' <Predicate = true> <Delay = 0.00>
ST_1 : Operation 29 [1/1] (0.00ns)   --->   "%mul_ln89_read = read i62 @_ssdm_op_Read.ap_auto.i62, i62 %mul_ln89"   --->   Operation 29 'read' 'mul_ln89_read' <Predicate = true> <Delay = 0.00>
ST_1 : Operation 30 [1/1] (0.00ns)   --->   "%tmp = read i31 @_ssdm_op_Read.ap_auto.i31, i31 %empty"   --->   Operation 30 'read' 'tmp' <Predicate = true> <Delay = 0.00>
ST_1 : Operation 31 [1/1] (0.00ns)   --->   "%window_load_read = read i8 @_ssdm_op_Read.ap_auto.i8, i8 %window_load"   --->   Operation 31 'read' 'window_load_read' <Predicate = true> <Delay = 0.00>
ST_1 : Operation 32 [1/1] (0.00ns)   --->   "%window_load_1_read = read i8 @_ssdm_op_Read.ap_auto.i8, i8 %window_load_1"   --->   Operation 32 'read' 'window_load_1_read' <Predicate = true> <Delay = 0.00>
ST_1 : Operation 33 [1/1] (0.00ns)   --->   "%window_load_2_read = read i8 @_ssdm_op_Read.ap_auto.i8, i8 %window_load_2"   --->   Operation 33 'read' 'window_load_2_read' <Predicate = true> <Delay = 0.00>
ST_1 : Operation 34 [1/1] (0.00ns)   --->   "%window_load_3_read = read i8 @_ssdm_op_Read.ap_auto.i8, i8 %window_load_3"   --->   Operation 34 'read' 'window_load_3_read' <Predicate = true> <Delay = 0.00>
ST_1 : Operation 35 [1/1] (0.00ns)   --->   "%window_load_4_read = read i8 @_ssdm_op_Read.ap_auto.i8, i8 %window_load_4"   --->   Operation 35 'read' 'window_load_4_read' <Predicate = true> <Delay = 0.00>
ST_1 : Operation 36 [1/1] (0.00ns)   --->   "%window_load_5_read = read i8 @_ssdm_op_Read.ap_auto.i8, i8 %window_load_5"   --->   Operation 36 'read' 'window_load_5_read' <Predicate = true> <Delay = 0.00>
ST_1 : Operation 37 [1/1] (1.58ns)   --->   "%store_ln0 = store i8 %window_load_5_read, i8 %empty_18"   --->   Operation 37 'store' 'store_ln0' <Predicate = true> <Delay = 1.58>
ST_1 : Operation 38 [1/1] (1.58ns)   --->   "%store_ln0 = store i8 %window_load_4_read, i8 %empty_17"   --->   Operation 38 'store' 'store_ln0' <Predicate = true> <Delay = 1.58>
ST_1 : Operation 39 [1/1] (1.58ns)   --->   "%store_ln0 = store i8 %window_load_3_read, i8 %empty_16"   --->   Operation 39 'store' 'store_ln0' <Predicate = true> <Delay = 1.58>
ST_1 : Operation 40 [1/1] (1.58ns)   --->   "%store_ln0 = store i8 %window_load_2_read, i8 %empty_15"   --->   Operation 40 'store' 'store_ln0' <Predicate = true> <Delay = 1.58>
ST_1 : Operation 41 [1/1] (1.58ns)   --->   "%store_ln0 = store i8 %window_load_1_read, i8 %empty_14"   --->   Operation 41 'store' 'store_ln0' <Predicate = true> <Delay = 1.58>
ST_1 : Operation 42 [1/1] (1.58ns)   --->   "%store_ln97 = store i8 %window_load_read, i8 %sum" [blur_opt.cpp:97]   --->   Operation 42 'store' 'store_ln97' <Predicate = true> <Delay = 1.58>
ST_1 : Operation 43 [1/1] (1.58ns)   --->   "%store_ln0 = store i62 0, i62 %indvar_flatten16"   --->   Operation 43 'store' 'store_ln0' <Predicate = true> <Delay = 1.58>
ST_1 : Operation 44 [1/1] (1.58ns)   --->   "%store_ln80 = store i31 0, i31 %y" [blur_opt.cpp:80]   --->   Operation 44 'store' 'store_ln80' <Predicate = true> <Delay = 1.58>
ST_1 : Operation 45 [1/1] (1.58ns)   --->   "%store_ln81 = store i11 0, i11 %x" [blur_opt.cpp:81]   --->   Operation 45 'store' 'store_ln81' <Predicate = true> <Delay = 1.58>
ST_1 : Operation 46 [1/1] (1.58ns)   --->   "%store_ln0 = store i8 0, i8 %reuse_reg"   --->   Operation 46 'store' 'store_ln0' <Predicate = true> <Delay = 1.58>
ST_1 : Operation 47 [1/1] (1.58ns)   --->   "%store_ln0 = store i64 18446744073709551615, i64 %reuse_addr_reg"   --->   Operation 47 'store' 'store_ln0' <Predicate = true> <Delay = 1.58>
ST_1 : Operation 48 [1/1] (1.58ns)   --->   "%store_ln0 = store i8 0, i8 %reuse_reg27"   --->   Operation 48 'store' 'store_ln0' <Predicate = true> <Delay = 1.58>
ST_1 : Operation 49 [1/1] (1.58ns)   --->   "%store_ln0 = store i64 18446744073709551615, i64 %reuse_addr_reg28"   --->   Operation 49 'store' 'store_ln0' <Predicate = true> <Delay = 1.58>
ST_1 : Operation 50 [1/1] (0.00ns)   --->   "%br_ln0 = br void %VITIS_LOOP_83_3"   --->   Operation 50 'br' 'br_ln0' <Predicate = true> <Delay = 0.00>

State 2 <SV = 1> <Delay = 5.05>
ST_2 : Operation 51 [1/1] (0.00ns)   --->   "%indvar_flatten16_load = load i62 %indvar_flatten16" [blur_opt.cpp:80]   --->   Operation 51 'load' 'indvar_flatten16_load' <Predicate = true> <Delay = 0.00>
ST_2 : Operation 52 [1/1] (3.46ns)   --->   "%icmp_ln80 = icmp_eq  i62 %indvar_flatten16_load, i62 %mul_ln89_read" [blur_opt.cpp:80]   --->   Operation 52 'icmp' 'icmp_ln80' <Predicate = true> <Delay = 3.46> <CoreInst = "Cmp">   --->   Core 9 'Cmp' <Latency = 0> <II = 1> <Delay = 3.46> <FuncUnit> <Opcode : 'seteq' 'setne' 'setle' 'setge' 'setlt' 'setgt'> <InPorts = 2> <OutPorts = 1>
ST_2 : Operation 53 [1/1] (3.46ns)   --->   "%add_ln80_1 = add i62 %indvar_flatten16_load, i62 1" [blur_opt.cpp:80]   --->   Operation 53 'add' 'add_ln80_1' <Predicate = true> <Delay = 3.46> <CoreInst = "Adder">   --->   Core 1 'Adder' <Latency = 0> <II = 1> <Delay = 3.46> <FuncUnit> <Opcode : 'add' 'sub'> <InPorts = 2> <OutPorts = 1>
ST_2 : Operation 54 [1/1] (0.00ns)   --->   "%br_ln80 = br i1 %icmp_ln80, void %for.inc95, void %cleanup.loopexit.exitStub" [blur_opt.cpp:80]   --->   Operation 54 'br' 'br_ln80' <Predicate = true> <Delay = 0.00>
ST_2 : Operation 55 [1/1] (1.58ns)   --->   "%store_ln80 = store i62 %add_ln80_1, i62 %indvar_flatten16" [blur_opt.cpp:80]   --->   Operation 55 'store' 'store_ln80' <Predicate = (!icmp_ln80)> <Delay = 1.58>

State 3 <SV = 2> <Delay = 7.18>
ST_3 : Operation 56 [1/1] (0.00ns)   --->   "%x_1 = load i11 %x" [blur_opt.cpp:81]   --->   Operation 56 'load' 'x_1' <Predicate = true> <Delay = 0.00>
ST_3 : Operation 57 [1/1] (0.00ns)   --->   "%zext_ln81 = zext i11 %x_1" [blur_opt.cpp:81]   --->   Operation 57 'zext' 'zext_ln81' <Predicate = true> <Delay = 0.00>
ST_3 : Operation 58 [1/1] (2.52ns)   --->   "%icmp_ln81 = icmp_eq  i31 %zext_ln81, i31 %tmp" [blur_opt.cpp:81]   --->   Operation 58 'icmp' 'icmp_ln81' <Predicate = true> <Delay = 2.52> <CoreInst = "Cmp">   --->   Core 9 'Cmp' <Latency = 0> <II = 1> <Delay = 2.52> <FuncUnit> <Opcode : 'seteq' 'setne' 'setle' 'setge' 'setlt' 'setgt'> <InPorts = 2> <OutPorts = 1>
ST_3 : Operation 59 [1/1] (0.00ns)   --->   "%y_load = load i31 %y" [blur_opt.cpp:80]   --->   Operation 59 'load' 'y_load' <Predicate = (!icmp_ln80)> <Delay = 0.00>
ST_3 : Operation 60 [1/1] (2.52ns)   --->   "%add_ln80 = add i31 %y_load, i31 1" [blur_opt.cpp:80]   --->   Operation 60 'add' 'add_ln80' <Predicate = (!icmp_ln80)> <Delay = 2.52> <CoreInst = "Adder">   --->   Core 1 'Adder' <Latency = 0> <II = 1> <Delay = 2.52> <FuncUnit> <Opcode : 'add' 'sub'> <InPorts = 2> <OutPorts = 1>
ST_3 : Operation 61 [1/1] (0.69ns)   --->   "%select_ln80 = select i1 %icmp_ln81, i11 0, i11 %x_1" [blur_opt.cpp:80]   --->   Operation 61 'select' 'select_ln80' <Predicate = (!icmp_ln80)> <Delay = 0.69> <CoreInst = "Sel">   --->   Core 73 'Sel' <Latency = 0> <II = 1> <Delay = 0.69> <FuncUnit> <Opcode : 'select'> <InPorts = 3> <OutPorts = 1>
ST_3 : Operation 62 [1/1] (0.73ns)   --->   "%select_ln80_1 = select i1 %icmp_ln81, i31 %add_ln80, i31 %y_load" [blur_opt.cpp:80]   --->   Operation 62 'select' 'select_ln80_1' <Predicate = (!icmp_ln80)> <Delay = 0.73> <CoreInst = "Sel">   --->   Core 73 'Sel' <Latency = 0> <II = 1> <Delay = 0.73> <FuncUnit> <Opcode : 'select'> <InPorts = 3> <OutPorts = 1>
ST_3 : Operation 63 [1/1] (0.00ns)   --->   "%trunc_ln91 = trunc i31 %select_ln80_1" [blur_opt.cpp:91]   --->   Operation 63 'trunc' 'trunc_ln91' <Predicate = (!icmp_ln80)> <Delay = 0.00>
ST_3 : Operation 64 [1/1] (0.00ns)   --->   "%tmp_1 = bitconcatenate i20 @_ssdm_op_BitConcatenate.i20.i10.i10, i10 %trunc_ln91, i10 0" [blur_opt.cpp:91]   --->   Operation 64 'bitconcatenate' 'tmp_1' <Predicate = (!icmp_ln80)> <Delay = 0.00>
ST_3 : Operation 65 [1/1] (0.00ns)   --->   "%tmp_3 = partselect i30 @_ssdm_op_PartSelect.i30.i31.i32.i32, i31 %select_ln80_1, i32 1, i32 30" [blur_opt.cpp:96]   --->   Operation 65 'partselect' 'tmp_3' <Predicate = (!icmp_ln80)> <Delay = 0.00>
ST_3 : Operation 66 [1/1] (2.49ns)   --->   "%icmp_ln96 = icmp_ne  i30 %tmp_3, i30 0" [blur_opt.cpp:96]   --->   Operation 66 'icmp' 'icmp_ln96' <Predicate = (!icmp_ln80)> <Delay = 2.49> <CoreInst = "Cmp">   --->   Core 9 'Cmp' <Latency = 0> <II = 1> <Delay = 2.49> <FuncUnit> <Opcode : 'seteq' 'setne' 'setle' 'setge' 'setlt' 'setgt'> <InPorts = 2> <OutPorts = 1>
ST_3 : Operation 67 [1/1] (1.73ns)   --->   "%add_ln104 = add i10 %trunc_ln91, i10 1023" [blur_opt.cpp:104]   --->   Operation 67 'add' 'add_ln104' <Predicate = (!icmp_ln80)> <Delay = 1.73> <CoreInst = "Adder">   --->   Core 1 'Adder' <Latency = 0> <II = 1> <Delay = 1.73> <FuncUnit> <Opcode : 'add' 'sub'> <InPorts = 2> <OutPorts = 1>
ST_3 : Operation 68 [1/1] (0.00ns)   --->   "%tmp_2 = bitconcatenate i20 @_ssdm_op_BitConcatenate.i20.i10.i10, i10 %add_ln104, i10 0" [blur_opt.cpp:104]   --->   Operation 68 'bitconcatenate' 'tmp_2' <Predicate = (!icmp_ln80)> <Delay = 0.00>
ST_3 : Operation 69 [1/1] (0.00ns)   --->   "%zext_ln81_1 = zext i11 %select_ln80" [blur_opt.cpp:81]   --->   Operation 69 'zext' 'zext_ln81_1' <Predicate = (!icmp_ln80)> <Delay = 0.00>
ST_3 : Operation 70 [1/1] (0.00ns)   --->   "%zext_ln91 = zext i11 %select_ln80" [blur_opt.cpp:91]   --->   Operation 70 'zext' 'zext_ln91' <Predicate = (!icmp_ln80)> <Delay = 0.00>
ST_3 : Operation 71 [1/1] (2.19ns)   --->   "%add_ln91 = add i20 %tmp_1, i20 %zext_ln91" [blur_opt.cpp:91]   --->   Operation 71 'add' 'add_ln91' <Predicate = (!icmp_ln80)> <Delay = 2.19> <CoreInst = "Adder">   --->   Core 1 'Adder' <Latency = 0> <II = 1> <Delay = 2.19> <FuncUnit> <Opcode : 'add' 'sub'> <InPorts = 2> <OutPorts = 1>
ST_3 : Operation 72 [1/1] (0.00ns)   --->   "%zext_ln91_1 = zext i20 %add_ln91" [blur_opt.cpp:91]   --->   Operation 72 'zext' 'zext_ln91_1' <Predicate = (!icmp_ln80)> <Delay = 0.00>
ST_3 : Operation 73 [1/1] (0.00ns)   --->   "%input_r_addr = getelementptr i8 %input_r, i64 0, i64 %zext_ln91_1" [blur_opt.cpp:91]   --->   Operation 73 'getelementptr' 'input_r_addr' <Predicate = (!icmp_ln80)> <Delay = 0.00>
ST_3 : Operation 74 [1/1] (0.00ns)   --->   "%linebuf_1_addr = getelementptr i8 %linebuf_1, i64 0, i64 %zext_ln81_1" [blur_opt.cpp:89]   --->   Operation 74 'getelementptr' 'linebuf_1_addr' <Predicate = (!icmp_ln80)> <Delay = 0.00>
ST_3 : Operation 75 [1/1] (0.00ns)   --->   "%reuse_addr_reg28_load = load i64 %reuse_addr_reg28"   --->   Operation 75 'load' 'reuse_addr_reg28_load' <Predicate = (!icmp_ln80)> <Delay = 0.00>
ST_3 : Operation 76 [1/1] (3.52ns)   --->   "%addr_cmp31 = icmp_eq  i64 %reuse_addr_reg28_load, i64 %zext_ln81_1" [blur_opt.cpp:81]   --->   Operation 76 'icmp' 'addr_cmp31' <Predicate = (!icmp_ln80)> <Delay = 3.52> <CoreInst = "Cmp">   --->   Core 9 'Cmp' <Latency = 0> <II = 1> <Delay = 3.52> <FuncUnit> <Opcode : 'seteq' 'setne' 'setle' 'setge' 'setlt' 'setgt'> <InPorts = 2> <OutPorts = 1>
ST_3 : Operation 77 [1/1] (0.00ns)   --->   "%linebuf_addr = getelementptr i8 %linebuf, i64 0, i64 %zext_ln81_1" [blur_opt.cpp:90]   --->   Operation 77 'getelementptr' 'linebuf_addr' <Predicate = (!icmp_ln80)> <Delay = 0.00>
ST_3 : Operation 78 [1/1] (0.00ns)   --->   "%reuse_addr_reg_load = load i64 %reuse_addr_reg"   --->   Operation 78 'load' 'reuse_addr_reg_load' <Predicate = (!icmp_ln80)> <Delay = 0.00>
ST_3 : Operation 79 [2/2] (3.25ns)   --->   "%linebuf_load = load i10 %linebuf_addr" [blur_opt.cpp:90]   --->   Operation 79 'load' 'linebuf_load' <Predicate = (!icmp_ln80)> <Delay = 3.25> <CoreInst = "RAM">   --->   Core 81 'RAM' <Latency = 1> <II = 1> <Delay = 3.25> <Storage> <Opcode : 'load' 'store'> <Ports = 2> <Width = 8> <Depth = 1024> <RAM>
ST_3 : Operation 80 [1/1] (3.52ns)   --->   "%addr_cmp = icmp_eq  i64 %reuse_addr_reg_load, i64 %zext_ln81_1" [blur_opt.cpp:81]   --->   Operation 80 'icmp' 'addr_cmp' <Predicate = (!icmp_ln80)> <Delay = 3.52> <CoreInst = "Cmp">   --->   Core 9 'Cmp' <Latency = 0> <II = 1> <Delay = 3.52> <FuncUnit> <Opcode : 'seteq' 'setne' 'setle' 'setge' 'setlt' 'setgt'> <InPorts = 2> <OutPorts = 1>
ST_3 : Operation 81 [2/2] (0.00ns)   --->   "%input_r_load = load i20 %input_r_addr" [blur_opt.cpp:91]   --->   Operation 81 'load' 'input_r_load' <Predicate = (!icmp_ln80)> <Delay = 0.00> <CoreInst = "RAM">   --->   Core 81 'RAM' <Latency = 1> <II = 1> <Delay = 3.25> <Storage> <Opcode : 'load' 'store'> <Ports = 2> <Width = 8> <Depth = 1048576> <RAM>
ST_3 : Operation 82 [1/1] (1.58ns)   --->   "%store_ln81 = store i64 %zext_ln81_1, i64 %reuse_addr_reg28" [blur_opt.cpp:81]   --->   Operation 82 'store' 'store_ln81' <Predicate = (!icmp_ln80)> <Delay = 1.58>
ST_3 : Operation 83 [1/1] (1.58ns)   --->   "%store_ln81 = store i64 %zext_ln81_1, i64 %reuse_addr_reg" [blur_opt.cpp:81]   --->   Operation 83 'store' 'store_ln81' <Predicate = (!icmp_ln80)> <Delay = 1.58>
ST_3 : Operation 84 [1/1] (0.00ns)   --->   "%tmp_4 = partselect i10 @_ssdm_op_PartSelect.i10.i11.i32.i32, i11 %select_ln80, i32 1, i32 10" [blur_opt.cpp:96]   --->   Operation 84 'partselect' 'tmp_4' <Predicate = (!icmp_ln80)> <Delay = 0.00>
ST_3 : Operation 85 [1/1] (1.73ns)   --->   "%icmp_ln96_1 = icmp_ne  i10 %tmp_4, i10 0" [blur_opt.cpp:96]   --->   Operation 85 'icmp' 'icmp_ln96_1' <Predicate = (!icmp_ln80)> <Delay = 1.73> <CoreInst = "Cmp">   --->   Core 9 'Cmp' <Latency = 0> <II = 1> <Delay = 1.73> <FuncUnit> <Opcode : 'seteq' 'setne' 'setle' 'setge' 'setlt' 'setgt'> <InPorts = 2> <OutPorts = 1>
ST_3 : Operation 86 [1/1] (0.97ns)   --->   "%and_ln96 = and i1 %icmp_ln96, i1 %icmp_ln96_1" [blur_opt.cpp:96]   --->   Operation 86 'and' 'and_ln96' <Predicate = (!icmp_ln80)> <Delay = 0.97> <CoreInst = "LogicGate">   --->   Core 74 'LogicGate' <Latency = 0> <II = 1> <Delay = 0.97> <FuncUnit> <Opcode : 'and' 'or' 'xor'> <InPorts = 2> <OutPorts = 1>
ST_3 : Operation 87 [1/1] (0.00ns)   --->   "%br_ln96 = br i1 %and_ln96, void %for.inc92, void %for.inc78" [blur_opt.cpp:96]   --->   Operation 87 'br' 'br_ln96' <Predicate = (!icmp_ln80)> <Delay = 0.00>
ST_3 : Operation 88 [1/1] (1.63ns)   --->   "%add_ln104_1 = add i11 %select_ln80, i11 2047" [blur_opt.cpp:104]   --->   Operation 88 'add' 'add_ln104_1' <Predicate = (!icmp_ln80 & and_ln96)> <Delay = 1.63> <CoreInst = "Adder">   --->   Core 1 'Adder' <Latency = 0> <II = 1> <Delay = 1.63> <FuncUnit> <Opcode : 'add' 'sub'> <InPorts = 2> <OutPorts = 1>
ST_3 : Operation 89 [1/1] (0.00ns)   --->   "%zext_ln104_1 = zext i11 %add_ln104_1" [blur_opt.cpp:104]   --->   Operation 89 'zext' 'zext_ln104_1' <Predicate = (!icmp_ln80 & and_ln96)> <Delay = 0.00>
ST_3 : Operation 90 [1/1] (2.19ns)   --->   "%add_ln104_2 = add i20 %tmp_2, i20 %zext_ln104_1" [blur_opt.cpp:104]   --->   Operation 90 'add' 'add_ln104_2' <Predicate = (!icmp_ln80 & and_ln96)> <Delay = 2.19> <CoreInst = "Adder">   --->   Core 1 'Adder' <Latency = 0> <II = 1> <Delay = 2.19> <FuncUnit> <Opcode : 'add' 'sub'> <InPorts = 2> <OutPorts = 1>
ST_3 : Operation 91 [1/1] (1.63ns)   --->   "%add_ln81 = add i11 %select_ln80, i11 1" [blur_opt.cpp:81]   --->   Operation 91 'add' 'add_ln81' <Predicate = (!icmp_ln80)> <Delay = 1.63> <CoreInst = "Adder">   --->   Core 1 'Adder' <Latency = 0> <II = 1> <Delay = 1.63> <FuncUnit> <Opcode : 'add' 'sub'> <InPorts = 2> <OutPorts = 1>
ST_3 : Operation 92 [1/1] (1.58ns)   --->   "%store_ln80 = store i31 %select_ln80_1, i31 %y" [blur_opt.cpp:80]   --->   Operation 92 'store' 'store_ln80' <Predicate = (!icmp_ln80)> <Delay = 1.58>
ST_3 : Operation 93 [1/1] (1.58ns)   --->   "%store_ln81 = store i11 %add_ln81, i11 %x" [blur_opt.cpp:81]   --->   Operation 93 'store' 'store_ln81' <Predicate = (!icmp_ln80)> <Delay = 1.58>

State 4 <SV = 3> <Delay = 4.50>
ST_4 : Operation 94 [2/2] (3.25ns)   --->   "%linebuf_1_load = load i10 %linebuf_1_addr" [blur_opt.cpp:89]   --->   Operation 94 'load' 'linebuf_1_load' <Predicate = (!icmp_ln80 & !addr_cmp31)> <Delay = 3.25> <CoreInst = "RAM">   --->   Core 81 'RAM' <Latency = 1> <II = 1> <Delay = 3.25> <Storage> <Opcode : 'load' 'store'> <Ports = 2> <Width = 8> <Depth = 1024> <RAM>
ST_4 : Operation 95 [1/1] (0.00ns)   --->   "%reuse_reg_load = load i8 %reuse_reg"   --->   Operation 95 'load' 'reuse_reg_load' <Predicate = (!icmp_ln80 & addr_cmp)> <Delay = 0.00>
ST_4 : Operation 96 [1/2] ( I:3.25ns O:3.25ns )   --->   "%linebuf_load = load i10 %linebuf_addr" [blur_opt.cpp:90]   --->   Operation 96 'load' 'linebuf_load' <Predicate = (!icmp_ln80)> <Delay = 3.25> <CoreInst = "RAM">   --->   Core 81 'RAM' <Latency = 1> <II = 1> <Delay = 3.25> <Storage> <Opcode : 'load' 'store'> <Ports = 2> <Width = 8> <Depth = 1024> <RAM>
ST_4 : Operation 97 [1/1] (1.24ns)   --->   "%reuse_select = select i1 %addr_cmp, i8 %reuse_reg_load, i8 %linebuf_load" [blur_opt.cpp:81]   --->   Operation 97 'select' 'reuse_select' <Predicate = (!icmp_ln80)> <Delay = 1.24> <CoreInst = "Sel">   --->   Core 73 'Sel' <Latency = 0> <II = 1> <Delay = 1.24> <FuncUnit> <Opcode : 'select'> <InPorts = 3> <OutPorts = 1>
ST_4 : Operation 98 [1/2] ( I:0.00ns O:0.00ns )   --->   "%input_r_load = load i20 %input_r_addr" [blur_opt.cpp:91]   --->   Operation 98 'load' 'input_r_load' <Predicate = (!icmp_ln80)> <Delay = 0.00> <CoreInst = "RAM">   --->   Core 81 'RAM' <Latency = 1> <II = 1> <Delay = 3.25> <Storage> <Opcode : 'load' 'store'> <Ports = 2> <Width = 8> <Depth = 1048576> <RAM>
ST_4 : Operation 99 [1/1] ( I:3.25ns O:3.25ns )   --->   "%store_ln94 = store i8 %input_r_load, i10 %linebuf_addr" [blur_opt.cpp:94]   --->   Operation 99 'store' 'store_ln94' <Predicate = (!icmp_ln80)> <Delay = 3.25> <CoreInst = "RAM">   --->   Core 81 'RAM' <Latency = 1> <II = 1> <Delay = 3.25> <Storage> <Opcode : 'load' 'store'> <Ports = 2> <Width = 8> <Depth = 1024> <RAM>
ST_4 : Operation 100 [1/1] (1.58ns)   --->   "%store_ln91 = store i8 %input_r_load, i8 %reuse_reg" [blur_opt.cpp:91]   --->   Operation 100 'store' 'store_ln91' <Predicate = (!icmp_ln80)> <Delay = 1.58>

State 5 <SV = 4> <Delay = 6.32>
ST_5 : Operation 101 [1/1] (0.00ns)   --->   "%sum_2 = load i8 %sum"   --->   Operation 101 'load' 'sum_2' <Predicate = true> <Delay = 0.00>
ST_5 : Operation 102 [1/1] (0.00ns)   --->   "%p_load26 = load i8 %empty_14"   --->   Operation 102 'load' 'p_load26' <Predicate = true> <Delay = 0.00>
ST_5 : Operation 103 [1/1] (0.00ns)   --->   "%p_load25 = load i8 %empty_15"   --->   Operation 103 'load' 'p_load25' <Predicate = true> <Delay = 0.00>
ST_5 : Operation 104 [1/1] (0.00ns)   --->   "%p_load24 = load i8 %empty_16"   --->   Operation 104 'load' 'p_load24' <Predicate = true> <Delay = 0.00>
ST_5 : Operation 105 [1/1] (0.00ns)   --->   "%p_load23 = load i8 %empty_17"   --->   Operation 105 'load' 'p_load23' <Predicate = true> <Delay = 0.00>
ST_5 : Operation 106 [1/1] (0.00ns)   --->   "%p_load = load i8 %empty_18"   --->   Operation 106 'load' 'p_load' <Predicate = true> <Delay = 0.00>
ST_5 : Operation 107 [1/1] (0.00ns)   --->   "%speclooptripcount_ln0 = speclooptripcount void @_ssdm_op_SpecLoopTripCount, i64 9, i64 18446744073709551615, i64 0"   --->   Operation 107 'speclooptripcount' 'speclooptripcount_ln0' <Predicate = true> <Delay = 0.00>
ST_5 : Operation 108 [1/1] (0.00ns)   --->   "%specloopname_ln0 = specloopname void @_ssdm_op_SpecLoopName, void @VITIS_LOOP_80_1_VITIS_LOOP_81_2_str"   --->   Operation 108 'specloopname' 'specloopname_ln0' <Predicate = (!icmp_ln80)> <Delay = 0.00>
ST_5 : Operation 109 [1/1] (0.00ns)   --->   "%specpipeline_ln82 = specpipeline void @_ssdm_op_SpecPipeline, i32 1, i32 0, i32 0, i32 0, i32 4294967295, void @empty_0" [blur_opt.cpp:82]   --->   Operation 109 'specpipeline' 'specpipeline_ln82' <Predicate = (!icmp_ln80)> <Delay = 0.00>
ST_5 : Operation 110 [1/1] (0.00ns)   --->   "%reuse_reg27_load = load i8 %reuse_reg27"   --->   Operation 110 'load' 'reuse_reg27_load' <Predicate = (!icmp_ln80 & addr_cmp31)> <Delay = 0.00>
ST_5 : Operation 111 [1/2] ( I:3.25ns O:3.25ns )   --->   "%linebuf_1_load = load i10 %linebuf_1_addr" [blur_opt.cpp:89]   --->   Operation 111 'load' 'linebuf_1_load' <Predicate = (!icmp_ln80 & !addr_cmp31)> <Delay = 3.25> <CoreInst = "RAM">   --->   Core 81 'RAM' <Latency = 1> <II = 1> <Delay = 3.25> <Storage> <Opcode : 'load' 'store'> <Ports = 2> <Width = 8> <Depth = 1024> <RAM>
ST_5 : Operation 112 [1/1] (1.24ns)   --->   "%reuse_select32 = select i1 %addr_cmp31, i8 %reuse_reg27_load, i8 %linebuf_1_load" [blur_opt.cpp:81]   --->   Operation 112 'select' 'reuse_select32' <Predicate = (!icmp_ln80)> <Delay = 1.24> <CoreInst = "Sel">   --->   Core 73 'Sel' <Latency = 0> <II = 1> <Delay = 1.24> <FuncUnit> <Opcode : 'select'> <InPorts = 3> <OutPorts = 1>
ST_5 : Operation 113 [1/1] ( I:3.25ns O:3.25ns )   --->   "%store_ln93 = store i8 %reuse_select, i10 %linebuf_1_addr" [blur_opt.cpp:93]   --->   Operation 113 'store' 'store_ln93' <Predicate = (!icmp_ln80)> <Delay = 3.25> <CoreInst = "RAM">   --->   Core 81 'RAM' <Latency = 1> <II = 1> <Delay = 3.25> <Storage> <Opcode : 'load' 'store'> <Ports = 2> <Width = 8> <Depth = 1024> <RAM>
ST_5 : Operation 114 [1/1] (1.58ns)   --->   "%store_ln81 = store i8 %reuse_select, i8 %reuse_reg27" [blur_opt.cpp:81]   --->   Operation 114 'store' 'store_ln81' <Predicate = (!icmp_ln80)> <Delay = 1.58>
ST_5 : Operation 115 [1/1] (0.00ns)   --->   "%zext_ln100_1 = zext i8 %reuse_select32" [blur_opt.cpp:100]   --->   Operation 115 'zext' 'zext_ln100_1' <Predicate = (!icmp_ln80 & and_ln96)> <Delay = 0.00>
ST_5 : Operation 116 [1/1] (0.00ns)   --->   "%zext_ln100_4 = zext i8 %reuse_select" [blur_opt.cpp:100]   --->   Operation 116 'zext' 'zext_ln100_4' <Predicate = (!icmp_ln80 & and_ln96)> <Delay = 0.00>
ST_5 : Operation 117 [1/1] (0.00ns)   --->   "%zext_ln100_7 = zext i8 %input_r_load" [blur_opt.cpp:100]   --->   Operation 117 'zext' 'zext_ln100_7' <Predicate = (!icmp_ln80 & and_ln96)> <Delay = 0.00>
ST_5 : Operation 118 [1/1] (1.91ns)   --->   "%add_ln100_4 = add i9 %zext_ln100_4, i9 %zext_ln100_7" [blur_opt.cpp:100]   --->   Operation 118 'add' 'add_ln100_4' <Predicate = (!icmp_ln80 & and_ln96)> <Delay = 1.91> <CoreInst = "Adder">   --->   Core 1 'Adder' <Latency = 0> <II = 1> <Delay = 1.91> <FuncUnit> <Opcode : 'add' 'sub'> <InPorts = 2> <OutPorts = 1>
ST_5 : Operation 119 [1/1] (0.00ns)   --->   "%zext_ln100_12 = zext i9 %add_ln100_4" [blur_opt.cpp:100]   --->   Operation 119 'zext' 'zext_ln100_12' <Predicate = (!icmp_ln80 & and_ln96)> <Delay = 0.00>
ST_5 : Operation 120 [1/1] (1.82ns)   --->   "%add_ln100_5 = add i10 %zext_ln100_12, i10 %zext_ln100_1" [blur_opt.cpp:100]   --->   Operation 120 'add' 'add_ln100_5' <Predicate = (!icmp_ln80 & and_ln96)> <Delay = 1.82> <CoreInst = "Adder">   --->   Core 1 'Adder' <Latency = 0> <II = 1> <Delay = 1.82> <FuncUnit> <Opcode : 'add' 'sub'> <InPorts = 2> <OutPorts = 1>
ST_5 : Operation 121 [1/1] (1.58ns)   --->   "%store_ln91 = store i8 %input_r_load, i8 %empty_18" [blur_opt.cpp:91]   --->   Operation 121 'store' 'store_ln91' <Predicate = (!icmp_ln80)> <Delay = 1.58>
ST_5 : Operation 122 [1/1] (1.58ns)   --->   "%store_ln0 = store i8 %p_load, i8 %empty_17"   --->   Operation 122 'store' 'store_ln0' <Predicate = (!icmp_ln80)> <Delay = 1.58>
ST_5 : Operation 123 [1/1] (1.58ns)   --->   "%store_ln81 = store i8 %reuse_select, i8 %empty_16" [blur_opt.cpp:81]   --->   Operation 123 'store' 'store_ln81' <Predicate = (!icmp_ln80)> <Delay = 1.58>
ST_5 : Operation 124 [1/1] (1.58ns)   --->   "%store_ln0 = store i8 %p_load24, i8 %empty_15"   --->   Operation 124 'store' 'store_ln0' <Predicate = (!icmp_ln80)> <Delay = 1.58>
ST_5 : Operation 125 [1/1] (1.58ns)   --->   "%store_ln81 = store i8 %reuse_select32, i8 %empty_14" [blur_opt.cpp:81]   --->   Operation 125 'store' 'store_ln81' <Predicate = (!icmp_ln80)> <Delay = 1.58>
ST_5 : Operation 126 [1/1] (1.58ns)   --->   "%store_ln97 = store i8 %p_load26, i8 %sum" [blur_opt.cpp:97]   --->   Operation 126 'store' 'store_ln97' <Predicate = (!icmp_ln80)> <Delay = 1.58>
ST_5 : Operation 127 [1/1] (0.00ns)   --->   "%store_ln0 = store i8 %p_load23, i8 %p_phi"   --->   Operation 127 'store' 'store_ln0' <Predicate = (!icmp_ln80)> <Delay = 0.00>
ST_5 : Operation 128 [1/1] (0.00ns)   --->   "%store_ln0 = store i8 %p_load25, i8 %p_phi22"   --->   Operation 128 'store' 'store_ln0' <Predicate = (!icmp_ln80)> <Delay = 0.00>
ST_5 : Operation 129 [1/1] (0.00ns)   --->   "%store_ln0 = store i8 %sum_2, i8 %p_phi23"   --->   Operation 129 'store' 'store_ln0' <Predicate = (!icmp_ln80)> <Delay = 0.00>
ST_5 : Operation 130 [1/1] (0.00ns)   --->   "%br_ln81 = br void %VITIS_LOOP_83_3" [blur_opt.cpp:81]   --->   Operation 130 'br' 'br_ln81' <Predicate = (!icmp_ln80)> <Delay = 0.00>

State 6 <SV = 5> <Delay = 7.03>
ST_6 : Operation 131 [1/1] (0.00ns)   --->   "%zext_ln97 = zext i8 %sum_2" [blur_opt.cpp:97]   --->   Operation 131 'zext' 'zext_ln97' <Predicate = (and_ln96)> <Delay = 0.00>
ST_6 : Operation 132 [1/1] (0.00ns)   --->   "%zext_ln100 = zext i8 %p_load26" [blur_opt.cpp:100]   --->   Operation 132 'zext' 'zext_ln100' <Predicate = (and_ln96)> <Delay = 0.00>
ST_6 : Operation 133 [1/1] (0.00ns)   --->   "%zext_ln100_2 = zext i8 %p_load25" [blur_opt.cpp:100]   --->   Operation 133 'zext' 'zext_ln100_2' <Predicate = (and_ln96)> <Delay = 0.00>
ST_6 : Operation 134 [1/1] (0.00ns)   --->   "%zext_ln100_3 = zext i8 %p_load24" [blur_opt.cpp:100]   --->   Operation 134 'zext' 'zext_ln100_3' <Predicate = (and_ln96)> <Delay = 0.00>
ST_6 : Operation 135 [1/1] (0.00ns)   --->   "%zext_ln100_5 = zext i8 %p_load23" [blur_opt.cpp:100]   --->   Operation 135 'zext' 'zext_ln100_5' <Predicate = (and_ln96)> <Delay = 0.00>
ST_6 : Operation 136 [1/1] (0.00ns)   --->   "%zext_ln100_6 = zext i8 %p_load" [blur_opt.cpp:100]   --->   Operation 136 'zext' 'zext_ln100_6' <Predicate = (and_ln96)> <Delay = 0.00>
ST_6 : Operation 137 [1/1] (1.91ns)   --->   "%add_ln100 = add i9 %zext_ln100_5, i9 %zext_ln100_6" [blur_opt.cpp:100]   --->   Operation 137 'add' 'add_ln100' <Predicate = (and_ln96)> <Delay = 1.91> <CoreInst = "Adder">   --->   Core 1 'Adder' <Latency = 0> <II = 1> <Delay = 1.91> <FuncUnit> <Opcode : 'add' 'sub'> <InPorts = 2> <OutPorts = 1>
ST_6 : Operation 138 [1/1] (0.00ns)   --->   "%zext_ln100_8 = zext i9 %add_ln100" [blur_opt.cpp:100]   --->   Operation 138 'zext' 'zext_ln100_8' <Predicate = (and_ln96)> <Delay = 0.00>
ST_6 : Operation 139 [1/1] (1.91ns)   --->   "%add_ln100_1 = add i9 %zext_ln100_3, i9 %zext_ln100_2" [blur_opt.cpp:100]   --->   Operation 139 'add' 'add_ln100_1' <Predicate = (and_ln96)> <Delay = 1.91> <CoreInst = "Adder">   --->   Core 1 'Adder' <Latency = 0> <II = 1> <Delay = 1.91> <FuncUnit> <Opcode : 'add' 'sub'> <InPorts = 2> <OutPorts = 1>
ST_6 : Operation 140 [1/1] (0.00ns)   --->   "%zext_ln100_9 = zext i9 %add_ln100_1" [blur_opt.cpp:100]   --->   Operation 140 'zext' 'zext_ln100_9' <Predicate = (and_ln96)> <Delay = 0.00>
ST_6 : Operation 141 [1/1] (1.82ns)   --->   "%add_ln100_2 = add i10 %zext_ln100_9, i10 %zext_ln100_8" [blur_opt.cpp:100]   --->   Operation 141 'add' 'add_ln100_2' <Predicate = (and_ln96)> <Delay = 1.82> <CoreInst = "Adder">   --->   Core 1 'Adder' <Latency = 0> <II = 1> <Delay = 1.82> <FuncUnit> <Opcode : 'add' 'sub'> <InPorts = 2> <OutPorts = 1>
ST_6 : Operation 142 [1/1] (0.00ns)   --->   "%zext_ln100_10 = zext i10 %add_ln100_2" [blur_opt.cpp:100]   --->   Operation 142 'zext' 'zext_ln100_10' <Predicate = (and_ln96)> <Delay = 0.00>
ST_6 : Operation 143 [1/1] (1.91ns)   --->   "%add_ln100_3 = add i9 %zext_ln100, i9 %zext_ln97" [blur_opt.cpp:100]   --->   Operation 143 'add' 'add_ln100_3' <Predicate = (and_ln96)> <Delay = 1.91> <CoreInst = "Adder">   --->   Core 1 'Adder' <Latency = 0> <II = 1> <Delay = 1.91> <FuncUnit> <Opcode : 'add' 'sub'> <InPorts = 2> <OutPorts = 1>
ST_6 : Operation 144 [1/1] (0.00ns)   --->   "%zext_ln100_11 = zext i9 %add_ln100_3" [blur_opt.cpp:100]   --->   Operation 144 'zext' 'zext_ln100_11' <Predicate = (and_ln96)> <Delay = 0.00>
ST_6 : Operation 145 [1/1] (0.00ns)   --->   "%zext_ln100_13 = zext i10 %add_ln100_5" [blur_opt.cpp:100]   --->   Operation 145 'zext' 'zext_ln100_13' <Predicate = (and_ln96)> <Delay = 0.00>
ST_6 : Operation 146 [1/1] (1.73ns)   --->   "%add_ln100_6 = add i11 %zext_ln100_13, i11 %zext_ln100_11" [blur_opt.cpp:100]   --->   Operation 146 'add' 'add_ln100_6' <Predicate = (and_ln96)> <Delay = 1.73> <CoreInst = "Adder">   --->   Core 1 'Adder' <Latency = 0> <II = 1> <Delay = 1.73> <FuncUnit> <Opcode : 'add' 'sub'> <InPorts = 2> <OutPorts = 1>
ST_6 : Operation 147 [1/1] (0.00ns)   --->   "%zext_ln100_14 = zext i11 %add_ln100_6" [blur_opt.cpp:100]   --->   Operation 147 'zext' 'zext_ln100_14' <Predicate = (and_ln96)> <Delay = 0.00>
ST_6 : Operation 148 [1/1] (2.25ns) (grouped into DSP with root node mul_ln104)   --->   "%sum_3 = add i12 %zext_ln100_14, i12 %zext_ln100_10" [blur_opt.cpp:100]   --->   Operation 148 'add' 'sum_3' <Predicate = (and_ln96)> <Delay = 2.25> <CoreInst = "DSP48">   --->   Core 116 'DSP48' <Latency = 3> <II = 1> <Delay = 2.15> <IPBlock> <Opcode : 'add' 'sub' 'mul' 'select'> <InPorts = 0> <OutPorts = 1> <Sync> <CReg>
ST_6 : Operation 149 [1/1] (0.00ns) (grouped into DSP with root node mul_ln104)   --->   "%zext_ln104 = zext i12 %sum_3" [blur_opt.cpp:104]   --->   Operation 149 'zext' 'zext_ln104' <Predicate = (and_ln96)> <Delay = 0.00>
ST_6 : Operation 150 [4/4] (1.05ns) (root node of the DSP)   --->   "%mul_ln104 = mul i25 %zext_ln104, i25 7282" [blur_opt.cpp:104]   --->   Operation 150 'mul' 'mul_ln104' <Predicate = (and_ln96)> <Delay = 1.05> <CoreInst = "DSP48">   --->   Core 116 'DSP48' <Latency = 3> <II = 1> <Delay = 2.15> <IPBlock> <Opcode : 'add' 'sub' 'mul' 'select'> <InPorts = 0> <OutPorts = 1> <Sync> <CReg>

State 7 <SV = 6> <Delay = 1.05>
ST_7 : Operation 151 [3/4] (1.05ns) (root node of the DSP)   --->   "%mul_ln104 = mul i25 %zext_ln104, i25 7282" [blur_opt.cpp:104]   --->   Operation 151 'mul' 'mul_ln104' <Predicate = (and_ln96)> <Delay = 1.05> <CoreInst = "DSP48">   --->   Core 116 'DSP48' <Latency = 3> <II = 1> <Delay = 2.15> <IPBlock> <Opcode : 'add' 'sub' 'mul' 'select'> <InPorts = 0> <OutPorts = 1> <Sync> <CReg>

State 8 <SV = 7> <Delay = 1.58>
ST_8 : Operation 152 [2/4] (1.05ns) (root node of the DSP)   --->   "%mul_ln104 = mul i25 %zext_ln104, i25 7282" [blur_opt.cpp:104]   --->   Operation 152 'mul' 'mul_ln104' <Predicate = (and_ln96)> <Delay = 1.05> <CoreInst = "DSP48">   --->   Core 116 'DSP48' <Latency = 3> <II = 1> <Delay = 2.15> <IPBlock> <Opcode : 'add' 'sub' 'mul' 'select'> <InPorts = 0> <OutPorts = 1> <Sync> <CReg>
ST_8 : Operation 159 [1/1] (0.00ns)   --->   "%p_phi23_load = load i8 %p_phi23"   --->   Operation 159 'load' 'p_phi23_load' <Predicate = (icmp_ln80)> <Delay = 0.00>
ST_8 : Operation 160 [1/1] (0.00ns)   --->   "%p_phi22_load = load i8 %p_phi22"   --->   Operation 160 'load' 'p_phi22_load' <Predicate = (icmp_ln80)> <Delay = 0.00>
ST_8 : Operation 161 [1/1] (0.00ns)   --->   "%p_phi_load = load i8 %p_phi"   --->   Operation 161 'load' 'p_phi_load' <Predicate = (icmp_ln80)> <Delay = 0.00>
ST_8 : Operation 162 [1/1] (0.00ns)   --->   "%write_ln0 = write void @_ssdm_op_Write.ap_auto.i8P0A, i8 %p_out, i8 %p_load"   --->   Operation 162 'write' 'write_ln0' <Predicate = (icmp_ln80)> <Delay = 0.00>
ST_8 : Operation 163 [1/1] (0.00ns)   --->   "%write_ln0 = write void @_ssdm_op_Write.ap_auto.i8P0A, i8 %p_out1, i8 %p_load23"   --->   Operation 163 'write' 'write_ln0' <Predicate = (icmp_ln80)> <Delay = 0.00>
ST_8 : Operation 164 [1/1] (0.00ns)   --->   "%write_ln0 = write void @_ssdm_op_Write.ap_auto.i8P0A, i8 %p_out2, i8 %p_load24"   --->   Operation 164 'write' 'write_ln0' <Predicate = (icmp_ln80)> <Delay = 0.00>
ST_8 : Operation 165 [1/1] (0.00ns)   --->   "%write_ln0 = write void @_ssdm_op_Write.ap_auto.i8P0A, i8 %p_out3, i8 %p_load25"   --->   Operation 165 'write' 'write_ln0' <Predicate = (icmp_ln80)> <Delay = 0.00>
ST_8 : Operation 166 [1/1] (0.00ns)   --->   "%write_ln0 = write void @_ssdm_op_Write.ap_auto.i8P0A, i8 %p_out4, i8 %p_load26"   --->   Operation 166 'write' 'write_ln0' <Predicate = (icmp_ln80)> <Delay = 0.00>
ST_8 : Operation 167 [1/1] (0.00ns)   --->   "%write_ln0 = write void @_ssdm_op_Write.ap_auto.i8P0A, i8 %sum_out, i8 %sum_2"   --->   Operation 167 'write' 'write_ln0' <Predicate = (icmp_ln80)> <Delay = 0.00>
ST_8 : Operation 168 [1/1] (0.00ns)   --->   "%write_ln0 = write void @_ssdm_op_Write.ap_auto.i8P0A, i8 %p_phi_out, i8 %p_phi_load"   --->   Operation 168 'write' 'write_ln0' <Predicate = (icmp_ln80)> <Delay = 0.00>
ST_8 : Operation 169 [1/1] (0.00ns)   --->   "%write_ln0 = write void @_ssdm_op_Write.ap_auto.i8P0A, i8 %p_phi22_out, i8 %p_phi22_load"   --->   Operation 169 'write' 'write_ln0' <Predicate = (icmp_ln80)> <Delay = 0.00>
ST_8 : Operation 170 [1/1] (0.00ns)   --->   "%write_ln0 = write void @_ssdm_op_Write.ap_auto.i8P0A, i8 %p_phi23_out, i8 %p_phi23_load"   --->   Operation 170 'write' 'write_ln0' <Predicate = (icmp_ln80)> <Delay = 0.00>
ST_8 : Operation 171 [1/1] (1.58ns)   --->   "%ret_ln0 = ret"   --->   Operation 171 'ret' 'ret_ln0' <Predicate = (icmp_ln80)> <Delay = 1.58>

State 9 <SV = 8> <Delay = 0.00>
ST_9 : Operation 153 [1/4] (0.00ns) (root node of the DSP)   --->   "%mul_ln104 = mul i25 %zext_ln104, i25 7282" [blur_opt.cpp:104]   --->   Operation 153 'mul' 'mul_ln104' <Predicate = (and_ln96)> <Delay = 0.00> <CoreInst = "DSP48">   --->   Core 116 'DSP48' <Latency = 3> <II = 1> <Delay = 2.15> <IPBlock> <Opcode : 'add' 'sub' 'mul' 'select'> <InPorts = 0> <OutPorts = 1> <Sync> <CReg>
ST_9 : Operation 154 [1/1] (0.00ns)   --->   "%trunc_ln1 = partselect i8 @_ssdm_op_PartSelect.i8.i25.i32.i32, i25 %mul_ln104, i32 16, i32 23" [blur_opt.cpp:104]   --->   Operation 154 'partselect' 'trunc_ln1' <Predicate = (and_ln96)> <Delay = 0.00>
ST_9 : Operation 155 [1/1] (0.00ns)   --->   "%zext_ln104_2 = zext i20 %add_ln104_2" [blur_opt.cpp:104]   --->   Operation 155 'zext' 'zext_ln104_2' <Predicate = (and_ln96)> <Delay = 0.00>
ST_9 : Operation 156 [1/1] (0.00ns)   --->   "%output_r_addr = getelementptr i8 %output_r, i64 0, i64 %zext_ln104_2" [blur_opt.cpp:104]   --->   Operation 156 'getelementptr' 'output_r_addr' <Predicate = (and_ln96)> <Delay = 0.00>
ST_9 : Operation 157 [1/1] ( I:0.00ns O:0.00ns )   --->   "%store_ln104 = store i8 %trunc_ln1, i20 %output_r_addr" [blur_opt.cpp:104]   --->   Operation 157 'store' 'store_ln104' <Predicate = (and_ln96)> <Delay = 0.00> <CoreInst = "RAM">   --->   Core 81 'RAM' <Latency = 1> <II = 1> <Delay = 3.25> <Storage> <Opcode : 'load' 'store'> <Ports = 2> <Width = 8> <Depth = 1048576> <RAM>
ST_9 : Operation 158 [1/1] (0.00ns)   --->   "%br_ln105 = br void %for.inc92" [blur_opt.cpp:105]   --->   Operation 158 'br' 'br_ln105' <Predicate = (and_ln96)> <Delay = 0.00>


============================================================
+ Verbose Summary: Timing violations
============================================================
Target clock period: 10.000ns, clock uncertainty: 2.700ns.

 <State 1>: 1.588ns
The critical path consists of the following:
	'alloca' operation 8 bit ('empty_18') [37]  (0.000 ns)
	'store' operation ('store_ln0') of variable 'window_load_5_read' 8 bit on local variable 'empty_18' [48]  (1.588 ns)

 <State 2>: 5.056ns
The critical path consists of the following:
	'load' operation 62 bit ('indvar_flatten16_load', blur_opt.cpp:80) on local variable 'indvar_flatten16' [64]  (0.000 ns)
	'add' operation 62 bit ('add_ln80_1', blur_opt.cpp:80) [75]  (3.469 ns)
	'store' operation ('store_ln80', blur_opt.cpp:80) of variable 'add_ln80_1', blur_opt.cpp:80 62 bit on local variable 'indvar_flatten16' [161]  (1.588 ns)

 <State 3>: 7.182ns
The critical path consists of the following:
	'load' operation 11 bit ('x', blur_opt.cpp:81) on local variable 'x', blur_opt.cpp:81 [63]  (0.000 ns)
	'icmp' operation 1 bit ('icmp_ln81', blur_opt.cpp:81) [72]  (2.522 ns)
	'select' operation 31 bit ('select_ln80_1', blur_opt.cpp:80) [82]  (0.733 ns)
	'add' operation 10 bit ('add_ln104', blur_opt.cpp:104) [87]  (1.731 ns)
	'add' operation 20 bit ('add_ln104_2', blur_opt.cpp:104) [148]  (2.196 ns)

 <State 4>: 4.502ns
The critical path consists of the following:
	'load' operation 8 bit ('linebuf_load', blur_opt.cpp:90) on array 'linebuf' [104]  (3.254 ns)
	'select' operation 8 bit ('reuse_select', blur_opt.cpp:81) [106]  (1.248 ns)

 <State 5>: 6.325ns
The critical path consists of the following:
	'load' operation 8 bit ('linebuf_1_load', blur_opt.cpp:89) on array 'linebuf_1' [98]  (3.254 ns)
	'select' operation 8 bit ('reuse_select32', blur_opt.cpp:81) [100]  (1.248 ns)
	'add' operation 10 bit ('add_ln100_5', blur_opt.cpp:100) [138]  (1.823 ns)

 <State 6>: 7.038ns
The critical path consists of the following:
	'add' operation 9 bit ('add_ln100_1', blur_opt.cpp:100) [130]  (1.915 ns)
	'add' operation 10 bit ('add_ln100_2', blur_opt.cpp:100) [132]  (1.823 ns)
	'add' operation 12 bit of DSP[144] ('sum', blur_opt.cpp:100) [142]  (2.250 ns)
	'mul' operation 25 bit of DSP[144] ('mul_ln104', blur_opt.cpp:104) [144]  (1.050 ns)

 <State 7>: 1.050ns
The critical path consists of the following:
	'mul' operation 25 bit of DSP[144] ('mul_ln104', blur_opt.cpp:104) [144]  (1.050 ns)

 <State 8>: 1.588ns
The critical path consists of the following:

 <State 9>: 0.000ns
The critical path consists of the following:


============================================================
+ Verbose Summary: Binding
============================================================
N/A
* FSMD analyzer results:
  - Output states:
 - Input state : 
  - Chain level:
	State 1
	State 2
	State 3
	State 4
	State 5
	State 6
	State 7
	State 8
	State 9


============================================================
+ Verbose Summary: Datapath Resource usage 
============================================================
N/A
